2022-08-19 10:50:43,309:INFO:jwt
2022-08-19 10:50:43,356:INFO:{'username': u'\u041a\u0438\u043e\u0441\u043a2', 'user_id': 2, 'exp': datetime.datetime(2022, 8, 19, 2, 55, 43, 356503)}
2022-08-19 10:50:43,356:INFO:eyJhbGciOiJIUzI1NiIsInR5cCI6IkpXVCJ9.eyJ1c2VybmFtZSI6Ilx1MDQxYVx1MDQzOFx1MDQzZVx1MDQ0MVx1MDQzYTIiLCJ1c2VyX2lkIjoyLCJleHAiOjE2NjA4Nzc3NDN9.oS7I0hO5IgeygnmfGAhA0FII2c0m_PaLvolw85WJO2A
2022-08-19 10:50:46,697:INFO:ads
2022-08-19 11:50:46,728:INFO:jwt
2022-08-19 11:50:46,733:INFO:{'username': u'\u041a\u0438\u043e\u0441\u043a2', 'user_id': 2, 'exp': datetime.datetime(2022, 8, 19, 3, 55, 46, 733601)}
2022-08-19 11:50:46,733:INFO:eyJhbGciOiJIUzI1NiIsInR5cCI6IkpXVCJ9.eyJ1c2VybmFtZSI6Ilx1MDQxYVx1MDQzOFx1MDQzZVx1MDQ0MVx1MDQzYTIiLCJ1c2VyX2lkIjoyLCJleHAiOjE2NjA4ODEzNDZ9.ip9UxNj7Ow9xsx4VECvGjz_A1ThUbFO35FKHjAsQCfs
2022-08-19 11:50:50,000:INFO:ads
2022-08-19 12:03:13,504:INFO:ads
2022-08-19 13:03:14,014:INFO:jwt
2022-08-19 13:03:14,019:INFO:{'username': u'\u041a\u0438\u043e\u0441\u043a2', 'user_id': 2, 'exp': datetime.datetime(2022, 8, 19, 5, 8, 14, 19448)}
2022-08-19 13:03:14,019:INFO:eyJhbGciOiJIUzI1NiIsInR5cCI6IkpXVCJ9.eyJ1c2VybmFtZSI6Ilx1MDQxYVx1MDQzOFx1MDQzZVx1MDQ0MVx1MDQzYTIiLCJ1c2VyX2lkIjoyLCJleHAiOjE2NjA4ODU2OTR9.wbruOYx9nn08LLKysv5kxSB4kZQi6IMztVVPMEf4ftU
2022-08-19 13:03:17,247:INFO:ads
2022-08-19 14:03:17,155:INFO:jwt
2022-08-19 14:03:17,161:INFO:{'username': u'\u041a\u0438\u043e\u0441\u043a2', 'user_id': 2, 'exp': datetime.datetime(2022, 8, 19, 6, 8, 17, 161098)}
2022-08-19 14:03:17,161:INFO:eyJhbGciOiJIUzI1NiIsInR5cCI6IkpXVCJ9.eyJ1c2VybmFtZSI6Ilx1MDQxYVx1MDQzOFx1MDQzZVx1MDQ0MVx1MDQzYTIiLCJ1c2VyX2lkIjoyLCJleHAiOjE2NjA4ODkyOTd9.H2b9u5eILLmKsV7FA8x6zD-5Xdq9ZWR8XUJ9P-Jj1KI
2022-08-19 14:03:20,363:INFO:ads
2022-08-19 15:03:20,598:INFO:jwt
2022-08-19 15:03:20,604:INFO:{'username': u'\u041a\u0438\u043e\u0441\u043a2', 'user_id': 2, 'exp': datetime.datetime(2022, 8, 19, 7, 8, 20, 604024)}
2022-08-19 15:03:20,604:INFO:eyJhbGciOiJIUzI1NiIsInR5cCI6IkpXVCJ9.eyJ1c2VybmFtZSI6Ilx1MDQxYVx1MDQzOFx1MDQzZVx1MDQ0MVx1MDQzYTIiLCJ1c2VyX2lkIjoyLCJleHAiOjE2NjA4OTI5MDB9.AV44AlvGhrz9_ysrhqJr-xzVhOGBmT0eC1_7aOPgXvw
2022-08-19 15:03:23,849:INFO:ads
2022-08-19 16:03:23,979:INFO:jwt
2022-08-19 16:03:23,985:INFO:{'username': u'\u041a\u0438\u043e\u0441\u043a2', 'user_id': 2, 'exp': datetime.datetime(2022, 8, 19, 8, 8, 23, 985171)}
2022-08-19 16:03:23,985:INFO:eyJhbGciOiJIUzI1NiIsInR5cCI6IkpXVCJ9.eyJ1c2VybmFtZSI6Ilx1MDQxYVx1MDQzOFx1MDQzZVx1MDQ0MVx1MDQzYTIiLCJ1c2VyX2lkIjoyLCJleHAiOjE2NjA4OTY1MDN9.CiQ-FxN4VXKNtt1vxBdAoripMJbmnca4Pxgx7i8mtDc
2022-08-19 16:03:27,298:INFO:ads
2022-08-19 17:03:27,292:INFO:jwt
2022-08-19 17:03:27,298:INFO:{'username': u'\u041a\u0438\u043e\u0441\u043a2', 'user_id': 2, 'exp': datetime.datetime(2022, 8, 19, 9, 8, 27, 298040)}
2022-08-19 17:03:27,298:INFO:eyJhbGciOiJIUzI1NiIsInR5cCI6IkpXVCJ9.eyJ1c2VybmFtZSI6Ilx1MDQxYVx1MDQzOFx1MDQzZVx1MDQ0MVx1MDQzYTIiLCJ1c2VyX2lkIjoyLCJleHAiOjE2NjA5MDAxMDd9.36smmMzCUFhnxIrTCnUl0auyDbFkfjzlb_iyf6xhKGk
2022-08-19 17:03:30,568:INFO:ads
2022-08-19 18:03:30,604:INFO:jwt
2022-08-19 18:03:30,609:INFO:{'username': u'\u041a\u0438\u043e\u0441\u043a2', 'user_id': 2, 'exp': datetime.datetime(2022, 8, 19, 10, 8, 30, 609613)}
2022-08-19 18:03:30,609:INFO:eyJhbGciOiJIUzI1NiIsInR5cCI6IkpXVCJ9.eyJ1c2VybmFtZSI6Ilx1MDQxYVx1MDQzOFx1MDQzZVx1MDQ0MVx1MDQzYTIiLCJ1c2VyX2lkIjoyLCJleHAiOjE2NjA5MDM3MTB9.p7DvPm8WsbdnMNlqMqtkqn6_riHJCDetNToBFzHNDCY
2022-08-19 18:03:33,874:INFO:ads
2022-08-19 19:03:33,857:INFO:jwt
2022-08-19 19:03:33,862:INFO:{'username': u'\u041a\u0438\u043e\u0441\u043a2', 'user_id': 2, 'exp': datetime.datetime(2022, 8, 19, 11, 8, 33, 862935)}
2022-08-19 19:03:33,863:INFO:eyJhbGciOiJIUzI1NiIsInR5cCI6IkpXVCJ9.eyJ1c2VybmFtZSI6Ilx1MDQxYVx1MDQzOFx1MDQzZVx1MDQ0MVx1MDQzYTIiLCJ1c2VyX2lkIjoyLCJleHAiOjE2NjA5MDczMTN9.7-hvHzUQqIer6RttCI-HJB19yU75UvYB2TFdOgFx5So
2022-08-19 19:03:37,110:INFO:ads
2022-08-19 20:03:37,368:INFO:jwt
2022-08-19 20:03:37,374:INFO:{'username': u'\u041a\u0438\u043e\u0441\u043a2', 'user_id': 2, 'exp': datetime.datetime(2022, 8, 19, 12, 8, 37, 374447)}
2022-08-19 20:03:37,374:INFO:eyJhbGciOiJIUzI1NiIsInR5cCI6IkpXVCJ9.eyJ1c2VybmFtZSI6Ilx1MDQxYVx1MDQzOFx1MDQzZVx1MDQ0MVx1MDQzYTIiLCJ1c2VyX2lkIjoyLCJleHAiOjE2NjA5MTA5MTd9.CLIRouzYkzxtez4Z12JAFc95qa7cVWSA7nYnNiItPn0
2022-08-19 20:03:40,665:INFO:ads
2022-08-19 21:03:40,963:INFO:jwt
2022-08-19 21:03:40,968:INFO:{'username': u'\u041a\u0438\u043e\u0441\u043a2', 'user_id': 2, 'exp': datetime.datetime(2022, 8, 19, 13, 8, 40, 968674)}
2022-08-19 21:03:40,968:INFO:eyJhbGciOiJIUzI1NiIsInR5cCI6IkpXVCJ9.eyJ1c2VybmFtZSI6Ilx1MDQxYVx1MDQzOFx1MDQzZVx1MDQ0MVx1MDQzYTIiLCJ1c2VyX2lkIjoyLCJleHAiOjE2NjA5MTQ1MjB9.G-bunLrBRZWmaBIbzrcI5kWTAm6RFBQlCq7lX525Zxc
2022-08-19 21:03:44,285:INFO:ads
2022-08-19 22:03:44,262:INFO:jwt
2022-08-19 22:03:44,267:INFO:{'username': u'\u041a\u0438\u043e\u0441\u043a2', 'user_id': 2, 'exp': datetime.datetime(2022, 8, 19, 14, 8, 44, 267892)}
2022-08-19 22:03:44,268:INFO:eyJhbGciOiJIUzI1NiIsInR5cCI6IkpXVCJ9.eyJ1c2VybmFtZSI6Ilx1MDQxYVx1MDQzOFx1MDQzZVx1MDQ0MVx1MDQzYTIiLCJ1c2VyX2lkIjoyLCJleHAiOjE2NjA5MTgxMjR9.i2-GznxxyyqJ-bW_ODau7Nm-fBOv2dOjtuvA9ELQ-A0
2022-08-19 22:03:47,497:INFO:ads
2022-08-19 23:03:47,595:INFO:jwt
2022-08-19 23:03:47,601:INFO:{'username': u'\u041a\u0438\u043e\u0441\u043a2', 'user_id': 2, 'exp': datetime.datetime(2022, 8, 19, 15, 8, 47, 601234)}
2022-08-19 23:03:47,601:INFO:eyJhbGciOiJIUzI1NiIsInR5cCI6IkpXVCJ9.eyJ1c2VybmFtZSI6Ilx1MDQxYVx1MDQzOFx1MDQzZVx1MDQ0MVx1MDQzYTIiLCJ1c2VyX2lkIjoyLCJleHAiOjE2NjA5MjE3Mjd9.yLZl6n5VK97XKC2Y55KM2yH-1HRBUKAeSYOug-3-e5g
2022-08-19 23:03:50,860:INFO:ads
2022-08-20 00:03:50,835:INFO:jwt
2022-08-20 00:03:50,840:INFO:{'username': u'\u041a\u0438\u043e\u0441\u043a2', 'user_id': 2, 'exp': datetime.datetime(2022, 8, 19, 16, 8, 50, 840388)}
2022-08-20 00:03:50,840:INFO:eyJhbGciOiJIUzI1NiIsInR5cCI6IkpXVCJ9.eyJ1c2VybmFtZSI6Ilx1MDQxYVx1MDQzOFx1MDQzZVx1MDQ0MVx1MDQzYTIiLCJ1c2VyX2lkIjoyLCJleHAiOjE2NjA5MjUzMzB9.CYYVOUs2NFcaVgbXuB_BDqHjo3UkV0guzOYMBycrJ2Y
2022-08-20 00:03:54,169:INFO:ads
2022-08-20 01:03:54,184:INFO:jwt
2022-08-20 01:03:54,190:INFO:{'username': u'\u041a\u0438\u043e\u0441\u043a2', 'user_id': 2, 'exp': datetime.datetime(2022, 8, 19, 17, 8, 54, 190384)}
2022-08-20 01:03:54,190:INFO:eyJhbGciOiJIUzI1NiIsInR5cCI6IkpXVCJ9.eyJ1c2VybmFtZSI6Ilx1MDQxYVx1MDQzOFx1MDQzZVx1MDQ0MVx1MDQzYTIiLCJ1c2VyX2lkIjoyLCJleHAiOjE2NjA5Mjg5MzR9.xtb6qQY_nITG0Gjh--TFxU7xmCXnINKTK231VZQ0Onw
2022-08-20 01:03:57,421:INFO:ads
2022-08-20 02:03:57,342:INFO:jwt
2022-08-20 02:03:57,348:INFO:{'username': u'\u041a\u0438\u043e\u0441\u043a2', 'user_id': 2, 'exp': datetime.datetime(2022, 8, 19, 18, 8, 57, 348009)}
2022-08-20 02:03:57,348:INFO:eyJhbGciOiJIUzI1NiIsInR5cCI6IkpXVCJ9.eyJ1c2VybmFtZSI6Ilx1MDQxYVx1MDQzOFx1MDQzZVx1MDQ0MVx1MDQzYTIiLCJ1c2VyX2lkIjoyLCJleHAiOjE2NjA5MzI1Mzd9.VXticeVBxW1J9bKkF9H3z8Sf-An3bqcCeWPcUlKUYVA
2022-08-20 02:04:00,574:INFO:ads
2022-08-20 03:04:00,602:INFO:jwt
2022-08-20 03:04:00,607:INFO:{'username': u'\u041a\u0438\u043e\u0441\u043a2', 'user_id': 2, 'exp': datetime.datetime(2022, 8, 19, 19, 9, 0, 607543)}
2022-08-20 03:04:00,607:INFO:eyJhbGciOiJIUzI1NiIsInR5cCI6IkpXVCJ9.eyJ1c2VybmFtZSI6Ilx1MDQxYVx1MDQzOFx1MDQzZVx1MDQ0MVx1MDQzYTIiLCJ1c2VyX2lkIjoyLCJleHAiOjE2NjA5MzYxNDB9.ujO4OHxAvaB4argoZdmoCsx-3nwdimpRulDhvSieJ0M
2022-08-20 03:04:03,902:INFO:ads
2022-08-20 04:04:03,928:INFO:jwt
2022-08-20 04:04:03,933:INFO:{'username': u'\u041a\u0438\u043e\u0441\u043a2', 'user_id': 2, 'exp': datetime.datetime(2022, 8, 19, 20, 9, 3, 933590)}
2022-08-20 04:04:03,933:INFO:eyJhbGciOiJIUzI1NiIsInR5cCI6IkpXVCJ9.eyJ1c2VybmFtZSI6Ilx1MDQxYVx1MDQzOFx1MDQzZVx1MDQ0MVx1MDQzYTIiLCJ1c2VyX2lkIjoyLCJleHAiOjE2NjA5Mzk3NDN9.7T2VHshrUyosrL1AN0EyVVV4vXQCd2MPG5bbyEd4N3s
2022-08-20 04:04:07,222:INFO:ads
2022-08-20 05:04:07,207:INFO:jwt
2022-08-20 05:04:07,212:INFO:{'username': u'\u041a\u0438\u043e\u0441\u043a2', 'user_id': 2, 'exp': datetime.datetime(2022, 8, 19, 21, 9, 7, 212526)}
2022-08-20 05:04:07,212:INFO:eyJhbGciOiJIUzI1NiIsInR5cCI6IkpXVCJ9.eyJ1c2VybmFtZSI6Ilx1MDQxYVx1MDQzOFx1MDQzZVx1MDQ0MVx1MDQzYTIiLCJ1c2VyX2lkIjoyLCJleHAiOjE2NjA5NDMzNDd9.G7zUBjmmoMjh8MK8QMdOYS0tUc92Qs7i0purLywpwUU
2022-08-20 05:04:10,470:INFO:ads
2022-08-20 06:04:10,504:INFO:jwt
2022-08-20 06:04:10,510:INFO:{'username': u'\u041a\u0438\u043e\u0441\u043a2', 'user_id': 2, 'exp': datetime.datetime(2022, 8, 19, 22, 9, 10, 509989)}
2022-08-20 06:04:10,510:INFO:eyJhbGciOiJIUzI1NiIsInR5cCI6IkpXVCJ9.eyJ1c2VybmFtZSI6Ilx1MDQxYVx1MDQzOFx1MDQzZVx1MDQ0MVx1MDQzYTIiLCJ1c2VyX2lkIjoyLCJleHAiOjE2NjA5NDY5NTB9.0rptI2DINqDyKy7QflQiycSUkTdmAPh7dy3t3KsKcwY
2022-08-20 06:04:13,732:INFO:ads
2022-08-20 07:04:13,840:INFO:jwt
2022-08-20 07:04:13,845:INFO:{'username': u'\u041a\u0438\u043e\u0441\u043a2', 'user_id': 2, 'exp': datetime.datetime(2022, 8, 19, 23, 9, 13, 845485)}
2022-08-20 07:04:13,845:INFO:eyJhbGciOiJIUzI1NiIsInR5cCI6IkpXVCJ9.eyJ1c2VybmFtZSI6Ilx1MDQxYVx1MDQzOFx1MDQzZVx1MDQ0MVx1MDQzYTIiLCJ1c2VyX2lkIjoyLCJleHAiOjE2NjA5NTA1NTN9.gx-KuUrctZTcTCY7nLDsajQFQ87Ytb6bGAdWYH1Jw5Y
2022-08-20 07:04:17,135:INFO:ads
2022-08-20 08:04:17,092:INFO:jwt
2022-08-20 08:04:17,098:INFO:{'username': u'\u041a\u0438\u043e\u0441\u043a2', 'user_id': 2, 'exp': datetime.datetime(2022, 8, 20, 0, 9, 17, 98336)}
2022-08-20 08:04:17,098:INFO:eyJhbGciOiJIUzI1NiIsInR5cCI6IkpXVCJ9.eyJ1c2VybmFtZSI6Ilx1MDQxYVx1MDQzOFx1MDQzZVx1MDQ0MVx1MDQzYTIiLCJ1c2VyX2lkIjoyLCJleHAiOjE2NjA5NTQxNTd9.FS8e1sw_K4tYuUUGcl7q5adewEjBpgh5e46s4aJ2TdA
2022-08-20 08:04:20,375:INFO:ads
2022-08-20 09:04:20,301:INFO:jwt
2022-08-20 09:04:20,306:INFO:{'username': u'\u041a\u0438\u043e\u0441\u043a2', 'user_id': 2, 'exp': datetime.datetime(2022, 8, 20, 1, 9, 20, 306118)}
2022-08-20 09:04:20,306:INFO:eyJhbGciOiJIUzI1NiIsInR5cCI6IkpXVCJ9.eyJ1c2VybmFtZSI6Ilx1MDQxYVx1MDQzOFx1MDQzZVx1MDQ0MVx1MDQzYTIiLCJ1c2VyX2lkIjoyLCJleHAiOjE2NjA5NTc3NjB9.Opht9mR-IIyVKvTTA2KJjaqT9MX7Dh8dZDEq48h3-Nk
2022-08-20 09:04:23,589:INFO:ads
2022-08-20 10:04:23,690:INFO:jwt
2022-08-20 10:04:23,695:INFO:{'username': u'\u041a\u0438\u043e\u0441\u043a2', 'user_id': 2, 'exp': datetime.datetime(2022, 8, 20, 2, 9, 23, 695769)}
2022-08-20 10:04:23,696:INFO:eyJhbGciOiJIUzI1NiIsInR5cCI6IkpXVCJ9.eyJ1c2VybmFtZSI6Ilx1MDQxYVx1MDQzOFx1MDQzZVx1MDQ0MVx1MDQzYTIiLCJ1c2VyX2lkIjoyLCJleHAiOjE2NjA5NjEzNjN9.O7aSM86FTZ8x8KucZjxkOx4xJoM_gwCNMzrf7gTawZY
2022-08-20 10:04:26,994:INFO:ads
2022-08-20 11:04:27,005:INFO:jwt
2022-08-20 11:04:27,010:INFO:{'username': u'\u041a\u0438\u043e\u0441\u043a2', 'user_id': 2, 'exp': datetime.datetime(2022, 8, 20, 3, 9, 27, 10884)}
2022-08-20 11:04:27,011:INFO:eyJhbGciOiJIUzI1NiIsInR5cCI6IkpXVCJ9.eyJ1c2VybmFtZSI6Ilx1MDQxYVx1MDQzOFx1MDQzZVx1MDQ0MVx1MDQzYTIiLCJ1c2VyX2lkIjoyLCJleHAiOjE2NjA5NjQ5Njd9.TupeTAoqgIbZOSlNgrVWyoZlv8tefzsNAuNb64RCIbk
2022-08-20 11:04:30,228:INFO:ads
2022-08-20 12:04:30,194:INFO:jwt
2022-08-20 12:04:30,199:INFO:{'username': u'\u041a\u0438\u043e\u0441\u043a2', 'user_id': 2, 'exp': datetime.datetime(2022, 8, 20, 4, 9, 30, 199871)}
2022-08-20 12:04:30,200:INFO:eyJhbGciOiJIUzI1NiIsInR5cCI6IkpXVCJ9.eyJ1c2VybmFtZSI6Ilx1MDQxYVx1MDQzOFx1MDQzZVx1MDQ0MVx1MDQzYTIiLCJ1c2VyX2lkIjoyLCJleHAiOjE2NjA5Njg1NzB9.8fQH3i5jgcdiEc_vfC324YZYBnbGW_Fcx2QZW9e_cy8
2022-08-20 12:04:33,421:INFO:ads
2022-08-20 12:19:46,473:INFO:searchNumber
2022-08-20 12:19:46,476:INFO:8313****
2022-08-20 12:19:46,476:INFO:8313****
2022-08-20 12:19:46,476:INFO:engiin
2022-08-20 12:19:46,478:INFO:[<Prefix: Prefix object>, <Prefix: Prefix object>, <Prefix: Prefix object>, <Prefix: Prefix object>, <Prefix: Prefix object>, <Prefix: Prefix object>, <Prefix: Prefix object>, <Prefix: Prefix object>, <Prefix: Prefix object>, <Prefix: Prefix object>, <Prefix: Prefix object>, <Prefix: Prefix object>, <Prefix: Prefix object>, <Prefix: Prefix object>, <Prefix: Prefix object>]
2022-08-20 12:19:46,479:INFO:ELSE
2022-08-20 12:19:46,479:INFO:8313
2022-08-20 12:19:46,479:INFO:****
2022-08-20 12:19:46,930:INFO:83130134:6|83130153:6|83130184:6|83130217:6|83130231:6|83130236:6|83130238:6|83130239:6|83130242:6|83130243:6|83130244:6|83130246:6|83130250:6|83130253:6|83130257:6|83130267:6|83130276:6|83130284:6|83130295:6|83130296:6|83130342:6|83130347:6|83130369:6|83130370:6|83130371:6|83130374:6|83130376:6|83130382:6|83130386:6|83130390:6|83130391:6|83130392:6|83130393:6|83130394:6|83130398:6|83130407:6|83130413:6|83130418:6|83130432:6|83130458:6|83130466:6|83130487:6|83130494:6|83130497:6|83130528:6|83130539:6|83130541:6|83130542:6|83130543:6|83130544:6|83130548:6|83130549:6|83130552:6|83130556:6|83130558:6|83130560:6|83130561:6|83130563:6|83130564:6|83130582:6|83130587:6|83130588:6|83130599:6|83130617:6|83130623:6|83130642:6|83130655:6|83130656:6|83130665:6|83130671:6|83130674:6|83130678:6|83130681:6|83130691:6|83130692:6|83130694:6|83130697:6|83130698:6|83130723:6|83130724:6|83130725:6|83130731:6|83130734:6|83130735:6|83130736:6|83130738:6|83130739:6|83130740:6|83130742:6|83130743:6|83130744:6|83130745:6|83130749:6|83130750:6|83130751:6|83130754:6|83130756:6|83130758:6|83130761:6|83130762:6
2022-08-20 12:19:46,931:INFO:numbers
2022-08-20 12:19:46,931:INFO:['83130134', '83130153', '83130184', '83130217', '83130231', '83130236', '83130238', '83130239', '83130242', '83130243', '83130244', '83130246', '83130250', '83130253', '83130257', '83130267', '83130276', '83130284', '83130295', '83130296', '83130342', '83130347', '83130369', '83130370', '83130371', '83130374', '83130376', '83130382', '83130386', '83130390', '83130391', '83130392', '83130393', '83130394', '83130398', '83130407', '83130413', '83130418', '83130432', '83130458', '83130466', '83130487', '83130494', '83130497', '83130528', '83130539', '83130541', '83130542', '83130543', '83130544', '83130548', '83130549', '83130552', '83130556', '83130558', '83130560', '83130561', '83130563', '83130564', '83130582', '83130587', '83130588', '83130599', '83130617', '83130623', '83130642', '83130655', '83130656', '83130665', '83130671', '83130674', '83130678', '83130681', '83130691', '83130692', '83130694', '83130697', '83130698', '83130723', '83130724', '83130725', '83130731', '83130734', '83130735', '83130736', '83130738', '83130739', '83130740', '83130742', '83130743', '83130744', '83130745', '83130749', '83130750', '83130751', '83130754', '83130756', '83130758', '83130761', '83130762']
2022-08-20 12:19:47,053:INFO:tmp
2022-08-20 12:19:47,053:INFO:['83130134', '83130153', '83130184', '83130217', '83130231', '83130236', '83130238', '83130239', '83130242', '83130243', '83130244', '83130246', '83130250', '83130253', '83130257', '83130267', '83130276', '83130284', '83130295', '83130296', '83130342', '83130347', '83130369', '83130370', '83130371', '83130374', '83130376', '83130382', '83130386', '83130390', '83130391', '83130392', '83130393', '83130394', '83130398', '83130407', '83130413', '83130418', '83130432', '83130458', '83130466', '83130487', '83130494', '83130497', '83130528', '83130539', '83130541', '83130542', '83130543', '83130544', '83130548', '83130549', '83130552', '83130556', '83130558', '83130560', '83130561', '83130563', '83130564', '83130582', '83130587', '83130588', '83130599', '83130617', '83130623', '83130642', '83130655', '83130656', '83130665', '83130671', '83130674', '83130678', '83130681', '83130691', '83130692', '83130694', '83130697', '83130698', '83130723', '83130724', '83130725', '83130731', '83130734', '83130735', '83130736', '83130738', '83130739', '83130740', '83130742', '83130743', '83130744', '83130745', '83130749', '83130750', '83130751', '83130754', '83130756', '83130758', '83130761', '83130762']
2022-08-20 12:19:47,053:INFO:[{'prefix': '83130134'}, {'prefix': '83130153'}, {'prefix': '83130184'}, {'prefix': '83130217'}, {'prefix': '83130231'}, {'prefix': '83130236'}, {'prefix': '83130238'}, {'prefix': '83130239'}, {'prefix': '83130242'}, {'prefix': '83130243'}, {'prefix': '83130244'}, {'prefix': '83130246'}, {'prefix': '83130250'}, {'prefix': '83130253'}, {'prefix': '83130257'}, {'prefix': '83130267'}, {'prefix': '83130276'}, {'prefix': '83130284'}, {'prefix': '83130295'}, {'prefix': '83130296'}, {'prefix': '83130342'}, {'prefix': '83130347'}, {'prefix': '83130369'}, {'prefix': '83130370'}, {'prefix': '83130371'}, {'prefix': '83130374'}, {'prefix': '83130376'}, {'prefix': '83130382'}, {'prefix': '83130386'}, {'prefix': '83130390'}, {'prefix': '83130391'}, {'prefix': '83130392'}, {'prefix': '83130393'}, {'prefix': '83130394'}, {'prefix': '83130398'}, {'prefix': '83130407'}, {'prefix': '83130413'}, {'prefix': '83130418'}, {'prefix': '83130432'}, {'prefix': '83130458'}, {'prefix': '83130466'}, {'prefix': '83130487'}, {'prefix': '83130494'}, {'prefix': '83130497'}, {'prefix': '83130528'}, {'prefix': '83130539'}, {'prefix': '83130541'}, {'prefix': '83130542'}, {'prefix': '83130543'}, {'prefix': '83130544'}, {'prefix': '83130548'}, {'prefix': '83130549'}, {'prefix': '83130552'}, {'prefix': '83130556'}, {'prefix': '83130558'}, {'prefix': '83130560'}, {'prefix': '83130561'}, {'prefix': '83130563'}, {'prefix': '83130564'}, {'prefix': '83130582'}, {'prefix': '83130587'}, {'prefix': '83130588'}, {'prefix': '83130599'}, {'prefix': '83130617'}, {'prefix': '83130623'}, {'prefix': '83130642'}, {'prefix': '83130655'}, {'prefix': '83130656'}, {'prefix': '83130665'}, {'prefix': '83130671'}, {'prefix': '83130674'}, {'prefix': '83130678'}, {'prefix': '83130681'}, {'prefix': '83130691'}, {'prefix': '83130692'}, {'prefix': '83130694'}, {'prefix': '83130697'}, {'prefix': '83130698'}, {'prefix': '83130723'}, {'prefix': '83130724'}, {'prefix': '83130725'}, {'prefix': '83130731'}, {'prefix': '83130734'}, {'prefix': '83130735'}, {'prefix': '83130736'}, {'prefix': '83130738'}, {'prefix': '83130739'}, {'prefix': '83130740'}, {'prefix': '83130742'}, {'prefix': '83130743'}, {'prefix': '83130744'}, {'prefix': '83130745'}, {'prefix': '83130749'}, {'prefix': '83130750'}, {'prefix': '83130751'}, {'prefix': '83130754'}, {'prefix': '83130756'}, {'prefix': '83130758'}, {'prefix': '83130761'}, {'prefix': '83130762'}]
2022-08-20 12:21:30,743:INFO:ads
2022-08-20 13:21:30,970:INFO:jwt
2022-08-20 13:21:30,976:INFO:{'username': u'\u041a\u0438\u043e\u0441\u043a2', 'user_id': 2, 'exp': datetime.datetime(2022, 8, 20, 5, 26, 30, 976067)}
2022-08-20 13:21:30,976:INFO:eyJhbGciOiJIUzI1NiIsInR5cCI6IkpXVCJ9.eyJ1c2VybmFtZSI6Ilx1MDQxYVx1MDQzOFx1MDQzZVx1MDQ0MVx1MDQzYTIiLCJ1c2VyX2lkIjoyLCJleHAiOjE2NjA5NzMxOTB9.RfGHJSHWJI1H-8Hh_TAMYlN3uphhr-EhDwn_G0VTaQ4
2022-08-20 13:21:34,426:INFO:ads
2022-08-20 14:21:34,469:INFO:jwt
2022-08-20 14:21:34,474:INFO:{'username': u'\u041a\u0438\u043e\u0441\u043a2', 'user_id': 2, 'exp': datetime.datetime(2022, 8, 20, 6, 26, 34, 474303)}
2022-08-20 14:21:34,474:INFO:eyJhbGciOiJIUzI1NiIsInR5cCI6IkpXVCJ9.eyJ1c2VybmFtZSI6Ilx1MDQxYVx1MDQzOFx1MDQzZVx1MDQ0MVx1MDQzYTIiLCJ1c2VyX2lkIjoyLCJleHAiOjE2NjA5NzY3OTR9.S5dXEM9cZtnjY90mPcrQ9lKiz7YN1MM2ypKjGXwRYys
2022-08-20 14:21:37,729:INFO:ads
2022-08-20 15:21:37,789:INFO:jwt
2022-08-20 15:21:37,795:INFO:{'username': u'\u041a\u0438\u043e\u0441\u043a2', 'user_id': 2, 'exp': datetime.datetime(2022, 8, 20, 7, 26, 37, 795210)}
2022-08-20 15:21:37,795:INFO:eyJhbGciOiJIUzI1NiIsInR5cCI6IkpXVCJ9.eyJ1c2VybmFtZSI6Ilx1MDQxYVx1MDQzOFx1MDQzZVx1MDQ0MVx1MDQzYTIiLCJ1c2VyX2lkIjoyLCJleHAiOjE2NjA5ODAzOTd9.eKmsB-zknC9RvpWU0Uzc4Q5rya3IGfYsD230pXdJstY
2022-08-20 15:21:41,072:INFO:ads
2022-08-20 16:21:41,038:INFO:jwt
2022-08-20 16:21:41,044:INFO:{'username': u'\u041a\u0438\u043e\u0441\u043a2', 'user_id': 2, 'exp': datetime.datetime(2022, 8, 20, 8, 26, 41, 44512)}
2022-08-20 16:21:41,044:INFO:eyJhbGciOiJIUzI1NiIsInR5cCI6IkpXVCJ9.eyJ1c2VybmFtZSI6Ilx1MDQxYVx1MDQzOFx1MDQzZVx1MDQ0MVx1MDQzYTIiLCJ1c2VyX2lkIjoyLCJleHAiOjE2NjA5ODQwMDF9.u8mLxDzlgVH2rXOBZ-CRPKy7MzsxNcFYPgYqzp4jkZc
2022-08-20 16:21:44,336:INFO:ads
2022-08-20 16:22:12,983:INFO:ads
2022-08-20 17:22:12,860:INFO:jwt
2022-08-20 17:22:12,865:INFO:{'username': u'\u041a\u0438\u043e\u0441\u043a2', 'user_id': 2, 'exp': datetime.datetime(2022, 8, 20, 9, 27, 12, 865780)}
2022-08-20 17:22:12,866:INFO:eyJhbGciOiJIUzI1NiIsInR5cCI6IkpXVCJ9.eyJ1c2VybmFtZSI6Ilx1MDQxYVx1MDQzOFx1MDQzZVx1MDQ0MVx1MDQzYTIiLCJ1c2VyX2lkIjoyLCJleHAiOjE2NjA5ODc2MzJ9.TXp3PTYAn5KGfC1GnfRTjB7Fcm6dbaEdNdarx3bLopA
2022-08-20 17:22:16,169:INFO:ads
2022-08-20 18:22:16,057:INFO:jwt
2022-08-20 18:22:16,063:INFO:{'username': u'\u041a\u0438\u043e\u0441\u043a2', 'user_id': 2, 'exp': datetime.datetime(2022, 8, 20, 10, 27, 16, 63090)}
2022-08-20 18:22:16,063:INFO:eyJhbGciOiJIUzI1NiIsInR5cCI6IkpXVCJ9.eyJ1c2VybmFtZSI6Ilx1MDQxYVx1MDQzOFx1MDQzZVx1MDQ0MVx1MDQzYTIiLCJ1c2VyX2lkIjoyLCJleHAiOjE2NjA5OTEyMzZ9.s0EDKW2jxJE1sdFfZjevNLX9eNPTj3cSzB3pEsIBIiY
2022-08-20 18:22:19,294:INFO:ads
2022-08-20 19:22:19,254:INFO:jwt
2022-08-20 19:22:19,259:INFO:{'username': u'\u041a\u0438\u043e\u0441\u043a2', 'user_id': 2, 'exp': datetime.datetime(2022, 8, 20, 11, 27, 19, 259621)}
2022-08-20 19:22:19,259:INFO:eyJhbGciOiJIUzI1NiIsInR5cCI6IkpXVCJ9.eyJ1c2VybmFtZSI6Ilx1MDQxYVx1MDQzOFx1MDQzZVx1MDQ0MVx1MDQzYTIiLCJ1c2VyX2lkIjoyLCJleHAiOjE2NjA5OTQ4Mzl9.iub_PLbblTgVbPuag9ogrAjWaERf9UZX8a79u8H5UuY
2022-08-20 19:22:22,542:INFO:ads
2022-08-20 20:22:22,511:INFO:jwt
2022-08-20 20:22:22,517:INFO:{'username': u'\u041a\u0438\u043e\u0441\u043a2', 'user_id': 2, 'exp': datetime.datetime(2022, 8, 20, 12, 27, 22, 517004)}
2022-08-20 20:22:22,517:INFO:eyJhbGciOiJIUzI1NiIsInR5cCI6IkpXVCJ9.eyJ1c2VybmFtZSI6Ilx1MDQxYVx1MDQzOFx1MDQzZVx1MDQ0MVx1MDQzYTIiLCJ1c2VyX2lkIjoyLCJleHAiOjE2NjA5OTg0NDJ9.iZV6624Rd8B1QdeXaTCF8hWYT0a0KNEwOipHMbo_TqU
2022-08-20 20:22:25,809:INFO:ads
2022-08-20 21:22:25,859:INFO:jwt
2022-08-20 21:22:25,865:INFO:{'username': u'\u041a\u0438\u043e\u0441\u043a2', 'user_id': 2, 'exp': datetime.datetime(2022, 8, 20, 13, 27, 25, 865467)}
2022-08-20 21:22:25,865:INFO:eyJhbGciOiJIUzI1NiIsInR5cCI6IkpXVCJ9.eyJ1c2VybmFtZSI6Ilx1MDQxYVx1MDQzOFx1MDQzZVx1MDQ0MVx1MDQzYTIiLCJ1c2VyX2lkIjoyLCJleHAiOjE2NjEwMDIwNDV9.1aujuFBfiqEi4tHhx5b28nlY13wj0FU4b_JZluU-rxg
2022-08-20 21:22:29,145:INFO:ads
2022-08-20 22:22:29,156:INFO:jwt
2022-08-20 22:22:29,161:INFO:{'username': u'\u041a\u0438\u043e\u0441\u043a2', 'user_id': 2, 'exp': datetime.datetime(2022, 8, 20, 14, 27, 29, 161566)}
2022-08-20 22:22:29,161:INFO:eyJhbGciOiJIUzI1NiIsInR5cCI6IkpXVCJ9.eyJ1c2VybmFtZSI6Ilx1MDQxYVx1MDQzOFx1MDQzZVx1MDQ0MVx1MDQzYTIiLCJ1c2VyX2lkIjoyLCJleHAiOjE2NjEwMDU2NDl9.qcbOaUqYixA46ZMETCzFIhoiN-YB1d9Bh-ZgpDymJCM
2022-08-20 22:22:32,411:INFO:ads
2022-08-20 23:22:32,436:INFO:jwt
2022-08-20 23:22:32,442:INFO:{'username': u'\u041a\u0438\u043e\u0441\u043a2', 'user_id': 2, 'exp': datetime.datetime(2022, 8, 20, 15, 27, 32, 442087)}
2022-08-20 23:22:32,442:INFO:eyJhbGciOiJIUzI1NiIsInR5cCI6IkpXVCJ9.eyJ1c2VybmFtZSI6Ilx1MDQxYVx1MDQzOFx1MDQzZVx1MDQ0MVx1MDQzYTIiLCJ1c2VyX2lkIjoyLCJleHAiOjE2NjEwMDkyNTJ9.At3SayApDPyM8ENMI-xNC1_YA7SYN5yCTuZ6LMYL1vU
2022-08-20 23:22:35,629:INFO:ads
2022-08-21 00:22:35,752:INFO:jwt
2022-08-21 00:22:35,758:INFO:{'username': u'\u041a\u0438\u043e\u0441\u043a2', 'user_id': 2, 'exp': datetime.datetime(2022, 8, 20, 16, 27, 35, 758111)}
2022-08-21 00:22:35,758:INFO:eyJhbGciOiJIUzI1NiIsInR5cCI6IkpXVCJ9.eyJ1c2VybmFtZSI6Ilx1MDQxYVx1MDQzOFx1MDQzZVx1MDQ0MVx1MDQzYTIiLCJ1c2VyX2lkIjoyLCJleHAiOjE2NjEwMTI4NTV9.vt1GH3-hXjw8Re8I5GT_UZ3HKu7yC0FtC4vqn-WXFwU
2022-08-21 00:22:38,972:INFO:ads
2022-08-21 01:22:38,946:INFO:jwt
2022-08-21 01:22:38,952:INFO:{'username': u'\u041a\u0438\u043e\u0441\u043a2', 'user_id': 2, 'exp': datetime.datetime(2022, 8, 20, 17, 27, 38, 952050)}
2022-08-21 01:22:38,952:INFO:eyJhbGciOiJIUzI1NiIsInR5cCI6IkpXVCJ9.eyJ1c2VybmFtZSI6Ilx1MDQxYVx1MDQzOFx1MDQzZVx1MDQ0MVx1MDQzYTIiLCJ1c2VyX2lkIjoyLCJleHAiOjE2NjEwMTY0NTh9.-sIWfYppIqZ09kvTiagQ3owOZy7c6QsmPCfnDOfZfNg
2022-08-21 01:22:42,228:INFO:ads
2022-08-21 02:22:42,139:INFO:jwt
2022-08-21 02:22:42,144:INFO:{'username': u'\u041a\u0438\u043e\u0441\u043a2', 'user_id': 2, 'exp': datetime.datetime(2022, 8, 20, 18, 27, 42, 144861)}
2022-08-21 02:22:42,145:INFO:eyJhbGciOiJIUzI1NiIsInR5cCI6IkpXVCJ9.eyJ1c2VybmFtZSI6Ilx1MDQxYVx1MDQzOFx1MDQzZVx1MDQ0MVx1MDQzYTIiLCJ1c2VyX2lkIjoyLCJleHAiOjE2NjEwMjAwNjJ9.zYeGu3Gz2l5UKO5ahjVbUSMNZxr9HVhyc8krCpnT-Rw
2022-08-21 02:22:45,347:INFO:ads
2022-08-21 03:22:45,371:INFO:jwt
2022-08-21 03:22:45,376:INFO:{'username': u'\u041a\u0438\u043e\u0441\u043a2', 'user_id': 2, 'exp': datetime.datetime(2022, 8, 20, 19, 27, 45, 376840)}
2022-08-21 03:22:45,377:INFO:eyJhbGciOiJIUzI1NiIsInR5cCI6IkpXVCJ9.eyJ1c2VybmFtZSI6Ilx1MDQxYVx1MDQzOFx1MDQzZVx1MDQ0MVx1MDQzYTIiLCJ1c2VyX2lkIjoyLCJleHAiOjE2NjEwMjM2NjV9.y2Vvzgi2BBBzp3oxqP2uuLYn7hUs2zdcqaBP-CppZy0
2022-08-21 03:22:48,619:INFO:ads
2022-08-21 04:22:48,533:INFO:jwt
2022-08-21 04:22:48,539:INFO:{'username': u'\u041a\u0438\u043e\u0441\u043a2', 'user_id': 2, 'exp': datetime.datetime(2022, 8, 20, 20, 27, 48, 539123)}
2022-08-21 04:22:48,539:INFO:eyJhbGciOiJIUzI1NiIsInR5cCI6IkpXVCJ9.eyJ1c2VybmFtZSI6Ilx1MDQxYVx1MDQzOFx1MDQzZVx1MDQ0MVx1MDQzYTIiLCJ1c2VyX2lkIjoyLCJleHAiOjE2NjEwMjcyNjh9.4rqK1MQhRBKYT2Hh_qLAwUVsd-IIxo5P7NAqj-sVilY
2022-08-21 04:22:51,818:INFO:ads
2022-08-21 05:22:51,726:INFO:jwt
2022-08-21 05:22:51,731:INFO:{'username': u'\u041a\u0438\u043e\u0441\u043a2', 'user_id': 2, 'exp': datetime.datetime(2022, 8, 20, 21, 27, 51, 731783)}
2022-08-21 05:22:51,732:INFO:eyJhbGciOiJIUzI1NiIsInR5cCI6IkpXVCJ9.eyJ1c2VybmFtZSI6Ilx1MDQxYVx1MDQzOFx1MDQzZVx1MDQ0MVx1MDQzYTIiLCJ1c2VyX2lkIjoyLCJleHAiOjE2NjEwMzA4NzF9.zCd33HtuAwqPun8OTZuYonaMzClomDuqr1oq3WoAda0
2022-08-21 05:22:54,957:INFO:ads
2022-08-21 06:22:55,075:INFO:jwt
2022-08-21 06:22:55,080:INFO:{'username': u'\u041a\u0438\u043e\u0441\u043a2', 'user_id': 2, 'exp': datetime.datetime(2022, 8, 20, 22, 27, 55, 80770)}
2022-08-21 06:22:55,081:INFO:eyJhbGciOiJIUzI1NiIsInR5cCI6IkpXVCJ9.eyJ1c2VybmFtZSI6Ilx1MDQxYVx1MDQzOFx1MDQzZVx1MDQ0MVx1MDQzYTIiLCJ1c2VyX2lkIjoyLCJleHAiOjE2NjEwMzQ0NzV9.aMsFILljPCmEgZ-YGsLeHm24X4I6zMATU37Fsx_DwqU
2022-08-21 06:22:58,329:INFO:ads
2022-08-21 07:22:58,189:INFO:jwt
2022-08-21 07:22:58,194:INFO:{'username': u'\u041a\u0438\u043e\u0441\u043a2', 'user_id': 2, 'exp': datetime.datetime(2022, 8, 20, 23, 27, 58, 194883)}
2022-08-21 07:22:58,195:INFO:eyJhbGciOiJIUzI1NiIsInR5cCI6IkpXVCJ9.eyJ1c2VybmFtZSI6Ilx1MDQxYVx1MDQzOFx1MDQzZVx1MDQ0MVx1MDQzYTIiLCJ1c2VyX2lkIjoyLCJleHAiOjE2NjEwMzgwNzh9.eMCAlAM-gJ91_vjBifUiHgOLZQwbRRu7VHLmm-2VeSM
2022-08-21 07:23:01,457:INFO:ads
2022-08-21 08:23:01,406:INFO:jwt
2022-08-21 08:23:01,415:INFO:{'username': u'\u041a\u0438\u043e\u0441\u043a2', 'user_id': 2, 'exp': datetime.datetime(2022, 8, 21, 0, 28, 1, 415622)}
2022-08-21 08:23:01,416:INFO:eyJhbGciOiJIUzI1NiIsInR5cCI6IkpXVCJ9.eyJ1c2VybmFtZSI6Ilx1MDQxYVx1MDQzOFx1MDQzZVx1MDQ0MVx1MDQzYTIiLCJ1c2VyX2lkIjoyLCJleHAiOjE2NjEwNDE2ODF9.Bf8gSlrqXkawo0NVKpkomxAbhFgKhoBTY5jPPJoMZxM
2022-08-21 08:23:04,637:INFO:ads
2022-08-21 09:23:05,001:INFO:jwt
2022-08-21 09:23:05,007:INFO:{'username': u'\u041a\u0438\u043e\u0441\u043a2', 'user_id': 2, 'exp': datetime.datetime(2022, 8, 21, 1, 28, 5, 7283)}
2022-08-21 09:23:05,007:INFO:eyJhbGciOiJIUzI1NiIsInR5cCI6IkpXVCJ9.eyJ1c2VybmFtZSI6Ilx1MDQxYVx1MDQzOFx1MDQzZVx1MDQ0MVx1MDQzYTIiLCJ1c2VyX2lkIjoyLCJleHAiOjE2NjEwNDUyODV9.gw9c6TgUPJZQHQlQNx0r2f6OJGcdxa1o4NXlpj-8X1c
2022-08-21 09:23:08,280:INFO:ads
2022-08-21 10:23:08,320:INFO:jwt
2022-08-21 10:23:08,325:INFO:{'username': u'\u041a\u0438\u043e\u0441\u043a2', 'user_id': 2, 'exp': datetime.datetime(2022, 8, 21, 2, 28, 8, 325390)}
2022-08-21 10:23:08,325:INFO:eyJhbGciOiJIUzI1NiIsInR5cCI6IkpXVCJ9.eyJ1c2VybmFtZSI6Ilx1MDQxYVx1MDQzOFx1MDQzZVx1MDQ0MVx1MDQzYTIiLCJ1c2VyX2lkIjoyLCJleHAiOjE2NjEwNDg4ODh9.KKQ1SpBdi5L80N4fGj-lmi7boCEKHsRlqjhfOJFyCrw
2022-08-21 10:23:11,590:INFO:ads
2022-08-21 11:23:11,628:INFO:jwt
2022-08-21 11:23:11,633:INFO:{'username': u'\u041a\u0438\u043e\u0441\u043a2', 'user_id': 2, 'exp': datetime.datetime(2022, 8, 21, 3, 28, 11, 633919)}
2022-08-21 11:23:11,634:INFO:eyJhbGciOiJIUzI1NiIsInR5cCI6IkpXVCJ9.eyJ1c2VybmFtZSI6Ilx1MDQxYVx1MDQzOFx1MDQzZVx1MDQ0MVx1MDQzYTIiLCJ1c2VyX2lkIjoyLCJleHAiOjE2NjEwNTI0OTF9.LDg5ttLSHRSkouAlw0P58ZQf6OAYKXjSIkFueYnk-Ns
2022-08-21 11:23:14,905:INFO:ads
2022-08-21 12:23:14,893:INFO:jwt
2022-08-21 12:23:14,899:INFO:{'username': u'\u041a\u0438\u043e\u0441\u043a2', 'user_id': 2, 'exp': datetime.datetime(2022, 8, 21, 4, 28, 14, 899051)}
2022-08-21 12:23:14,899:INFO:eyJhbGciOiJIUzI1NiIsInR5cCI6IkpXVCJ9.eyJ1c2VybmFtZSI6Ilx1MDQxYVx1MDQzOFx1MDQzZVx1MDQ0MVx1MDQzYTIiLCJ1c2VyX2lkIjoyLCJleHAiOjE2NjEwNTYwOTR9.GIskpU_Zz3tz4ewgvcauHQ-5t5x3ayt37GbrO9A4YsU
2022-08-21 12:23:18,171:INFO:ads
2022-08-21 13:23:18,241:INFO:jwt
2022-08-21 13:23:18,246:INFO:{'username': u'\u041a\u0438\u043e\u0441\u043a2', 'user_id': 2, 'exp': datetime.datetime(2022, 8, 21, 5, 28, 18, 246766)}
2022-08-21 13:23:18,247:INFO:eyJhbGciOiJIUzI1NiIsInR5cCI6IkpXVCJ9.eyJ1c2VybmFtZSI6Ilx1MDQxYVx1MDQzOFx1MDQzZVx1MDQ0MVx1MDQzYTIiLCJ1c2VyX2lkIjoyLCJleHAiOjE2NjEwNTk2OTh9.y0CWyO-EvY1IJeMCwX6yasF_3MMVDPe-ef6sRGJdt-Y
2022-08-21 13:23:21,489:INFO:ads
2022-08-21 14:23:21,362:INFO:jwt
2022-08-21 14:23:21,367:INFO:{'username': u'\u041a\u0438\u043e\u0441\u043a2', 'user_id': 2, 'exp': datetime.datetime(2022, 8, 21, 6, 28, 21, 367634)}
2022-08-21 14:23:21,367:INFO:eyJhbGciOiJIUzI1NiIsInR5cCI6IkpXVCJ9.eyJ1c2VybmFtZSI6Ilx1MDQxYVx1MDQzOFx1MDQzZVx1MDQ0MVx1MDQzYTIiLCJ1c2VyX2lkIjoyLCJleHAiOjE2NjEwNjMzMDF9.93F3u--eycUShKrUSWa6riIP2Zo6leiyJmxiwUBaMPg
2022-08-21 14:23:24,570:INFO:ads
2022-08-21 15:23:24,618:INFO:jwt
2022-08-21 15:23:24,623:INFO:{'username': u'\u041a\u0438\u043e\u0441\u043a2', 'user_id': 2, 'exp': datetime.datetime(2022, 8, 21, 7, 28, 24, 623698)}
2022-08-21 15:23:24,623:INFO:eyJhbGciOiJIUzI1NiIsInR5cCI6IkpXVCJ9.eyJ1c2VybmFtZSI6Ilx1MDQxYVx1MDQzOFx1MDQzZVx1MDQ0MVx1MDQzYTIiLCJ1c2VyX2lkIjoyLCJleHAiOjE2NjEwNjY5MDR9.AxIqoL7tUBt6OCn7HspxJkgm1zVnz7D7l7jfEMmA79w
2022-08-21 15:23:27,945:INFO:ads
2022-08-21 16:23:27,874:INFO:jwt
2022-08-21 16:23:27,879:INFO:{'username': u'\u041a\u0438\u043e\u0441\u043a2', 'user_id': 2, 'exp': datetime.datetime(2022, 8, 21, 8, 28, 27, 879429)}
2022-08-21 16:23:27,879:INFO:eyJhbGciOiJIUzI1NiIsInR5cCI6IkpXVCJ9.eyJ1c2VybmFtZSI6Ilx1MDQxYVx1MDQzOFx1MDQzZVx1MDQ0MVx1MDQzYTIiLCJ1c2VyX2lkIjoyLCJleHAiOjE2NjEwNzA1MDd9.aadkjH0QzS7c0A45aJCF_IGjzJuyMQ-VUEbMFcAshPQ
2022-08-21 16:23:31,136:INFO:ads
2022-08-21 17:23:31,082:INFO:jwt
2022-08-21 17:23:31,088:INFO:{'username': u'\u041a\u0438\u043e\u0441\u043a2', 'user_id': 2, 'exp': datetime.datetime(2022, 8, 21, 9, 28, 31, 88230)}
2022-08-21 17:23:31,088:INFO:eyJhbGciOiJIUzI1NiIsInR5cCI6IkpXVCJ9.eyJ1c2VybmFtZSI6Ilx1MDQxYVx1MDQzOFx1MDQzZVx1MDQ0MVx1MDQzYTIiLCJ1c2VyX2lkIjoyLCJleHAiOjE2NjEwNzQxMTF9.khowN9T9sJFsvE-WbOfYOAI-tkByHlt3R6mOtO2K_GQ
2022-08-21 17:23:34,370:INFO:ads
2022-08-21 18:23:34,327:INFO:jwt
2022-08-21 18:23:34,333:INFO:{'username': u'\u041a\u0438\u043e\u0441\u043a2', 'user_id': 2, 'exp': datetime.datetime(2022, 8, 21, 10, 28, 34, 333132)}
2022-08-21 18:23:34,333:INFO:eyJhbGciOiJIUzI1NiIsInR5cCI6IkpXVCJ9.eyJ1c2VybmFtZSI6Ilx1MDQxYVx1MDQzOFx1MDQzZVx1MDQ0MVx1MDQzYTIiLCJ1c2VyX2lkIjoyLCJleHAiOjE2NjEwNzc3MTR9.QQ35D8ynxRpYclRYShmZNowJf9eDDQ-HD-ZQdd3UBeA
2022-08-21 18:23:37,589:INFO:ads
2022-08-21 19:23:37,732:INFO:jwt
2022-08-21 19:23:37,737:INFO:{'username': u'\u041a\u0438\u043e\u0441\u043a2', 'user_id': 2, 'exp': datetime.datetime(2022, 8, 21, 11, 28, 37, 737598)}
2022-08-21 19:23:37,737:INFO:eyJhbGciOiJIUzI1NiIsInR5cCI6IkpXVCJ9.eyJ1c2VybmFtZSI6Ilx1MDQxYVx1MDQzOFx1MDQzZVx1MDQ0MVx1MDQzYTIiLCJ1c2VyX2lkIjoyLCJleHAiOjE2NjEwODEzMTd9.Rg3jVwLsTj-K3EW2z2N5XkLwl_wUKf3D8byGdZx9OsU
2022-08-21 19:23:40,962:INFO:ads
2022-08-21 20:23:40,823:INFO:jwt
2022-08-21 20:23:40,828:INFO:{'username': u'\u041a\u0438\u043e\u0441\u043a2', 'user_id': 2, 'exp': datetime.datetime(2022, 8, 21, 12, 28, 40, 828275)}
2022-08-21 20:23:40,828:INFO:eyJhbGciOiJIUzI1NiIsInR5cCI6IkpXVCJ9.eyJ1c2VybmFtZSI6Ilx1MDQxYVx1MDQzOFx1MDQzZVx1MDQ0MVx1MDQzYTIiLCJ1c2VyX2lkIjoyLCJleHAiOjE2NjEwODQ5MjB9.RANqOwbcc3NkwAMYxccprQA4nK8s9xKAk7P7FpZ4W9U
2022-08-21 20:23:44,014:INFO:ads
2022-08-21 21:23:43,947:INFO:jwt
2022-08-21 21:23:43,952:INFO:{'username': u'\u041a\u0438\u043e\u0441\u043a2', 'user_id': 2, 'exp': datetime.datetime(2022, 8, 21, 13, 28, 43, 952652)}
2022-08-21 21:23:43,952:INFO:eyJhbGciOiJIUzI1NiIsInR5cCI6IkpXVCJ9.eyJ1c2VybmFtZSI6Ilx1MDQxYVx1MDQzOFx1MDQzZVx1MDQ0MVx1MDQzYTIiLCJ1c2VyX2lkIjoyLCJleHAiOjE2NjEwODg1MjN9.Rz1T6i1LeW2mMlaL515H1u0bdh5TZWurRptRb7pQfl0
2022-08-21 21:23:47,166:INFO:ads
2022-08-21 22:23:47,201:INFO:jwt
2022-08-21 22:23:47,206:INFO:{'username': u'\u041a\u0438\u043e\u0441\u043a2', 'user_id': 2, 'exp': datetime.datetime(2022, 8, 21, 14, 28, 47, 206638)}
2022-08-21 22:23:47,206:INFO:eyJhbGciOiJIUzI1NiIsInR5cCI6IkpXVCJ9.eyJ1c2VybmFtZSI6Ilx1MDQxYVx1MDQzOFx1MDQzZVx1MDQ0MVx1MDQzYTIiLCJ1c2VyX2lkIjoyLCJleHAiOjE2NjEwOTIxMjd9.wD-STXoAdy0JSegvLRAMrCWrpU3Ldzhe9UeFGQqmVlE
2022-08-21 22:23:50,454:INFO:ads
2022-08-21 23:23:50,506:INFO:jwt
2022-08-21 23:23:50,511:INFO:{'username': u'\u041a\u0438\u043e\u0441\u043a2', 'user_id': 2, 'exp': datetime.datetime(2022, 8, 21, 15, 28, 50, 511670)}
2022-08-21 23:23:50,511:INFO:eyJhbGciOiJIUzI1NiIsInR5cCI6IkpXVCJ9.eyJ1c2VybmFtZSI6Ilx1MDQxYVx1MDQzOFx1MDQzZVx1MDQ0MVx1MDQzYTIiLCJ1c2VyX2lkIjoyLCJleHAiOjE2NjEwOTU3MzB9.ZEV4lkn0AnZOv1oKd6hLC8xZgtSaXxEgbtmRBlv5nLU
2022-08-21 23:23:53,748:INFO:ads
2022-08-22 09:19:44,349:INFO:jwt
2022-08-22 09:19:44,355:INFO:{'username': u'\u041a\u0438\u043e\u0441\u043a3', 'user_id': 3, 'exp': datetime.datetime(2022, 8, 22, 1, 24, 44, 355522)}
2022-08-22 09:19:44,355:INFO:eyJhbGciOiJIUzI1NiIsInR5cCI6IkpXVCJ9.eyJ1c2VybmFtZSI6Ilx1MDQxYVx1MDQzOFx1MDQzZVx1MDQ0MVx1MDQzYTMiLCJ1c2VyX2lkIjozLCJleHAiOjE2NjExMzE0ODR9.WK3dJfGUFb-tRv5PsJsd2lN8ryzzHdKCOSARhXGymTg
2022-08-22 09:19:52,126:INFO:checkNumber
2022-08-22 09:19:52,129:INFO:3
2022-08-22 09:19:52,129:INFO:bankConnection
2022-08-22 09:19:52,129:INFO:3
2022-08-22 09:19:52,129:INFO:{'phone_number': u'93291444', 'amount': '', 'serviceName': 'Kiosk_3', 'trans_id': u'', 'cashOrCard': u'', 'card': u''}
2022-08-22 09:19:52,161:DEBUG:Starting new HTTPS connection (1): banksystem.gmobile.mn:443
2022-08-22 09:19:52,407:DEBUG:https://banksystem.gmobile.mn:443 "POST /service.php/api_services/kiosk/socialPay/checkNumber/response HTTP/1.1" 200 1478
2022-08-22 09:19:52,409:INFO:{u'status': 0, u'errors': u'', u'data': [], u'action': u'check_index', u'type': u'WCDMA', u'unit': [{u'price': u'1000', u'profile_code': u'H-1000', u'name': u'1000 \u043d\u044d\u0433\u0436\u0438\u0439\u043d \u043a\u0430\u0440\u0442'}, {u'price': u'2000', u'profile_code': u'H-2000', u'name': u'2000 \u043d\u044d\u0433\u0436\u0438\u0439\u043d \u043a\u0430\u0440\u0442'}, {u'price': u'5000', u'profile_code': u'H-5000', u'name': u'5000 \u043d\u044d\u0433\u0436\u0438\u0439\u043d \u043a\u0430\u0440\u0442'}, {u'price': u'7000', u'profile_code': u'H-7000', u'name': u'7000 \u043d\u044d\u0433\u0436\u0438\u0439\u043d \u043a\u0430\u0440\u0442'}, {u'price': u'10000', u'profile_code': u'H-10000', u'name': u'10000 \u043d\u044d\u0433\u0436\u0438\u0439\u043d \u043a\u0430\u0440\u0442'}, {u'price': u'30000', u'profile_code': u'H-30000', u'name': u'30000 \u043d\u044d\u0433\u0436\u0438\u0439\u043d \u043a\u0430\u0440\u0442 '}, {u'price': u'6000', u'profile_code': u'H-6000', u'name': u'50/50 60 \u0445\u043e\u043d\u043e\u0433, 6000 \u043d\u044d\u0433\u0436'}, {u'price': u'11000', u'profile_code': u'H-11000', u'name': u'30/30 30 \u0445\u043e\u043d\u043e\u0433, 11000 \u043d\u044d\u0433\u0436'}, {u'price': u'15000', u'profile_code': u'H-15000', u'name': u'0/50  30 \u0445\u043e\u043d\u043e\u0433, 1GB \u0434\u0430\u0442\u0430, 5000 \u043d\u044d\u0433\u0436'}, {u'price': u'20000', u'profile_code': u'H-20000', u'name': u'0/30 30 \u0445\u043e\u043d\u043e\u0433, 5000 \u043d\u044d\u0433\u0436'}, {u'price': u'60000', u'profile_code': u'H-60000', u'name': u'0/50 180 \u0445\u043e\u043d\u043e\u0433, 12000 \u043d\u044d\u0433\u0436'}]}
2022-08-22 09:19:52,410:INFO:93291444 дугаарын үйлчилгээний хугацаа дууссан байна. Та хоногтой картаар цэнэглэнэ үү! Line-231
2022-08-22 09:22:14,868:INFO:ads
