2021-09-20 09:10:18,989:INFO:jwt
2021-09-20 09:10:19,002:INFO:{'username': u'\u041a\u0438\u043e\u0441\u043a2', 'user_id': 2, 'exp': datetime.datetime(2021, 9, 20, 1, 15, 19, 2443)}
2021-09-20 09:10:19,002:INFO:eyJhbGciOiJIUzI1NiIsInR5cCI6IkpXVCJ9.eyJ1c2VybmFtZSI6Ilx1MDQxYVx1MDQzOFx1MDQzZVx1MDQ0MVx1MDQzYTIiLCJ1c2VyX2lkIjoyLCJleHAiOjE2MzIxMDA1MTl9.vgH_bmitm8YJadGehEvTFfNLUGUlIZlp3ySBN7OPU64
2021-09-20 09:10:19,002:INFO:jwt.jwt
2021-09-20 09:10:19,002:INFO:eyJhbGciOiJIUzI1NiIsInR5cCI6IkpXVCJ9.eyJ1c2VybmFtZSI6Ilx1MDQxYVx1MDQzOFx1MDQzZVx1MDQ0MVx1MDQzYTIiLCJ1c2VyX2lkIjoyLCJleHAiOjE2MzE5NjA1Mzl9.6FEt2hQtfUv44tSg8v3f54BxmscZj-0PUyc3DbX-j-0
2021-09-20 09:10:19,004:INFO:jwt.jwt
2021-09-20 09:10:19,004:INFO:eyJhbGciOiJIUzI1NiIsInR5cCI6IkpXVCJ9.eyJ1c2VybmFtZSI6Ilx1MDQxYVx1MDQzOFx1MDQzZVx1MDQ0MVx1MDQzYTIiLCJ1c2VyX2lkIjoyLCJleHAiOjE2MzIxMDA1MTl9.vgH_bmitm8YJadGehEvTFfNLUGUlIZlp3ySBN7OPU64
2021-09-20 09:22:01,046:INFO:jwt
2021-09-20 09:22:01,055:INFO:{'username': u'\u041a\u0438\u043e\u0441\u043a1', 'user_id': 1, 'exp': datetime.datetime(2021, 9, 20, 1, 27, 1, 55420)}
2021-09-20 09:22:01,055:INFO:eyJhbGciOiJIUzI1NiIsInR5cCI6IkpXVCJ9.eyJ1c2VybmFtZSI6Ilx1MDQxYVx1MDQzOFx1MDQzZVx1MDQ0MVx1MDQzYTEiLCJ1c2VyX2lkIjoxLCJleHAiOjE2MzIxMDEyMjF9.f8huD3oJZlO1ORfiJwFLlVhSpsk6N2O5jR0S8XAQv2I
2021-09-20 09:22:01,055:INFO:jwt.jwt
2021-09-20 09:22:01,055:INFO:eyJhbGciOiJIUzI1NiIsInR5cCI6IkpXVCJ9.eyJ1c2VybmFtZSI6Ilx1MDQxYVx1MDQzOFx1MDQzZVx1MDQ0MVx1MDQzYTEiLCJ1c2VyX2lkIjoxLCJleHAiOjE2MzE4NjIxMzN9.HL4HJwiBxhqgBq6DXGscsAR8gDwVe2PUXX8jXKiBaAk
2021-09-20 09:22:01,056:INFO:jwt.jwt
2021-09-20 09:22:01,057:INFO:eyJhbGciOiJIUzI1NiIsInR5cCI6IkpXVCJ9.eyJ1c2VybmFtZSI6Ilx1MDQxYVx1MDQzOFx1MDQzZVx1MDQ0MVx1MDQzYTEiLCJ1c2VyX2lkIjoxLCJleHAiOjE2MzIxMDEyMjF9.f8huD3oJZlO1ORfiJwFLlVhSpsk6N2O5jR0S8XAQv2I
2021-09-20 09:28:36,168:INFO:order
2021-09-20 09:28:36,221:INFO:order.amjilttai
2021-09-20 09:28:36,221:INFO:11749
2021-09-20 09:29:12,861:INFO:checkNumber
2021-09-20 09:29:12,864:INFO:True
2021-09-20 09:29:12,868:DEBUG:Starting new HTTPS connection (1): banksystem.gmobile.mn:443
2021-09-20 09:29:13,111:DEBUG:https://banksystem.gmobile.mn:443 "POST /service.php/api_services/kiosk/socialPay/checkNumber/response HTTP/1.1" 200 3578
2021-09-20 09:29:13,115:INFO:{"action":"check_index","status":0,"errors":"","type":"WCDMA","unit":[{"profile_code":"H-1000","name":"1000 \u043d\u044d\u0433\u0436\u0438\u0439\u043d \u043a\u0430\u0440\u0442","price":"1000"},{"profile_code":"H-2000","name":"2000 \u043d\u044d\u0433\u0436\u0438\u0439\u043d \u043a\u0430\u0440\u0442","price":"2000"},{"profile_code":"H-5000","name":"5000 \u043d\u044d\u0433\u0436\u0438\u0439\u043d \u043a\u0430\u0440\u0442","price":"5000"},{"profile_code":"H-7000","name":"7000 \u043d\u044d\u0433\u0436\u0438\u0439\u043d \u043a\u0430\u0440\u0442","price":"7000"},{"profile_code":"H-10000","name":"10000 \u043d\u044d\u0433\u0436\u0438\u0439\u043d \u043a\u0430\u0440\u0442","price":"10000"},{"profile_code":"H-30000","name":"30000 \u043d\u044d\u0433\u0436\u0438\u0439\u043d \u043a\u0430\u0440\u0442 ","price":"30000"},{"profile_code":"H-6000","name":"50\/50 60 \u0445\u043e\u043d\u043e\u0433, 6000 \u043d\u044d\u0433\u0436","price":"6000"},{"profile_code":"H-11000","name":"30\/30 30 \u0445\u043e\u043d\u043e\u0433, 11000 \u043d\u044d\u0433\u0436","price":"11000"},{"profile_code":"H-15000","name":"0\/50  30 \u0445\u043e\u043d\u043e\u0433, 1GB \u0434\u0430\u0442\u0430, 5000 \u043d\u044d\u0433\u0436","price":"15000"},{"profile_code":"H-20000","name":"0\/30 30 \u0445\u043e\u043d\u043e\u0433, 5000 \u043d\u044d\u0433\u0436","price":"20000"},{"profile_code":"H-60000","name":"0\/50 180 \u0445\u043e\u043d\u043e\u0433, 12000 \u043d\u044d\u0433\u0436","price":"60000"}],"data":[{"profile_code":"DAT-1000","name":"\u0425\u044f\u0437\u0433\u0430\u0430\u0440\u0433\u04af\u0439 \u00a01 \u0445\u043e\u043d\u043e\u0433\u0442\u043e\u0439 \u00a0\u0434\u0430\u0442\u0430 \u043a\u0430\u0440\u0442 ","price":"1000"},{"profile_code":"UNDAT-3000","name":"\u0425\u044f\u0437\u0433\u0430\u0430\u0440\u0433\u04af\u0439  3 \u0445\u043e\u043d\u043e\u0433\u0442\u043e\u0439 \u0434\u0430\u0442\u0430 \u043a\u0430\u0440\u0442","price":"3000"},{"profile_code":"UNDAT-7000","name":"\u0425\u044f\u0437\u0433\u0430\u0430\u0440\u0433\u04af\u0439  7 \u0445\u043e\u043d\u043e\u0433\u0442\u043e\u0439 \u0434\u0430\u0442\u0430 \u043a\u0430\u0440\u0442","price":"7000"},{"profile_code":"UNDAT-13000","name":"\u0425\u044f\u0437\u0433\u0430\u0430\u0440\u0433\u04af\u0439  14 \u0445\u043e\u043d\u043e\u0433\u0442\u043e\u0439 \u0434\u0430\u0442\u0430 \u043a\u0430\u0440\u0442","price":"13000"},{"profile_code":"DAT-25000","name":"\u0425\u044f\u0437\u0433\u0430\u0430\u0440\u0433\u04af\u0439  30 \u0445\u043e\u043d\u043e\u0433\u0442\u043e\u0439 \u00a0\u0434\u0430\u0442\u0430 \u043a\u0430\u0440\u0442","price":"25000"},{"profile_code":"UNDAT-75000","name":"\u0425\u044f\u0437\u0433\u0430\u0430\u0440\u0433\u04af\u0439  90 \u0445\u043e\u043d\u043e\u0433\u0442\u043e\u0439 \u0434\u0430\u0442\u0430 \u043a\u0430\u0440\u0442","price":"75000"},{"profile_code":"DAT-240000","name":"\u0425\u044f\u0437\u0433\u0430\u0430\u0440\u0433\u04af\u0439  365 \u0445\u043e\u043d\u043e\u0433\u0442\u043e\u0439 \u00a0\u0434\u0430\u0442\u0430 \u043a\u0430\u0440\u0442","price":"240000"},{"profile_code":"DAT-100","name":"100mb 3 x\u043e\u043d\u043e\u0433\u0442\u043e\u0439 \u0434\u0430\u0442\u0430 \u043a\u0430\u0440\u0442","price":"1000"},{"profile_code":"DAT-500","name":"500mb 8 \u0445\u043e\u043d\u043e\u0433\u0442\u043e\u0439 \u00a0\u0434\u0430\u0442\u0430 \u043a\u0430\u0440\u0442","price":"4000"},{"profile_code":"DAT-7000","name":"1GB  30 \u0445\u043e\u043d\u043e\u0433\u0442\u043e\u0439 \u0434\u0430\u0442\u0430 \u043a\u0430\u0440\u0442","price":"7000"},{"profile_code":"DAT-3000","name":"3GB  30 \u0445\u043e\u043d\u043e\u0433\u0442\u043e\u0439 \u0434\u0430\u0442\u0430 \u043a\u0430\u0440\u0442","price":"12000"},{"profile_code":"DAT-8000","name":"8GB  30 \u0445\u043e\u043d\u043e\u0433\u0442\u043e\u0439 \u0434\u0430\u0442\u0430 \u043a\u0430\u0440\u0442","price":"20000"},{"profile_code":"DAT60-20000","name":"20GB  60 \u0445\u043e\u043d\u043e\u0433\u0442\u043e\u0439 \u0434\u0430\u0442\u0430 \u043a\u0430\u0440\u0442","price":"30000"},{"profile_code":"DAT-120000","name":"240gb 365 \u0445\u043e\u043d\u043e\u0433\u0442\u043e\u0439 \u00a0\u0434\u0430\u0442\u0430 \u043a\u0430\u0440\u0442 ","price":"240000"}]}
2021-09-20 10:27:41,838:INFO:checkNumber
2021-09-20 10:27:41,841:INFO:True
2021-09-20 10:27:41,845:DEBUG:Starting new HTTPS connection (1): banksystem.gmobile.mn:443
2021-09-20 10:27:42,041:DEBUG:https://banksystem.gmobile.mn:443 "POST /service.php/api_services/kiosk/socialPay/checkNumber/response HTTP/1.1" 200 136
2021-09-20 10:27:42,044:INFO:post
2021-09-20 10:27:42,045:DEBUG:Starting new HTTPS connection (1): banksystem.gmobile.mn:443
2021-09-20 10:27:42,554:DEBUG:https://banksystem.gmobile.mn:443 "POST /service.php/api_services/kiosk/socialPay/invoice/response HTTP/1.1" 200 116
2021-09-20 10:27:42,557:INFO:{u'action': u'invoice_index', u'status': u'Success', u'errors': u'0', u'value': 5535}
2021-09-20 10:27:50,727:INFO:order
2021-09-20 10:27:50,733:INFO:order.amjilttai
2021-09-20 10:27:50,733:INFO:11750
2021-09-20 10:27:54,773:INFO:checkNumber
2021-09-20 10:27:54,775:INFO:True
2021-09-20 10:27:54,778:DEBUG:Starting new HTTPS connection (1): banksystem.gmobile.mn:443
2021-09-20 10:27:54,968:DEBUG:https://banksystem.gmobile.mn:443 "POST /service.php/api_services/kiosk/socialPay/checkNumber/response HTTP/1.1" 200 136
2021-09-20 10:27:54,970:INFO:post
2021-09-20 10:27:54,972:DEBUG:Starting new HTTPS connection (1): banksystem.gmobile.mn:443
2021-09-20 10:27:55,223:DEBUG:https://banksystem.gmobile.mn:443 "POST /service.php/api_services/kiosk/socialPay/invoice/response HTTP/1.1" 200 116
2021-09-20 10:27:55,226:INFO:{u'action': u'invoice_index', u'status': u'Success', u'errors': u'0', u'value': 5535}
2021-09-20 10:28:07,397:INFO:checkNumber
2021-09-20 10:28:07,400:INFO:True
2021-09-20 10:28:07,402:DEBUG:Starting new HTTPS connection (1): banksystem.gmobile.mn:443
2021-09-20 10:28:07,666:DEBUG:https://banksystem.gmobile.mn:443 "POST /service.php/api_services/kiosk/socialPay/checkNumber/response HTTP/1.1" 200 3578
2021-09-20 10:28:07,669:INFO:{"action":"check_index","status":0,"errors":"","type":"WCDMA","unit":[{"profile_code":"H-1000","name":"1000 \u043d\u044d\u0433\u0436\u0438\u0439\u043d \u043a\u0430\u0440\u0442","price":"1000"},{"profile_code":"H-2000","name":"2000 \u043d\u044d\u0433\u0436\u0438\u0439\u043d \u043a\u0430\u0440\u0442","price":"2000"},{"profile_code":"H-5000","name":"5000 \u043d\u044d\u0433\u0436\u0438\u0439\u043d \u043a\u0430\u0440\u0442","price":"5000"},{"profile_code":"H-7000","name":"7000 \u043d\u044d\u0433\u0436\u0438\u0439\u043d \u043a\u0430\u0440\u0442","price":"7000"},{"profile_code":"H-10000","name":"10000 \u043d\u044d\u0433\u0436\u0438\u0439\u043d \u043a\u0430\u0440\u0442","price":"10000"},{"profile_code":"H-30000","name":"30000 \u043d\u044d\u0433\u0436\u0438\u0439\u043d \u043a\u0430\u0440\u0442 ","price":"30000"},{"profile_code":"H-6000","name":"50\/50 60 \u0445\u043e\u043d\u043e\u0433, 6000 \u043d\u044d\u0433\u0436","price":"6000"},{"profile_code":"H-11000","name":"30\/30 30 \u0445\u043e\u043d\u043e\u0433, 11000 \u043d\u044d\u0433\u0436","price":"11000"},{"profile_code":"H-15000","name":"0\/50  30 \u0445\u043e\u043d\u043e\u0433, 1GB \u0434\u0430\u0442\u0430, 5000 \u043d\u044d\u0433\u0436","price":"15000"},{"profile_code":"H-20000","name":"0\/30 30 \u0445\u043e\u043d\u043e\u0433, 5000 \u043d\u044d\u0433\u0436","price":"20000"},{"profile_code":"H-60000","name":"0\/50 180 \u0445\u043e\u043d\u043e\u0433, 12000 \u043d\u044d\u0433\u0436","price":"60000"}],"data":[{"profile_code":"DAT-1000","name":"\u0425\u044f\u0437\u0433\u0430\u0430\u0440\u0433\u04af\u0439 \u00a01 \u0445\u043e\u043d\u043e\u0433\u0442\u043e\u0439 \u00a0\u0434\u0430\u0442\u0430 \u043a\u0430\u0440\u0442 ","price":"1000"},{"profile_code":"UNDAT-3000","name":"\u0425\u044f\u0437\u0433\u0430\u0430\u0440\u0433\u04af\u0439  3 \u0445\u043e\u043d\u043e\u0433\u0442\u043e\u0439 \u0434\u0430\u0442\u0430 \u043a\u0430\u0440\u0442","price":"3000"},{"profile_code":"UNDAT-7000","name":"\u0425\u044f\u0437\u0433\u0430\u0430\u0440\u0433\u04af\u0439  7 \u0445\u043e\u043d\u043e\u0433\u0442\u043e\u0439 \u0434\u0430\u0442\u0430 \u043a\u0430\u0440\u0442","price":"7000"},{"profile_code":"UNDAT-13000","name":"\u0425\u044f\u0437\u0433\u0430\u0430\u0440\u0433\u04af\u0439  14 \u0445\u043e\u043d\u043e\u0433\u0442\u043e\u0439 \u0434\u0430\u0442\u0430 \u043a\u0430\u0440\u0442","price":"13000"},{"profile_code":"DAT-25000","name":"\u0425\u044f\u0437\u0433\u0430\u0430\u0440\u0433\u04af\u0439  30 \u0445\u043e\u043d\u043e\u0433\u0442\u043e\u0439 \u00a0\u0434\u0430\u0442\u0430 \u043a\u0430\u0440\u0442","price":"25000"},{"profile_code":"UNDAT-75000","name":"\u0425\u044f\u0437\u0433\u0430\u0430\u0440\u0433\u04af\u0439  90 \u0445\u043e\u043d\u043e\u0433\u0442\u043e\u0439 \u0434\u0430\u0442\u0430 \u043a\u0430\u0440\u0442","price":"75000"},{"profile_code":"DAT-240000","name":"\u0425\u044f\u0437\u0433\u0430\u0430\u0440\u0433\u04af\u0439  365 \u0445\u043e\u043d\u043e\u0433\u0442\u043e\u0439 \u00a0\u0434\u0430\u0442\u0430 \u043a\u0430\u0440\u0442","price":"240000"},{"profile_code":"DAT-100","name":"100mb 3 x\u043e\u043d\u043e\u0433\u0442\u043e\u0439 \u0434\u0430\u0442\u0430 \u043a\u0430\u0440\u0442","price":"1000"},{"profile_code":"DAT-500","name":"500mb 8 \u0445\u043e\u043d\u043e\u0433\u0442\u043e\u0439 \u00a0\u0434\u0430\u0442\u0430 \u043a\u0430\u0440\u0442","price":"4000"},{"profile_code":"DAT-7000","name":"1GB  30 \u0445\u043e\u043d\u043e\u0433\u0442\u043e\u0439 \u0434\u0430\u0442\u0430 \u043a\u0430\u0440\u0442","price":"7000"},{"profile_code":"DAT-3000","name":"3GB  30 \u0445\u043e\u043d\u043e\u0433\u0442\u043e\u0439 \u0434\u0430\u0442\u0430 \u043a\u0430\u0440\u0442","price":"12000"},{"profile_code":"DAT-8000","name":"8GB  30 \u0445\u043e\u043d\u043e\u0433\u0442\u043e\u0439 \u0434\u0430\u0442\u0430 \u043a\u0430\u0440\u0442","price":"20000"},{"profile_code":"DAT60-20000","name":"20GB  60 \u0445\u043e\u043d\u043e\u0433\u0442\u043e\u0439 \u0434\u0430\u0442\u0430 \u043a\u0430\u0440\u0442","price":"30000"},{"profile_code":"DAT-120000","name":"240gb 365 \u0445\u043e\u043d\u043e\u0433\u0442\u043e\u0439 \u00a0\u0434\u0430\u0442\u0430 \u043a\u0430\u0440\u0442 ","price":"240000"}]}
2021-09-20 10:28:07,669:INFO:post
2021-09-20 10:40:36,042:INFO:searchNumber
2021-09-20 10:40:36,046:INFO:getNumber
2021-09-20 10:40:36,814:INFO:searchNumber
2021-09-20 10:40:36,817:INFO:getNumber
2021-09-20 10:40:37,058:INFO:98190037:6
2021-09-20 10:40:37,058:INFO:98190039:6
2021-09-20 10:40:37,058:INFO:98190048:6
2021-09-20 10:40:37,058:INFO:98190064:6
2021-09-20 10:40:37,058:INFO:98190076:6
2021-09-20 10:40:37,058:INFO:98190084:6
2021-09-20 10:40:37,058:INFO:98190124:6
2021-09-20 10:40:37,058:INFO:98190147:6
2021-09-20 10:40:37,058:INFO:98190148:6
2021-09-20 10:40:37,058:INFO:98190152:6
2021-09-20 10:40:37,058:INFO:98190153:6
2021-09-20 10:40:37,058:INFO:98190154:6
2021-09-20 10:40:37,059:INFO:98190155:6
2021-09-20 10:40:37,059:INFO:98190161:6
2021-09-20 10:40:37,059:INFO:98190165:6
2021-09-20 10:40:37,059:INFO:98190174:6
2021-09-20 10:40:37,059:INFO:98190178:6
2021-09-20 10:40:37,059:INFO:98190184:6
2021-09-20 10:40:37,059:INFO:98190185:6
2021-09-20 10:40:37,059:INFO:98190231:6
2021-09-20 10:40:37,059:INFO:98190235:6
2021-09-20 10:40:37,059:INFO:98190237:6
2021-09-20 10:40:37,059:INFO:98190239:6
2021-09-20 10:40:37,059:INFO:98190240:6
2021-09-20 10:40:37,059:INFO:98190246:6
2021-09-20 10:40:37,059:INFO:98190251:6
2021-09-20 10:40:37,059:INFO:98190253:6
2021-09-20 10:40:37,059:INFO:98190256:6
2021-09-20 10:40:37,059:INFO:98190261:6
2021-09-20 10:40:37,059:INFO:98190265:6
2021-09-20 10:40:37,059:INFO:98190268:6
2021-09-20 10:40:37,059:INFO:98190272:6
2021-09-20 10:40:37,059:INFO:98190277:6
2021-09-20 10:40:37,059:INFO:98190278:6
2021-09-20 10:40:37,060:INFO:98190281:6
2021-09-20 10:40:37,060:INFO:98190293:6
2021-09-20 10:40:37,060:INFO:98190297:6
2021-09-20 10:40:37,060:INFO:98190328:6
2021-09-20 10:40:37,060:INFO:98190332:6
2021-09-20 10:40:37,060:INFO:98190337:6
2021-09-20 10:40:37,060:INFO:98190341:6
2021-09-20 10:40:37,060:INFO:98190342:6
2021-09-20 10:40:37,060:INFO:98190350:6
2021-09-20 10:40:37,060:INFO:98190351:6
2021-09-20 10:40:37,060:INFO:98190352:6
2021-09-20 10:40:37,060:INFO:98190353:6
2021-09-20 10:40:37,060:INFO:98190354:6
2021-09-20 10:40:37,060:INFO:98190356:6
2021-09-20 10:40:37,060:INFO:98190357:6
2021-09-20 10:40:37,060:INFO:98190361:6
2021-09-20 10:40:37,060:INFO:98190362:6
2021-09-20 10:40:37,060:INFO:98190364:6
2021-09-20 10:40:37,060:INFO:98190370:6
2021-09-20 10:40:37,060:INFO:98190371:6
2021-09-20 10:40:37,060:INFO:98190375:6
2021-09-20 10:40:37,060:INFO:98190378:6
2021-09-20 10:40:37,061:INFO:98190379:6
2021-09-20 10:40:37,061:INFO:98190384:6
2021-09-20 10:40:37,061:INFO:98190386:6
2021-09-20 10:40:37,061:INFO:98190387:6
2021-09-20 10:40:37,061:INFO:98190389:6
2021-09-20 10:40:37,061:INFO:98190392:6
2021-09-20 10:40:37,061:INFO:98190396:6
2021-09-20 10:40:37,061:INFO:98190397:6
2021-09-20 10:40:37,061:INFO:98190431:6
2021-09-20 10:40:37,061:INFO:98190436:6
2021-09-20 10:40:37,061:INFO:98190437:6
2021-09-20 10:40:37,061:INFO:98190439:6
2021-09-20 10:40:37,061:INFO:98190449:6
2021-09-20 10:40:37,061:INFO:98190451:6
2021-09-20 10:40:37,061:INFO:98190452:6
2021-09-20 10:40:37,061:INFO:98190453:6
2021-09-20 10:40:37,061:INFO:98190457:6
2021-09-20 10:40:37,061:INFO:98190461:6
2021-09-20 10:40:37,061:INFO:98190464:6
2021-09-20 10:40:37,061:INFO:98190465:6
2021-09-20 10:40:37,061:INFO:98190467:6
2021-09-20 10:40:37,062:INFO:98190468:6
2021-09-20 10:40:37,062:INFO:98190470:6
2021-09-20 10:40:37,062:INFO:98190474:6
2021-09-20 10:40:37,062:INFO:98190475:6
2021-09-20 10:40:37,062:INFO:98190476:6
2021-09-20 10:40:37,062:INFO:98190477:6
2021-09-20 10:40:37,062:INFO:98190479:6
2021-09-20 10:40:37,062:INFO:98190480:6
2021-09-20 10:40:37,062:INFO:98190482:6
2021-09-20 10:40:37,062:INFO:98190486:6
2021-09-20 10:40:37,062:INFO:98190487:6
2021-09-20 10:40:37,062:INFO:98190491:6
2021-09-20 10:40:37,062:INFO:98190492:6
2021-09-20 10:40:37,062:INFO:98190495:6
2021-09-20 10:40:37,062:INFO:98190496:6
2021-09-20 10:40:37,062:INFO:98190523:6
2021-09-20 10:40:37,062:INFO:98190533:6
2021-09-20 10:40:37,062:INFO:98190536:6
2021-09-20 10:40:37,062:INFO:98190546:6
2021-09-20 10:40:37,063:INFO:98190547:6
2021-09-20 10:40:37,063:INFO:98190548:6
2021-09-20 10:40:37,063:INFO:98190561:6
2021-09-20 10:40:37,063:INFO:98190563:6
2021-09-20 10:40:37,825:INFO:98190037:6
2021-09-20 10:40:37,825:INFO:98190039:6
2021-09-20 10:40:37,825:INFO:98190048:6
2021-09-20 10:40:37,825:INFO:98190064:6
2021-09-20 10:40:37,825:INFO:98190076:6
2021-09-20 10:40:37,825:INFO:98190084:6
2021-09-20 10:40:37,825:INFO:98190124:6
2021-09-20 10:40:37,826:INFO:98190147:6
2021-09-20 10:40:37,826:INFO:98190148:6
2021-09-20 10:40:37,826:INFO:98190152:6
2021-09-20 10:40:37,826:INFO:98190153:6
2021-09-20 10:40:37,826:INFO:98190154:6
2021-09-20 10:40:37,826:INFO:98190155:6
2021-09-20 10:40:37,826:INFO:98190161:6
2021-09-20 10:40:37,826:INFO:98190165:6
2021-09-20 10:40:37,826:INFO:98190174:6
2021-09-20 10:40:37,826:INFO:98190178:6
2021-09-20 10:40:37,826:INFO:98190184:6
2021-09-20 10:40:37,826:INFO:98190185:6
2021-09-20 10:40:37,826:INFO:98190231:6
2021-09-20 10:40:37,826:INFO:98190235:6
2021-09-20 10:40:37,826:INFO:98190237:6
2021-09-20 10:40:37,826:INFO:98190239:6
2021-09-20 10:40:37,826:INFO:98190240:6
2021-09-20 10:40:37,826:INFO:98190246:6
2021-09-20 10:40:37,826:INFO:98190251:6
2021-09-20 10:40:37,826:INFO:98190253:6
2021-09-20 10:40:37,826:INFO:98190256:6
2021-09-20 10:40:37,827:INFO:98190261:6
2021-09-20 10:40:37,827:INFO:98190265:6
2021-09-20 10:40:37,827:INFO:98190268:6
2021-09-20 10:40:37,827:INFO:98190272:6
2021-09-20 10:40:37,827:INFO:98190277:6
2021-09-20 10:40:37,827:INFO:98190278:6
2021-09-20 10:40:37,827:INFO:98190281:6
2021-09-20 10:40:37,827:INFO:98190293:6
2021-09-20 10:40:37,827:INFO:98190297:6
2021-09-20 10:40:37,827:INFO:98190328:6
2021-09-20 10:40:37,827:INFO:98190332:6
2021-09-20 10:40:37,827:INFO:98190337:6
2021-09-20 10:40:37,827:INFO:98190341:6
2021-09-20 10:40:37,827:INFO:98190342:6
2021-09-20 10:40:37,827:INFO:98190350:6
2021-09-20 10:40:37,827:INFO:98190351:6
2021-09-20 10:40:37,827:INFO:98190352:6
2021-09-20 10:40:37,827:INFO:98190353:6
2021-09-20 10:40:37,827:INFO:98190354:6
2021-09-20 10:40:37,827:INFO:98190356:6
2021-09-20 10:40:37,827:INFO:98190357:6
2021-09-20 10:40:37,827:INFO:98190361:6
2021-09-20 10:40:37,828:INFO:98190362:6
2021-09-20 10:40:37,828:INFO:98190364:6
2021-09-20 10:40:37,828:INFO:98190370:6
2021-09-20 10:40:37,828:INFO:98190371:6
2021-09-20 10:40:37,828:INFO:98190375:6
2021-09-20 10:40:37,828:INFO:98190378:6
2021-09-20 10:40:37,828:INFO:98190379:6
2021-09-20 10:40:37,828:INFO:98190384:6
2021-09-20 10:40:37,828:INFO:98190386:6
2021-09-20 10:40:37,828:INFO:98190387:6
2021-09-20 10:40:37,828:INFO:98190389:6
2021-09-20 10:40:37,828:INFO:98190392:6
2021-09-20 10:40:37,828:INFO:98190396:6
2021-09-20 10:40:37,828:INFO:98190397:6
2021-09-20 10:40:37,828:INFO:98190431:6
2021-09-20 10:40:37,828:INFO:98190436:6
2021-09-20 10:40:37,828:INFO:98190437:6
2021-09-20 10:40:37,828:INFO:98190439:6
2021-09-20 10:40:37,828:INFO:98190449:6
2021-09-20 10:40:37,828:INFO:98190451:6
2021-09-20 10:40:37,828:INFO:98190452:6
2021-09-20 10:40:37,829:INFO:98190453:6
2021-09-20 10:40:37,829:INFO:98190457:6
2021-09-20 10:40:37,829:INFO:98190461:6
2021-09-20 10:40:37,829:INFO:98190464:6
2021-09-20 10:40:37,829:INFO:98190465:6
2021-09-20 10:40:37,829:INFO:98190467:6
2021-09-20 10:40:37,829:INFO:98190468:6
2021-09-20 10:40:37,829:INFO:98190470:6
2021-09-20 10:40:37,829:INFO:98190474:6
2021-09-20 10:40:37,829:INFO:98190475:6
2021-09-20 10:40:37,829:INFO:98190476:6
2021-09-20 10:40:37,829:INFO:98190477:6
2021-09-20 10:40:37,829:INFO:98190479:6
2021-09-20 10:40:37,829:INFO:98190480:6
2021-09-20 10:40:37,829:INFO:98190482:6
2021-09-20 10:40:37,829:INFO:98190486:6
2021-09-20 10:40:37,829:INFO:98190487:6
2021-09-20 10:40:37,829:INFO:98190491:6
2021-09-20 10:40:37,829:INFO:98190492:6
2021-09-20 10:40:37,829:INFO:98190495:6
2021-09-20 10:40:37,829:INFO:98190496:6
2021-09-20 10:40:37,829:INFO:98190523:6
2021-09-20 10:40:37,830:INFO:98190533:6
2021-09-20 10:40:37,830:INFO:98190536:6
2021-09-20 10:40:37,830:INFO:98190546:6
2021-09-20 10:40:37,830:INFO:98190547:6
2021-09-20 10:40:37,830:INFO:98190548:6
2021-09-20 10:40:37,830:INFO:98190561:6
2021-09-20 10:40:37,830:INFO:98190563:6
2021-09-20 10:42:03,750:INFO:searchNumber
2021-09-20 10:42:03,755:INFO:getNumber
2021-09-20 10:42:06,723:INFO:98990136:6
2021-09-20 10:42:06,723:INFO:98990152:6
2021-09-20 10:42:06,723:INFO:98990254:6
2021-09-20 10:42:06,723:INFO:98990328:6
2021-09-20 10:42:06,723:INFO:98990368:6
2021-09-20 10:42:06,723:INFO:98990648:6
2021-09-20 10:42:06,723:INFO:98990841:6
2021-09-20 10:42:06,723:INFO:98991045:6
2021-09-20 10:42:06,723:INFO:98991437:6
2021-09-20 10:42:06,723:INFO:98991542:6
2021-09-20 10:42:06,723:INFO:98991593:6
2021-09-20 10:42:06,723:INFO:98991621:6
2021-09-20 10:42:06,723:INFO:98991641:6
2021-09-20 10:42:06,723:INFO:98991647:6
2021-09-20 10:42:06,724:INFO:98991653:6
2021-09-20 10:42:06,724:INFO:98991654:6
2021-09-20 10:42:06,724:INFO:98991682:6
2021-09-20 10:42:06,724:INFO:98991706:6
2021-09-20 10:42:06,724:INFO:98991724:6
2021-09-20 10:42:06,724:INFO:98991735:6
2021-09-20 10:42:06,724:INFO:98991736:6
2021-09-20 10:42:06,724:INFO:98991742:6
2021-09-20 10:42:06,724:INFO:98991752:6
2021-09-20 10:42:06,724:INFO:98991764:6
2021-09-20 10:42:06,724:INFO:98991792:6
2021-09-20 10:42:06,724:INFO:98991796:6
2021-09-20 10:42:06,724:INFO:98991843:6
2021-09-20 10:42:06,724:INFO:98991846:6
2021-09-20 10:42:06,724:INFO:98991847:6
2021-09-20 10:42:06,724:INFO:98991856:6
2021-09-20 10:42:06,724:INFO:98991861:6
2021-09-20 10:42:06,724:INFO:98991862:6
2021-09-20 10:42:06,724:INFO:98991876:6
2021-09-20 10:42:06,724:INFO:98991895:6
2021-09-20 10:42:06,724:INFO:98991924:6
2021-09-20 10:42:06,724:INFO:98991935:6
2021-09-20 10:42:06,725:INFO:98991943:6
2021-09-20 10:42:06,725:INFO:98991952:6
2021-09-20 10:42:06,725:INFO:98991973:6
2021-09-20 10:42:06,725:INFO:98992049:6
2021-09-20 10:42:06,725:INFO:98992056:6
2021-09-20 10:42:06,725:INFO:98992064:6
2021-09-20 10:42:06,725:INFO:98992106:6
2021-09-20 10:42:06,725:INFO:98992107:6
2021-09-20 10:42:06,725:INFO:98992108:6
2021-09-20 10:42:06,725:INFO:98992132:6
2021-09-20 10:42:06,725:INFO:98992134:6
2021-09-20 10:42:06,725:INFO:98992136:6
2021-09-20 10:42:06,725:INFO:98992143:6
2021-09-20 10:42:06,725:INFO:98992146:6
2021-09-20 10:42:06,725:INFO:98992154:6
2021-09-20 10:42:06,725:INFO:98992157:6
2021-09-20 10:42:06,725:INFO:98992162:6
2021-09-20 10:42:06,725:INFO:98992193:6
2021-09-20 10:42:06,725:INFO:98992290:6
2021-09-20 10:42:06,725:INFO:98992316:6
2021-09-20 10:42:06,726:INFO:98992347:6
2021-09-20 10:42:06,726:INFO:98992348:6
2021-09-20 10:42:06,726:INFO:98992367:6
2021-09-20 10:42:06,726:INFO:98992371:6
2021-09-20 10:42:06,726:INFO:98992372:6
2021-09-20 10:42:06,726:INFO:98992374:6
2021-09-20 10:42:06,726:INFO:98992376:6
2021-09-20 10:42:06,726:INFO:98992381:6
2021-09-20 10:42:06,726:INFO:98992382:6
2021-09-20 10:42:06,726:INFO:98992384:6
2021-09-20 10:42:06,726:INFO:98992387:6
2021-09-20 10:42:06,726:INFO:98992397:6
2021-09-20 10:42:06,726:INFO:98992431:6
2021-09-20 10:42:06,726:INFO:98992453:6
2021-09-20 10:42:06,726:INFO:98992456:6
2021-09-20 10:42:06,726:INFO:98992457:6
2021-09-20 10:42:06,726:INFO:98992461:6
2021-09-20 10:42:06,727:INFO:98992469:6
2021-09-20 10:42:06,727:INFO:98992471:6
2021-09-20 10:42:06,727:INFO:98992532:6
2021-09-20 10:42:06,727:INFO:98992538:6
2021-09-20 10:42:06,727:INFO:98992546:6
2021-09-20 10:42:06,727:INFO:98992547:6
2021-09-20 10:42:06,727:INFO:98992556:6
2021-09-20 10:42:06,727:INFO:98992561:6
2021-09-20 10:42:06,727:INFO:98992571:6
2021-09-20 10:42:06,727:INFO:98992573:6
2021-09-20 10:42:06,727:INFO:98992576:6
2021-09-20 10:42:06,727:INFO:98992591:6
2021-09-20 10:42:06,727:INFO:98992601:6
2021-09-20 10:42:06,727:INFO:98992615:6
2021-09-20 10:42:06,727:INFO:98992631:6
2021-09-20 10:42:06,727:INFO:98992632:6
2021-09-20 10:42:06,727:INFO:98992634:6
2021-09-20 10:42:06,727:INFO:98992638:6
2021-09-20 10:42:06,727:INFO:98992640:6
2021-09-20 10:42:06,727:INFO:98992646:6
2021-09-20 10:42:06,728:INFO:98992648:6
2021-09-20 10:42:06,728:INFO:98992650:6
2021-09-20 10:42:06,728:INFO:98992651:6
2021-09-20 10:42:06,728:INFO:98992653:6
2021-09-20 10:42:06,728:INFO:98992661:6
2021-09-20 10:42:06,728:INFO:98992667:6
2021-09-20 10:42:06,728:INFO:98992670:6
2021-09-20 10:42:07,086:INFO:searchNumber
2021-09-20 10:42:07,089:INFO:getNumber
2021-09-20 10:42:10,040:INFO:98990136:6
2021-09-20 10:42:10,040:INFO:98990152:6
2021-09-20 10:42:10,040:INFO:98990254:6
2021-09-20 10:42:10,040:INFO:98990328:6
2021-09-20 10:42:10,041:INFO:98990368:6
2021-09-20 10:42:10,041:INFO:98990648:6
2021-09-20 10:42:10,041:INFO:98990841:6
2021-09-20 10:42:10,041:INFO:98991045:6
2021-09-20 10:42:10,041:INFO:98991437:6
2021-09-20 10:42:10,041:INFO:98991542:6
2021-09-20 10:42:10,041:INFO:98991593:6
2021-09-20 10:42:10,041:INFO:98991621:6
2021-09-20 10:42:10,041:INFO:98991641:6
2021-09-20 10:42:10,041:INFO:98991647:6
2021-09-20 10:42:10,041:INFO:98991653:6
2021-09-20 10:42:10,041:INFO:98991654:6
2021-09-20 10:42:10,041:INFO:98991682:6
2021-09-20 10:42:10,041:INFO:98991706:6
2021-09-20 10:42:10,041:INFO:98991724:6
2021-09-20 10:42:10,041:INFO:98991735:6
2021-09-20 10:42:10,042:INFO:98991736:6
2021-09-20 10:42:10,042:INFO:98991742:6
2021-09-20 10:42:10,042:INFO:98991752:6
2021-09-20 10:42:10,042:INFO:98991764:6
2021-09-20 10:42:10,042:INFO:98991792:6
2021-09-20 10:42:10,042:INFO:98991796:6
2021-09-20 10:42:10,042:INFO:98991843:6
2021-09-20 10:42:10,042:INFO:98991846:6
2021-09-20 10:42:10,042:INFO:98991847:6
2021-09-20 10:42:10,042:INFO:98991856:6
2021-09-20 10:42:10,042:INFO:98991861:6
2021-09-20 10:42:10,042:INFO:98991862:6
2021-09-20 10:42:10,042:INFO:98991876:6
2021-09-20 10:42:10,042:INFO:98991895:6
2021-09-20 10:42:10,042:INFO:98991924:6
2021-09-20 10:42:10,042:INFO:98991935:6
2021-09-20 10:42:10,042:INFO:98991943:6
2021-09-20 10:42:10,043:INFO:98991952:6
2021-09-20 10:42:10,043:INFO:98991973:6
2021-09-20 10:42:10,043:INFO:98992049:6
2021-09-20 10:42:10,043:INFO:98992056:6
2021-09-20 10:42:10,043:INFO:98992064:6
2021-09-20 10:42:10,043:INFO:98992106:6
2021-09-20 10:42:10,043:INFO:98992107:6
2021-09-20 10:42:10,043:INFO:98992108:6
2021-09-20 10:42:10,043:INFO:98992132:6
2021-09-20 10:42:10,043:INFO:98992134:6
2021-09-20 10:42:10,043:INFO:98992136:6
2021-09-20 10:42:10,043:INFO:98992143:6
2021-09-20 10:42:10,043:INFO:98992146:6
2021-09-20 10:42:10,043:INFO:98992154:6
2021-09-20 10:42:10,043:INFO:98992157:6
2021-09-20 10:42:10,043:INFO:98992162:6
2021-09-20 10:42:10,043:INFO:98992193:6
2021-09-20 10:42:10,043:INFO:98992290:6
2021-09-20 10:42:10,043:INFO:98992316:6
2021-09-20 10:42:10,044:INFO:98992347:6
2021-09-20 10:42:10,044:INFO:98992348:6
2021-09-20 10:42:10,044:INFO:98992367:6
2021-09-20 10:42:10,044:INFO:98992371:6
2021-09-20 10:42:10,044:INFO:98992372:6
2021-09-20 10:42:10,044:INFO:98992374:6
2021-09-20 10:42:10,044:INFO:98992376:6
2021-09-20 10:42:10,044:INFO:98992381:6
2021-09-20 10:42:10,044:INFO:98992382:6
2021-09-20 10:42:10,044:INFO:98992384:6
2021-09-20 10:42:10,044:INFO:98992387:6
2021-09-20 10:42:10,044:INFO:98992397:6
2021-09-20 10:42:10,044:INFO:98992431:6
2021-09-20 10:42:10,044:INFO:98992453:6
2021-09-20 10:42:10,044:INFO:98992456:6
2021-09-20 10:42:10,044:INFO:98992457:6
2021-09-20 10:42:10,044:INFO:98992461:6
2021-09-20 10:42:10,044:INFO:98992469:6
2021-09-20 10:42:10,045:INFO:98992471:6
2021-09-20 10:42:10,045:INFO:98992532:6
2021-09-20 10:42:10,045:INFO:98992538:6
2021-09-20 10:42:10,045:INFO:98992546:6
2021-09-20 10:42:10,045:INFO:98992547:6
2021-09-20 10:42:10,045:INFO:98992556:6
2021-09-20 10:42:10,045:INFO:98992561:6
2021-09-20 10:42:10,045:INFO:98992571:6
2021-09-20 10:42:10,045:INFO:98992573:6
2021-09-20 10:42:10,045:INFO:98992576:6
2021-09-20 10:42:10,045:INFO:98992591:6
2021-09-20 10:42:10,045:INFO:98992601:6
2021-09-20 10:42:10,045:INFO:98992615:6
2021-09-20 10:42:10,045:INFO:98992631:6
2021-09-20 10:42:10,045:INFO:98992632:6
2021-09-20 10:42:10,045:INFO:98992634:6
2021-09-20 10:42:10,045:INFO:98992638:6
2021-09-20 10:42:10,045:INFO:98992640:6
2021-09-20 10:42:10,045:INFO:98992646:6
2021-09-20 10:42:10,045:INFO:98992648:6
2021-09-20 10:42:10,045:INFO:98992650:6
2021-09-20 10:42:10,045:INFO:98992651:6
2021-09-20 10:42:10,046:INFO:98992653:6
2021-09-20 10:42:10,046:INFO:98992661:6
2021-09-20 10:42:10,046:INFO:98992667:6
2021-09-20 10:42:10,046:INFO:98992670:6
2021-09-20 10:42:28,284:INFO:searchNumber
2021-09-20 10:42:28,287:INFO:getNumber
2021-09-20 10:42:29,297:INFO:98980297:6
2021-09-20 10:42:29,297:INFO:98980581:6
2021-09-20 10:42:29,297:INFO:98980594:6
2021-09-20 10:42:29,297:INFO:98980625:6
2021-09-20 10:42:29,297:INFO:98980795:6
2021-09-20 10:42:29,297:INFO:98981649:6
2021-09-20 10:42:29,297:INFO:98981876:6
2021-09-20 10:42:29,297:INFO:98982104:6
2021-09-20 10:42:29,297:INFO:98982316:6
2021-09-20 10:42:29,297:INFO:98982372:6
2021-09-20 10:42:29,297:INFO:98982571:6
2021-09-20 10:42:29,297:INFO:98982657:6
2021-09-20 10:42:29,297:INFO:98982715:6
2021-09-20 10:42:29,298:INFO:98983417:6
2021-09-20 10:42:29,298:INFO:98983601:6
2021-09-20 10:42:29,298:INFO:98983692:6
2021-09-20 10:42:29,298:INFO:98983759:6
2021-09-20 10:42:29,298:INFO:98983762:6
2021-09-20 10:42:29,298:INFO:98983782:6
2021-09-20 10:42:29,298:INFO:98983879:6
2021-09-20 10:42:29,298:INFO:98983904:6
2021-09-20 10:42:29,298:INFO:98983912:6
2021-09-20 10:42:29,298:INFO:98983952:6
2021-09-20 10:42:29,298:INFO:98983957:6
2021-09-20 10:42:29,298:INFO:98984021:6
2021-09-20 10:42:29,298:INFO:98984184:6
2021-09-20 10:42:29,298:INFO:98984197:6
2021-09-20 10:42:29,298:INFO:98984233:6
2021-09-20 10:42:29,298:INFO:98984237:6
2021-09-20 10:42:29,298:INFO:98984287:6
2021-09-20 10:42:29,298:INFO:98984310:6
2021-09-20 10:42:29,298:INFO:98984351:6
2021-09-20 10:42:29,299:INFO:98984362:6
2021-09-20 10:42:29,299:INFO:98984381:6
2021-09-20 10:42:29,299:INFO:98984387:6
2021-09-20 10:42:29,299:INFO:98984396:6
2021-09-20 10:42:29,299:INFO:98984397:6
2021-09-20 10:42:29,299:INFO:98984573:6
2021-09-20 10:42:29,299:INFO:98984576:6
2021-09-20 10:42:29,299:INFO:98984718:6
2021-09-20 10:42:29,299:INFO:98984729:6
2021-09-20 10:42:29,299:INFO:98984796:6
2021-09-20 10:42:29,299:INFO:98984815:6
2021-09-20 10:42:29,299:INFO:98984963:6
2021-09-20 10:42:29,299:INFO:98984965:6
2021-09-20 10:42:29,299:INFO:98984985:6
2021-09-20 10:42:29,299:INFO:98985076:6
2021-09-20 10:42:29,299:INFO:98985137:6
2021-09-20 10:42:29,299:INFO:98985142:6
2021-09-20 10:42:29,299:INFO:98985224:6
2021-09-20 10:42:29,299:INFO:98985253:6
2021-09-20 10:42:29,299:INFO:98985263:6
2021-09-20 10:42:29,299:INFO:98985273:6
2021-09-20 10:42:29,300:INFO:98985284:6
2021-09-20 10:42:29,300:INFO:98985366:6
2021-09-20 10:42:29,300:INFO:98985385:6
2021-09-20 10:42:29,300:INFO:98985416:6
2021-09-20 10:42:29,300:INFO:98985438:6
2021-09-20 10:42:29,300:INFO:98985549:6
2021-09-20 10:42:29,300:INFO:98985567:6
2021-09-20 10:42:29,300:INFO:98985612:6
2021-09-20 10:42:29,300:INFO:98985614:6
2021-09-20 10:42:29,300:INFO:98985624:6
2021-09-20 10:42:29,300:INFO:98985643:6
2021-09-20 10:42:29,300:INFO:98985647:6
2021-09-20 10:42:29,300:INFO:98985663:6
2021-09-20 10:42:29,300:INFO:98985712:6
2021-09-20 10:42:29,300:INFO:98985718:6
2021-09-20 10:42:29,300:INFO:98985720:6
2021-09-20 10:42:29,300:INFO:98985724:6
2021-09-20 10:42:29,300:INFO:98985728:6
2021-09-20 10:42:29,300:INFO:98985731:6
2021-09-20 10:42:29,300:INFO:98985734:6
2021-09-20 10:42:29,300:INFO:98985741:6
2021-09-20 10:42:29,300:INFO:98985743:6
2021-09-20 10:42:29,301:INFO:98985763:6
2021-09-20 10:42:29,301:INFO:98985784:6
2021-09-20 10:42:29,301:INFO:98985864:6
2021-09-20 10:42:29,301:INFO:98985901:6
2021-09-20 10:42:29,301:INFO:98985908:6
2021-09-20 10:42:29,301:INFO:98985923:6
2021-09-20 10:42:29,301:INFO:98985924:6
2021-09-20 10:42:29,301:INFO:98985931:6
2021-09-20 10:42:29,301:INFO:98985934:6
2021-09-20 10:42:29,301:INFO:98985946:6
2021-09-20 10:42:29,301:INFO:98985963:6
2021-09-20 10:42:29,301:INFO:98985964:6
2021-09-20 10:42:29,301:INFO:98986053:6
2021-09-20 10:42:29,301:INFO:98986127:6
2021-09-20 10:42:29,301:INFO:98986135:6
2021-09-20 10:42:29,301:INFO:98986137:6
2021-09-20 10:42:29,301:INFO:98986144:6
2021-09-20 10:42:29,301:INFO:98986178:6
2021-09-20 10:42:29,301:INFO:98986197:6
2021-09-20 10:42:29,301:INFO:98986205:6
2021-09-20 10:42:29,301:INFO:98986234:6
2021-09-20 10:42:29,302:INFO:98986245:6
2021-09-20 10:42:29,302:INFO:98986254:6
2021-09-20 10:42:29,302:INFO:98986276:6
2021-09-20 10:42:29,302:INFO:98986293:6
2021-09-20 10:43:00,767:INFO:searchNumber
2021-09-20 10:43:00,769:INFO:getNumber
2021-09-20 10:43:01,788:INFO:98190037:6
2021-09-20 10:43:01,788:INFO:98190039:6
2021-09-20 10:43:01,788:INFO:98190048:6
2021-09-20 10:43:01,788:INFO:98190064:6
2021-09-20 10:43:01,788:INFO:98190076:6
2021-09-20 10:43:01,788:INFO:98190084:6
2021-09-20 10:43:01,788:INFO:98190124:6
2021-09-20 10:43:01,788:INFO:98190147:6
2021-09-20 10:43:01,788:INFO:98190148:6
2021-09-20 10:43:01,788:INFO:98190152:6
2021-09-20 10:43:01,789:INFO:98190153:6
2021-09-20 10:43:01,789:INFO:98190154:6
2021-09-20 10:43:01,789:INFO:98190155:6
2021-09-20 10:43:01,789:INFO:98190161:6
2021-09-20 10:43:01,789:INFO:98190165:6
2021-09-20 10:43:01,789:INFO:98190174:6
2021-09-20 10:43:01,789:INFO:98190178:6
2021-09-20 10:43:01,789:INFO:98190184:6
2021-09-20 10:43:01,789:INFO:98190185:6
2021-09-20 10:43:01,789:INFO:98190231:6
2021-09-20 10:43:01,789:INFO:98190235:6
2021-09-20 10:43:01,789:INFO:98190237:6
2021-09-20 10:43:01,789:INFO:98190239:6
2021-09-20 10:43:01,789:INFO:98190240:6
2021-09-20 10:43:01,789:INFO:98190246:6
2021-09-20 10:43:01,789:INFO:98190251:6
2021-09-20 10:43:01,789:INFO:98190253:6
2021-09-20 10:43:01,789:INFO:98190256:6
2021-09-20 10:43:01,789:INFO:98190261:6
2021-09-20 10:43:01,789:INFO:98190265:6
2021-09-20 10:43:01,790:INFO:98190268:6
2021-09-20 10:43:01,790:INFO:98190272:6
2021-09-20 10:43:01,790:INFO:98190277:6
2021-09-20 10:43:01,790:INFO:98190278:6
2021-09-20 10:43:01,790:INFO:98190281:6
2021-09-20 10:43:01,790:INFO:98190293:6
2021-09-20 10:43:01,790:INFO:98190297:6
2021-09-20 10:43:01,790:INFO:98190328:6
2021-09-20 10:43:01,790:INFO:98190332:6
2021-09-20 10:43:01,790:INFO:98190337:6
2021-09-20 10:43:01,790:INFO:98190341:6
2021-09-20 10:43:01,790:INFO:98190342:6
2021-09-20 10:43:01,790:INFO:98190350:6
2021-09-20 10:43:01,790:INFO:98190351:6
2021-09-20 10:43:01,790:INFO:98190352:6
2021-09-20 10:43:01,790:INFO:98190353:6
2021-09-20 10:43:01,790:INFO:98190354:6
2021-09-20 10:43:01,790:INFO:98190356:6
2021-09-20 10:43:01,790:INFO:98190357:6
2021-09-20 10:43:01,790:INFO:98190361:6
2021-09-20 10:43:01,791:INFO:98190362:6
2021-09-20 10:43:01,791:INFO:98190364:6
2021-09-20 10:43:01,791:INFO:98190370:6
2021-09-20 10:43:01,791:INFO:98190371:6
2021-09-20 10:43:01,791:INFO:98190375:6
2021-09-20 10:43:01,791:INFO:98190378:6
2021-09-20 10:43:01,791:INFO:98190379:6
2021-09-20 10:43:01,791:INFO:98190384:6
2021-09-20 10:43:01,791:INFO:98190386:6
2021-09-20 10:43:01,791:INFO:98190387:6
2021-09-20 10:43:01,791:INFO:98190389:6
2021-09-20 10:43:01,791:INFO:98190392:6
2021-09-20 10:43:01,791:INFO:98190396:6
2021-09-20 10:43:01,791:INFO:98190397:6
2021-09-20 10:43:01,791:INFO:98190431:6
2021-09-20 10:43:01,791:INFO:98190436:6
2021-09-20 10:43:01,791:INFO:98190437:6
2021-09-20 10:43:01,791:INFO:98190439:6
2021-09-20 10:43:01,791:INFO:98190449:6
2021-09-20 10:43:01,792:INFO:98190451:6
2021-09-20 10:43:01,792:INFO:98190452:6
2021-09-20 10:43:01,792:INFO:98190453:6
2021-09-20 10:43:01,792:INFO:98190457:6
2021-09-20 10:43:01,792:INFO:98190461:6
2021-09-20 10:43:01,792:INFO:98190464:6
2021-09-20 10:43:01,792:INFO:98190465:6
2021-09-20 10:43:01,792:INFO:98190467:6
2021-09-20 10:43:01,792:INFO:98190468:6
2021-09-20 10:43:01,792:INFO:98190470:6
2021-09-20 10:43:01,792:INFO:98190474:6
2021-09-20 10:43:01,792:INFO:98190475:6
2021-09-20 10:43:01,792:INFO:98190476:6
2021-09-20 10:43:01,792:INFO:98190477:6
2021-09-20 10:43:01,792:INFO:98190479:6
2021-09-20 10:43:01,792:INFO:98190480:6
2021-09-20 10:43:01,792:INFO:98190482:6
2021-09-20 10:43:01,792:INFO:98190486:6
2021-09-20 10:43:01,792:INFO:98190487:6
2021-09-20 10:43:01,792:INFO:98190491:6
2021-09-20 10:43:01,793:INFO:98190492:6
2021-09-20 10:43:01,793:INFO:98190495:6
2021-09-20 10:43:01,793:INFO:98190496:6
2021-09-20 10:43:01,793:INFO:98190523:6
2021-09-20 10:43:01,793:INFO:98190533:6
2021-09-20 10:43:01,793:INFO:98190536:6
2021-09-20 10:43:01,793:INFO:98190546:6
2021-09-20 10:43:01,793:INFO:98190547:6
2021-09-20 10:43:01,793:INFO:98190548:6
2021-09-20 10:43:01,793:INFO:98190561:6
2021-09-20 10:43:01,793:INFO:98190563:6
2021-09-20 10:43:12,691:INFO:blockUnblock
2021-09-20 10:43:52,422:INFO:hur
2021-09-20 10:43:52,426:INFO:2
2021-09-20 10:43:52,431:INFO:5000
2021-09-20 10:43:52,431:INFO:0
2021-09-20 10:43:52,431:INFO:5000
2021-09-20 10:43:52,431:INFO:huruuniiHee
2021-09-20 10:43:52,434:DEBUG:Starting new HTTP connection (1): 192.168.18.47:80
2021-09-20 10:43:52,605:DEBUG:http://192.168.18.47:80 "POST /service.php/service_api/webserver/1/post_json/xyp/citizen/response HTTP/1.1" 200 401
2021-09-20 10:43:52,606:INFO:hariu
2021-09-20 10:43:52,606:INFO:{u'return': {u'resultCode': u'302', u'request': {u'regnum': u'\u0417\u041583030417', u'auth': {u'operator': {u'regnum': u'\u0417\u041583030417', u'signature': u'', u'fingerprint': u''}, u'citizen': {u'regnum': u'\u0417\u041583030417', u'signature': u'', u'fingerprint': u''}}}, u'resultMessage': u'[citizen] \u0445\u0443\u0440\u0443\u0443 \u0445\u044d\u044d \u0442\u0430\u0430\u0440\u0430\u0445\u0433\u04af\u0439 \u0431\u0430\u0439\u043d\u0430'}}
2021-09-20 10:43:52,606:ERROR:Хуруу хээ таарахгүй байна. Line-465
2021-09-20 10:44:02,301:INFO:blockUnblock
2021-09-20 10:44:02,311:INFO:unblock
2021-09-20 10:44:19,537:INFO:blockUnblock
2021-09-20 10:44:21,269:INFO:blockUnblock
2021-09-20 10:44:37,768:INFO:blockUnblock
2021-09-20 10:44:37,778:INFO:unblock
2021-09-20 10:44:39,398:INFO:blockUnblock
2021-09-20 10:45:09,680:INFO:hur
2021-09-20 10:45:09,685:INFO:2
2021-09-20 10:45:09,928:INFO:5000
2021-09-20 10:45:09,928:INFO:0
2021-09-20 10:45:09,928:INFO:5000
2021-09-20 10:45:09,928:INFO:huruuniiHee
2021-09-20 10:45:09,931:DEBUG:Starting new HTTP connection (1): 192.168.18.47:80
2021-09-20 10:45:10,446:DEBUG:http://192.168.18.47:80 "POST /service.php/service_api/webserver/1/post_json/xyp/citizen/response HTTP/1.1" 200 1465
2021-09-20 10:45:10,448:INFO:hariu
2021-09-20 10:45:10,448:INFO:{u'return': {u'resultCode': u'0', u'resultMessage': u'\u0430\u043c\u0436\u0438\u043b\u0442\u0442\u0430\u0439', u'request': {u'regnum': u'\u0417\u041583030417', u'auth': {u'operator': {u'regnum': u'\u0417\u041583030417', u'signature': u'', u'fingerprint': u''}, u'citizen': {u'regnum': u'\u0417\u041583030417', u'signature': u'', u'fingerprint': u''}}}, u'requestId': u'928aa178-3706-4872-9094-e1daa0d128f5', u'response': {u'aimagCityCode': u'11', u'surname': u'\u0446\u044d\u0446\u044d\u044d', u'addressDetail': u'16', u'firstname': u'\u044d\u043d\u0445\u0442\u04e9\u0440', u'lastname': u'\u0431\u04e9\u043c\u04af\u04af\u0434\u043e\u0440\u0436', u'fullAddress': u'\u0423\u043b\u0430\u0430\u043d\u0431\u0430\u0430\u0442\u0430\u0440 \u0427\u0438\u043d\u0433\u044d\u043b\u0442\u044d\u0439 6-\u0440 \u0445\u043e\u0440\u043e\u043e, 6-\u0440 \u0445\u043e\u0440\u043e\u043e\u043b\u043e\u043b  \u0431\u0430\u0433\u0430 \u0442\u043e\u0439\u0440\u0443\u0443 \u0433\u0443\u0434\u0430\u043c\u0436 65-\u0440 \u0431\u0430\u0439\u0440 16  \u0442\u043e\u043e\u0442', u'regnum': u'\u0437\u043583030417', u'soumDistrictName': u'\u0427\u0438\u043d\u0433\u044d\u043b\u0442\u044d\u0439', u'addressRegionName': u'6-\u0440 \u0445\u043e\u0440\u043e\u043e\u043b\u043e\u043b', u'addressStreetName': u'\u0431\u0430\u0433\u0430 \u0442\u043e\u0439\u0440\u0443\u0443', u'aimagCityName': u'\u0423\u043b\u0430\u0430\u043d\u0431\u0430\u0430\u0442\u0430\u0440', u'bagKhorooCode': u'61', u'addressApartmentName': u'65', u'bagKhorooName': u'6-\u0440 \u0445\u043e\u0440\u043e\u043e', u'soumDistrictCode': u'25'}}}
2021-09-20 11:27:29,986:INFO:checkNumber
2021-09-20 11:27:29,990:INFO:True
2021-09-20 11:27:29,993:DEBUG:Starting new HTTPS connection (1): banksystem.gmobile.mn:443
2021-09-20 11:27:30,210:DEBUG:https://banksystem.gmobile.mn:443 "POST /service.php/api_services/kiosk/socialPay/checkNumber/response HTTP/1.1" 200 3578
2021-09-20 11:27:30,212:INFO:{"action":"check_index","status":0,"errors":"","type":"WCDMA","unit":[{"profile_code":"H-1000","name":"1000 \u043d\u044d\u0433\u0436\u0438\u0439\u043d \u043a\u0430\u0440\u0442","price":"1000"},{"profile_code":"H-2000","name":"2000 \u043d\u044d\u0433\u0436\u0438\u0439\u043d \u043a\u0430\u0440\u0442","price":"2000"},{"profile_code":"H-5000","name":"5000 \u043d\u044d\u0433\u0436\u0438\u0439\u043d \u043a\u0430\u0440\u0442","price":"5000"},{"profile_code":"H-7000","name":"7000 \u043d\u044d\u0433\u0436\u0438\u0439\u043d \u043a\u0430\u0440\u0442","price":"7000"},{"profile_code":"H-10000","name":"10000 \u043d\u044d\u0433\u0436\u0438\u0439\u043d \u043a\u0430\u0440\u0442","price":"10000"},{"profile_code":"H-30000","name":"30000 \u043d\u044d\u0433\u0436\u0438\u0439\u043d \u043a\u0430\u0440\u0442 ","price":"30000"},{"profile_code":"H-6000","name":"50\/50 60 \u0445\u043e\u043d\u043e\u0433, 6000 \u043d\u044d\u0433\u0436","price":"6000"},{"profile_code":"H-11000","name":"30\/30 30 \u0445\u043e\u043d\u043e\u0433, 11000 \u043d\u044d\u0433\u0436","price":"11000"},{"profile_code":"H-15000","name":"0\/50  30 \u0445\u043e\u043d\u043e\u0433, 1GB \u0434\u0430\u0442\u0430, 5000 \u043d\u044d\u0433\u0436","price":"15000"},{"profile_code":"H-20000","name":"0\/30 30 \u0445\u043e\u043d\u043e\u0433, 5000 \u043d\u044d\u0433\u0436","price":"20000"},{"profile_code":"H-60000","name":"0\/50 180 \u0445\u043e\u043d\u043e\u0433, 12000 \u043d\u044d\u0433\u0436","price":"60000"}],"data":[{"profile_code":"DAT-1000","name":"\u0425\u044f\u0437\u0433\u0430\u0430\u0440\u0433\u04af\u0439 \u00a01 \u0445\u043e\u043d\u043e\u0433\u0442\u043e\u0439 \u00a0\u0434\u0430\u0442\u0430 \u043a\u0430\u0440\u0442 ","price":"1000"},{"profile_code":"UNDAT-3000","name":"\u0425\u044f\u0437\u0433\u0430\u0430\u0440\u0433\u04af\u0439  3 \u0445\u043e\u043d\u043e\u0433\u0442\u043e\u0439 \u0434\u0430\u0442\u0430 \u043a\u0430\u0440\u0442","price":"3000"},{"profile_code":"UNDAT-7000","name":"\u0425\u044f\u0437\u0433\u0430\u0430\u0440\u0433\u04af\u0439  7 \u0445\u043e\u043d\u043e\u0433\u0442\u043e\u0439 \u0434\u0430\u0442\u0430 \u043a\u0430\u0440\u0442","price":"7000"},{"profile_code":"UNDAT-13000","name":"\u0425\u044f\u0437\u0433\u0430\u0430\u0440\u0433\u04af\u0439  14 \u0445\u043e\u043d\u043e\u0433\u0442\u043e\u0439 \u0434\u0430\u0442\u0430 \u043a\u0430\u0440\u0442","price":"13000"},{"profile_code":"DAT-25000","name":"\u0425\u044f\u0437\u0433\u0430\u0430\u0440\u0433\u04af\u0439  30 \u0445\u043e\u043d\u043e\u0433\u0442\u043e\u0439 \u00a0\u0434\u0430\u0442\u0430 \u043a\u0430\u0440\u0442","price":"25000"},{"profile_code":"UNDAT-75000","name":"\u0425\u044f\u0437\u0433\u0430\u0430\u0440\u0433\u04af\u0439  90 \u0445\u043e\u043d\u043e\u0433\u0442\u043e\u0439 \u0434\u0430\u0442\u0430 \u043a\u0430\u0440\u0442","price":"75000"},{"profile_code":"DAT-240000","name":"\u0425\u044f\u0437\u0433\u0430\u0430\u0440\u0433\u04af\u0439  365 \u0445\u043e\u043d\u043e\u0433\u0442\u043e\u0439 \u00a0\u0434\u0430\u0442\u0430 \u043a\u0430\u0440\u0442","price":"240000"},{"profile_code":"DAT-100","name":"100mb 3 x\u043e\u043d\u043e\u0433\u0442\u043e\u0439 \u0434\u0430\u0442\u0430 \u043a\u0430\u0440\u0442","price":"1000"},{"profile_code":"DAT-500","name":"500mb 8 \u0445\u043e\u043d\u043e\u0433\u0442\u043e\u0439 \u00a0\u0434\u0430\u0442\u0430 \u043a\u0430\u0440\u0442","price":"4000"},{"profile_code":"DAT-7000","name":"1GB  30 \u0445\u043e\u043d\u043e\u0433\u0442\u043e\u0439 \u0434\u0430\u0442\u0430 \u043a\u0430\u0440\u0442","price":"7000"},{"profile_code":"DAT-3000","name":"3GB  30 \u0445\u043e\u043d\u043e\u0433\u0442\u043e\u0439 \u0434\u0430\u0442\u0430 \u043a\u0430\u0440\u0442","price":"12000"},{"profile_code":"DAT-8000","name":"8GB  30 \u0445\u043e\u043d\u043e\u0433\u0442\u043e\u0439 \u0434\u0430\u0442\u0430 \u043a\u0430\u0440\u0442","price":"20000"},{"profile_code":"DAT60-20000","name":"20GB  60 \u0445\u043e\u043d\u043e\u0433\u0442\u043e\u0439 \u0434\u0430\u0442\u0430 \u043a\u0430\u0440\u0442","price":"30000"},{"profile_code":"DAT-120000","name":"240gb 365 \u0445\u043e\u043d\u043e\u0433\u0442\u043e\u0439 \u00a0\u0434\u0430\u0442\u0430 \u043a\u0430\u0440\u0442 ","price":"240000"}]}
2021-09-20 11:28:09,504:INFO:hur
2021-09-20 11:28:09,509:INFO:6
2021-09-20 11:28:09,513:INFO:huruuniiHee
2021-09-20 11:28:09,516:DEBUG:Starting new HTTP connection (1): 192.168.18.47:80
2021-09-20 11:28:09,799:DEBUG:http://192.168.18.47:80 "POST /service.php/service_api/webserver/1/post_json/xyp/citizen/response HTTP/1.1" 200 401
2021-09-20 11:28:09,801:INFO:hariu
2021-09-20 11:28:09,801:INFO:{u'return': {u'resultCode': u'302', u'request': {u'regnum': u'\u0425\u041984061317', u'auth': {u'operator': {u'regnum': u'\u0425\u041984061317', u'signature': u'', u'fingerprint': u''}, u'citizen': {u'regnum': u'\u0425\u041984061317', u'signature': u'', u'fingerprint': u''}}}, u'resultMessage': u'[citizen] \u0445\u0443\u0440\u0443\u0443 \u0445\u044d\u044d \u0442\u0430\u0430\u0440\u0430\u0445\u0433\u04af\u0439 \u0431\u0430\u0439\u043d\u0430'}}
2021-09-20 11:28:09,801:ERROR:Хуруу хээ таарахгүй байна. Line-465
2021-09-20 11:28:27,756:INFO:checkNumber
2021-09-20 11:28:27,759:INFO:True
2021-09-20 11:28:27,761:DEBUG:Starting new HTTPS connection (1): banksystem.gmobile.mn:443
2021-09-20 11:28:27,999:DEBUG:https://banksystem.gmobile.mn:443 "POST /service.php/api_services/kiosk/socialPay/checkNumber/response HTTP/1.1" 200 3578
2021-09-20 11:28:28,001:INFO:{"action":"check_index","status":0,"errors":"","type":"WCDMA","unit":[{"profile_code":"H-1000","name":"1000 \u043d\u044d\u0433\u0436\u0438\u0439\u043d \u043a\u0430\u0440\u0442","price":"1000"},{"profile_code":"H-2000","name":"2000 \u043d\u044d\u0433\u0436\u0438\u0439\u043d \u043a\u0430\u0440\u0442","price":"2000"},{"profile_code":"H-5000","name":"5000 \u043d\u044d\u0433\u0436\u0438\u0439\u043d \u043a\u0430\u0440\u0442","price":"5000"},{"profile_code":"H-7000","name":"7000 \u043d\u044d\u0433\u0436\u0438\u0439\u043d \u043a\u0430\u0440\u0442","price":"7000"},{"profile_code":"H-10000","name":"10000 \u043d\u044d\u0433\u0436\u0438\u0439\u043d \u043a\u0430\u0440\u0442","price":"10000"},{"profile_code":"H-30000","name":"30000 \u043d\u044d\u0433\u0436\u0438\u0439\u043d \u043a\u0430\u0440\u0442 ","price":"30000"},{"profile_code":"H-6000","name":"50\/50 60 \u0445\u043e\u043d\u043e\u0433, 6000 \u043d\u044d\u0433\u0436","price":"6000"},{"profile_code":"H-11000","name":"30\/30 30 \u0445\u043e\u043d\u043e\u0433, 11000 \u043d\u044d\u0433\u0436","price":"11000"},{"profile_code":"H-15000","name":"0\/50  30 \u0445\u043e\u043d\u043e\u0433, 1GB \u0434\u0430\u0442\u0430, 5000 \u043d\u044d\u0433\u0436","price":"15000"},{"profile_code":"H-20000","name":"0\/30 30 \u0445\u043e\u043d\u043e\u0433, 5000 \u043d\u044d\u0433\u0436","price":"20000"},{"profile_code":"H-60000","name":"0\/50 180 \u0445\u043e\u043d\u043e\u0433, 12000 \u043d\u044d\u0433\u0436","price":"60000"}],"data":[{"profile_code":"DAT-1000","name":"\u0425\u044f\u0437\u0433\u0430\u0430\u0440\u0433\u04af\u0439 \u00a01 \u0445\u043e\u043d\u043e\u0433\u0442\u043e\u0439 \u00a0\u0434\u0430\u0442\u0430 \u043a\u0430\u0440\u0442 ","price":"1000"},{"profile_code":"UNDAT-3000","name":"\u0425\u044f\u0437\u0433\u0430\u0430\u0440\u0433\u04af\u0439  3 \u0445\u043e\u043d\u043e\u0433\u0442\u043e\u0439 \u0434\u0430\u0442\u0430 \u043a\u0430\u0440\u0442","price":"3000"},{"profile_code":"UNDAT-7000","name":"\u0425\u044f\u0437\u0433\u0430\u0430\u0440\u0433\u04af\u0439  7 \u0445\u043e\u043d\u043e\u0433\u0442\u043e\u0439 \u0434\u0430\u0442\u0430 \u043a\u0430\u0440\u0442","price":"7000"},{"profile_code":"UNDAT-13000","name":"\u0425\u044f\u0437\u0433\u0430\u0430\u0440\u0433\u04af\u0439  14 \u0445\u043e\u043d\u043e\u0433\u0442\u043e\u0439 \u0434\u0430\u0442\u0430 \u043a\u0430\u0440\u0442","price":"13000"},{"profile_code":"DAT-25000","name":"\u0425\u044f\u0437\u0433\u0430\u0430\u0440\u0433\u04af\u0439  30 \u0445\u043e\u043d\u043e\u0433\u0442\u043e\u0439 \u00a0\u0434\u0430\u0442\u0430 \u043a\u0430\u0440\u0442","price":"25000"},{"profile_code":"UNDAT-75000","name":"\u0425\u044f\u0437\u0433\u0430\u0430\u0440\u0433\u04af\u0439  90 \u0445\u043e\u043d\u043e\u0433\u0442\u043e\u0439 \u0434\u0430\u0442\u0430 \u043a\u0430\u0440\u0442","price":"75000"},{"profile_code":"DAT-240000","name":"\u0425\u044f\u0437\u0433\u0430\u0430\u0440\u0433\u04af\u0439  365 \u0445\u043e\u043d\u043e\u0433\u0442\u043e\u0439 \u00a0\u0434\u0430\u0442\u0430 \u043a\u0430\u0440\u0442","price":"240000"},{"profile_code":"DAT-100","name":"100mb 3 x\u043e\u043d\u043e\u0433\u0442\u043e\u0439 \u0434\u0430\u0442\u0430 \u043a\u0430\u0440\u0442","price":"1000"},{"profile_code":"DAT-500","name":"500mb 8 \u0445\u043e\u043d\u043e\u0433\u0442\u043e\u0439 \u00a0\u0434\u0430\u0442\u0430 \u043a\u0430\u0440\u0442","price":"4000"},{"profile_code":"DAT-7000","name":"1GB  30 \u0445\u043e\u043d\u043e\u0433\u0442\u043e\u0439 \u0434\u0430\u0442\u0430 \u043a\u0430\u0440\u0442","price":"7000"},{"profile_code":"DAT-3000","name":"3GB  30 \u0445\u043e\u043d\u043e\u0433\u0442\u043e\u0439 \u0434\u0430\u0442\u0430 \u043a\u0430\u0440\u0442","price":"12000"},{"profile_code":"DAT-8000","name":"8GB  30 \u0445\u043e\u043d\u043e\u0433\u0442\u043e\u0439 \u0434\u0430\u0442\u0430 \u043a\u0430\u0440\u0442","price":"20000"},{"profile_code":"DAT60-20000","name":"20GB  60 \u0445\u043e\u043d\u043e\u0433\u0442\u043e\u0439 \u0434\u0430\u0442\u0430 \u043a\u0430\u0440\u0442","price":"30000"},{"profile_code":"DAT-120000","name":"240gb 365 \u0445\u043e\u043d\u043e\u0433\u0442\u043e\u0439 \u00a0\u0434\u0430\u0442\u0430 \u043a\u0430\u0440\u0442 ","price":"240000"}]}
2021-09-20 11:29:04,555:INFO:hur
2021-09-20 11:29:04,558:INFO:6
2021-09-20 11:29:04,562:INFO:huruuniiHee
2021-09-20 11:29:04,564:DEBUG:Starting new HTTP connection (1): 192.168.18.47:80
2021-09-20 11:29:04,859:DEBUG:http://192.168.18.47:80 "POST /service.php/service_api/webserver/1/post_json/xyp/citizen/response HTTP/1.1" 200 401
2021-09-20 11:29:04,860:INFO:hariu
2021-09-20 11:29:04,860:INFO:{u'return': {u'resultCode': u'302', u'request': {u'regnum': u'\u0425\u041984061317', u'auth': {u'operator': {u'regnum': u'\u0425\u041984061317', u'signature': u'', u'fingerprint': u''}, u'citizen': {u'regnum': u'\u0425\u041984061317', u'signature': u'', u'fingerprint': u''}}}, u'resultMessage': u'[citizen] \u0445\u0443\u0440\u0443\u0443 \u0445\u044d\u044d \u0442\u0430\u0430\u0440\u0430\u0445\u0433\u04af\u0439 \u0431\u0430\u0439\u043d\u0430'}}
2021-09-20 11:29:04,860:ERROR:Хуруу хээ таарахгүй байна. Line-465
2021-09-20 13:20:30,272:INFO:checkNumber
2021-09-20 13:20:30,275:INFO:True
2021-09-20 13:20:30,278:DEBUG:Starting new HTTPS connection (1): banksystem.gmobile.mn:443
2021-09-20 13:20:30,461:DEBUG:https://banksystem.gmobile.mn:443 "POST /service.php/api_services/kiosk/socialPay/checkNumber/response HTTP/1.1" 200 136
2021-09-20 13:20:30,463:INFO:post
2021-09-20 13:20:30,465:DEBUG:Starting new HTTPS connection (1): banksystem.gmobile.mn:443
2021-09-20 13:20:30,694:DEBUG:https://banksystem.gmobile.mn:443 "POST /service.php/api_services/kiosk/socialPay/invoice/response HTTP/1.1" 200 128
2021-09-20 13:20:30,697:INFO:{u'action': u'invoice_index', u'status': u'Success', u'errors': u'0', u'value': 47961}
2021-09-20 13:20:42,455:INFO:hur
2021-09-20 13:20:42,457:INFO:
2021-09-20 13:20:42,460:INFO:huruuniiHee
2021-09-20 13:20:42,462:DEBUG:Starting new HTTP connection (1): 192.168.18.47:80
2021-09-20 13:20:42,640:DEBUG:http://192.168.18.47:80 "POST /service.php/service_api/webserver/1/post_json/xyp/citizen/response HTTP/1.1" 200 401
2021-09-20 13:20:42,641:INFO:hariu
2021-09-20 13:20:42,641:INFO:{u'return': {u'resultCode': u'302', u'request': {u'regnum': u'\u043e\u043594020814', u'auth': {u'operator': {u'regnum': u'\u043e\u043594020814', u'signature': u'', u'fingerprint': u''}, u'citizen': {u'regnum': u'\u043e\u043594020814', u'signature': u'', u'fingerprint': u''}}}, u'resultMessage': u'[citizen] \u0445\u0443\u0440\u0443\u0443 \u0445\u044d\u044d \u0442\u0430\u0430\u0440\u0430\u0445\u0433\u04af\u0439 \u0431\u0430\u0439\u043d\u0430'}}
2021-09-20 13:20:42,641:ERROR:Хуруу хээ таарахгүй байна. Line-465
2021-09-20 13:20:55,130:INFO:hur
2021-09-20 13:20:55,136:INFO:
2021-09-20 13:20:55,138:INFO:huruuniiHee
2021-09-20 13:20:55,141:DEBUG:Starting new HTTP connection (1): 192.168.18.47:80
2021-09-20 13:20:55,457:DEBUG:http://192.168.18.47:80 "POST /service.php/service_api/webserver/1/post_json/xyp/citizen/response HTTP/1.1" 200 1059
2021-09-20 13:20:55,458:INFO:hariu
2021-09-20 13:20:55,458:INFO:{u'return': {u'resultCode': u'0', u'resultMessage': u'\u0430\u043c\u0436\u0438\u043b\u0442\u0442\u0430\u0439', u'request': {u'regnum': u'\u043e\u043594020814', u'auth': {u'operator': {u'regnum': u'\u043e\u043594020814', u'signature': u'', u'fingerprint': u''}, u'citizen': {u'regnum': u'\u043e\u043594020814', u'signature': u'', u'fingerprint': u''}}}, u'requestId': u'4d9d8423-99fb-47df-a2a0-623f96ea140f', u'response': {u'aimagCityCode': u'85', u'surname': u'\u0442\u0430\u0432\u0430\u043d\u0445\u0430\u0440', u'firstname': u'\u043c\u04e9\u043d\u0445\u0442\u04e9\u0440', u'lastname': u'\u0431\u0430\u0442\u0446\u044d\u0440\u044d\u043d', u'fullAddress': u'\u0423\u0432\u0441 \u0417\u04af\u04af\u043d\u0445\u0430\u043d\u0433\u0430\u0439 4-\u0440 \u0431\u0430\u0433, \u0425\u0430\u0439\u0440\u0445\u0430\u043d,       \u0442\u043e\u043e\u0442', u'regnum': u'\u043e\u043594020814', u'soumDistrictName': u'\u0417\u04af\u04af\u043d\u0445\u0430\u043d\u0433\u0430\u0439', u'soumDistrictCode': u'19', u'aimagCityName': u'\u0423\u0432\u0441', u'bagKhorooCode': u'57', u'bagKhorooName': u'4-\u0440 \u0431\u0430\u0433, \u0425\u0430\u0439\u0440\u0445\u0430\u043d'}}}
2021-09-20 13:21:04,342:INFO:order
2021-09-20 13:21:04,348:INFO:order.amjilttai
2021-09-20 13:21:04,348:INFO:11751
2021-09-20 13:21:38,215:INFO:charge
2021-09-20 13:21:38,215:INFO:47961
2021-09-20 13:21:38,215:INFO:11751
2021-09-20 13:21:38,223:INFO:Хүлээж авсан мөнгө: 47961=47961
2021-09-20 13:21:38,230:INFO:Нийт бэлэн мөнгө=47961
2021-09-20 13:21:38,232:DEBUG:Starting new HTTPS connection (1): banksystem.gmobile.mn:443
2021-09-20 13:21:40,622:DEBUG:https://banksystem.gmobile.mn:443 "POST /service.php/api_services/kiosk/socialPay/setPostPaidCharge/response HTTP/1.1" 200 108
2021-09-20 13:21:40,624:INFO:{"action":"charge_index","status":"Success","errors":"0"}
2021-09-20 13:21:40,676:INFO:{u'macAddress': u'005056848B11', u'cityTax': u'0.00', u'bankTransactions': [], u'merchantId': u'5055873', u'lottery': u'SV 97091500', u'billId': u'000005055873003210920338639048143', u'reportMonth': u'', u'taxType': u'1', u'nonCashAmount': u'47961.00', u'vat': u'4360.09', u'districtCode': u'35', u'invoiceId': u'', u'internalCode': u'5F410C3F245561DBD130333A51856A4DAF9F4569EDD822BF9B32A08C', u'posNo': u'', u'cashAmount': u'0.00', u'registerNo': u'5055873', u'date': u'2021-09-20 13:22:23', u'returnBillId': u'', u'stocks': [{u'measureUnit': u'1', u'code': u'\u0414\u0430\u0440\u0430\u0430 \u0442\u04e9\u043b\u0431\u04e9\u0440\u0442\u0438\u0439\u043d \u0442\u04e9\u043b\u04e9\u043b\u0442', u'name': u'\u0414\u0430\u0440\u0430\u0430 \u0442\u04e9\u043b\u0431\u04e9\u0440\u0442\u0438\u0439\u043d \u0442\u04e9\u043b\u04e9\u043b\u0442', u'barCode': u'8422', u'cityTax': u'0.00', u'totalAmount': u'47961.00', u'qty': u'1.00', u'unitPrice': u'47961.00', u'vat': u'4360.09'}], u'billType': u'1', u'success': True, u'amount': u'47961.00', u'branchNo': u'', u'qrData': u'2108337586604382893795516842531165653962540298690337287914180026461605791732658426510148394651980495957667084764156968625446483212640243147414225980639463050797306999030835905680846568335865863408448820972196462667890117479928649308415782357600811794648299574683374470519030663654250568833492708904817117907126696323'}
2021-09-20 13:21:40,676:INFO:ADDLOTTERY
2021-09-20 13:35:09,984:INFO:searchNumber
2021-09-20 13:35:09,987:INFO:getNumber
2021-09-20 13:35:15,323:INFO:searchNumber
2021-09-20 13:35:15,326:INFO:getNumber
2021-09-20 13:35:15,911:INFO:searchNumber
2021-09-20 13:35:15,915:INFO:getNumber
2021-09-20 13:35:16,186:INFO:searchNumber
2021-09-20 13:35:16,189:INFO:getNumber
2021-09-20 13:35:16,344:INFO:searchNumber
2021-09-20 13:35:16,346:INFO:getNumber
2021-09-20 13:35:16,552:INFO:searchNumber
2021-09-20 13:35:16,558:INFO:getNumber
2021-09-20 15:57:51,347:INFO:jwt
2021-09-20 15:57:51,354:INFO:{'username': u'\u041a\u0438\u043e\u0441\u043a2', 'user_id': 2, 'exp': datetime.datetime(2021, 9, 20, 8, 2, 51, 354470)}
2021-09-20 15:57:51,354:INFO:eyJhbGciOiJIUzI1NiIsInR5cCI6IkpXVCJ9.eyJ1c2VybmFtZSI6Ilx1MDQxYVx1MDQzOFx1MDQzZVx1MDQ0MVx1MDQzYTIiLCJ1c2VyX2lkIjoyLCJleHAiOjE2MzIxMjQ5NzF9.w0rGocgoB-1XxDyiLRsWM207s3K3CSNRImjffBjPliI
2021-09-20 15:57:51,354:INFO:jwt.jwt
2021-09-20 15:57:51,355:INFO:eyJhbGciOiJIUzI1NiIsInR5cCI6IkpXVCJ9.eyJ1c2VybmFtZSI6Ilx1MDQxYVx1MDQzOFx1MDQzZVx1MDQ0MVx1MDQzYTIiLCJ1c2VyX2lkIjoyLCJleHAiOjE2MzIxMDA1MTl9.vgH_bmitm8YJadGehEvTFfNLUGUlIZlp3ySBN7OPU64
2021-09-20 15:57:51,356:INFO:jwt.jwt
2021-09-20 15:57:51,356:INFO:eyJhbGciOiJIUzI1NiIsInR5cCI6IkpXVCJ9.eyJ1c2VybmFtZSI6Ilx1MDQxYVx1MDQzOFx1MDQzZVx1MDQ0MVx1MDQzYTIiLCJ1c2VyX2lkIjoyLCJleHAiOjE2MzIxMjQ5NzF9.w0rGocgoB-1XxDyiLRsWM207s3K3CSNRImjffBjPliI
2021-09-20 16:14:07,456:INFO:searchNumber
2021-09-20 16:14:07,459:INFO:getNumber
2021-09-20 16:14:14,949:INFO:searchNumber
2021-09-20 16:14:14,952:INFO:getNumber
2021-09-20 16:14:15,855:INFO:searchNumber
2021-09-20 16:14:15,858:INFO:getNumber
2021-09-20 16:14:17,572:INFO:searchNumber
2021-09-20 16:14:17,575:INFO:getNumber
2021-09-20 17:13:00,788:INFO:jwt
2021-09-20 17:13:00,795:INFO:{'username': u'\u041a\u0438\u043e\u0441\u043a1', 'user_id': 1, 'exp': datetime.datetime(2021, 9, 20, 9, 18, 0, 795467)}
2021-09-20 17:13:00,795:INFO:eyJhbGciOiJIUzI1NiIsInR5cCI6IkpXVCJ9.eyJ1c2VybmFtZSI6Ilx1MDQxYVx1MDQzOFx1MDQzZVx1MDQ0MVx1MDQzYTEiLCJ1c2VyX2lkIjoxLCJleHAiOjE2MzIxMjk0ODB9.Bbsn3Qec7IlRghgYJlm2JoXCBdHuXZ_J2e4cY4VuwSM
2021-09-20 17:13:00,795:INFO:jwt.jwt
2021-09-20 17:13:00,795:INFO:eyJhbGciOiJIUzI1NiIsInR5cCI6IkpXVCJ9.eyJ1c2VybmFtZSI6Ilx1MDQxYVx1MDQzOFx1MDQzZVx1MDQ0MVx1MDQzYTEiLCJ1c2VyX2lkIjoxLCJleHAiOjE2MzIxMDEyMjF9.f8huD3oJZlO1ORfiJwFLlVhSpsk6N2O5jR0S8XAQv2I
2021-09-20 17:13:00,797:INFO:jwt.jwt
2021-09-20 17:13:00,797:INFO:eyJhbGciOiJIUzI1NiIsInR5cCI6IkpXVCJ9.eyJ1c2VybmFtZSI6Ilx1MDQxYVx1MDQzOFx1MDQzZVx1MDQ0MVx1MDQzYTEiLCJ1c2VyX2lkIjoxLCJleHAiOjE2MzIxMjk0ODB9.Bbsn3Qec7IlRghgYJlm2JoXCBdHuXZ_J2e4cY4VuwSM
2021-09-20 17:52:34,120:INFO:jwt
2021-09-20 17:52:34,134:INFO:{'username': u'\u041a\u0438\u043e\u0441\u043a3', 'user_id': 3, 'exp': datetime.datetime(2021, 9, 20, 9, 57, 34, 134302)}
2021-09-20 17:52:34,134:INFO:eyJhbGciOiJIUzI1NiIsInR5cCI6IkpXVCJ9.eyJ1c2VybmFtZSI6Ilx1MDQxYVx1MDQzOFx1MDQzZVx1MDQ0MVx1MDQzYTMiLCJ1c2VyX2lkIjozLCJleHAiOjE2MzIxMzE4NTR9.LxAv_hNqAn7HPOEudkvADpzG28UKT0rBzslF7at35nQ
2021-09-20 17:52:34,134:INFO:jwt.jwt
2021-09-20 17:52:34,134:INFO:eyJhbGciOiJIUzI1NiIsInR5cCI6IkpXVCJ9.eyJ1c2VybmFtZSI6Ilx1MDQxYVx1MDQzOFx1MDQzZVx1MDQ0MVx1MDQzYTMiLCJ1c2VyX2lkIjozLCJleHAiOjE2MzE4NzY2Mjl9.oy9aqYVcl4Fmn1KnXiTeIKP-rP3tVpF87_0aydsbosE
2021-09-20 17:52:34,136:INFO:jwt.jwt
2021-09-20 17:52:34,136:INFO:eyJhbGciOiJIUzI1NiIsInR5cCI6IkpXVCJ9.eyJ1c2VybmFtZSI6Ilx1MDQxYVx1MDQzOFx1MDQzZVx1MDQ0MVx1MDQzYTMiLCJ1c2VyX2lkIjozLCJleHAiOjE2MzIxMzE4NTR9.LxAv_hNqAn7HPOEudkvADpzG28UKT0rBzslF7at35nQ
2021-09-20 17:53:37,752:INFO:order
2021-09-20 17:53:37,762:ERROR:Internal Server Error: /api/order
Traceback (most recent call last):
  File "/home/user/kiosk/kioskenv/lib/python2.7/site-packages/django/core/handlers/exception.py", line 41, in inner
    response = get_response(request)
  File "/home/user/kiosk/kioskenv/lib/python2.7/site-packages/django/core/handlers/base.py", line 187, in _get_response
    response = self.process_exception_by_middleware(e, request)
  File "/home/user/kiosk/kioskenv/lib/python2.7/site-packages/django/core/handlers/base.py", line 185, in _get_response
    response = wrapped_callback(request, *callback_args, **callback_kwargs)
  File "/home/user/kiosk/kioskenv/lib/python2.7/site-packages/django/views/decorators/csrf.py", line 58, in wrapped_view
    return view_func(*args, **kwargs)
  File "/home/user/kiosk/kioskenv/lib/python2.7/site-packages/django/views/generic/base.py", line 68, in view
    return self.dispatch(request, *args, **kwargs)
  File "/home/user/kiosk/kioskenv/lib/python2.7/site-packages/rest_framework/views.py", line 495, in dispatch
    response = self.handle_exception(exc)
  File "/home/user/kiosk/kioskenv/lib/python2.7/site-packages/rest_framework/views.py", line 455, in handle_exception
    self.raise_uncaught_exception(exc)
  File "/home/user/kiosk/kioskenv/lib/python2.7/site-packages/rest_framework/views.py", line 492, in dispatch
    response = handler(request, *args, **kwargs)
  File "/home/user/kiosk/kioskenv/lib/python2.7/site-packages/rest_framework/decorators.py", line 55, in handler
    return func(*args, **kwargs)
  File "/home/user/kiosk/controller/views.py", line 269, in order
    token = Qpay.get_qpay_token()
NameError: global name 'Qpay' is not defined
2021-09-20 18:19:38,258:INFO:order
2021-09-20 18:19:38,273:ERROR:Internal Server Error: /api/order
Traceback (most recent call last):
  File "/home/user/kiosk/kioskenv/lib/python2.7/site-packages/django/core/handlers/exception.py", line 41, in inner
    response = get_response(request)
  File "/home/user/kiosk/kioskenv/lib/python2.7/site-packages/django/core/handlers/base.py", line 187, in _get_response
    response = self.process_exception_by_middleware(e, request)
  File "/home/user/kiosk/kioskenv/lib/python2.7/site-packages/django/core/handlers/base.py", line 185, in _get_response
    response = wrapped_callback(request, *callback_args, **callback_kwargs)
  File "/home/user/kiosk/kioskenv/lib/python2.7/site-packages/django/views/decorators/csrf.py", line 58, in wrapped_view
    return view_func(*args, **kwargs)
  File "/home/user/kiosk/kioskenv/lib/python2.7/site-packages/django/views/generic/base.py", line 68, in view
    return self.dispatch(request, *args, **kwargs)
  File "/home/user/kiosk/kioskenv/lib/python2.7/site-packages/rest_framework/views.py", line 495, in dispatch
    response = self.handle_exception(exc)
  File "/home/user/kiosk/kioskenv/lib/python2.7/site-packages/rest_framework/views.py", line 455, in handle_exception
    self.raise_uncaught_exception(exc)
  File "/home/user/kiosk/kioskenv/lib/python2.7/site-packages/rest_framework/views.py", line 492, in dispatch
    response = handler(request, *args, **kwargs)
  File "/home/user/kiosk/kioskenv/lib/python2.7/site-packages/rest_framework/decorators.py", line 55, in handler
    return func(*args, **kwargs)
  File "/home/user/kiosk/controller/views.py", line 270, in order
    token = Qpay.get_qpay_token()
TypeError: unbound method get_qpay_token() must be called with Qpay instance as first argument (got nothing instead)
2021-09-20 18:22:47,787:INFO:jwt
2021-09-20 18:22:47,800:INFO:{'username': u'\u041a\u0438\u043e\u0441\u043a3', 'user_id': 3, 'exp': datetime.datetime(2021, 9, 20, 10, 27, 47, 800617)}
2021-09-20 18:22:47,801:INFO:eyJhbGciOiJIUzI1NiIsInR5cCI6IkpXVCJ9.eyJ1c2VybmFtZSI6Ilx1MDQxYVx1MDQzOFx1MDQzZVx1MDQ0MVx1MDQzYTMiLCJ1c2VyX2lkIjozLCJleHAiOjE2MzIxMzM2Njd9.uKQpHI6rdS4bpY5_SLzSprtpjs2BgTQaLZ7yEOap3-w
2021-09-20 18:22:47,801:INFO:jwt.jwt
2021-09-20 18:22:47,801:INFO:eyJhbGciOiJIUzI1NiIsInR5cCI6IkpXVCJ9.eyJ1c2VybmFtZSI6Ilx1MDQxYVx1MDQzOFx1MDQzZVx1MDQ0MVx1MDQzYTMiLCJ1c2VyX2lkIjozLCJleHAiOjE2MzIxMzE4NTR9.LxAv_hNqAn7HPOEudkvADpzG28UKT0rBzslF7at35nQ
2021-09-20 18:22:47,802:INFO:jwt.jwt
2021-09-20 18:22:47,802:INFO:eyJhbGciOiJIUzI1NiIsInR5cCI6IkpXVCJ9.eyJ1c2VybmFtZSI6Ilx1MDQxYVx1MDQzOFx1MDQzZVx1MDQ0MVx1MDQzYTMiLCJ1c2VyX2lkIjozLCJleHAiOjE2MzIxMzM2Njd9.uKQpHI6rdS4bpY5_SLzSprtpjs2BgTQaLZ7yEOap3-w
2021-09-20 18:22:49,594:INFO:order
2021-09-20 18:22:49,599:INFO:not exists jwt
2021-09-20 18:23:00,121:INFO:checkNumber
2021-09-20 18:23:00,126:INFO:True
2021-09-20 18:23:00,130:DEBUG:Starting new HTTPS connection (1): banksystem.gmobile.mn:443
2021-09-20 18:23:00,379:DEBUG:https://banksystem.gmobile.mn:443 "POST /service.php/api_services/kiosk/socialPay/checkNumber/response HTTP/1.1" 200 3578
2021-09-20 18:23:00,382:INFO:{"action":"check_index","status":0,"errors":"","type":"WCDMA","unit":[{"profile_code":"H-1000","name":"1000 \u043d\u044d\u0433\u0436\u0438\u0439\u043d \u043a\u0430\u0440\u0442","price":"1000"},{"profile_code":"H-2000","name":"2000 \u043d\u044d\u0433\u0436\u0438\u0439\u043d \u043a\u0430\u0440\u0442","price":"2000"},{"profile_code":"H-5000","name":"5000 \u043d\u044d\u0433\u0436\u0438\u0439\u043d \u043a\u0430\u0440\u0442","price":"5000"},{"profile_code":"H-7000","name":"7000 \u043d\u044d\u0433\u0436\u0438\u0439\u043d \u043a\u0430\u0440\u0442","price":"7000"},{"profile_code":"H-10000","name":"10000 \u043d\u044d\u0433\u0436\u0438\u0439\u043d \u043a\u0430\u0440\u0442","price":"10000"},{"profile_code":"H-30000","name":"30000 \u043d\u044d\u0433\u0436\u0438\u0439\u043d \u043a\u0430\u0440\u0442 ","price":"30000"},{"profile_code":"H-6000","name":"50\/50 60 \u0445\u043e\u043d\u043e\u0433, 6000 \u043d\u044d\u0433\u0436","price":"6000"},{"profile_code":"H-11000","name":"30\/30 30 \u0445\u043e\u043d\u043e\u0433, 11000 \u043d\u044d\u0433\u0436","price":"11000"},{"profile_code":"H-15000","name":"0\/50  30 \u0445\u043e\u043d\u043e\u0433, 1GB \u0434\u0430\u0442\u0430, 5000 \u043d\u044d\u0433\u0436","price":"15000"},{"profile_code":"H-20000","name":"0\/30 30 \u0445\u043e\u043d\u043e\u0433, 5000 \u043d\u044d\u0433\u0436","price":"20000"},{"profile_code":"H-60000","name":"0\/50 180 \u0445\u043e\u043d\u043e\u0433, 12000 \u043d\u044d\u0433\u0436","price":"60000"}],"data":[{"profile_code":"DAT-1000","name":"\u0425\u044f\u0437\u0433\u0430\u0430\u0440\u0433\u04af\u0439 \u00a01 \u0445\u043e\u043d\u043e\u0433\u0442\u043e\u0439 \u00a0\u0434\u0430\u0442\u0430 \u043a\u0430\u0440\u0442 ","price":"1000"},{"profile_code":"UNDAT-3000","name":"\u0425\u044f\u0437\u0433\u0430\u0430\u0440\u0433\u04af\u0439  3 \u0445\u043e\u043d\u043e\u0433\u0442\u043e\u0439 \u0434\u0430\u0442\u0430 \u043a\u0430\u0440\u0442","price":"3000"},{"profile_code":"UNDAT-7000","name":"\u0425\u044f\u0437\u0433\u0430\u0430\u0440\u0433\u04af\u0439  7 \u0445\u043e\u043d\u043e\u0433\u0442\u043e\u0439 \u0434\u0430\u0442\u0430 \u043a\u0430\u0440\u0442","price":"7000"},{"profile_code":"UNDAT-13000","name":"\u0425\u044f\u0437\u0433\u0430\u0430\u0440\u0433\u04af\u0439  14 \u0445\u043e\u043d\u043e\u0433\u0442\u043e\u0439 \u0434\u0430\u0442\u0430 \u043a\u0430\u0440\u0442","price":"13000"},{"profile_code":"DAT-25000","name":"\u0425\u044f\u0437\u0433\u0430\u0430\u0440\u0433\u04af\u0439  30 \u0445\u043e\u043d\u043e\u0433\u0442\u043e\u0439 \u00a0\u0434\u0430\u0442\u0430 \u043a\u0430\u0440\u0442","price":"25000"},{"profile_code":"UNDAT-75000","name":"\u0425\u044f\u0437\u0433\u0430\u0430\u0440\u0433\u04af\u0439  90 \u0445\u043e\u043d\u043e\u0433\u0442\u043e\u0439 \u0434\u0430\u0442\u0430 \u043a\u0430\u0440\u0442","price":"75000"},{"profile_code":"DAT-240000","name":"\u0425\u044f\u0437\u0433\u0430\u0430\u0440\u0433\u04af\u0439  365 \u0445\u043e\u043d\u043e\u0433\u0442\u043e\u0439 \u00a0\u0434\u0430\u0442\u0430 \u043a\u0430\u0440\u0442","price":"240000"},{"profile_code":"DAT-100","name":"100mb 3 x\u043e\u043d\u043e\u0433\u0442\u043e\u0439 \u0434\u0430\u0442\u0430 \u043a\u0430\u0440\u0442","price":"1000"},{"profile_code":"DAT-500","name":"500mb 8 \u0445\u043e\u043d\u043e\u0433\u0442\u043e\u0439 \u00a0\u0434\u0430\u0442\u0430 \u043a\u0430\u0440\u0442","price":"4000"},{"profile_code":"DAT-7000","name":"1GB  30 \u0445\u043e\u043d\u043e\u0433\u0442\u043e\u0439 \u0434\u0430\u0442\u0430 \u043a\u0430\u0440\u0442","price":"7000"},{"profile_code":"DAT-3000","name":"3GB  30 \u0445\u043e\u043d\u043e\u0433\u0442\u043e\u0439 \u0434\u0430\u0442\u0430 \u043a\u0430\u0440\u0442","price":"12000"},{"profile_code":"DAT-8000","name":"8GB  30 \u0445\u043e\u043d\u043e\u0433\u0442\u043e\u0439 \u0434\u0430\u0442\u0430 \u043a\u0430\u0440\u0442","price":"20000"},{"profile_code":"DAT60-20000","name":"20GB  60 \u0445\u043e\u043d\u043e\u0433\u0442\u043e\u0439 \u0434\u0430\u0442\u0430 \u043a\u0430\u0440\u0442","price":"30000"},{"profile_code":"DAT-120000","name":"240gb 365 \u0445\u043e\u043d\u043e\u0433\u0442\u043e\u0439 \u00a0\u0434\u0430\u0442\u0430 \u043a\u0430\u0440\u0442 ","price":"240000"}]}
2021-09-20 18:23:01,029:INFO:checkNumber
2021-09-20 18:23:01,031:INFO:True
2021-09-20 18:23:01,034:DEBUG:Starting new HTTPS connection (1): banksystem.gmobile.mn:443
2021-09-20 18:23:01,276:DEBUG:https://banksystem.gmobile.mn:443 "POST /service.php/api_services/kiosk/socialPay/checkNumber/response HTTP/1.1" 200 3578
2021-09-20 18:23:01,279:INFO:{"action":"check_index","status":0,"errors":"","type":"WCDMA","unit":[{"profile_code":"H-1000","name":"1000 \u043d\u044d\u0433\u0436\u0438\u0439\u043d \u043a\u0430\u0440\u0442","price":"1000"},{"profile_code":"H-2000","name":"2000 \u043d\u044d\u0433\u0436\u0438\u0439\u043d \u043a\u0430\u0440\u0442","price":"2000"},{"profile_code":"H-5000","name":"5000 \u043d\u044d\u0433\u0436\u0438\u0439\u043d \u043a\u0430\u0440\u0442","price":"5000"},{"profile_code":"H-7000","name":"7000 \u043d\u044d\u0433\u0436\u0438\u0439\u043d \u043a\u0430\u0440\u0442","price":"7000"},{"profile_code":"H-10000","name":"10000 \u043d\u044d\u0433\u0436\u0438\u0439\u043d \u043a\u0430\u0440\u0442","price":"10000"},{"profile_code":"H-30000","name":"30000 \u043d\u044d\u0433\u0436\u0438\u0439\u043d \u043a\u0430\u0440\u0442 ","price":"30000"},{"profile_code":"H-6000","name":"50\/50 60 \u0445\u043e\u043d\u043e\u0433, 6000 \u043d\u044d\u0433\u0436","price":"6000"},{"profile_code":"H-11000","name":"30\/30 30 \u0445\u043e\u043d\u043e\u0433, 11000 \u043d\u044d\u0433\u0436","price":"11000"},{"profile_code":"H-15000","name":"0\/50  30 \u0445\u043e\u043d\u043e\u0433, 1GB \u0434\u0430\u0442\u0430, 5000 \u043d\u044d\u0433\u0436","price":"15000"},{"profile_code":"H-20000","name":"0\/30 30 \u0445\u043e\u043d\u043e\u0433, 5000 \u043d\u044d\u0433\u0436","price":"20000"},{"profile_code":"H-60000","name":"0\/50 180 \u0445\u043e\u043d\u043e\u0433, 12000 \u043d\u044d\u0433\u0436","price":"60000"}],"data":[{"profile_code":"DAT-1000","name":"\u0425\u044f\u0437\u0433\u0430\u0430\u0440\u0433\u04af\u0439 \u00a01 \u0445\u043e\u043d\u043e\u0433\u0442\u043e\u0439 \u00a0\u0434\u0430\u0442\u0430 \u043a\u0430\u0440\u0442 ","price":"1000"},{"profile_code":"UNDAT-3000","name":"\u0425\u044f\u0437\u0433\u0430\u0430\u0440\u0433\u04af\u0439  3 \u0445\u043e\u043d\u043e\u0433\u0442\u043e\u0439 \u0434\u0430\u0442\u0430 \u043a\u0430\u0440\u0442","price":"3000"},{"profile_code":"UNDAT-7000","name":"\u0425\u044f\u0437\u0433\u0430\u0430\u0440\u0433\u04af\u0439  7 \u0445\u043e\u043d\u043e\u0433\u0442\u043e\u0439 \u0434\u0430\u0442\u0430 \u043a\u0430\u0440\u0442","price":"7000"},{"profile_code":"UNDAT-13000","name":"\u0425\u044f\u0437\u0433\u0430\u0430\u0440\u0433\u04af\u0439  14 \u0445\u043e\u043d\u043e\u0433\u0442\u043e\u0439 \u0434\u0430\u0442\u0430 \u043a\u0430\u0440\u0442","price":"13000"},{"profile_code":"DAT-25000","name":"\u0425\u044f\u0437\u0433\u0430\u0430\u0440\u0433\u04af\u0439  30 \u0445\u043e\u043d\u043e\u0433\u0442\u043e\u0439 \u00a0\u0434\u0430\u0442\u0430 \u043a\u0430\u0440\u0442","price":"25000"},{"profile_code":"UNDAT-75000","name":"\u0425\u044f\u0437\u0433\u0430\u0430\u0440\u0433\u04af\u0439  90 \u0445\u043e\u043d\u043e\u0433\u0442\u043e\u0439 \u0434\u0430\u0442\u0430 \u043a\u0430\u0440\u0442","price":"75000"},{"profile_code":"DAT-240000","name":"\u0425\u044f\u0437\u0433\u0430\u0430\u0440\u0433\u04af\u0439  365 \u0445\u043e\u043d\u043e\u0433\u0442\u043e\u0439 \u00a0\u0434\u0430\u0442\u0430 \u043a\u0430\u0440\u0442","price":"240000"},{"profile_code":"DAT-100","name":"100mb 3 x\u043e\u043d\u043e\u0433\u0442\u043e\u0439 \u0434\u0430\u0442\u0430 \u043a\u0430\u0440\u0442","price":"1000"},{"profile_code":"DAT-500","name":"500mb 8 \u0445\u043e\u043d\u043e\u0433\u0442\u043e\u0439 \u00a0\u0434\u0430\u0442\u0430 \u043a\u0430\u0440\u0442","price":"4000"},{"profile_code":"DAT-7000","name":"1GB  30 \u0445\u043e\u043d\u043e\u0433\u0442\u043e\u0439 \u0434\u0430\u0442\u0430 \u043a\u0430\u0440\u0442","price":"7000"},{"profile_code":"DAT-3000","name":"3GB  30 \u0445\u043e\u043d\u043e\u0433\u0442\u043e\u0439 \u0434\u0430\u0442\u0430 \u043a\u0430\u0440\u0442","price":"12000"},{"profile_code":"DAT-8000","name":"8GB  30 \u0445\u043e\u043d\u043e\u0433\u0442\u043e\u0439 \u0434\u0430\u0442\u0430 \u043a\u0430\u0440\u0442","price":"20000"},{"profile_code":"DAT60-20000","name":"20GB  60 \u0445\u043e\u043d\u043e\u0433\u0442\u043e\u0439 \u0434\u0430\u0442\u0430 \u043a\u0430\u0440\u0442","price":"30000"},{"profile_code":"DAT-120000","name":"240gb 365 \u0445\u043e\u043d\u043e\u0433\u0442\u043e\u0439 \u00a0\u0434\u0430\u0442\u0430 \u043a\u0430\u0440\u0442 ","price":"240000"}]}
2021-09-20 18:23:11,328:INFO:order
2021-09-20 18:23:11,335:ERROR:Internal Server Error: /api/order
Traceback (most recent call last):
  File "/home/user/kiosk/kioskenv/lib/python2.7/site-packages/django/core/handlers/exception.py", line 41, in inner
    response = get_response(request)
  File "/home/user/kiosk/kioskenv/lib/python2.7/site-packages/django/core/handlers/base.py", line 187, in _get_response
    response = self.process_exception_by_middleware(e, request)
  File "/home/user/kiosk/kioskenv/lib/python2.7/site-packages/django/core/handlers/base.py", line 185, in _get_response
    response = wrapped_callback(request, *callback_args, **callback_kwargs)
  File "/home/user/kiosk/kioskenv/lib/python2.7/site-packages/django/views/decorators/csrf.py", line 58, in wrapped_view
    return view_func(*args, **kwargs)
  File "/home/user/kiosk/kioskenv/lib/python2.7/site-packages/django/views/generic/base.py", line 68, in view
    return self.dispatch(request, *args, **kwargs)
  File "/home/user/kiosk/kioskenv/lib/python2.7/site-packages/rest_framework/views.py", line 495, in dispatch
    response = self.handle_exception(exc)
  File "/home/user/kiosk/kioskenv/lib/python2.7/site-packages/rest_framework/views.py", line 455, in handle_exception
    self.raise_uncaught_exception(exc)
  File "/home/user/kiosk/kioskenv/lib/python2.7/site-packages/rest_framework/views.py", line 492, in dispatch
    response = handler(request, *args, **kwargs)
  File "/home/user/kiosk/kioskenv/lib/python2.7/site-packages/rest_framework/decorators.py", line 55, in handler
    return func(*args, **kwargs)
  File "/home/user/kiosk/controller/views.py", line 270, in order
    token = Qpay.get_qpay_token()
NameError: global name 'Qpay' is not defined
2021-09-20 18:23:11,608:INFO:order
2021-09-20 18:23:11,613:ERROR:Internal Server Error: /api/order
Traceback (most recent call last):
  File "/home/user/kiosk/kioskenv/lib/python2.7/site-packages/django/core/handlers/exception.py", line 41, in inner
    response = get_response(request)
  File "/home/user/kiosk/kioskenv/lib/python2.7/site-packages/django/core/handlers/base.py", line 187, in _get_response
    response = self.process_exception_by_middleware(e, request)
  File "/home/user/kiosk/kioskenv/lib/python2.7/site-packages/django/core/handlers/base.py", line 185, in _get_response
    response = wrapped_callback(request, *callback_args, **callback_kwargs)
  File "/home/user/kiosk/kioskenv/lib/python2.7/site-packages/django/views/decorators/csrf.py", line 58, in wrapped_view
    return view_func(*args, **kwargs)
  File "/home/user/kiosk/kioskenv/lib/python2.7/site-packages/django/views/generic/base.py", line 68, in view
    return self.dispatch(request, *args, **kwargs)
  File "/home/user/kiosk/kioskenv/lib/python2.7/site-packages/rest_framework/views.py", line 495, in dispatch
    response = self.handle_exception(exc)
  File "/home/user/kiosk/kioskenv/lib/python2.7/site-packages/rest_framework/views.py", line 455, in handle_exception
    self.raise_uncaught_exception(exc)
  File "/home/user/kiosk/kioskenv/lib/python2.7/site-packages/rest_framework/views.py", line 492, in dispatch
    response = handler(request, *args, **kwargs)
  File "/home/user/kiosk/kioskenv/lib/python2.7/site-packages/rest_framework/decorators.py", line 55, in handler
    return func(*args, **kwargs)
  File "/home/user/kiosk/controller/views.py", line 270, in order
    token = Qpay.get_qpay_token()
NameError: global name 'Qpay' is not defined
2021-09-20 18:26:02,816:INFO:order
2021-09-20 18:26:02,829:DEBUG:Starting new HTTPS connection (1): api.qpay.mn:443
2021-09-20 18:26:02,906:DEBUG:https://api.qpay.mn:443 "POST /v1/payment/token HTTP/1.1" 200 549
2021-09-20 18:26:02,911:DEBUG:Starting new HTTPS connection (1): api.qpay.mn:443
2021-09-20 18:26:02,938:DEBUG:https://api.qpay.mn:443 "POST /v1/bill/create HTTP/1.1" 600 98
2021-09-20 18:26:02,940:ERROR:Internal Server Error: /api/order
Traceback (most recent call last):
  File "/home/user/kiosk/kioskenv/lib/python2.7/site-packages/django/core/handlers/exception.py", line 41, in inner
    response = get_response(request)
  File "/home/user/kiosk/kioskenv/lib/python2.7/site-packages/django/core/handlers/base.py", line 187, in _get_response
    response = self.process_exception_by_middleware(e, request)
  File "/home/user/kiosk/kioskenv/lib/python2.7/site-packages/django/core/handlers/base.py", line 185, in _get_response
    response = wrapped_callback(request, *callback_args, **callback_kwargs)
  File "/home/user/kiosk/kioskenv/lib/python2.7/site-packages/django/views/decorators/csrf.py", line 58, in wrapped_view
    return view_func(*args, **kwargs)
  File "/home/user/kiosk/kioskenv/lib/python2.7/site-packages/django/views/generic/base.py", line 68, in view
    return self.dispatch(request, *args, **kwargs)
  File "/home/user/kiosk/kioskenv/lib/python2.7/site-packages/rest_framework/views.py", line 495, in dispatch
    response = self.handle_exception(exc)
  File "/home/user/kiosk/kioskenv/lib/python2.7/site-packages/rest_framework/views.py", line 455, in handle_exception
    self.raise_uncaught_exception(exc)
  File "/home/user/kiosk/kioskenv/lib/python2.7/site-packages/rest_framework/views.py", line 492, in dispatch
    response = handler(request, *args, **kwargs)
  File "/home/user/kiosk/kioskenv/lib/python2.7/site-packages/rest_framework/decorators.py", line 55, in handler
    return func(*args, **kwargs)
  File "/home/user/kiosk/controller/views.py", line 272, in order
    qr_code = qpay_image["qPay_QRimage"]
KeyError: u'qPay_QRimage'
2021-09-20 18:27:56,815:INFO:order
2021-09-20 18:27:56,828:DEBUG:Starting new HTTPS connection (1): api.qpay.mn:443
2021-09-20 18:27:56,849:DEBUG:https://api.qpay.mn:443 "POST /v1/payment/token HTTP/1.1" 200 549
2021-09-20 18:27:56,854:DEBUG:Starting new HTTPS connection (1): api.qpay.mn:443
2021-09-20 18:27:56,879:DEBUG:https://api.qpay.mn:443 "POST /v1/bill/create HTTP/1.1" 600 98
2021-09-20 18:27:56,881:INFO:{u'message': u'\u041d\u044d\u0445\u044d\u043c\u0436\u043b\u044d\u043b\u0438\u0439\u043d \u0437\u0430\u0433\u0432\u0430\u0440 \u0431\u0443\u0440\u0443\u0443', u'name': u'INVOICE_TEMPLATE_NOT_FOUND'}
2021-09-20 18:27:56,881:ERROR:Internal Server Error: /api/order
Traceback (most recent call last):
  File "/home/user/kiosk/kioskenv/lib/python2.7/site-packages/django/core/handlers/exception.py", line 41, in inner
    response = get_response(request)
  File "/home/user/kiosk/kioskenv/lib/python2.7/site-packages/django/core/handlers/base.py", line 187, in _get_response
    response = self.process_exception_by_middleware(e, request)
  File "/home/user/kiosk/kioskenv/lib/python2.7/site-packages/django/core/handlers/base.py", line 185, in _get_response
    response = wrapped_callback(request, *callback_args, **callback_kwargs)
  File "/home/user/kiosk/kioskenv/lib/python2.7/site-packages/django/views/decorators/csrf.py", line 58, in wrapped_view
    return view_func(*args, **kwargs)
  File "/home/user/kiosk/kioskenv/lib/python2.7/site-packages/django/views/generic/base.py", line 68, in view
    return self.dispatch(request, *args, **kwargs)
  File "/home/user/kiosk/kioskenv/lib/python2.7/site-packages/rest_framework/views.py", line 495, in dispatch
    response = self.handle_exception(exc)
  File "/home/user/kiosk/kioskenv/lib/python2.7/site-packages/rest_framework/views.py", line 455, in handle_exception
    self.raise_uncaught_exception(exc)
  File "/home/user/kiosk/kioskenv/lib/python2.7/site-packages/rest_framework/views.py", line 492, in dispatch
    response = handler(request, *args, **kwargs)
  File "/home/user/kiosk/kioskenv/lib/python2.7/site-packages/rest_framework/decorators.py", line 55, in handler
    return func(*args, **kwargs)
  File "/home/user/kiosk/controller/views.py", line 273, in order
    res = qpay_image.json()
AttributeError: 'dict' object has no attribute 'json'
2021-09-20 18:29:36,482:INFO:jwt
2021-09-20 18:29:36,493:INFO:{'username': u'\u041a\u0438\u043e\u0441\u043a3', 'user_id': 3, 'exp': datetime.datetime(2021, 9, 20, 10, 34, 36, 492950)}
2021-09-20 18:29:36,493:INFO:eyJhbGciOiJIUzI1NiIsInR5cCI6IkpXVCJ9.eyJ1c2VybmFtZSI6Ilx1MDQxYVx1MDQzOFx1MDQzZVx1MDQ0MVx1MDQzYTMiLCJ1c2VyX2lkIjozLCJleHAiOjE2MzIxMzQwNzZ9.hO_obTxfDQie-qyXkrn08zRfYRiqgl2YIbFbugBpx2A
2021-09-20 18:29:36,493:INFO:jwt.jwt
2021-09-20 18:29:36,493:INFO:eyJhbGciOiJIUzI1NiIsInR5cCI6IkpXVCJ9.eyJ1c2VybmFtZSI6Ilx1MDQxYVx1MDQzOFx1MDQzZVx1MDQ0MVx1MDQzYTMiLCJ1c2VyX2lkIjozLCJleHAiOjE2MzIxMzM2Njd9.uKQpHI6rdS4bpY5_SLzSprtpjs2BgTQaLZ7yEOap3-w
2021-09-20 18:29:36,494:INFO:jwt.jwt
2021-09-20 18:29:36,494:INFO:eyJhbGciOiJIUzI1NiIsInR5cCI6IkpXVCJ9.eyJ1c2VybmFtZSI6Ilx1MDQxYVx1MDQzOFx1MDQzZVx1MDQ0MVx1MDQzYTMiLCJ1c2VyX2lkIjozLCJleHAiOjE2MzIxMzQwNzZ9.hO_obTxfDQie-qyXkrn08zRfYRiqgl2YIbFbugBpx2A
2021-09-20 18:29:54,218:INFO:jwt
2021-09-20 18:29:54,224:INFO:{'username': u'\u041a\u0438\u043e\u0441\u043a3', 'user_id': 3, 'exp': datetime.datetime(2021, 9, 20, 10, 34, 54, 224339)}
2021-09-20 18:29:54,224:INFO:eyJhbGciOiJIUzI1NiIsInR5cCI6IkpXVCJ9.eyJ1c2VybmFtZSI6Ilx1MDQxYVx1MDQzOFx1MDQzZVx1MDQ0MVx1MDQzYTMiLCJ1c2VyX2lkIjozLCJleHAiOjE2MzIxMzQwOTR9.7bXMRBPZM7Uwn-Q45mgneAM6a_hbH-nbS2m6zTRfWiE
2021-09-20 18:29:54,224:INFO:jwt.jwt
2021-09-20 18:29:54,224:INFO:eyJhbGciOiJIUzI1NiIsInR5cCI6IkpXVCJ9.eyJ1c2VybmFtZSI6Ilx1MDQxYVx1MDQzOFx1MDQzZVx1MDQ0MVx1MDQzYTMiLCJ1c2VyX2lkIjozLCJleHAiOjE2MzIxMzQwNzZ9.hO_obTxfDQie-qyXkrn08zRfYRiqgl2YIbFbugBpx2A
2021-09-20 18:29:54,225:INFO:jwt.jwt
2021-09-20 18:29:54,225:INFO:eyJhbGciOiJIUzI1NiIsInR5cCI6IkpXVCJ9.eyJ1c2VybmFtZSI6Ilx1MDQxYVx1MDQzOFx1MDQzZVx1MDQ0MVx1MDQzYTMiLCJ1c2VyX2lkIjozLCJleHAiOjE2MzIxMzQwOTR9.7bXMRBPZM7Uwn-Q45mgneAM6a_hbH-nbS2m6zTRfWiE
2021-09-20 18:30:03,193:INFO:checkNumber
2021-09-20 18:30:03,196:INFO:True
2021-09-20 18:30:03,198:DEBUG:Starting new HTTPS connection (1): banksystem.gmobile.mn:443
2021-09-20 18:30:03,707:DEBUG:https://banksystem.gmobile.mn:443 "POST /service.php/api_services/kiosk/socialPay/checkNumber/response HTTP/1.1" 200 136
2021-09-20 18:30:15,124:INFO:jwt
2021-09-20 18:30:15,130:INFO:{'username': u'\u041a\u0438\u043e\u0441\u043a3', 'user_id': 3, 'exp': datetime.datetime(2021, 9, 20, 10, 35, 15, 130199)}
2021-09-20 18:30:15,130:INFO:eyJhbGciOiJIUzI1NiIsInR5cCI6IkpXVCJ9.eyJ1c2VybmFtZSI6Ilx1MDQxYVx1MDQzOFx1MDQzZVx1MDQ0MVx1MDQzYTMiLCJ1c2VyX2lkIjozLCJleHAiOjE2MzIxMzQxMTV9.JsSOxicIahpXiRkkXWmDDsATC6fG2qCeY-vSKnxGJZw
2021-09-20 18:30:15,130:INFO:jwt.jwt
2021-09-20 18:30:15,130:INFO:eyJhbGciOiJIUzI1NiIsInR5cCI6IkpXVCJ9.eyJ1c2VybmFtZSI6Ilx1MDQxYVx1MDQzOFx1MDQzZVx1MDQ0MVx1MDQzYTMiLCJ1c2VyX2lkIjozLCJleHAiOjE2MzIxMzQwOTR9.7bXMRBPZM7Uwn-Q45mgneAM6a_hbH-nbS2m6zTRfWiE
2021-09-20 18:30:15,131:INFO:jwt.jwt
2021-09-20 18:30:15,132:INFO:eyJhbGciOiJIUzI1NiIsInR5cCI6IkpXVCJ9.eyJ1c2VybmFtZSI6Ilx1MDQxYVx1MDQzOFx1MDQzZVx1MDQ0MVx1MDQzYTMiLCJ1c2VyX2lkIjozLCJleHAiOjE2MzIxMzQxMTV9.JsSOxicIahpXiRkkXWmDDsATC6fG2qCeY-vSKnxGJZw
2021-09-20 18:30:37,434:INFO:checkNumber
2021-09-20 18:30:37,437:INFO:True
2021-09-20 18:30:37,440:DEBUG:Starting new HTTPS connection (1): banksystem.gmobile.mn:443
2021-09-20 18:30:37,629:DEBUG:https://banksystem.gmobile.mn:443 "POST /service.php/api_services/kiosk/socialPay/checkNumber/response HTTP/1.1" 200 136
2021-09-20 18:30:49,526:INFO:jwt
2021-09-20 18:30:49,531:INFO:{'username': u'\u041a\u0438\u043e\u0441\u043a3', 'user_id': 3, 'exp': datetime.datetime(2021, 9, 20, 10, 35, 49, 531742)}
2021-09-20 18:30:49,531:INFO:eyJhbGciOiJIUzI1NiIsInR5cCI6IkpXVCJ9.eyJ1c2VybmFtZSI6Ilx1MDQxYVx1MDQzOFx1MDQzZVx1MDQ0MVx1MDQzYTMiLCJ1c2VyX2lkIjozLCJleHAiOjE2MzIxMzQxNDl9.y7CpmFJ3OIyxY34m4nToRJJ7rka6MemLe5WlvfkINB0
2021-09-20 18:30:49,532:INFO:jwt.jwt
2021-09-20 18:30:49,532:INFO:eyJhbGciOiJIUzI1NiIsInR5cCI6IkpXVCJ9.eyJ1c2VybmFtZSI6Ilx1MDQxYVx1MDQzOFx1MDQzZVx1MDQ0MVx1MDQzYTMiLCJ1c2VyX2lkIjozLCJleHAiOjE2MzIxMzQxMTV9.JsSOxicIahpXiRkkXWmDDsATC6fG2qCeY-vSKnxGJZw
2021-09-20 18:30:49,533:INFO:jwt.jwt
2021-09-20 18:30:49,533:INFO:eyJhbGciOiJIUzI1NiIsInR5cCI6IkpXVCJ9.eyJ1c2VybmFtZSI6Ilx1MDQxYVx1MDQzOFx1MDQzZVx1MDQ0MVx1MDQzYTMiLCJ1c2VyX2lkIjozLCJleHAiOjE2MzIxMzQxNDl9.y7CpmFJ3OIyxY34m4nToRJJ7rka6MemLe5WlvfkINB0
2021-09-20 18:30:55,404:INFO:prefix
2021-09-20 18:31:03,475:INFO:searchNumber
2021-09-20 18:31:03,478:INFO:getNumber
2021-09-20 18:31:07,309:INFO:prefix
