2022-08-26 12:28:00,450:INFO:jwt
2022-08-26 12:28:00,471:INFO:{'username': u'\u041a\u0438\u043e\u0441\u043a2', 'user_id': 2, 'exp': datetime.datetime(2022, 8, 26, 4, 33, 0, 471545)}
2022-08-26 12:28:00,471:INFO:eyJhbGciOiJIUzI1NiIsInR5cCI6IkpXVCJ9.eyJ1c2VybmFtZSI6Ilx1MDQxYVx1MDQzOFx1MDQzZVx1MDQ0MVx1MDQzYTIiLCJ1c2VyX2lkIjoyLCJleHAiOjE2NjE0ODgzODB9.3Q4GvsKYn8Ak8VJXHgnHb4x0TC0JOnwkDCrv2OrUYRg
2022-08-26 12:28:03,788:INFO:ads
2022-08-26 12:29:42,315:INFO:jwt
2022-08-26 12:29:42,320:INFO:{'username': u'\u041a\u0438\u043e\u0441\u043a3', 'user_id': 3, 'exp': datetime.datetime(2022, 8, 26, 4, 34, 42, 320464)}
2022-08-26 12:29:42,320:INFO:eyJhbGciOiJIUzI1NiIsInR5cCI6IkpXVCJ9.eyJ1c2VybmFtZSI6Ilx1MDQxYVx1MDQzOFx1MDQzZVx1MDQ0MVx1MDQzYTMiLCJ1c2VyX2lkIjozLCJleHAiOjE2NjE0ODg0ODJ9.e6Y4UfcCpunAs0xrE5QHXazdqmsWexwH3GYBeTjuPuw
2022-08-26 12:32:12,746:INFO:ads
2022-08-26 13:06:23,433:INFO:jwt
2022-08-26 13:06:23,439:INFO:{'username': u'\u041a\u0438\u043e\u0441\u043a3', 'user_id': 3, 'exp': datetime.datetime(2022, 8, 26, 5, 11, 23, 439261)}
2022-08-26 13:06:23,439:INFO:eyJhbGciOiJIUzI1NiIsInR5cCI6IkpXVCJ9.eyJ1c2VybmFtZSI6Ilx1MDQxYVx1MDQzOFx1MDQzZVx1MDQ0MVx1MDQzYTMiLCJ1c2VyX2lkIjozLCJleHAiOjE2NjE0OTA2ODN9.2Jn-K6HCuWFZ2pg6MI7opppfEhXF36xCgbcpE1C6ITg
2022-08-26 13:06:41,496:INFO:ads
2022-08-26 13:10:46,275:INFO:jwt
2022-08-26 13:10:46,282:INFO:{'username': u'\u041a\u0438\u043e\u0441\u043a3', 'user_id': 3, 'exp': datetime.datetime(2022, 8, 26, 5, 15, 46, 282033)}
2022-08-26 13:10:46,282:INFO:eyJhbGciOiJIUzI1NiIsInR5cCI6IkpXVCJ9.eyJ1c2VybmFtZSI6Ilx1MDQxYVx1MDQzOFx1MDQzZVx1MDQ0MVx1MDQzYTMiLCJ1c2VyX2lkIjozLCJleHAiOjE2NjE0OTA5NDZ9.Bdrp1cUNL4ETdlvyXKyhfvkOGPiAfeS1jt3tnNF4wNw
2022-08-26 13:11:02,233:INFO:ads
2022-08-26 13:11:08,745:INFO:jwt
2022-08-26 13:11:08,751:INFO:{'username': u'\u041a\u0438\u043e\u0441\u043a3', 'user_id': 3, 'exp': datetime.datetime(2022, 8, 26, 5, 16, 8, 751185)}
2022-08-26 13:11:08,751:INFO:eyJhbGciOiJIUzI1NiIsInR5cCI6IkpXVCJ9.eyJ1c2VybmFtZSI6Ilx1MDQxYVx1MDQzOFx1MDQzZVx1MDQ0MVx1MDQzYTMiLCJ1c2VyX2lkIjozLCJleHAiOjE2NjE0OTA5Njh9.UUxpsT_KJSddJazU-cweopU-rwhVEyp24l0AzlStshw
2022-08-26 13:13:39,217:INFO:ads
2022-08-26 13:28:03,997:INFO:jwt
2022-08-26 13:28:04,003:INFO:{'username': u'\u041a\u0438\u043e\u0441\u043a2', 'user_id': 2, 'exp': datetime.datetime(2022, 8, 26, 5, 33, 4, 2977)}
2022-08-26 13:28:04,003:INFO:eyJhbGciOiJIUzI1NiIsInR5cCI6IkpXVCJ9.eyJ1c2VybmFtZSI6Ilx1MDQxYVx1MDQzOFx1MDQzZVx1MDQ0MVx1MDQzYTIiLCJ1c2VyX2lkIjoyLCJleHAiOjE2NjE0OTE5ODR9.7Tqe-DveSNkkm1u1bE3vlaV_7uHyYMl9-X_PBwzPBFs
2022-08-26 13:28:07,286:INFO:ads
2022-08-26 14:28:07,337:INFO:jwt
2022-08-26 14:28:07,342:INFO:{'username': u'\u041a\u0438\u043e\u0441\u043a2', 'user_id': 2, 'exp': datetime.datetime(2022, 8, 26, 6, 33, 7, 342771)}
2022-08-26 14:28:07,343:INFO:eyJhbGciOiJIUzI1NiIsInR5cCI6IkpXVCJ9.eyJ1c2VybmFtZSI6Ilx1MDQxYVx1MDQzOFx1MDQzZVx1MDQ0MVx1MDQzYTIiLCJ1c2VyX2lkIjoyLCJleHAiOjE2NjE0OTU1ODd9.AkEzuhuobRNVDxHCL6Wuj4LlHxJfjUhna9Nnsad5HhQ
2022-08-26 14:28:10,627:INFO:ads
2022-08-26 15:28:10,662:INFO:jwt
2022-08-26 15:28:10,668:INFO:{'username': u'\u041a\u0438\u043e\u0441\u043a2', 'user_id': 2, 'exp': datetime.datetime(2022, 8, 26, 7, 33, 10, 668024)}
2022-08-26 15:28:10,668:INFO:eyJhbGciOiJIUzI1NiIsInR5cCI6IkpXVCJ9.eyJ1c2VybmFtZSI6Ilx1MDQxYVx1MDQzOFx1MDQzZVx1MDQ0MVx1MDQzYTIiLCJ1c2VyX2lkIjoyLCJleHAiOjE2NjE0OTkxOTB9.0VlAvUWz9YdLQ71upSqLCfNOxKjKNfedFHiSItH0cFA
2022-08-26 15:28:13,892:INFO:ads
2022-08-26 16:28:13,843:INFO:jwt
2022-08-26 16:28:13,848:INFO:{'username': u'\u041a\u0438\u043e\u0441\u043a2', 'user_id': 2, 'exp': datetime.datetime(2022, 8, 26, 8, 33, 13, 848615)}
2022-08-26 16:28:13,848:INFO:eyJhbGciOiJIUzI1NiIsInR5cCI6IkpXVCJ9.eyJ1c2VybmFtZSI6Ilx1MDQxYVx1MDQzOFx1MDQzZVx1MDQ0MVx1MDQzYTIiLCJ1c2VyX2lkIjoyLCJleHAiOjE2NjE1MDI3OTN9.0vrqMVG0j7_KsaZvJKOt04aU70am2Kmf_3sppHnoviQ
2022-08-26 16:28:17,107:INFO:ads
2022-08-26 17:07:11,210:INFO:jwt
2022-08-26 17:07:11,217:INFO:{'username': u'\u041a\u0438\u043e\u0441\u043a3', 'user_id': 3, 'exp': datetime.datetime(2022, 8, 26, 9, 12, 11, 217085)}
2022-08-26 17:07:11,217:INFO:eyJhbGciOiJIUzI1NiIsInR5cCI6IkpXVCJ9.eyJ1c2VybmFtZSI6Ilx1MDQxYVx1MDQzOFx1MDQzZVx1MDQ0MVx1MDQzYTMiLCJ1c2VyX2lkIjozLCJleHAiOjE2NjE1MDUxMzF9.Sqf9pMaCJGHfuNiieP6z29BviwD__U3J8AoLwptS5EE
2022-08-26 17:07:13,398:INFO:ads
2022-08-26 17:07:17,539:INFO:jwt
2022-08-26 17:07:17,544:INFO:{'username': u'\u041a\u0438\u043e\u0441\u043a3', 'user_id': 3, 'exp': datetime.datetime(2022, 8, 26, 9, 12, 17, 544732)}
2022-08-26 17:07:17,544:INFO:eyJhbGciOiJIUzI1NiIsInR5cCI6IkpXVCJ9.eyJ1c2VybmFtZSI6Ilx1MDQxYVx1MDQzOFx1MDQzZVx1MDQ0MVx1MDQzYTMiLCJ1c2VyX2lkIjozLCJleHAiOjE2NjE1MDUxMzd9.XNLode1s892Mb40PEb_PlpGmR62nxhOJVbEud3ZVQ9Y
2022-08-26 17:07:26,240:INFO:prefix
2022-08-26 17:07:46,176:INFO:searchNumber
2022-08-26 17:07:46,178:INFO:9820****
2022-08-26 17:07:46,178:INFO:9820****
2022-08-26 17:07:46,179:INFO:engiin
2022-08-26 17:07:46,182:INFO:[<Prefix: Prefix object>, <Prefix: Prefix object>, <Prefix: Prefix object>, <Prefix: Prefix object>, <Prefix: Prefix object>, <Prefix: Prefix object>, <Prefix: Prefix object>, <Prefix: Prefix object>, <Prefix: Prefix object>, <Prefix: Prefix object>, <Prefix: Prefix object>, <Prefix: Prefix object>, <Prefix: Prefix object>, <Prefix: Prefix object>, <Prefix: Prefix object>, <Prefix: Prefix object>, <Prefix: Prefix object>, <Prefix: Prefix object>, <Prefix: Prefix object>, <Prefix: Prefix object>, <Prefix: Prefix object>, <Prefix: Prefix object>, <Prefix: Prefix object>, <Prefix: Prefix object>, <Prefix: Prefix object>, <Prefix: Prefix object>, <Prefix: Prefix object>, <Prefix: Prefix object>, <Prefix: Prefix object>, <Prefix: Prefix object>, <Prefix: Prefix object>, <Prefix: Prefix object>, <Prefix: Prefix object>, <Prefix: Prefix object>, <Prefix: Prefix object>, <Prefix: Prefix object>, <Prefix: Prefix object>, <Prefix: Prefix object>, <Prefix: Prefix object>, <Prefix: Prefix object>, <Prefix: Prefix object>, <Prefix: Prefix object>, <Prefix: Prefix object>, <Prefix: Prefix object>, <Prefix: Prefix object>, <Prefix: Prefix object>, <Prefix: Prefix object>, <Prefix: Prefix object>, <Prefix: Prefix object>, <Prefix: Prefix object>, <Prefix: Prefix object>, <Prefix: Prefix object>, <Prefix: Prefix object>, <Prefix: Prefix object>, <Prefix: Prefix object>, <Prefix: Prefix object>, <Prefix: Prefix object>, <Prefix: Prefix object>, <Prefix: Prefix object>, <Prefix: Prefix object>]
2022-08-26 17:07:46,182:INFO:ELSE
2022-08-26 17:07:46,182:INFO:9820
2022-08-26 17:07:46,182:INFO:****
2022-08-26 17:07:46,716:INFO:98200153:6|98200164:6|98200173:6|98200175:6|98200179:6|98200183:6|98200197:6|98200235:6|98200251:6|98200252:6|98200254:6|98200345:6|98200347:6|98200349:6|98200364:6|98200397:6|98200431:6|98200435:6|98200437:6|98200439:6|98200447:6|98200456:6|98200458:6|98200470:6|98200473:6|98200474:6|98200476:6|98200479:6|98200481:6|98200482:6|98200483:6|98200486:6|98200493:6|98200494:6|98200509:6|98200534:6|98200535:6|98200537:6|98200542:6|98200548:6|98200559:6|98200561:6|98200563:6|98200564:6|98200567:6|98200568:6|98200569:6|98200572:6|98200573:6|98200575:6|98200577:6|98200581:6|98200585:6|98200587:6|98200590:6|98200591:6|98200597:6|98200615:6|98200623:6|98200631:6|98200635:6|98200636:6|98200639:6|98200643:6|98200647:6|98200648:6|98200649:6|98200654:6|98200657:6|98200661:6|98200662:6|98200663:6|98200665:6|98200668:6|98200669:6|98200673:6|98200675:6|98200676:6|98200677:6|98200682:6|98200685:6|98200686:6|98200687:6|98200692:6|98200693:6|98200726:6|98200731:6|98200733:6|98200734:6|98200736:6|98200737:6|98200738:6|98200740:6|98200741:6|98200743:6|98200746:6|98200749:6|98200752:6|98200754:6|98200756:6
2022-08-26 17:07:46,716:INFO:numbers
2022-08-26 17:07:46,716:INFO:['98200153', '98200164', '98200173', '98200175', '98200179', '98200183', '98200197', '98200235', '98200251', '98200252', '98200254', '98200345', '98200347', '98200349', '98200364', '98200397', '98200431', '98200435', '98200437', '98200439', '98200447', '98200456', '98200458', '98200470', '98200473', '98200474', '98200476', '98200479', '98200481', '98200482', '98200483', '98200486', '98200493', '98200494', '98200509', '98200534', '98200535', '98200537', '98200542', '98200548', '98200559', '98200561', '98200563', '98200564', '98200567', '98200568', '98200569', '98200572', '98200573', '98200575', '98200577', '98200581', '98200585', '98200587', '98200590', '98200591', '98200597', '98200615', '98200623', '98200631', '98200635', '98200636', '98200639', '98200643', '98200647', '98200648', '98200649', '98200654', '98200657', '98200661', '98200662', '98200663', '98200665', '98200668', '98200669', '98200673', '98200675', '98200676', '98200677', '98200682', '98200685', '98200686', '98200687', '98200692', '98200693', '98200726', '98200731', '98200733', '98200734', '98200736', '98200737', '98200738', '98200740', '98200741', '98200743', '98200746', '98200749', '98200752', '98200754', '98200756']
2022-08-26 17:07:46,835:INFO:tmp
2022-08-26 17:07:46,836:INFO:['98200153', '98200164', '98200173', '98200175', '98200179', '98200183', '98200197', '98200235', '98200251', '98200252', '98200254', '98200345', '98200347', '98200349', '98200364', '98200397', '98200431', '98200435', '98200437', '98200439', '98200447', '98200456', '98200458', '98200470', '98200473', '98200474', '98200476', '98200479', '98200481', '98200482', '98200483', '98200486', '98200493', '98200494', '98200509', '98200534', '98200535', '98200537', '98200542', '98200548', '98200559', '98200561', '98200563', '98200564', '98200567', '98200568', '98200569', '98200572', '98200573', '98200575', '98200577', '98200581', '98200585', '98200587', '98200590', '98200591', '98200597', '98200615', '98200623', '98200631', '98200635', '98200636', '98200639', '98200643', '98200647', '98200648', '98200649', '98200654', '98200657', '98200661', '98200662', '98200663', '98200665', '98200668', '98200669', '98200673', '98200675', '98200676', '98200677', '98200682', '98200685', '98200686', '98200687', '98200692', '98200693', '98200726', '98200731', '98200733', '98200734', '98200736', '98200737', '98200738', '98200740', '98200741', '98200743', '98200746', '98200749', '98200752', '98200754', '98200756']
2022-08-26 17:07:46,836:INFO:[{'prefix': '98200153'}, {'prefix': '98200164'}, {'prefix': '98200173'}, {'prefix': '98200175'}, {'prefix': '98200179'}, {'prefix': '98200183'}, {'prefix': '98200197'}, {'prefix': '98200235'}, {'prefix': '98200251'}, {'prefix': '98200252'}, {'prefix': '98200254'}, {'prefix': '98200345'}, {'prefix': '98200347'}, {'prefix': '98200349'}, {'prefix': '98200364'}, {'prefix': '98200397'}, {'prefix': '98200431'}, {'prefix': '98200435'}, {'prefix': '98200437'}, {'prefix': '98200439'}, {'prefix': '98200447'}, {'prefix': '98200456'}, {'prefix': '98200458'}, {'prefix': '98200470'}, {'prefix': '98200473'}, {'prefix': '98200474'}, {'prefix': '98200476'}, {'prefix': '98200479'}, {'prefix': '98200481'}, {'prefix': '98200482'}, {'prefix': '98200483'}, {'prefix': '98200486'}, {'prefix': '98200493'}, {'prefix': '98200494'}, {'prefix': '98200509'}, {'prefix': '98200534'}, {'prefix': '98200535'}, {'prefix': '98200537'}, {'prefix': '98200542'}, {'prefix': '98200548'}, {'prefix': '98200559'}, {'prefix': '98200561'}, {'prefix': '98200563'}, {'prefix': '98200564'}, {'prefix': '98200567'}, {'prefix': '98200568'}, {'prefix': '98200569'}, {'prefix': '98200572'}, {'prefix': '98200573'}, {'prefix': '98200575'}, {'prefix': '98200577'}, {'prefix': '98200581'}, {'prefix': '98200585'}, {'prefix': '98200587'}, {'prefix': '98200590'}, {'prefix': '98200591'}, {'prefix': '98200597'}, {'prefix': '98200615'}, {'prefix': '98200623'}, {'prefix': '98200631'}, {'prefix': '98200635'}, {'prefix': '98200636'}, {'prefix': '98200639'}, {'prefix': '98200643'}, {'prefix': '98200647'}, {'prefix': '98200648'}, {'prefix': '98200649'}, {'prefix': '98200654'}, {'prefix': '98200657'}, {'prefix': '98200661'}, {'prefix': '98200662'}, {'prefix': '98200663'}, {'prefix': '98200665'}, {'prefix': '98200668'}, {'prefix': '98200669'}, {'prefix': '98200673'}, {'prefix': '98200675'}, {'prefix': '98200676'}, {'prefix': '98200677'}, {'prefix': '98200682'}, {'prefix': '98200685'}, {'prefix': '98200686'}, {'prefix': '98200687'}, {'prefix': '98200692'}, {'prefix': '98200693'}, {'prefix': '98200726'}, {'prefix': '98200731'}, {'prefix': '98200733'}, {'prefix': '98200734'}, {'prefix': '98200736'}, {'prefix': '98200737'}, {'prefix': '98200738'}, {'prefix': '98200740'}, {'prefix': '98200741'}, {'prefix': '98200743'}, {'prefix': '98200746'}, {'prefix': '98200749'}, {'prefix': '98200752'}, {'prefix': '98200754'}, {'prefix': '98200756'}]
2022-08-26 17:07:51,785:INFO:blockUnblock
2022-08-26 17:07:51,786:INFO:block
2022-08-26 17:07:51,786:INFO:2
2022-08-26 17:07:51,786:INFO:user_ip: 192.168.16.196
2022-08-26 17:07:51,816:INFO:Success
2022-08-26 17:07:51,820:INFO:20000
2022-08-26 17:07:51,820:INFO:{u'negj': u'0', u'honog': u'30', u'nuhtsul': u'\u0411\u04af\u0445 \u0441\u04af\u043b\u0436\u044d\u044d\u043d\u0434\u044d\u044d 70 \u0442\u04e9\u0433', u'data': u'5', u'price': 20000}
2022-08-26 17:07:54,873:INFO:blockUnblock
2022-08-26 17:07:54,873:INFO:unblock
2022-08-26 17:07:54,873:INFO:2
2022-08-26 17:07:54,873:INFO:user_ip: 192.168.16.196
2022-08-26 17:07:54,891:INFO:Success
2022-08-26 17:07:54,892:INFO:unblock
2022-08-26 17:07:54,892:INFO:Unblocked
2022-08-26 17:07:55,772:INFO:ads
2022-08-26 17:07:55,893:INFO:ads
2022-08-26 17:08:00,328:INFO:jwt
2022-08-26 17:08:00,333:INFO:{'username': u'\u041a\u0438\u043e\u0441\u043a3', 'user_id': 3, 'exp': datetime.datetime(2022, 8, 26, 9, 13, 0, 333419)}
2022-08-26 17:08:00,333:INFO:eyJhbGciOiJIUzI1NiIsInR5cCI6IkpXVCJ9.eyJ1c2VybmFtZSI6Ilx1MDQxYVx1MDQzOFx1MDQzZVx1MDQ0MVx1MDQzYTMiLCJ1c2VyX2lkIjozLCJleHAiOjE2NjE1MDUxODB9.D-qsoADecO9IslsVKFN81brEHxMi_X8D7Eais51OunI
2022-08-26 17:08:03,348:INFO:prefix
2022-08-26 17:08:09,872:INFO:searchNumber
2022-08-26 17:08:09,874:INFO:9817****
2022-08-26 17:08:09,874:INFO:9817****
2022-08-26 17:08:09,874:INFO:engiin
2022-08-26 17:08:09,877:INFO:[<Prefix: Prefix object>, <Prefix: Prefix object>, <Prefix: Prefix object>, <Prefix: Prefix object>, <Prefix: Prefix object>, <Prefix: Prefix object>, <Prefix: Prefix object>, <Prefix: Prefix object>, <Prefix: Prefix object>, <Prefix: Prefix object>, <Prefix: Prefix object>, <Prefix: Prefix object>, <Prefix: Prefix object>, <Prefix: Prefix object>, <Prefix: Prefix object>, <Prefix: Prefix object>, <Prefix: Prefix object>, <Prefix: Prefix object>, <Prefix: Prefix object>, <Prefix: Prefix object>, <Prefix: Prefix object>, <Prefix: Prefix object>, <Prefix: Prefix object>, <Prefix: Prefix object>, <Prefix: Prefix object>, <Prefix: Prefix object>, <Prefix: Prefix object>, <Prefix: Prefix object>, <Prefix: Prefix object>, <Prefix: Prefix object>, <Prefix: Prefix object>, <Prefix: Prefix object>, <Prefix: Prefix object>, <Prefix: Prefix object>, <Prefix: Prefix object>, <Prefix: Prefix object>, <Prefix: Prefix object>, <Prefix: Prefix object>, <Prefix: Prefix object>, <Prefix: Prefix object>, <Prefix: Prefix object>, <Prefix: Prefix object>, <Prefix: Prefix object>, <Prefix: Prefix object>, <Prefix: Prefix object>, <Prefix: Prefix object>, <Prefix: Prefix object>, <Prefix: Prefix object>, <Prefix: Prefix object>, <Prefix: Prefix object>, <Prefix: Prefix object>, <Prefix: Prefix object>, <Prefix: Prefix object>, <Prefix: Prefix object>, <Prefix: Prefix object>, <Prefix: Prefix object>, <Prefix: Prefix object>, <Prefix: Prefix object>, <Prefix: Prefix object>, <Prefix: Prefix object>]
2022-08-26 17:08:09,878:INFO:ELSE
2022-08-26 17:08:09,878:INFO:9817
2022-08-26 17:08:09,878:INFO:****
2022-08-26 17:08:12,336:INFO:98170045:6|98170046:6|98170047:6|98170059:6|98170062:6|98170073:6|98170085:6|98170086:6|98170093:6|98170097:6|98170129:6|98170130:6|98170134:6|98170137:6|98170138:6|98170140:6|98170141:6|98170143:6|98170145:6|98170149:6|98170153:6|98170154:6|98170155:6|98170156:6|98170157:6|98170158:6|98170161:6|98170162:6|98170163:6|98170165:6|98170172:6|98170174:6|98170175:6|98170176:6|98170182:6|98170183:6|98170185:6|98170189:6|98170190:6|98170194:6|98170196:6|98170216:6|98170217:6|98170225:6|98170229:6|98170238:6|98170243:6|98170244:6|98170245:6|98170246:6|98170248:6|98170253:6|98170254:6|98170256:6|98170258:6|98170262:6|98170264:6|98170268:6|98170270:6|98170271:6|98170274:6|98170279:6|98170280:6|98170281:6|98170285:6|98170287:6|98170296:6|98170298:6|98170323:6|98170329:6|98170333:6|98170335:6|98170336:6|98170337:6|98170342:6|98170346:6|98170347:6|98170348:6|98170349:6|98170350:6|98170353:6|98170354:6|98170355:6|98170356:6|98170357:6|98170358:6|98170360:6|98170361:6|98170362:6|98170364:6|98170366:6|98170368:6|98170371:6|98170372:6|98170373:6|98170378:6|98170379:6|98170383:6|98170385:6|98170386:6
2022-08-26 17:08:12,336:INFO:numbers
2022-08-26 17:08:12,336:INFO:['98170045', '98170046', '98170047', '98170059', '98170062', '98170073', '98170085', '98170086', '98170093', '98170097', '98170129', '98170130', '98170134', '98170137', '98170138', '98170140', '98170141', '98170143', '98170145', '98170149', '98170153', '98170154', '98170155', '98170156', '98170157', '98170158', '98170161', '98170162', '98170163', '98170165', '98170172', '98170174', '98170175', '98170176', '98170182', '98170183', '98170185', '98170189', '98170190', '98170194', '98170196', '98170216', '98170217', '98170225', '98170229', '98170238', '98170243', '98170244', '98170245', '98170246', '98170248', '98170253', '98170254', '98170256', '98170258', '98170262', '98170264', '98170268', '98170270', '98170271', '98170274', '98170279', '98170280', '98170281', '98170285', '98170287', '98170296', '98170298', '98170323', '98170329', '98170333', '98170335', '98170336', '98170337', '98170342', '98170346', '98170347', '98170348', '98170349', '98170350', '98170353', '98170354', '98170355', '98170356', '98170357', '98170358', '98170360', '98170361', '98170362', '98170364', '98170366', '98170368', '98170371', '98170372', '98170373', '98170378', '98170379', '98170383', '98170385', '98170386']
2022-08-26 17:08:12,457:INFO:tmp
2022-08-26 17:08:12,457:INFO:['98170045', '98170046', '98170047', '98170059', '98170062', '98170073', '98170085', '98170086', '98170093', '98170097', '98170129', '98170130', '98170134', '98170137', '98170138', '98170140', '98170141', '98170143', '98170145', '98170149', '98170153', '98170154', '98170155', '98170156', '98170157', '98170158', '98170161', '98170162', '98170163', '98170165', '98170172', '98170174', '98170175', '98170176', '98170182', '98170183', '98170185', '98170189', '98170190', '98170194', '98170196', '98170216', '98170217', '98170225', '98170229', '98170238', '98170243', '98170244', '98170245', '98170246', '98170248', '98170253', '98170254', '98170256', '98170258', '98170262', '98170264', '98170268', '98170270', '98170271', '98170274', '98170279', '98170280', '98170281', '98170285', '98170287', '98170296', '98170298', '98170323', '98170329', '98170333', '98170335', '98170336', '98170337', '98170342', '98170346', '98170347', '98170348', '98170349', '98170350', '98170353', '98170354', '98170355', '98170356', '98170357', '98170358', '98170360', '98170361', '98170362', '98170364', '98170366', '98170368', '98170371', '98170372', '98170373', '98170378', '98170379', '98170383', '98170385', '98170386']
2022-08-26 17:08:12,458:INFO:[{'prefix': '98170045'}, {'prefix': '98170046'}, {'prefix': '98170047'}, {'prefix': '98170059'}, {'prefix': '98170062'}, {'prefix': '98170073'}, {'prefix': '98170085'}, {'prefix': '98170086'}, {'prefix': '98170093'}, {'prefix': '98170097'}, {'prefix': '98170129'}, {'prefix': '98170130'}, {'prefix': '98170134'}, {'prefix': '98170137'}, {'prefix': '98170138'}, {'prefix': '98170140'}, {'prefix': '98170141'}, {'prefix': '98170143'}, {'prefix': '98170145'}, {'prefix': '98170149'}, {'prefix': '98170153'}, {'prefix': '98170154'}, {'prefix': '98170155'}, {'prefix': '98170156'}, {'prefix': '98170157'}, {'prefix': '98170158'}, {'prefix': '98170161'}, {'prefix': '98170162'}, {'prefix': '98170163'}, {'prefix': '98170165'}, {'prefix': '98170172'}, {'prefix': '98170174'}, {'prefix': '98170175'}, {'prefix': '98170176'}, {'prefix': '98170182'}, {'prefix': '98170183'}, {'prefix': '98170185'}, {'prefix': '98170189'}, {'prefix': '98170190'}, {'prefix': '98170194'}, {'prefix': '98170196'}, {'prefix': '98170216'}, {'prefix': '98170217'}, {'prefix': '98170225'}, {'prefix': '98170229'}, {'prefix': '98170238'}, {'prefix': '98170243'}, {'prefix': '98170244'}, {'prefix': '98170245'}, {'prefix': '98170246'}, {'prefix': '98170248'}, {'prefix': '98170253'}, {'prefix': '98170254'}, {'prefix': '98170256'}, {'prefix': '98170258'}, {'prefix': '98170262'}, {'prefix': '98170264'}, {'prefix': '98170268'}, {'prefix': '98170270'}, {'prefix': '98170271'}, {'prefix': '98170274'}, {'prefix': '98170279'}, {'prefix': '98170280'}, {'prefix': '98170281'}, {'prefix': '98170285'}, {'prefix': '98170287'}, {'prefix': '98170296'}, {'prefix': '98170298'}, {'prefix': '98170323'}, {'prefix': '98170329'}, {'prefix': '98170333'}, {'prefix': '98170335'}, {'prefix': '98170336'}, {'prefix': '98170337'}, {'prefix': '98170342'}, {'prefix': '98170346'}, {'prefix': '98170347'}, {'prefix': '98170348'}, {'prefix': '98170349'}, {'prefix': '98170350'}, {'prefix': '98170353'}, {'prefix': '98170354'}, {'prefix': '98170355'}, {'prefix': '98170356'}, {'prefix': '98170357'}, {'prefix': '98170358'}, {'prefix': '98170360'}, {'prefix': '98170361'}, {'prefix': '98170362'}, {'prefix': '98170364'}, {'prefix': '98170366'}, {'prefix': '98170368'}, {'prefix': '98170371'}, {'prefix': '98170372'}, {'prefix': '98170373'}, {'prefix': '98170378'}, {'prefix': '98170379'}, {'prefix': '98170383'}, {'prefix': '98170385'}, {'prefix': '98170386'}]
2022-08-26 17:08:15,517:INFO:blockUnblock
2022-08-26 17:08:15,517:INFO:block
2022-08-26 17:08:15,517:INFO:1
2022-08-26 17:08:15,517:INFO:user_ip: 192.168.16.196
2022-08-26 17:08:15,550:INFO:Success
2022-08-26 17:08:15,554:INFO:5000
2022-08-26 17:08:15,554:INFO:{u'negj': u'3000', u'honog': u'30', u'nuhtsul': u'\u0411\u04af\u0445 \u0441\u04af\u043b\u0436\u044d\u044d\u043d\u0434\u044d\u044d 70 \u0442\u04e9\u0433', u'data': u'0', u'price': 5000}
2022-08-26 17:08:16,972:INFO:blockUnblock
2022-08-26 17:08:16,973:INFO:unblock
2022-08-26 17:08:16,973:INFO:1
2022-08-26 17:08:16,973:INFO:user_ip: 192.168.16.196
2022-08-26 17:08:17,010:INFO:Success
2022-08-26 17:08:17,010:INFO:unblock
2022-08-26 17:08:17,010:INFO:Unblocked
2022-08-26 17:08:18,122:INFO:ads
2022-08-26 17:08:19,019:INFO:ads
2022-08-26 17:28:17,132:INFO:jwt
2022-08-26 17:28:17,138:INFO:{'username': u'\u041a\u0438\u043e\u0441\u043a2', 'user_id': 2, 'exp': datetime.datetime(2022, 8, 26, 9, 33, 17, 138114)}
2022-08-26 17:28:17,138:INFO:eyJhbGciOiJIUzI1NiIsInR5cCI6IkpXVCJ9.eyJ1c2VybmFtZSI6Ilx1MDQxYVx1MDQzOFx1MDQzZVx1MDQ0MVx1MDQzYTIiLCJ1c2VyX2lkIjoyLCJleHAiOjE2NjE1MDYzOTd9.jQQC_Xcf6x3qokgrla5IZ7WtvsKRknjxw6kb9uaiPrA
2022-08-26 17:28:20,442:INFO:ads
2022-08-26 18:28:20,588:INFO:jwt
2022-08-26 18:28:20,594:INFO:{'username': u'\u041a\u0438\u043e\u0441\u043a2', 'user_id': 2, 'exp': datetime.datetime(2022, 8, 26, 10, 33, 20, 594222)}
2022-08-26 18:28:20,594:INFO:eyJhbGciOiJIUzI1NiIsInR5cCI6IkpXVCJ9.eyJ1c2VybmFtZSI6Ilx1MDQxYVx1MDQzOFx1MDQzZVx1MDQ0MVx1MDQzYTIiLCJ1c2VyX2lkIjoyLCJleHAiOjE2NjE1MTAwMDB9.oWPfHcyV5-o86r8PNbpx2PB7HPvJ_G6il3ITRydIsO8
2022-08-26 18:28:23,868:INFO:ads
2022-08-26 19:28:24,035:INFO:jwt
2022-08-26 19:28:24,041:INFO:{'username': u'\u041a\u0438\u043e\u0441\u043a2', 'user_id': 2, 'exp': datetime.datetime(2022, 8, 26, 11, 33, 24, 41494)}
2022-08-26 19:28:24,041:INFO:eyJhbGciOiJIUzI1NiIsInR5cCI6IkpXVCJ9.eyJ1c2VybmFtZSI6Ilx1MDQxYVx1MDQzOFx1MDQzZVx1MDQ0MVx1MDQzYTIiLCJ1c2VyX2lkIjoyLCJleHAiOjE2NjE1MTM2MDR9.vV0Ydj3LS2v8CaetJUqRTqFye8wMqwdBgkEU5N0TVWM
2022-08-26 19:28:27,489:INFO:ads
2022-08-26 20:28:27,363:INFO:jwt
2022-08-26 20:28:27,368:INFO:{'username': u'\u041a\u0438\u043e\u0441\u043a2', 'user_id': 2, 'exp': datetime.datetime(2022, 8, 26, 12, 33, 27, 368816)}
2022-08-26 20:28:27,369:INFO:eyJhbGciOiJIUzI1NiIsInR5cCI6IkpXVCJ9.eyJ1c2VybmFtZSI6Ilx1MDQxYVx1MDQzOFx1MDQzZVx1MDQ0MVx1MDQzYTIiLCJ1c2VyX2lkIjoyLCJleHAiOjE2NjE1MTcyMDd9.TBiIrB79Q40v6LNUhdVHvFr6xv2WmhrnEQ3ceP4l6Zk
2022-08-26 20:28:30,750:INFO:ads
2022-08-26 21:28:30,798:INFO:jwt
2022-08-26 21:28:30,803:INFO:{'username': u'\u041a\u0438\u043e\u0441\u043a2', 'user_id': 2, 'exp': datetime.datetime(2022, 8, 26, 13, 33, 30, 803625)}
2022-08-26 21:28:30,803:INFO:eyJhbGciOiJIUzI1NiIsInR5cCI6IkpXVCJ9.eyJ1c2VybmFtZSI6Ilx1MDQxYVx1MDQzOFx1MDQzZVx1MDQ0MVx1MDQzYTIiLCJ1c2VyX2lkIjoyLCJleHAiOjE2NjE1MjA4MTB9.PNtYwdA7l6k1A6FSUDJhhOlNqoACIlpAhYYOi3BV4G8
2022-08-26 21:28:34,013:INFO:ads
2022-08-26 22:28:34,094:INFO:jwt
2022-08-26 22:28:34,099:INFO:{'username': u'\u041a\u0438\u043e\u0441\u043a2', 'user_id': 2, 'exp': datetime.datetime(2022, 8, 26, 14, 33, 34, 99967)}
2022-08-26 22:28:34,100:INFO:eyJhbGciOiJIUzI1NiIsInR5cCI6IkpXVCJ9.eyJ1c2VybmFtZSI6Ilx1MDQxYVx1MDQzOFx1MDQzZVx1MDQ0MVx1MDQzYTIiLCJ1c2VyX2lkIjoyLCJleHAiOjE2NjE1MjQ0MTR9.QUaZZ9vqzHk5w_qV3GioDxqYYyEAib0oPoClvdN0xCo
2022-08-26 22:28:37,411:INFO:ads
2022-08-26 23:28:37,573:INFO:jwt
2022-08-26 23:28:37,578:INFO:{'username': u'\u041a\u0438\u043e\u0441\u043a2', 'user_id': 2, 'exp': datetime.datetime(2022, 8, 26, 15, 33, 37, 578338)}
2022-08-26 23:28:37,578:INFO:eyJhbGciOiJIUzI1NiIsInR5cCI6IkpXVCJ9.eyJ1c2VybmFtZSI6Ilx1MDQxYVx1MDQzOFx1MDQzZVx1MDQ0MVx1MDQzYTIiLCJ1c2VyX2lkIjoyLCJleHAiOjE2NjE1MjgwMTd9.wwfWXoKiHjJoxrx6FaM9glZwKFKDxuGddUGzcnZOaMk
2022-08-26 23:28:40,816:INFO:ads
2022-08-27 00:28:40,892:INFO:jwt
2022-08-27 00:28:40,898:INFO:{'username': u'\u041a\u0438\u043e\u0441\u043a2', 'user_id': 2, 'exp': datetime.datetime(2022, 8, 26, 16, 33, 40, 898073)}
2022-08-27 00:28:40,898:INFO:eyJhbGciOiJIUzI1NiIsInR5cCI6IkpXVCJ9.eyJ1c2VybmFtZSI6Ilx1MDQxYVx1MDQzOFx1MDQzZVx1MDQ0MVx1MDQzYTIiLCJ1c2VyX2lkIjoyLCJleHAiOjE2NjE1MzE2MjB9.-2nHG89J6oGha7sLKqeb6_teEoFlzeXwaXhvqlIt5kc
2022-08-27 00:28:44,314:INFO:ads
2022-08-27 01:28:44,379:INFO:jwt
2022-08-27 01:28:44,384:INFO:{'username': u'\u041a\u0438\u043e\u0441\u043a2', 'user_id': 2, 'exp': datetime.datetime(2022, 8, 26, 17, 33, 44, 384923)}
2022-08-27 01:28:44,385:INFO:eyJhbGciOiJIUzI1NiIsInR5cCI6IkpXVCJ9.eyJ1c2VybmFtZSI6Ilx1MDQxYVx1MDQzOFx1MDQzZVx1MDQ0MVx1MDQzYTIiLCJ1c2VyX2lkIjoyLCJleHAiOjE2NjE1MzUyMjR9.U-MuINZNZW2Djs0Ezoc59SoTbedh6YzE9iIgfBQWHq4
2022-08-27 01:28:47,621:INFO:ads
2022-08-27 02:28:47,990:INFO:jwt
2022-08-27 02:28:47,995:INFO:{'username': u'\u041a\u0438\u043e\u0441\u043a2', 'user_id': 2, 'exp': datetime.datetime(2022, 8, 26, 18, 33, 47, 995612)}
2022-08-27 02:28:47,995:INFO:eyJhbGciOiJIUzI1NiIsInR5cCI6IkpXVCJ9.eyJ1c2VybmFtZSI6Ilx1MDQxYVx1MDQzOFx1MDQzZVx1MDQ0MVx1MDQzYTIiLCJ1c2VyX2lkIjoyLCJleHAiOjE2NjE1Mzg4Mjd9.FgQyAFO_072-tO8KavHiTohB7TFtjiCRABfaMnuif2k
2022-08-27 02:28:51,300:INFO:ads
2022-08-27 03:28:51,326:INFO:jwt
2022-08-27 03:28:51,331:INFO:{'username': u'\u041a\u0438\u043e\u0441\u043a2', 'user_id': 2, 'exp': datetime.datetime(2022, 8, 26, 19, 33, 51, 331299)}
2022-08-27 03:28:51,331:INFO:eyJhbGciOiJIUzI1NiIsInR5cCI6IkpXVCJ9.eyJ1c2VybmFtZSI6Ilx1MDQxYVx1MDQzOFx1MDQzZVx1MDQ0MVx1MDQzYTIiLCJ1c2VyX2lkIjoyLCJleHAiOjE2NjE1NDI0MzF9.6gbfFhXLoCDp4q2kim-IWj1mY7TN8XRMKm5BAzhi5Y0
2022-08-27 03:28:54,625:INFO:ads
2022-08-27 04:28:54,554:INFO:jwt
2022-08-27 04:28:54,560:INFO:{'username': u'\u041a\u0438\u043e\u0441\u043a2', 'user_id': 2, 'exp': datetime.datetime(2022, 8, 26, 20, 33, 54, 560089)}
2022-08-27 04:28:54,560:INFO:eyJhbGciOiJIUzI1NiIsInR5cCI6IkpXVCJ9.eyJ1c2VybmFtZSI6Ilx1MDQxYVx1MDQzOFx1MDQzZVx1MDQ0MVx1MDQzYTIiLCJ1c2VyX2lkIjoyLCJleHAiOjE2NjE1NDYwMzR9.BwSWrdQChSWTg9VSxImZ6sKc644_uJdyAsxt4QE0PRE
2022-08-27 04:28:57,765:INFO:ads
2022-08-27 05:28:57,654:INFO:jwt
2022-08-27 05:28:57,660:INFO:{'username': u'\u041a\u0438\u043e\u0441\u043a2', 'user_id': 2, 'exp': datetime.datetime(2022, 8, 26, 21, 33, 57, 660242)}
2022-08-27 05:28:57,660:INFO:eyJhbGciOiJIUzI1NiIsInR5cCI6IkpXVCJ9.eyJ1c2VybmFtZSI6Ilx1MDQxYVx1MDQzOFx1MDQzZVx1MDQ0MVx1MDQzYTIiLCJ1c2VyX2lkIjoyLCJleHAiOjE2NjE1NDk2Mzd9.SGGC7Slitz7PXs9qQ8SWk3mXSd4M_0o2KjjQEyhDL5w
2022-08-27 05:29:00,894:INFO:ads
2022-08-27 06:29:00,798:INFO:jwt
2022-08-27 06:29:00,804:INFO:{'username': u'\u041a\u0438\u043e\u0441\u043a2', 'user_id': 2, 'exp': datetime.datetime(2022, 8, 26, 22, 34, 0, 804470)}
2022-08-27 06:29:00,804:INFO:eyJhbGciOiJIUzI1NiIsInR5cCI6IkpXVCJ9.eyJ1c2VybmFtZSI6Ilx1MDQxYVx1MDQzOFx1MDQzZVx1MDQ0MVx1MDQzYTIiLCJ1c2VyX2lkIjoyLCJleHAiOjE2NjE1NTMyNDB9.zNln4pSQ4EGszqb-HhhRxFF_fgAJ6-WpRluOSEmK4f0
2022-08-27 06:29:04,039:INFO:ads
2022-08-27 07:29:04,052:INFO:jwt
2022-08-27 07:29:04,057:INFO:{'username': u'\u041a\u0438\u043e\u0441\u043a2', 'user_id': 2, 'exp': datetime.datetime(2022, 8, 26, 23, 34, 4, 57028)}
2022-08-27 07:29:04,057:INFO:eyJhbGciOiJIUzI1NiIsInR5cCI6IkpXVCJ9.eyJ1c2VybmFtZSI6Ilx1MDQxYVx1MDQzOFx1MDQzZVx1MDQ0MVx1MDQzYTIiLCJ1c2VyX2lkIjoyLCJleHAiOjE2NjE1NTY4NDR9.VoWyxcNdB76idohN2t_RR787IUnasOTYS3z0WKAdwAM
2022-08-27 07:29:07,418:INFO:ads
2022-08-27 08:29:07,562:INFO:jwt
2022-08-27 08:29:07,567:INFO:{'username': u'\u041a\u0438\u043e\u0441\u043a2', 'user_id': 2, 'exp': datetime.datetime(2022, 8, 27, 0, 34, 7, 567650)}
2022-08-27 08:29:07,567:INFO:eyJhbGciOiJIUzI1NiIsInR5cCI6IkpXVCJ9.eyJ1c2VybmFtZSI6Ilx1MDQxYVx1MDQzOFx1MDQzZVx1MDQ0MVx1MDQzYTIiLCJ1c2VyX2lkIjoyLCJleHAiOjE2NjE1NjA0NDd9.MmLk1pm8qILBGW0ZH-XEtluBFck84GrQm-Jn9SPHLnM
2022-08-27 08:29:10,918:INFO:ads
2022-08-27 09:29:10,884:INFO:jwt
2022-08-27 09:29:10,889:INFO:{'username': u'\u041a\u0438\u043e\u0441\u043a2', 'user_id': 2, 'exp': datetime.datetime(2022, 8, 27, 1, 34, 10, 889730)}
2022-08-27 09:29:10,890:INFO:eyJhbGciOiJIUzI1NiIsInR5cCI6IkpXVCJ9.eyJ1c2VybmFtZSI6Ilx1MDQxYVx1MDQzOFx1MDQzZVx1MDQ0MVx1MDQzYTIiLCJ1c2VyX2lkIjoyLCJleHAiOjE2NjE1NjQwNTB9.Itn2j-Wlc7sQWvTnLHl5LPhcrv-ek9w76aqEgz8ZSwY
2022-08-27 09:29:14,097:INFO:ads
2022-08-27 10:29:14,311:INFO:jwt
2022-08-27 10:29:14,316:INFO:{'username': u'\u041a\u0438\u043e\u0441\u043a2', 'user_id': 2, 'exp': datetime.datetime(2022, 8, 27, 2, 34, 14, 316859)}
2022-08-27 10:29:14,317:INFO:eyJhbGciOiJIUzI1NiIsInR5cCI6IkpXVCJ9.eyJ1c2VybmFtZSI6Ilx1MDQxYVx1MDQzOFx1MDQzZVx1MDQ0MVx1MDQzYTIiLCJ1c2VyX2lkIjoyLCJleHAiOjE2NjE1Njc2NTR9.WyqsMW_sVP7LFUx_wz1jdcO3ycLUEDwGegeIoM4mMDM
2022-08-27 10:29:17,526:INFO:ads
2022-08-27 11:29:17,590:INFO:jwt
2022-08-27 11:29:17,595:INFO:{'username': u'\u041a\u0438\u043e\u0441\u043a2', 'user_id': 2, 'exp': datetime.datetime(2022, 8, 27, 3, 34, 17, 595791)}
2022-08-27 11:29:17,596:INFO:eyJhbGciOiJIUzI1NiIsInR5cCI6IkpXVCJ9.eyJ1c2VybmFtZSI6Ilx1MDQxYVx1MDQzOFx1MDQzZVx1MDQ0MVx1MDQzYTIiLCJ1c2VyX2lkIjoyLCJleHAiOjE2NjE1NzEyNTd9.Wu1CneHahQD26J8vE3qr3WRCLvJknJ5mE9kXfGSBFFM
2022-08-27 11:29:20,832:INFO:ads
2022-08-27 12:29:20,688:INFO:jwt
2022-08-27 12:29:20,693:INFO:{'username': u'\u041a\u0438\u043e\u0441\u043a2', 'user_id': 2, 'exp': datetime.datetime(2022, 8, 27, 4, 34, 20, 693615)}
2022-08-27 12:29:20,693:INFO:eyJhbGciOiJIUzI1NiIsInR5cCI6IkpXVCJ9.eyJ1c2VybmFtZSI6Ilx1MDQxYVx1MDQzOFx1MDQzZVx1MDQ0MVx1MDQzYTIiLCJ1c2VyX2lkIjoyLCJleHAiOjE2NjE1NzQ4NjB9.acCb3uuKWlOjCHk9oC3EdDVwWS1iYo_2CJ6GfuGhWtQ
2022-08-27 12:29:23,891:INFO:ads
2022-08-27 13:29:23,855:INFO:jwt
2022-08-27 13:29:23,860:INFO:{'username': u'\u041a\u0438\u043e\u0441\u043a2', 'user_id': 2, 'exp': datetime.datetime(2022, 8, 27, 5, 34, 23, 860415)}
2022-08-27 13:29:23,860:INFO:eyJhbGciOiJIUzI1NiIsInR5cCI6IkpXVCJ9.eyJ1c2VybmFtZSI6Ilx1MDQxYVx1MDQzOFx1MDQzZVx1MDQ0MVx1MDQzYTIiLCJ1c2VyX2lkIjoyLCJleHAiOjE2NjE1Nzg0NjN9.L578ngBozhR9AkQNHcdYzdYhPtIZJ3ZkIlY5N74dGbc
2022-08-27 13:29:27,045:INFO:ads
2022-08-27 14:29:27,100:INFO:jwt
2022-08-27 14:29:27,105:INFO:{'username': u'\u041a\u0438\u043e\u0441\u043a2', 'user_id': 2, 'exp': datetime.datetime(2022, 8, 27, 6, 34, 27, 105899)}
2022-08-27 14:29:27,106:INFO:eyJhbGciOiJIUzI1NiIsInR5cCI6IkpXVCJ9.eyJ1c2VybmFtZSI6Ilx1MDQxYVx1MDQzOFx1MDQzZVx1MDQ0MVx1MDQzYTIiLCJ1c2VyX2lkIjoyLCJleHAiOjE2NjE1ODIwNjd9.p8vzMNUzKLYJJprmIDrwegEIsSttLBFL5FPxJ3PyWYc
2022-08-27 14:29:30,334:INFO:ads
2022-08-27 15:29:30,418:INFO:jwt
2022-08-27 15:29:30,423:INFO:{'username': u'\u041a\u0438\u043e\u0441\u043a2', 'user_id': 2, 'exp': datetime.datetime(2022, 8, 27, 7, 34, 30, 423728)}
2022-08-27 15:29:30,424:INFO:eyJhbGciOiJIUzI1NiIsInR5cCI6IkpXVCJ9.eyJ1c2VybmFtZSI6Ilx1MDQxYVx1MDQzOFx1MDQzZVx1MDQ0MVx1MDQzYTIiLCJ1c2VyX2lkIjoyLCJleHAiOjE2NjE1ODU2NzB9.lQbqgAhlxXG8E5szQE-oiIvXY2fw6C4eQk64Zqt7k6o
2022-08-27 15:29:33,773:INFO:ads
2022-08-27 16:29:33,764:INFO:jwt
2022-08-27 16:29:33,770:INFO:{'username': u'\u041a\u0438\u043e\u0441\u043a2', 'user_id': 2, 'exp': datetime.datetime(2022, 8, 27, 8, 34, 33, 770036)}
2022-08-27 16:29:33,770:INFO:eyJhbGciOiJIUzI1NiIsInR5cCI6IkpXVCJ9.eyJ1c2VybmFtZSI6Ilx1MDQxYVx1MDQzOFx1MDQzZVx1MDQ0MVx1MDQzYTIiLCJ1c2VyX2lkIjoyLCJleHAiOjE2NjE1ODkyNzN9.Zqy02qqt9GL4prymb_EDE4Ls2hPYawmAn59skXuEoPo
2022-08-27 16:29:37,023:INFO:ads
2022-08-27 17:29:37,015:INFO:jwt
2022-08-27 17:29:37,021:INFO:{'username': u'\u041a\u0438\u043e\u0441\u043a2', 'user_id': 2, 'exp': datetime.datetime(2022, 8, 27, 9, 34, 37, 21649)}
2022-08-27 17:29:37,021:INFO:eyJhbGciOiJIUzI1NiIsInR5cCI6IkpXVCJ9.eyJ1c2VybmFtZSI6Ilx1MDQxYVx1MDQzOFx1MDQzZVx1MDQ0MVx1MDQzYTIiLCJ1c2VyX2lkIjoyLCJleHAiOjE2NjE1OTI4Nzd9.VO6dL0LIST4U1tUPeSeRASkqhJ3ixRxXEV-AzEJB65I
2022-08-27 17:29:40,267:INFO:ads
2022-08-27 18:29:40,320:INFO:jwt
2022-08-27 18:29:40,325:INFO:{'username': u'\u041a\u0438\u043e\u0441\u043a2', 'user_id': 2, 'exp': datetime.datetime(2022, 8, 27, 10, 34, 40, 325602)}
2022-08-27 18:29:40,325:INFO:eyJhbGciOiJIUzI1NiIsInR5cCI6IkpXVCJ9.eyJ1c2VybmFtZSI6Ilx1MDQxYVx1MDQzOFx1MDQzZVx1MDQ0MVx1MDQzYTIiLCJ1c2VyX2lkIjoyLCJleHAiOjE2NjE1OTY0ODB9.l5ht8Iex8cmt4NAGqmbA6HWtjWekcMQWaQpLQ2E4wRA
2022-08-27 18:29:43,634:INFO:ads
2022-08-27 19:29:43,650:INFO:jwt
2022-08-27 19:29:43,655:INFO:{'username': u'\u041a\u0438\u043e\u0441\u043a2', 'user_id': 2, 'exp': datetime.datetime(2022, 8, 27, 11, 34, 43, 655489)}
2022-08-27 19:29:43,655:INFO:eyJhbGciOiJIUzI1NiIsInR5cCI6IkpXVCJ9.eyJ1c2VybmFtZSI6Ilx1MDQxYVx1MDQzOFx1MDQzZVx1MDQ0MVx1MDQzYTIiLCJ1c2VyX2lkIjoyLCJleHAiOjE2NjE2MDAwODN9.u6dJiLUNXxFAdFEB9IixTE8wLHYKsxp6JiTjmeRtvNo
2022-08-27 19:29:46,871:INFO:ads
2022-08-27 20:29:46,950:INFO:jwt
2022-08-27 20:29:46,954:INFO:{'username': u'\u041a\u0438\u043e\u0441\u043a2', 'user_id': 2, 'exp': datetime.datetime(2022, 8, 27, 12, 34, 46, 954935)}
2022-08-27 20:29:46,955:INFO:eyJhbGciOiJIUzI1NiIsInR5cCI6IkpXVCJ9.eyJ1c2VybmFtZSI6Ilx1MDQxYVx1MDQzOFx1MDQzZVx1MDQ0MVx1MDQzYTIiLCJ1c2VyX2lkIjoyLCJleHAiOjE2NjE2MDM2ODZ9.hOpLc9HC-R2SPiPokOD_HWN4IY9qg3O_ZCJtjCsozgI
2022-08-27 20:29:50,254:INFO:ads
2022-08-27 21:29:50,162:INFO:jwt
2022-08-27 21:29:50,167:INFO:{'username': u'\u041a\u0438\u043e\u0441\u043a2', 'user_id': 2, 'exp': datetime.datetime(2022, 8, 27, 13, 34, 50, 167405)}
2022-08-27 21:29:50,167:INFO:eyJhbGciOiJIUzI1NiIsInR5cCI6IkpXVCJ9.eyJ1c2VybmFtZSI6Ilx1MDQxYVx1MDQzOFx1MDQzZVx1MDQ0MVx1MDQzYTIiLCJ1c2VyX2lkIjoyLCJleHAiOjE2NjE2MDcyOTB9.RlECFfzNTX3u4b54mZdmHoJ-BkTgx45tDQDXtZO__hY
2022-08-27 21:29:53,413:INFO:ads
2022-08-27 22:29:53,549:INFO:jwt
2022-08-27 22:29:53,555:INFO:{'username': u'\u041a\u0438\u043e\u0441\u043a2', 'user_id': 2, 'exp': datetime.datetime(2022, 8, 27, 14, 34, 53, 555024)}
2022-08-27 22:29:53,555:INFO:eyJhbGciOiJIUzI1NiIsInR5cCI6IkpXVCJ9.eyJ1c2VybmFtZSI6Ilx1MDQxYVx1MDQzOFx1MDQzZVx1MDQ0MVx1MDQzYTIiLCJ1c2VyX2lkIjoyLCJleHAiOjE2NjE2MTA4OTN9.weYvzwp_fx9kxtbTf1DptxBOf1fGxNWNyp8ubMhg82U
2022-08-27 22:29:56,852:INFO:ads
2022-08-27 23:29:56,890:INFO:jwt
2022-08-27 23:29:56,895:INFO:{'username': u'\u041a\u0438\u043e\u0441\u043a2', 'user_id': 2, 'exp': datetime.datetime(2022, 8, 27, 15, 34, 56, 895661)}
2022-08-27 23:29:56,895:INFO:eyJhbGciOiJIUzI1NiIsInR5cCI6IkpXVCJ9.eyJ1c2VybmFtZSI6Ilx1MDQxYVx1MDQzOFx1MDQzZVx1MDQ0MVx1MDQzYTIiLCJ1c2VyX2lkIjoyLCJleHAiOjE2NjE2MTQ0OTZ9.Hb0B7-mVlNwxENFY8Xe71euVdtxn_4aknEUjHhxJtNQ
2022-08-27 23:30:00,108:INFO:ads
2022-08-28 00:29:59,980:INFO:jwt
2022-08-28 00:29:59,986:INFO:{'username': u'\u041a\u0438\u043e\u0441\u043a2', 'user_id': 2, 'exp': datetime.datetime(2022, 8, 27, 16, 34, 59, 986006)}
2022-08-28 00:29:59,986:INFO:eyJhbGciOiJIUzI1NiIsInR5cCI6IkpXVCJ9.eyJ1c2VybmFtZSI6Ilx1MDQxYVx1MDQzOFx1MDQzZVx1MDQ0MVx1MDQzYTIiLCJ1c2VyX2lkIjoyLCJleHAiOjE2NjE2MTgwOTl9.hKvtOkymK-EVu2BiKvJ_RLBx8oJwjpXQEG2ByEZyzc0
2022-08-28 00:30:03,429:INFO:ads
2022-08-28 01:30:03,514:INFO:jwt
2022-08-28 01:30:03,519:INFO:{'username': u'\u041a\u0438\u043e\u0441\u043a2', 'user_id': 2, 'exp': datetime.datetime(2022, 8, 27, 17, 35, 3, 519898)}
2022-08-28 01:30:03,520:INFO:eyJhbGciOiJIUzI1NiIsInR5cCI6IkpXVCJ9.eyJ1c2VybmFtZSI6Ilx1MDQxYVx1MDQzOFx1MDQzZVx1MDQ0MVx1MDQzYTIiLCJ1c2VyX2lkIjoyLCJleHAiOjE2NjE2MjE3MDN9.gip_MjNIz4cXucjxO2XHQNLivMdC7lxsDk_ERoeksoE
2022-08-28 01:30:06,777:INFO:ads
2022-08-28 02:30:06,818:INFO:jwt
2022-08-28 02:30:06,823:INFO:{'username': u'\u041a\u0438\u043e\u0441\u043a2', 'user_id': 2, 'exp': datetime.datetime(2022, 8, 27, 18, 35, 6, 823806)}
2022-08-28 02:30:06,824:INFO:eyJhbGciOiJIUzI1NiIsInR5cCI6IkpXVCJ9.eyJ1c2VybmFtZSI6Ilx1MDQxYVx1MDQzOFx1MDQzZVx1MDQ0MVx1MDQzYTIiLCJ1c2VyX2lkIjoyLCJleHAiOjE2NjE2MjUzMDZ9.NoPF-YlANE1bouesdMqdJt2uWTHc4ep66kgZostbn7Y
2022-08-28 02:30:10,102:INFO:ads
2022-08-28 03:30:10,397:INFO:jwt
2022-08-28 03:30:10,402:INFO:{'username': u'\u041a\u0438\u043e\u0441\u043a2', 'user_id': 2, 'exp': datetime.datetime(2022, 8, 27, 19, 35, 10, 402546)}
2022-08-28 03:30:10,402:INFO:eyJhbGciOiJIUzI1NiIsInR5cCI6IkpXVCJ9.eyJ1c2VybmFtZSI6Ilx1MDQxYVx1MDQzOFx1MDQzZVx1MDQ0MVx1MDQzYTIiLCJ1c2VyX2lkIjoyLCJleHAiOjE2NjE2Mjg5MTB9.w77jTj6mCMRDlDWLBnPiH9xsjMYF_8rLoBxIs89q4ic
2022-08-28 03:30:13,716:INFO:ads
2022-08-28 04:30:13,721:INFO:jwt
2022-08-28 04:30:13,726:INFO:{'username': u'\u041a\u0438\u043e\u0441\u043a2', 'user_id': 2, 'exp': datetime.datetime(2022, 8, 27, 20, 35, 13, 726830)}
2022-08-28 04:30:13,727:INFO:eyJhbGciOiJIUzI1NiIsInR5cCI6IkpXVCJ9.eyJ1c2VybmFtZSI6Ilx1MDQxYVx1MDQzOFx1MDQzZVx1MDQ0MVx1MDQzYTIiLCJ1c2VyX2lkIjoyLCJleHAiOjE2NjE2MzI1MTN9.LzbO5avewAKZsTeIzprKLceLChJez-gseI-TJJOevfw
2022-08-28 04:30:17,032:INFO:ads
2022-08-28 05:30:17,510:INFO:jwt
2022-08-28 05:30:17,515:INFO:{'username': u'\u041a\u0438\u043e\u0441\u043a2', 'user_id': 2, 'exp': datetime.datetime(2022, 8, 27, 21, 35, 17, 515458)}
2022-08-28 05:30:17,515:INFO:eyJhbGciOiJIUzI1NiIsInR5cCI6IkpXVCJ9.eyJ1c2VybmFtZSI6Ilx1MDQxYVx1MDQzOFx1MDQzZVx1MDQ0MVx1MDQzYTIiLCJ1c2VyX2lkIjoyLCJleHAiOjE2NjE2MzYxMTd9.EA57dlbYylDoq3lG7IS3J-IpSybvqBD650QiFKxKWmc
2022-08-28 05:30:20,673:INFO:ads
2022-08-28 06:30:20,679:INFO:jwt
2022-08-28 06:30:20,684:INFO:{'username': u'\u041a\u0438\u043e\u0441\u043a2', 'user_id': 2, 'exp': datetime.datetime(2022, 8, 27, 22, 35, 20, 684713)}
2022-08-28 06:30:20,684:INFO:eyJhbGciOiJIUzI1NiIsInR5cCI6IkpXVCJ9.eyJ1c2VybmFtZSI6Ilx1MDQxYVx1MDQzOFx1MDQzZVx1MDQ0MVx1MDQzYTIiLCJ1c2VyX2lkIjoyLCJleHAiOjE2NjE2Mzk3MjB9.RYzbCJ4KJUMvFhOAkqsvyPlYLgboL3zHSlmt90iSgaw
2022-08-28 06:30:23,963:INFO:ads
2022-08-28 07:30:24,154:INFO:jwt
2022-08-28 07:30:24,159:INFO:{'username': u'\u041a\u0438\u043e\u0441\u043a2', 'user_id': 2, 'exp': datetime.datetime(2022, 8, 27, 23, 35, 24, 159701)}
2022-08-28 07:30:24,160:INFO:eyJhbGciOiJIUzI1NiIsInR5cCI6IkpXVCJ9.eyJ1c2VybmFtZSI6Ilx1MDQxYVx1MDQzOFx1MDQzZVx1MDQ0MVx1MDQzYTIiLCJ1c2VyX2lkIjoyLCJleHAiOjE2NjE2NDMzMjR9.y9cjF1ZFynBPk_CQMa1Hxl696MIeYd9tXlgNBYR-Rtk
2022-08-28 07:30:27,408:INFO:ads
2022-08-28 08:30:27,364:INFO:jwt
2022-08-28 08:30:27,370:INFO:{'username': u'\u041a\u0438\u043e\u0441\u043a2', 'user_id': 2, 'exp': datetime.datetime(2022, 8, 28, 0, 35, 27, 369999)}
2022-08-28 08:30:27,370:INFO:eyJhbGciOiJIUzI1NiIsInR5cCI6IkpXVCJ9.eyJ1c2VybmFtZSI6Ilx1MDQxYVx1MDQzOFx1MDQzZVx1MDQ0MVx1MDQzYTIiLCJ1c2VyX2lkIjoyLCJleHAiOjE2NjE2NDY5Mjd9.tmwfKOpFcek4pBKjf3ELurmEVmPoQ3kLY1t_16pb3IU
2022-08-28 08:30:30,601:INFO:ads
2022-08-28 09:30:30,567:INFO:jwt
2022-08-28 09:30:30,572:INFO:{'username': u'\u041a\u0438\u043e\u0441\u043a2', 'user_id': 2, 'exp': datetime.datetime(2022, 8, 28, 1, 35, 30, 572402)}
2022-08-28 09:30:30,572:INFO:eyJhbGciOiJIUzI1NiIsInR5cCI6IkpXVCJ9.eyJ1c2VybmFtZSI6Ilx1MDQxYVx1MDQzOFx1MDQzZVx1MDQ0MVx1MDQzYTIiLCJ1c2VyX2lkIjoyLCJleHAiOjE2NjE2NTA1MzB9.XDilaygY1oQySzXZ04SlsazXWtyLL1utm_WNMQAxhR0
2022-08-28 09:30:33,825:INFO:ads
2022-08-28 10:30:34,222:INFO:jwt
2022-08-28 10:30:34,227:INFO:{'username': u'\u041a\u0438\u043e\u0441\u043a2', 'user_id': 2, 'exp': datetime.datetime(2022, 8, 28, 2, 35, 34, 227371)}
2022-08-28 10:30:34,227:INFO:eyJhbGciOiJIUzI1NiIsInR5cCI6IkpXVCJ9.eyJ1c2VybmFtZSI6Ilx1MDQxYVx1MDQzOFx1MDQzZVx1MDQ0MVx1MDQzYTIiLCJ1c2VyX2lkIjoyLCJleHAiOjE2NjE2NTQxMzR9.VlJj3QW-6mG3o84lxysGUyzAVcxbcRcsqTi9ObmhTiA
2022-08-28 10:30:37,543:INFO:ads
2022-08-28 11:30:37,452:INFO:jwt
2022-08-28 11:30:37,457:INFO:{'username': u'\u041a\u0438\u043e\u0441\u043a2', 'user_id': 2, 'exp': datetime.datetime(2022, 8, 28, 3, 35, 37, 457414)}
2022-08-28 11:30:37,457:INFO:eyJhbGciOiJIUzI1NiIsInR5cCI6IkpXVCJ9.eyJ1c2VybmFtZSI6Ilx1MDQxYVx1MDQzOFx1MDQzZVx1MDQ0MVx1MDQzYTIiLCJ1c2VyX2lkIjoyLCJleHAiOjE2NjE2NTc3Mzd9.G_z7o3wrd7cFc0pRVR6Tvakh-lxTKvZrdl3A26OQgLs
2022-08-28 11:30:40,703:INFO:ads
2022-08-28 12:30:40,729:INFO:jwt
2022-08-28 12:30:40,735:INFO:{'username': u'\u041a\u0438\u043e\u0441\u043a2', 'user_id': 2, 'exp': datetime.datetime(2022, 8, 28, 4, 35, 40, 735052)}
2022-08-28 12:30:40,735:INFO:eyJhbGciOiJIUzI1NiIsInR5cCI6IkpXVCJ9.eyJ1c2VybmFtZSI6Ilx1MDQxYVx1MDQzOFx1MDQzZVx1MDQ0MVx1MDQzYTIiLCJ1c2VyX2lkIjoyLCJleHAiOjE2NjE2NjEzNDB9.N54dzH-Mmzq1buDMincvSkR3tcoEvrjI4jnTByWsizc
2022-08-28 12:30:43,954:INFO:ads
2022-08-28 13:30:43,830:INFO:jwt
2022-08-28 13:30:43,835:INFO:{'username': u'\u041a\u0438\u043e\u0441\u043a2', 'user_id': 2, 'exp': datetime.datetime(2022, 8, 28, 5, 35, 43, 835928)}
2022-08-28 13:30:43,836:INFO:eyJhbGciOiJIUzI1NiIsInR5cCI6IkpXVCJ9.eyJ1c2VybmFtZSI6Ilx1MDQxYVx1MDQzOFx1MDQzZVx1MDQ0MVx1MDQzYTIiLCJ1c2VyX2lkIjoyLCJleHAiOjE2NjE2NjQ5NDN9.BCM9b07qzBW4qODM1zDQzudxjSFKIKQkixeHa7ckeeI
2022-08-28 13:30:47,041:INFO:ads
2022-08-28 14:30:47,325:INFO:jwt
2022-08-28 14:30:47,331:INFO:{'username': u'\u041a\u0438\u043e\u0441\u043a2', 'user_id': 2, 'exp': datetime.datetime(2022, 8, 28, 6, 35, 47, 331148)}
2022-08-28 14:30:47,331:INFO:eyJhbGciOiJIUzI1NiIsInR5cCI6IkpXVCJ9.eyJ1c2VybmFtZSI6Ilx1MDQxYVx1MDQzOFx1MDQzZVx1MDQ0MVx1MDQzYTIiLCJ1c2VyX2lkIjoyLCJleHAiOjE2NjE2Njg1NDd9.3F7cNbDJgOmhwzAJOhB-zwUcgbZxWWrmjDUZlOCa9g8
2022-08-28 14:30:50,549:INFO:ads
2022-08-28 15:30:50,486:INFO:jwt
2022-08-28 15:30:50,492:INFO:{'username': u'\u041a\u0438\u043e\u0441\u043a2', 'user_id': 2, 'exp': datetime.datetime(2022, 8, 28, 7, 35, 50, 492047)}
2022-08-28 15:30:50,492:INFO:eyJhbGciOiJIUzI1NiIsInR5cCI6IkpXVCJ9.eyJ1c2VybmFtZSI6Ilx1MDQxYVx1MDQzOFx1MDQzZVx1MDQ0MVx1MDQzYTIiLCJ1c2VyX2lkIjoyLCJleHAiOjE2NjE2NzIxNTB9.Z_3nTs87DwOXrTHy84KB-UdYb322VJWHJhOoraIyY-I
2022-08-28 15:30:53,799:INFO:ads
2022-08-28 16:30:54,084:INFO:jwt
2022-08-28 16:30:54,089:INFO:{'username': u'\u041a\u0438\u043e\u0441\u043a2', 'user_id': 2, 'exp': datetime.datetime(2022, 8, 28, 8, 35, 54, 89692)}
2022-08-28 16:30:54,090:INFO:eyJhbGciOiJIUzI1NiIsInR5cCI6IkpXVCJ9.eyJ1c2VybmFtZSI6Ilx1MDQxYVx1MDQzOFx1MDQzZVx1MDQ0MVx1MDQzYTIiLCJ1c2VyX2lkIjoyLCJleHAiOjE2NjE2NzU3NTR9.nxqZlOZUM9EbTlUsxiG97hhEFCmSWYzZN7HOU7VgYo4
2022-08-28 16:30:57,363:INFO:ads
2022-08-28 17:30:57,362:INFO:jwt
2022-08-28 17:30:57,367:INFO:{'username': u'\u041a\u0438\u043e\u0441\u043a2', 'user_id': 2, 'exp': datetime.datetime(2022, 8, 28, 9, 35, 57, 367375)}
2022-08-28 17:30:57,367:INFO:eyJhbGciOiJIUzI1NiIsInR5cCI6IkpXVCJ9.eyJ1c2VybmFtZSI6Ilx1MDQxYVx1MDQzOFx1MDQzZVx1MDQ0MVx1MDQzYTIiLCJ1c2VyX2lkIjoyLCJleHAiOjE2NjE2NzkzNTd9.wZGQXLTFd99QqEiJfL4z-4-tDKbif65eZBQ94TM9gLo
2022-08-28 17:31:01,562:INFO:ads
2022-08-28 18:31:01,925:INFO:jwt
2022-08-28 18:31:01,930:INFO:{'username': u'\u041a\u0438\u043e\u0441\u043a2', 'user_id': 2, 'exp': datetime.datetime(2022, 8, 28, 10, 36, 1, 930264)}
2022-08-28 18:31:01,930:INFO:eyJhbGciOiJIUzI1NiIsInR5cCI6IkpXVCJ9.eyJ1c2VybmFtZSI6Ilx1MDQxYVx1MDQzOFx1MDQzZVx1MDQ0MVx1MDQzYTIiLCJ1c2VyX2lkIjoyLCJleHAiOjE2NjE2ODI5NjF9.qpesXWS17GXv-Rrx9oAitxKLA1ajPRnNUIIiqEd_H5U
2022-08-28 18:31:05,298:INFO:ads
2022-08-28 19:31:05,254:INFO:jwt
2022-08-28 19:31:05,260:INFO:{'username': u'\u041a\u0438\u043e\u0441\u043a2', 'user_id': 2, 'exp': datetime.datetime(2022, 8, 28, 11, 36, 5, 260188)}
2022-08-28 19:31:05,260:INFO:eyJhbGciOiJIUzI1NiIsInR5cCI6IkpXVCJ9.eyJ1c2VybmFtZSI6Ilx1MDQxYVx1MDQzOFx1MDQzZVx1MDQ0MVx1MDQzYTIiLCJ1c2VyX2lkIjoyLCJleHAiOjE2NjE2ODY1NjV9.qChhKfRf2Axj25M6o8WmQNVbKq9bMR0neS7-4OpHaEk
2022-08-28 19:31:08,762:INFO:ads
2022-08-28 20:31:08,831:INFO:jwt
2022-08-28 20:31:08,836:INFO:{'username': u'\u041a\u0438\u043e\u0441\u043a2', 'user_id': 2, 'exp': datetime.datetime(2022, 8, 28, 12, 36, 8, 836645)}
2022-08-28 20:31:08,836:INFO:eyJhbGciOiJIUzI1NiIsInR5cCI6IkpXVCJ9.eyJ1c2VybmFtZSI6Ilx1MDQxYVx1MDQzOFx1MDQzZVx1MDQ0MVx1MDQzYTIiLCJ1c2VyX2lkIjoyLCJleHAiOjE2NjE2OTAxNjh9.6VKhbJcNJsmUoNfWRmq8Gs0q_ggio4x36tRsHtfIExg
2022-08-28 20:31:12,133:INFO:ads
2022-08-28 21:31:12,296:INFO:jwt
2022-08-28 21:31:12,301:INFO:{'username': u'\u041a\u0438\u043e\u0441\u043a2', 'user_id': 2, 'exp': datetime.datetime(2022, 8, 28, 13, 36, 12, 301639)}
2022-08-28 21:31:12,301:INFO:eyJhbGciOiJIUzI1NiIsInR5cCI6IkpXVCJ9.eyJ1c2VybmFtZSI6Ilx1MDQxYVx1MDQzOFx1MDQzZVx1MDQ0MVx1MDQzYTIiLCJ1c2VyX2lkIjoyLCJleHAiOjE2NjE2OTM3NzJ9.ZAYQ99THJXJt9fEno0Bg7JlwIDD4VWp0L-hGLnemsJw
2022-08-28 21:31:15,613:INFO:ads
2022-08-28 22:31:15,859:INFO:jwt
2022-08-28 22:31:15,864:INFO:{'username': u'\u041a\u0438\u043e\u0441\u043a2', 'user_id': 2, 'exp': datetime.datetime(2022, 8, 28, 14, 36, 15, 864642)}
2022-08-28 22:31:15,864:INFO:eyJhbGciOiJIUzI1NiIsInR5cCI6IkpXVCJ9.eyJ1c2VybmFtZSI6Ilx1MDQxYVx1MDQzOFx1MDQzZVx1MDQ0MVx1MDQzYTIiLCJ1c2VyX2lkIjoyLCJleHAiOjE2NjE2OTczNzV9.nQkbAkMtaXYdRwsE65waKqAd5Y-WqyhVf_dYuOLL668
2022-08-28 22:31:19,131:INFO:ads
2022-08-28 23:31:18,991:INFO:jwt
2022-08-28 23:31:18,996:INFO:{'username': u'\u041a\u0438\u043e\u0441\u043a2', 'user_id': 2, 'exp': datetime.datetime(2022, 8, 28, 15, 36, 18, 996867)}
2022-08-28 23:31:18,997:INFO:eyJhbGciOiJIUzI1NiIsInR5cCI6IkpXVCJ9.eyJ1c2VybmFtZSI6Ilx1MDQxYVx1MDQzOFx1MDQzZVx1MDQ0MVx1MDQzYTIiLCJ1c2VyX2lkIjoyLCJleHAiOjE2NjE3MDA5Nzh9.0RdG2xJuRmUSIAqAA33ZCQ_Me8tx714iL3jRDnq502o
2022-08-28 23:31:22,188:INFO:ads
2022-08-29 00:31:22,455:INFO:jwt
2022-08-29 00:31:22,460:INFO:{'username': u'\u041a\u0438\u043e\u0441\u043a2', 'user_id': 2, 'exp': datetime.datetime(2022, 8, 28, 16, 36, 22, 460516)}
2022-08-29 00:31:22,460:INFO:eyJhbGciOiJIUzI1NiIsInR5cCI6IkpXVCJ9.eyJ1c2VybmFtZSI6Ilx1MDQxYVx1MDQzOFx1MDQzZVx1MDQ0MVx1MDQzYTIiLCJ1c2VyX2lkIjoyLCJleHAiOjE2NjE3MDQ1ODJ9.dUMrVNnfuyfCE0sU1OqTDYK2q_c9lbnl0oVoCZitvyY
2022-08-29 00:31:25,734:INFO:ads
2022-08-29 01:31:25,726:INFO:jwt
2022-08-29 01:31:25,731:INFO:{'username': u'\u041a\u0438\u043e\u0441\u043a2', 'user_id': 2, 'exp': datetime.datetime(2022, 8, 28, 17, 36, 25, 731826)}
2022-08-29 01:31:25,732:INFO:eyJhbGciOiJIUzI1NiIsInR5cCI6IkpXVCJ9.eyJ1c2VybmFtZSI6Ilx1MDQxYVx1MDQzOFx1MDQzZVx1MDQ0MVx1MDQzYTIiLCJ1c2VyX2lkIjoyLCJleHAiOjE2NjE3MDgxODV9.ovmaQEaQ4Pm7i6sr8koSZhjPykUcXdCBdMez7HTUIW8
2022-08-29 01:31:28,953:INFO:ads
2022-08-29 02:31:29,076:INFO:jwt
2022-08-29 02:31:29,082:INFO:{'username': u'\u041a\u0438\u043e\u0441\u043a2', 'user_id': 2, 'exp': datetime.datetime(2022, 8, 28, 18, 36, 29, 82487)}
2022-08-29 02:31:29,082:INFO:eyJhbGciOiJIUzI1NiIsInR5cCI6IkpXVCJ9.eyJ1c2VybmFtZSI6Ilx1MDQxYVx1MDQzOFx1MDQzZVx1MDQ0MVx1MDQzYTIiLCJ1c2VyX2lkIjoyLCJleHAiOjE2NjE3MTE3ODl9.VY0PjGCCci3ib100MR2B7OdwHyb0WaZpUycOePPaC7c
2022-08-29 02:31:32,374:INFO:ads
2022-08-29 03:31:32,320:INFO:jwt
2022-08-29 03:31:32,325:INFO:{'username': u'\u041a\u0438\u043e\u0441\u043a2', 'user_id': 2, 'exp': datetime.datetime(2022, 8, 28, 19, 36, 32, 325782)}
2022-08-29 03:31:32,326:INFO:eyJhbGciOiJIUzI1NiIsInR5cCI6IkpXVCJ9.eyJ1c2VybmFtZSI6Ilx1MDQxYVx1MDQzOFx1MDQzZVx1MDQ0MVx1MDQzYTIiLCJ1c2VyX2lkIjoyLCJleHAiOjE2NjE3MTUzOTJ9.hQwHrPIKfBO6ph5rBKzQf_vmoaYIjL2iDFW3lRUhhnI
2022-08-29 03:31:35,579:INFO:ads
2022-08-29 04:31:35,676:INFO:jwt
2022-08-29 04:31:35,682:INFO:{'username': u'\u041a\u0438\u043e\u0441\u043a2', 'user_id': 2, 'exp': datetime.datetime(2022, 8, 28, 20, 36, 35, 682081)}
2022-08-29 04:31:35,682:INFO:eyJhbGciOiJIUzI1NiIsInR5cCI6IkpXVCJ9.eyJ1c2VybmFtZSI6Ilx1MDQxYVx1MDQzOFx1MDQzZVx1MDQ0MVx1MDQzYTIiLCJ1c2VyX2lkIjoyLCJleHAiOjE2NjE3MTg5OTV9.zYsFoPDVhgY_Cbkg7o5p4v7trP766PbIf6clbq13P6A
2022-08-29 04:31:39,114:INFO:ads
2022-08-29 05:31:39,416:INFO:jwt
2022-08-29 05:31:39,421:INFO:{'username': u'\u041a\u0438\u043e\u0441\u043a2', 'user_id': 2, 'exp': datetime.datetime(2022, 8, 28, 21, 36, 39, 421764)}
2022-08-29 05:31:39,422:INFO:eyJhbGciOiJIUzI1NiIsInR5cCI6IkpXVCJ9.eyJ1c2VybmFtZSI6Ilx1MDQxYVx1MDQzOFx1MDQzZVx1MDQ0MVx1MDQzYTIiLCJ1c2VyX2lkIjoyLCJleHAiOjE2NjE3MjI1OTl9.8rP4KF4X6OBkyFlyrrPttwkw6269xhNb3oqtUhRiEJY
2022-08-29 05:31:42,640:INFO:ads
2022-08-29 06:31:42,867:INFO:jwt
2022-08-29 06:31:42,872:INFO:{'username': u'\u041a\u0438\u043e\u0441\u043a2', 'user_id': 2, 'exp': datetime.datetime(2022, 8, 28, 22, 36, 42, 872491)}
2022-08-29 06:31:42,872:INFO:eyJhbGciOiJIUzI1NiIsInR5cCI6IkpXVCJ9.eyJ1c2VybmFtZSI6Ilx1MDQxYVx1MDQzOFx1MDQzZVx1MDQ0MVx1MDQzYTIiLCJ1c2VyX2lkIjoyLCJleHAiOjE2NjE3MjYyMDJ9.-F6KGHa2m302QqOTCuLX2wPU53SbREakJocJ-16tc4o
2022-08-29 06:31:46,142:INFO:ads
2022-08-29 07:31:46,178:INFO:jwt
2022-08-29 07:31:46,184:INFO:{'username': u'\u041a\u0438\u043e\u0441\u043a2', 'user_id': 2, 'exp': datetime.datetime(2022, 8, 28, 23, 36, 46, 184066)}
2022-08-29 07:31:46,184:INFO:eyJhbGciOiJIUzI1NiIsInR5cCI6IkpXVCJ9.eyJ1c2VybmFtZSI6Ilx1MDQxYVx1MDQzOFx1MDQzZVx1MDQ0MVx1MDQzYTIiLCJ1c2VyX2lkIjoyLCJleHAiOjE2NjE3Mjk4MDZ9.iKlyd9mhyi4vtELIOGx4Ic8dWZ1jo71Ualu231ou_Yc
2022-08-29 07:31:49,486:INFO:ads
2022-08-29 08:07:44,268:INFO:ads
2022-08-29 08:31:49,515:INFO:jwt
2022-08-29 08:31:49,520:INFO:{'username': u'\u041a\u0438\u043e\u0441\u043a2', 'user_id': 2, 'exp': datetime.datetime(2022, 8, 29, 0, 36, 49, 520452)}
2022-08-29 08:31:49,520:INFO:eyJhbGciOiJIUzI1NiIsInR5cCI6IkpXVCJ9.eyJ1c2VybmFtZSI6Ilx1MDQxYVx1MDQzOFx1MDQzZVx1MDQ0MVx1MDQzYTIiLCJ1c2VyX2lkIjoyLCJleHAiOjE2NjE3MzM0MDl9.iQDxlCAbn--uHeu3MVMbiwjDqs5AeBJkzP96UoGHmOQ
2022-08-29 08:31:52,831:INFO:ads
2022-08-29 09:31:52,908:INFO:jwt
2022-08-29 09:31:52,913:INFO:{'username': u'\u041a\u0438\u043e\u0441\u043a2', 'user_id': 2, 'exp': datetime.datetime(2022, 8, 29, 1, 36, 52, 913796)}
2022-08-29 09:31:52,914:INFO:eyJhbGciOiJIUzI1NiIsInR5cCI6IkpXVCJ9.eyJ1c2VybmFtZSI6Ilx1MDQxYVx1MDQzOFx1MDQzZVx1MDQ0MVx1MDQzYTIiLCJ1c2VyX2lkIjoyLCJleHAiOjE2NjE3MzcwMTJ9.1lpOnNi2Zwqq4J-G48OySJdQ4JpBTgWIxsBbiogD33w
2022-08-29 09:31:56,198:INFO:ads
