2021-10-17 09:56:41,511:INFO:jwt
2021-10-17 09:56:41,525:INFO:{'username': u'\u041a\u0438\u043e\u0441\u043a1', 'user_id': 1, 'exp': datetime.datetime(2021, 10, 17, 2, 1, 41, 525225)}
2021-10-17 09:56:41,525:INFO:eyJhbGciOiJIUzI1NiIsInR5cCI6IkpXVCJ9.eyJ1c2VybmFtZSI6Ilx1MDQxYVx1MDQzOFx1MDQzZVx1MDQ0MVx1MDQzYTEiLCJ1c2VyX2lkIjoxLCJleHAiOjE2MzQ0MzYxMDF9.NhlhmDga99MOsnHqmcJpSnEfZWUuwDgJgcrjwq-0oXI
2021-10-17 09:56:41,525:INFO:jwt.jwt
2021-10-17 09:56:41,525:INFO:eyJhbGciOiJIUzI1NiIsInR5cCI6IkpXVCJ9.eyJ1c2VybmFtZSI6Ilx1MDQxYVx1MDQzOFx1MDQzZVx1MDQ0MVx1MDQzYTEiLCJ1c2VyX2lkIjoxLCJleHAiOjE2MzQyNjI5NTd9.8e8oUf6aApVXnXs37ORQpt7038rIuw7WvsMu3kmtvew
2021-10-17 09:56:41,527:INFO:jwt.jwt
2021-10-17 09:56:41,527:INFO:eyJhbGciOiJIUzI1NiIsInR5cCI6IkpXVCJ9.eyJ1c2VybmFtZSI6Ilx1MDQxYVx1MDQzOFx1MDQzZVx1MDQ0MVx1MDQzYTEiLCJ1c2VyX2lkIjoxLCJleHAiOjE2MzQ0MzYxMDF9.NhlhmDga99MOsnHqmcJpSnEfZWUuwDgJgcrjwq-0oXI
2021-10-17 13:17:15,818:INFO:jwt
2021-10-17 13:17:15,828:INFO:{'username': u'\u041a\u0438\u043e\u0441\u043a2', 'user_id': 2, 'exp': datetime.datetime(2021, 10, 17, 5, 22, 15, 828215)}
2021-10-17 13:17:15,828:INFO:eyJhbGciOiJIUzI1NiIsInR5cCI6IkpXVCJ9.eyJ1c2VybmFtZSI6Ilx1MDQxYVx1MDQzOFx1MDQzZVx1MDQ0MVx1MDQzYTIiLCJ1c2VyX2lkIjoyLCJleHAiOjE2MzQ0NDgxMzV9.JbGdR4CmCfSy6vczSFGdA1PnMs6v6HCSJ0r1fsKPG38
2021-10-17 13:17:15,828:INFO:jwt.jwt
2021-10-17 13:17:15,828:INFO:eyJhbGciOiJIUzI1NiIsInR5cCI6IkpXVCJ9.eyJ1c2VybmFtZSI6Ilx1MDQxYVx1MDQzOFx1MDQzZVx1MDQ0MVx1MDQzYTIiLCJ1c2VyX2lkIjoyLCJleHAiOjE2MzQyOTc2NzJ9.Ghm9zuLX71Tzudm5E_gHfSCk7v-XjTiH5pHg2oFIpm0
2021-10-17 13:17:15,829:INFO:jwt.jwt
2021-10-17 13:17:15,829:INFO:eyJhbGciOiJIUzI1NiIsInR5cCI6IkpXVCJ9.eyJ1c2VybmFtZSI6Ilx1MDQxYVx1MDQzOFx1MDQzZVx1MDQ0MVx1MDQzYTIiLCJ1c2VyX2lkIjoyLCJleHAiOjE2MzQ0NDgxMzV9.JbGdR4CmCfSy6vczSFGdA1PnMs6v6HCSJ0r1fsKPG38
2021-10-17 14:17:21,341:INFO:jwt
2021-10-17 14:17:21,347:INFO:{'username': u'\u041a\u0438\u043e\u0441\u043a2', 'user_id': 2, 'exp': datetime.datetime(2021, 10, 17, 6, 22, 21, 347931)}
2021-10-17 14:17:21,348:INFO:eyJhbGciOiJIUzI1NiIsInR5cCI6IkpXVCJ9.eyJ1c2VybmFtZSI6Ilx1MDQxYVx1MDQzOFx1MDQzZVx1MDQ0MVx1MDQzYTIiLCJ1c2VyX2lkIjoyLCJleHAiOjE2MzQ0NTE3NDF9.bCMgdJOiCO-H2GlDmvwxhg0wcqlga2bBKVgH2Du4q_U
2021-10-17 14:17:21,348:INFO:jwt.jwt
2021-10-17 14:17:21,348:INFO:eyJhbGciOiJIUzI1NiIsInR5cCI6IkpXVCJ9.eyJ1c2VybmFtZSI6Ilx1MDQxYVx1MDQzOFx1MDQzZVx1MDQ0MVx1MDQzYTIiLCJ1c2VyX2lkIjoyLCJleHAiOjE2MzQ0NDgxMzV9.JbGdR4CmCfSy6vczSFGdA1PnMs6v6HCSJ0r1fsKPG38
2021-10-17 14:17:21,349:INFO:jwt.jwt
2021-10-17 14:17:21,349:INFO:eyJhbGciOiJIUzI1NiIsInR5cCI6IkpXVCJ9.eyJ1c2VybmFtZSI6Ilx1MDQxYVx1MDQzOFx1MDQzZVx1MDQ0MVx1MDQzYTIiLCJ1c2VyX2lkIjoyLCJleHAiOjE2MzQ0NTE3NDF9.bCMgdJOiCO-H2GlDmvwxhg0wcqlga2bBKVgH2Du4q_U
2021-10-17 15:17:26,704:INFO:jwt
2021-10-17 15:17:26,710:INFO:{'username': u'\u041a\u0438\u043e\u0441\u043a2', 'user_id': 2, 'exp': datetime.datetime(2021, 10, 17, 7, 22, 26, 710705)}
2021-10-17 15:17:26,711:INFO:eyJhbGciOiJIUzI1NiIsInR5cCI6IkpXVCJ9.eyJ1c2VybmFtZSI6Ilx1MDQxYVx1MDQzOFx1MDQzZVx1MDQ0MVx1MDQzYTIiLCJ1c2VyX2lkIjoyLCJleHAiOjE2MzQ0NTUzNDZ9.aRpvPH9z4t7tOLg_I8U-8RJxcLy4cfBKzYGLKHTyWcg
2021-10-17 15:17:26,711:INFO:jwt.jwt
2021-10-17 15:17:26,711:INFO:eyJhbGciOiJIUzI1NiIsInR5cCI6IkpXVCJ9.eyJ1c2VybmFtZSI6Ilx1MDQxYVx1MDQzOFx1MDQzZVx1MDQ0MVx1MDQzYTIiLCJ1c2VyX2lkIjoyLCJleHAiOjE2MzQ0NTE3NDF9.bCMgdJOiCO-H2GlDmvwxhg0wcqlga2bBKVgH2Du4q_U
2021-10-17 15:17:26,712:INFO:jwt.jwt
2021-10-17 15:17:26,712:INFO:eyJhbGciOiJIUzI1NiIsInR5cCI6IkpXVCJ9.eyJ1c2VybmFtZSI6Ilx1MDQxYVx1MDQzOFx1MDQzZVx1MDQ0MVx1MDQzYTIiLCJ1c2VyX2lkIjoyLCJleHAiOjE2MzQ0NTUzNDZ9.aRpvPH9z4t7tOLg_I8U-8RJxcLy4cfBKzYGLKHTyWcg
2021-10-17 16:17:32,263:INFO:jwt
2021-10-17 16:17:32,269:INFO:{'username': u'\u041a\u0438\u043e\u0441\u043a2', 'user_id': 2, 'exp': datetime.datetime(2021, 10, 17, 8, 22, 32, 269654)}
2021-10-17 16:17:32,269:INFO:eyJhbGciOiJIUzI1NiIsInR5cCI6IkpXVCJ9.eyJ1c2VybmFtZSI6Ilx1MDQxYVx1MDQzOFx1MDQzZVx1MDQ0MVx1MDQzYTIiLCJ1c2VyX2lkIjoyLCJleHAiOjE2MzQ0NTg5NTJ9.FS7xc9KUKiYJPITJYmaz8vbnXyzaz2R-l8vAqusT4hM
2021-10-17 16:17:32,270:INFO:jwt.jwt
2021-10-17 16:17:32,270:INFO:eyJhbGciOiJIUzI1NiIsInR5cCI6IkpXVCJ9.eyJ1c2VybmFtZSI6Ilx1MDQxYVx1MDQzOFx1MDQzZVx1MDQ0MVx1MDQzYTIiLCJ1c2VyX2lkIjoyLCJleHAiOjE2MzQ0NTUzNDZ9.aRpvPH9z4t7tOLg_I8U-8RJxcLy4cfBKzYGLKHTyWcg
2021-10-17 16:17:32,271:INFO:jwt.jwt
2021-10-17 16:17:32,271:INFO:eyJhbGciOiJIUzI1NiIsInR5cCI6IkpXVCJ9.eyJ1c2VybmFtZSI6Ilx1MDQxYVx1MDQzOFx1MDQzZVx1MDQ0MVx1MDQzYTIiLCJ1c2VyX2lkIjoyLCJleHAiOjE2MzQ0NTg5NTJ9.FS7xc9KUKiYJPITJYmaz8vbnXyzaz2R-l8vAqusT4hM
2021-10-17 17:17:37,683:INFO:jwt
2021-10-17 17:17:37,689:INFO:{'username': u'\u041a\u0438\u043e\u0441\u043a2', 'user_id': 2, 'exp': datetime.datetime(2021, 10, 17, 9, 22, 37, 689837)}
2021-10-17 17:17:37,690:INFO:eyJhbGciOiJIUzI1NiIsInR5cCI6IkpXVCJ9.eyJ1c2VybmFtZSI6Ilx1MDQxYVx1MDQzOFx1MDQzZVx1MDQ0MVx1MDQzYTIiLCJ1c2VyX2lkIjoyLCJleHAiOjE2MzQ0NjI1NTd9.5L7eD1PVsNPchyynCaTeY7BpgAlP_ZgShUAJccRa4Lw
2021-10-17 17:17:37,690:INFO:jwt.jwt
2021-10-17 17:17:37,690:INFO:eyJhbGciOiJIUzI1NiIsInR5cCI6IkpXVCJ9.eyJ1c2VybmFtZSI6Ilx1MDQxYVx1MDQzOFx1MDQzZVx1MDQ0MVx1MDQzYTIiLCJ1c2VyX2lkIjoyLCJleHAiOjE2MzQ0NTg5NTJ9.FS7xc9KUKiYJPITJYmaz8vbnXyzaz2R-l8vAqusT4hM
2021-10-17 17:17:37,691:INFO:jwt.jwt
2021-10-17 17:17:37,691:INFO:eyJhbGciOiJIUzI1NiIsInR5cCI6IkpXVCJ9.eyJ1c2VybmFtZSI6Ilx1MDQxYVx1MDQzOFx1MDQzZVx1MDQ0MVx1MDQzYTIiLCJ1c2VyX2lkIjoyLCJleHAiOjE2MzQ0NjI1NTd9.5L7eD1PVsNPchyynCaTeY7BpgAlP_ZgShUAJccRa4Lw
2021-10-17 18:17:43,142:INFO:jwt
2021-10-17 18:17:43,148:INFO:{'username': u'\u041a\u0438\u043e\u0441\u043a2', 'user_id': 2, 'exp': datetime.datetime(2021, 10, 17, 10, 22, 43, 148554)}
2021-10-17 18:17:43,148:INFO:eyJhbGciOiJIUzI1NiIsInR5cCI6IkpXVCJ9.eyJ1c2VybmFtZSI6Ilx1MDQxYVx1MDQzOFx1MDQzZVx1MDQ0MVx1MDQzYTIiLCJ1c2VyX2lkIjoyLCJleHAiOjE2MzQ0NjYxNjN9.df7xnwLl-IO6HFFuJm64dM9t4ach7e1NdkOpfig1m4Q
2021-10-17 18:17:43,148:INFO:jwt.jwt
2021-10-17 18:17:43,148:INFO:eyJhbGciOiJIUzI1NiIsInR5cCI6IkpXVCJ9.eyJ1c2VybmFtZSI6Ilx1MDQxYVx1MDQzOFx1MDQzZVx1MDQ0MVx1MDQzYTIiLCJ1c2VyX2lkIjoyLCJleHAiOjE2MzQ0NjI1NTd9.5L7eD1PVsNPchyynCaTeY7BpgAlP_ZgShUAJccRa4Lw
2021-10-17 18:17:43,150:INFO:jwt.jwt
2021-10-17 18:17:43,150:INFO:eyJhbGciOiJIUzI1NiIsInR5cCI6IkpXVCJ9.eyJ1c2VybmFtZSI6Ilx1MDQxYVx1MDQzOFx1MDQzZVx1MDQ0MVx1MDQzYTIiLCJ1c2VyX2lkIjoyLCJleHAiOjE2MzQ0NjYxNjN9.df7xnwLl-IO6HFFuJm64dM9t4ach7e1NdkOpfig1m4Q
2021-10-17 19:17:48,603:INFO:jwt
2021-10-17 19:17:48,609:INFO:{'username': u'\u041a\u0438\u043e\u0441\u043a2', 'user_id': 2, 'exp': datetime.datetime(2021, 10, 17, 11, 22, 48, 609941)}
2021-10-17 19:17:48,610:INFO:eyJhbGciOiJIUzI1NiIsInR5cCI6IkpXVCJ9.eyJ1c2VybmFtZSI6Ilx1MDQxYVx1MDQzOFx1MDQzZVx1MDQ0MVx1MDQzYTIiLCJ1c2VyX2lkIjoyLCJleHAiOjE2MzQ0Njk3Njh9.heI4CYWZawaMFbvX0Ah3EZeReNK-NOwVtrYXOe5TW4Y
2021-10-17 19:17:48,610:INFO:jwt.jwt
2021-10-17 19:17:48,610:INFO:eyJhbGciOiJIUzI1NiIsInR5cCI6IkpXVCJ9.eyJ1c2VybmFtZSI6Ilx1MDQxYVx1MDQzOFx1MDQzZVx1MDQ0MVx1MDQzYTIiLCJ1c2VyX2lkIjoyLCJleHAiOjE2MzQ0NjYxNjN9.df7xnwLl-IO6HFFuJm64dM9t4ach7e1NdkOpfig1m4Q
2021-10-17 19:17:48,611:INFO:jwt.jwt
2021-10-17 19:17:48,611:INFO:eyJhbGciOiJIUzI1NiIsInR5cCI6IkpXVCJ9.eyJ1c2VybmFtZSI6Ilx1MDQxYVx1MDQzOFx1MDQzZVx1MDQ0MVx1MDQzYTIiLCJ1c2VyX2lkIjoyLCJleHAiOjE2MzQ0Njk3Njh9.heI4CYWZawaMFbvX0Ah3EZeReNK-NOwVtrYXOe5TW4Y
