2022-08-31 16:22:35,396:INFO:jwt
2022-08-31 16:22:35,434:INFO:{'username': u'\u041a\u0438\u043e\u0441\u043a2', 'user_id': 2, 'exp': datetime.datetime(2022, 8, 31, 8, 27, 35, 434337)}
2022-08-31 16:22:35,434:INFO:eyJhbGciOiJIUzI1NiIsInR5cCI6IkpXVCJ9.eyJ1c2VybmFtZSI6Ilx1MDQxYVx1MDQzOFx1MDQzZVx1MDQ0MVx1MDQzYTIiLCJ1c2VyX2lkIjoyLCJleHAiOjE2NjE5MzQ0NTV9.tife0uoTtroWG0unXxDBCoPMAfuHd_kfDi8i83cQnyI
2022-08-31 16:22:38,785:INFO:ads
2022-08-31 17:22:39,039:INFO:jwt
2022-08-31 17:22:39,047:INFO:{'username': u'\u041a\u0438\u043e\u0441\u043a2', 'user_id': 2, 'exp': datetime.datetime(2022, 8, 31, 9, 27, 39, 47149)}
2022-08-31 17:22:39,047:INFO:eyJhbGciOiJIUzI1NiIsInR5cCI6IkpXVCJ9.eyJ1c2VybmFtZSI6Ilx1MDQxYVx1MDQzOFx1MDQzZVx1MDQ0MVx1MDQzYTIiLCJ1c2VyX2lkIjoyLCJleHAiOjE2NjE5MzgwNTl9.tr4xkiS3inwOhgKs4KoA5mJ439CCgnMqpJhwzqvGEX4
2022-08-31 17:22:42,225:INFO:ads
2022-08-31 18:22:42,375:INFO:jwt
2022-08-31 18:22:42,380:INFO:{'username': u'\u041a\u0438\u043e\u0441\u043a2', 'user_id': 2, 'exp': datetime.datetime(2022, 8, 31, 10, 27, 42, 380597)}
2022-08-31 18:22:42,380:INFO:eyJhbGciOiJIUzI1NiIsInR5cCI6IkpXVCJ9.eyJ1c2VybmFtZSI6Ilx1MDQxYVx1MDQzOFx1MDQzZVx1MDQ0MVx1MDQzYTIiLCJ1c2VyX2lkIjoyLCJleHAiOjE2NjE5NDE2NjJ9.awMjz1a5T-rwH8E36sK9RzIsqlhc7_oAhcsWWvz-LW8
2022-08-31 18:22:45,662:INFO:ads
2022-08-31 18:28:27,025:INFO:ads
2022-08-31 18:29:35,010:INFO:ads
2022-08-31 19:28:28,268:INFO:jwt
2022-08-31 19:28:28,275:INFO:{'username': u'\u041a\u0438\u043e\u0441\u043a2', 'user_id': 2, 'exp': datetime.datetime(2022, 8, 31, 11, 33, 28, 275224)}
2022-08-31 19:28:28,275:INFO:eyJhbGciOiJIUzI1NiIsInR5cCI6IkpXVCJ9.eyJ1c2VybmFtZSI6Ilx1MDQxYVx1MDQzOFx1MDQzZVx1MDQ0MVx1MDQzYTIiLCJ1c2VyX2lkIjoyLCJleHAiOjE2NjE5NDU2MDh9.NL2WI_VZJIpFcLJ7kQGv-Gux2oPhcWZcct0Ys9ndW_w
2022-08-31 19:28:31,542:INFO:ads
2022-08-31 19:29:35,457:INFO:jwt
2022-08-31 19:29:35,462:INFO:{'username': u'\u041a\u0438\u043e\u0441\u043a2', 'user_id': 2, 'exp': datetime.datetime(2022, 8, 31, 11, 34, 35, 462088)}
2022-08-31 19:29:35,462:INFO:eyJhbGciOiJIUzI1NiIsInR5cCI6IkpXVCJ9.eyJ1c2VybmFtZSI6Ilx1MDQxYVx1MDQzOFx1MDQzZVx1MDQ0MVx1MDQzYTIiLCJ1c2VyX2lkIjoyLCJleHAiOjE2NjE5NDU2NzV9.7QNn4_PTurKVGDFn2wIq4LrGIIDqBFJLF2T9xBffeGU
2022-08-31 19:29:38,693:INFO:ads
2022-08-31 20:28:31,499:INFO:jwt
2022-08-31 20:28:31,506:INFO:{'username': u'\u041a\u0438\u043e\u0441\u043a2', 'user_id': 2, 'exp': datetime.datetime(2022, 8, 31, 12, 33, 31, 506818)}
2022-08-31 20:28:31,507:INFO:eyJhbGciOiJIUzI1NiIsInR5cCI6IkpXVCJ9.eyJ1c2VybmFtZSI6Ilx1MDQxYVx1MDQzOFx1MDQzZVx1MDQ0MVx1MDQzYTIiLCJ1c2VyX2lkIjoyLCJleHAiOjE2NjE5NDkyMTF9.93PloGcUcafzDbSn0p_9R_iKiKl9tCfIJmDfDKrFJHM
2022-08-31 20:28:34,751:INFO:ads
2022-08-31 20:29:38,651:INFO:jwt
2022-08-31 20:29:38,658:INFO:{'username': u'\u041a\u0438\u043e\u0441\u043a2', 'user_id': 2, 'exp': datetime.datetime(2022, 8, 31, 12, 34, 38, 658203)}
2022-08-31 20:29:38,658:INFO:eyJhbGciOiJIUzI1NiIsInR5cCI6IkpXVCJ9.eyJ1c2VybmFtZSI6Ilx1MDQxYVx1MDQzOFx1MDQzZVx1MDQ0MVx1MDQzYTIiLCJ1c2VyX2lkIjoyLCJleHAiOjE2NjE5NDkyNzh9.KCOQrL6Ap153ZQADJ0MRSNaLkeG8iH5pXpP6rNfoXCk
2022-08-31 20:29:41,922:INFO:ads
2022-08-31 21:28:35,048:INFO:jwt
2022-08-31 21:28:35,054:INFO:{'username': u'\u041a\u0438\u043e\u0441\u043a2', 'user_id': 2, 'exp': datetime.datetime(2022, 8, 31, 13, 33, 35, 54327)}
2022-08-31 21:28:35,054:INFO:eyJhbGciOiJIUzI1NiIsInR5cCI6IkpXVCJ9.eyJ1c2VybmFtZSI6Ilx1MDQxYVx1MDQzOFx1MDQzZVx1MDQ0MVx1MDQzYTIiLCJ1c2VyX2lkIjoyLCJleHAiOjE2NjE5NTI4MTV9.qZ4PULfepcJlxfr6nCUcvAKYxWdstb4z3OXRCcne9Gs
2022-08-31 21:28:38,291:INFO:ads
2022-08-31 21:29:42,170:INFO:jwt
2022-08-31 21:29:42,175:INFO:{'username': u'\u041a\u0438\u043e\u0441\u043a2', 'user_id': 2, 'exp': datetime.datetime(2022, 8, 31, 13, 34, 42, 175099)}
2022-08-31 21:29:42,175:INFO:eyJhbGciOiJIUzI1NiIsInR5cCI6IkpXVCJ9.eyJ1c2VybmFtZSI6Ilx1MDQxYVx1MDQzOFx1MDQzZVx1MDQ0MVx1MDQzYTIiLCJ1c2VyX2lkIjoyLCJleHAiOjE2NjE5NTI4ODJ9.9YIHQ0GQilQWSPUBB4tE2DkJoRD1ef1_elTKpiid790
2022-08-31 21:29:45,391:INFO:ads
2022-08-31 22:28:38,371:INFO:jwt
2022-08-31 22:28:38,376:INFO:{'username': u'\u041a\u0438\u043e\u0441\u043a2', 'user_id': 2, 'exp': datetime.datetime(2022, 8, 31, 14, 33, 38, 376857)}
2022-08-31 22:28:38,377:INFO:eyJhbGciOiJIUzI1NiIsInR5cCI6IkpXVCJ9.eyJ1c2VybmFtZSI6Ilx1MDQxYVx1MDQzOFx1MDQzZVx1MDQ0MVx1MDQzYTIiLCJ1c2VyX2lkIjoyLCJleHAiOjE2NjE5NTY0MTh9.OvOZNlYVpMzQkqQDldOczu2lFjOPjH6CmP_maGTX7r8
2022-08-31 22:28:41,598:INFO:ads
2022-08-31 22:29:45,528:INFO:jwt
2022-08-31 22:29:45,533:INFO:{'username': u'\u041a\u0438\u043e\u0441\u043a2', 'user_id': 2, 'exp': datetime.datetime(2022, 8, 31, 14, 34, 45, 533225)}
2022-08-31 22:29:45,533:INFO:eyJhbGciOiJIUzI1NiIsInR5cCI6IkpXVCJ9.eyJ1c2VybmFtZSI6Ilx1MDQxYVx1MDQzOFx1MDQzZVx1MDQ0MVx1MDQzYTIiLCJ1c2VyX2lkIjoyLCJleHAiOjE2NjE5NTY0ODV9.bmoibf7mKKnhJRNpEgQTMAmjz9PJ2sqSDeOpV5QYmVA
2022-08-31 22:29:48,775:INFO:ads
2022-08-31 23:28:41,649:INFO:jwt
2022-08-31 23:28:41,654:INFO:{'username': u'\u041a\u0438\u043e\u0441\u043a2', 'user_id': 2, 'exp': datetime.datetime(2022, 8, 31, 15, 33, 41, 654384)}
2022-08-31 23:28:41,654:INFO:eyJhbGciOiJIUzI1NiIsInR5cCI6IkpXVCJ9.eyJ1c2VybmFtZSI6Ilx1MDQxYVx1MDQzOFx1MDQzZVx1MDQ0MVx1MDQzYTIiLCJ1c2VyX2lkIjoyLCJleHAiOjE2NjE5NjAwMjF9.KrnbTicbbCLNx5GsJ5bAqzdgSh2cc-mqojND9BgluoU
2022-08-31 23:28:44,884:INFO:ads
2022-08-31 23:29:49,287:INFO:jwt
2022-08-31 23:29:49,292:INFO:{'username': u'\u041a\u0438\u043e\u0441\u043a2', 'user_id': 2, 'exp': datetime.datetime(2022, 8, 31, 15, 34, 49, 292724)}
2022-08-31 23:29:49,292:INFO:eyJhbGciOiJIUzI1NiIsInR5cCI6IkpXVCJ9.eyJ1c2VybmFtZSI6Ilx1MDQxYVx1MDQzOFx1MDQzZVx1MDQ0MVx1MDQzYTIiLCJ1c2VyX2lkIjoyLCJleHAiOjE2NjE5NjAwODl9.YrMffoFuaQj7NCB0z5N1ubDeSEXumZdVdG8cLCBE-B0
2022-08-31 23:29:52,584:INFO:ads
2022-09-01 00:28:44,994:INFO:jwt
2022-09-01 00:28:45,000:INFO:{'username': u'\u041a\u0438\u043e\u0441\u043a2', 'user_id': 2, 'exp': datetime.datetime(2022, 8, 31, 16, 33, 45, 44)}
2022-09-01 00:28:45,000:INFO:eyJhbGciOiJIUzI1NiIsInR5cCI6IkpXVCJ9.eyJ1c2VybmFtZSI6Ilx1MDQxYVx1MDQzOFx1MDQzZVx1MDQ0MVx1MDQzYTIiLCJ1c2VyX2lkIjoyLCJleHAiOjE2NjE5NjM2MjV9.K4mS9uwji1kc3yFGeR1Cyppe6dal6aTziW0ttLVgMfk
2022-09-01 00:28:48,201:INFO:ads
2022-09-01 00:29:52,715:INFO:jwt
2022-09-01 00:29:52,720:INFO:{'username': u'\u041a\u0438\u043e\u0441\u043a2', 'user_id': 2, 'exp': datetime.datetime(2022, 8, 31, 16, 34, 52, 720594)}
2022-09-01 00:29:52,720:INFO:eyJhbGciOiJIUzI1NiIsInR5cCI6IkpXVCJ9.eyJ1c2VybmFtZSI6Ilx1MDQxYVx1MDQzOFx1MDQzZVx1MDQ0MVx1MDQzYTIiLCJ1c2VyX2lkIjoyLCJleHAiOjE2NjE5NjM2OTJ9.EEhkoCBVj9EjP-cxGtEWKjRnakbL7gc16ih-_Aa5jrU
2022-09-01 00:29:55,942:INFO:ads
2022-09-01 00:42:19,253:INFO:ads
2022-09-01 09:36:00,363:INFO:jwt
2022-09-01 09:36:00,369:INFO:{'username': u'\u041a\u0438\u043e\u0441\u043a2', 'user_id': 2, 'exp': datetime.datetime(2022, 9, 1, 1, 41, 0, 369941)}
2022-09-01 09:36:00,370:INFO:eyJhbGciOiJIUzI1NiIsInR5cCI6IkpXVCJ9.eyJ1c2VybmFtZSI6Ilx1MDQxYVx1MDQzOFx1MDQzZVx1MDQ0MVx1MDQzYTIiLCJ1c2VyX2lkIjoyLCJleHAiOjE2NjE5OTY0NjB9.3ad4siy8myGZ0siWx-o0A7v2paPBu7xG7zbTeqvFR2w
2022-09-01 09:36:03,701:INFO:ads
2022-09-01 09:37:07,634:INFO:checkNumber
2022-09-01 09:37:07,637:INFO:2
2022-09-01 09:37:07,637:INFO:bankConnection
2022-09-01 09:37:07,638:INFO:2
2022-09-01 09:37:07,638:INFO:{'phone_number': u'93311779', 'amount': '', 'serviceName': 'Kiosk', 'trans_id': u'', 'cashOrCard': u'', 'card': u''}
2022-09-01 09:37:07,666:DEBUG:Starting new HTTPS connection (1): banksystem.gmobile.mn:443
2022-09-01 09:37:08,105:DEBUG:https://banksystem.gmobile.mn:443 "POST /service.php/api_services/kiosk/socialPay/checkNumber/response HTTP/1.1" 200 136
2022-09-01 09:37:08,109:INFO:{u'status': 1, u'errors': None, u'data': None, u'action': u'check_index', u'type': None, u'unit': None}
2022-09-01 09:37:08,109:INFO:post
2022-09-01 09:37:08,109:INFO:bankConnection
2022-09-01 09:37:08,110:INFO:2
2022-09-01 09:37:08,110:INFO:{'phone_number': u'93311779', 'serviceName': 'Kiosk'}
2022-09-01 09:37:08,113:DEBUG:Starting new HTTPS connection (1): banksystem.gmobile.mn:443
2022-09-01 09:37:08,547:DEBUG:https://banksystem.gmobile.mn:443 "POST /service.php/api_services/kiosk/socialPay/invoice/response HTTP/1.1" 200 116
2022-09-01 09:37:08,549:INFO:{u'action': u'invoice_index', u'status': u'Success', u'errors': u'0', u'value': 5099}
2022-09-01 09:42:12,569:INFO:ads
