2022-03-25 08:25:19,596:INFO:jwt
2022-03-25 08:25:19,635:INFO:{'username': u'\u041a\u0438\u043e\u0441\u043a2', 'user_id': 2, 'exp': datetime.datetime(2022, 3, 25, 0, 30, 19, 635246)}
2022-03-25 08:25:19,635:INFO:eyJhbGciOiJIUzI1NiIsInR5cCI6IkpXVCJ9.eyJ1c2VybmFtZSI6Ilx1MDQxYVx1MDQzOFx1MDQzZVx1MDQ0MVx1MDQzYTIiLCJ1c2VyX2lkIjoyLCJleHAiOjE2NDgxNjgyMTl9.G941zSxsbLl4FxxtkXO48NhZLt2a20-iTaFoAMtGAIk
2022-03-25 08:25:22,871:INFO:ads
2022-03-25 09:25:23,306:INFO:jwt
2022-03-25 09:25:23,313:INFO:{'username': u'\u041a\u0438\u043e\u0441\u043a2', 'user_id': 2, 'exp': datetime.datetime(2022, 3, 25, 1, 30, 23, 313148)}
2022-03-25 09:25:23,313:INFO:eyJhbGciOiJIUzI1NiIsInR5cCI6IkpXVCJ9.eyJ1c2VybmFtZSI6Ilx1MDQxYVx1MDQzOFx1MDQzZVx1MDQ0MVx1MDQzYTIiLCJ1c2VyX2lkIjoyLCJleHAiOjE2NDgxNzE4MjN9.NI5zwc3Vv_YqW9pzHQ1z0FkxKr2jcZq801Y55IiD8qE
2022-03-25 09:25:26,545:INFO:ads
2022-03-25 10:00:14,117:INFO:jwt
2022-03-25 10:00:14,123:INFO:{'username': u'\u041a\u0438\u043e\u0441\u043a1', 'user_id': 1, 'exp': datetime.datetime(2022, 3, 25, 2, 5, 14, 123495)}
2022-03-25 10:00:14,123:INFO:eyJhbGciOiJIUzI1NiIsInR5cCI6IkpXVCJ9.eyJ1c2VybmFtZSI6Ilx1MDQxYVx1MDQzOFx1MDQzZVx1MDQ0MVx1MDQzYTEiLCJ1c2VyX2lkIjoxLCJleHAiOjE2NDgxNzM5MTR9.jlhKfLGS8pkapDskpFaboOtuFsvZbQO3TmaGSmGAjss
2022-03-25 10:25:26,645:INFO:jwt
2022-03-25 10:25:26,651:INFO:{'username': u'\u041a\u0438\u043e\u0441\u043a2', 'user_id': 2, 'exp': datetime.datetime(2022, 3, 25, 2, 30, 26, 651008)}
2022-03-25 10:25:26,651:INFO:eyJhbGciOiJIUzI1NiIsInR5cCI6IkpXVCJ9.eyJ1c2VybmFtZSI6Ilx1MDQxYVx1MDQzOFx1MDQzZVx1MDQ0MVx1MDQzYTIiLCJ1c2VyX2lkIjoyLCJleHAiOjE2NDgxNzU0MjZ9.5R269EZnMEfxowvjta5itAbNJ3yJnfbLliFFqEwgI1U
2022-03-25 10:25:29,965:INFO:ads
2022-03-25 11:25:30,064:INFO:jwt
2022-03-25 11:25:30,069:INFO:{'username': u'\u041a\u0438\u043e\u0441\u043a2', 'user_id': 2, 'exp': datetime.datetime(2022, 3, 25, 3, 30, 30, 69295)}
2022-03-25 11:25:30,069:INFO:eyJhbGciOiJIUzI1NiIsInR5cCI6IkpXVCJ9.eyJ1c2VybmFtZSI6Ilx1MDQxYVx1MDQzOFx1MDQzZVx1MDQ0MVx1MDQzYTIiLCJ1c2VyX2lkIjoyLCJleHAiOjE2NDgxNzkwMzB9.dzXCWhPMZEkVvV5H_o2pKeKCI4VMocKzTiN4JrCEtiI
2022-03-25 11:25:33,255:INFO:ads
2022-03-25 12:25:33,250:INFO:jwt
2022-03-25 12:25:33,255:INFO:{'username': u'\u041a\u0438\u043e\u0441\u043a2', 'user_id': 2, 'exp': datetime.datetime(2022, 3, 25, 4, 30, 33, 255849)}
2022-03-25 12:25:33,256:INFO:eyJhbGciOiJIUzI1NiIsInR5cCI6IkpXVCJ9.eyJ1c2VybmFtZSI6Ilx1MDQxYVx1MDQzOFx1MDQzZVx1MDQ0MVx1MDQzYTIiLCJ1c2VyX2lkIjoyLCJleHAiOjE2NDgxODI2MzN9.KSvCLCH1PFvHki0VboZz0W6ccVoguxfU_xyXu7-HRKI
2022-03-25 12:25:36,506:INFO:ads
2022-03-25 13:25:36,599:INFO:jwt
2022-03-25 13:25:36,604:INFO:{'username': u'\u041a\u0438\u043e\u0441\u043a2', 'user_id': 2, 'exp': datetime.datetime(2022, 3, 25, 5, 30, 36, 604200)}
2022-03-25 13:25:36,604:INFO:eyJhbGciOiJIUzI1NiIsInR5cCI6IkpXVCJ9.eyJ1c2VybmFtZSI6Ilx1MDQxYVx1MDQzOFx1MDQzZVx1MDQ0MVx1MDQzYTIiLCJ1c2VyX2lkIjoyLCJleHAiOjE2NDgxODYyMzZ9.WufseywI1j9P30NpPK6hT9v7aaucRcR1bRCzqYHcFvY
2022-03-25 13:25:39,847:INFO:ads
2022-03-25 14:25:39,922:INFO:jwt
2022-03-25 14:25:39,927:INFO:{'username': u'\u041a\u0438\u043e\u0441\u043a2', 'user_id': 2, 'exp': datetime.datetime(2022, 3, 25, 6, 30, 39, 927484)}
2022-03-25 14:25:39,927:INFO:eyJhbGciOiJIUzI1NiIsInR5cCI6IkpXVCJ9.eyJ1c2VybmFtZSI6Ilx1MDQxYVx1MDQzOFx1MDQzZVx1MDQ0MVx1MDQzYTIiLCJ1c2VyX2lkIjoyLCJleHAiOjE2NDgxODk4Mzl9.G2ajj2eU-olQYvgxsqWFT97Z9UcDxEQC4N7KcdRIjyk
2022-03-25 14:25:43,210:INFO:ads
2022-03-25 15:25:43,344:INFO:jwt
2022-03-25 15:25:43,349:INFO:{'username': u'\u041a\u0438\u043e\u0441\u043a2', 'user_id': 2, 'exp': datetime.datetime(2022, 3, 25, 7, 30, 43, 349686)}
2022-03-25 15:25:43,349:INFO:eyJhbGciOiJIUzI1NiIsInR5cCI6IkpXVCJ9.eyJ1c2VybmFtZSI6Ilx1MDQxYVx1MDQzOFx1MDQzZVx1MDQ0MVx1MDQzYTIiLCJ1c2VyX2lkIjoyLCJleHAiOjE2NDgxOTM0NDN9.26pYcSStKZOkvNpckV4AhVLO-uprOGm-VvKdvwRC38U
2022-03-25 15:25:46,624:INFO:ads
2022-03-25 16:25:46,604:INFO:jwt
2022-03-25 16:25:46,608:INFO:{'username': u'\u041a\u0438\u043e\u0441\u043a2', 'user_id': 2, 'exp': datetime.datetime(2022, 3, 25, 8, 30, 46, 608938)}
2022-03-25 16:25:46,609:INFO:eyJhbGciOiJIUzI1NiIsInR5cCI6IkpXVCJ9.eyJ1c2VybmFtZSI6Ilx1MDQxYVx1MDQzOFx1MDQzZVx1MDQ0MVx1MDQzYTIiLCJ1c2VyX2lkIjoyLCJleHAiOjE2NDgxOTcwNDZ9.IHHay7CfctbQwiK3_bC6hIQveoIEuM5zxgF1cif5_zM
2022-03-25 16:25:49,868:INFO:ads
2022-03-25 17:25:49,871:INFO:jwt
2022-03-25 17:25:49,875:INFO:{'username': u'\u041a\u0438\u043e\u0441\u043a2', 'user_id': 2, 'exp': datetime.datetime(2022, 3, 25, 9, 30, 49, 875908)}
2022-03-25 17:25:49,876:INFO:eyJhbGciOiJIUzI1NiIsInR5cCI6IkpXVCJ9.eyJ1c2VybmFtZSI6Ilx1MDQxYVx1MDQzOFx1MDQzZVx1MDQ0MVx1MDQzYTIiLCJ1c2VyX2lkIjoyLCJleHAiOjE2NDgyMDA2NDl9.RjLdau5GUey3MJfHxfTkFVI0Hb6WEb527sZDC1AQnWQ
2022-03-25 17:25:53,106:INFO:ads
2022-03-25 18:25:53,242:INFO:jwt
2022-03-25 18:25:53,246:INFO:{'username': u'\u041a\u0438\u043e\u0441\u043a2', 'user_id': 2, 'exp': datetime.datetime(2022, 3, 25, 10, 30, 53, 246913)}
2022-03-25 18:25:53,247:INFO:eyJhbGciOiJIUzI1NiIsInR5cCI6IkpXVCJ9.eyJ1c2VybmFtZSI6Ilx1MDQxYVx1MDQzOFx1MDQzZVx1MDQ0MVx1MDQzYTIiLCJ1c2VyX2lkIjoyLCJleHAiOjE2NDgyMDQyNTN9.E0NUnnb0DJojKoBkQNiIzfXVQyQfNtehqu7OeqCmw8E
2022-03-25 18:25:56,490:INFO:ads
2022-03-25 19:25:56,583:INFO:jwt
2022-03-25 19:25:56,588:INFO:{'username': u'\u041a\u0438\u043e\u0441\u043a2', 'user_id': 2, 'exp': datetime.datetime(2022, 3, 25, 11, 30, 56, 588750)}
2022-03-25 19:25:56,589:INFO:eyJhbGciOiJIUzI1NiIsInR5cCI6IkpXVCJ9.eyJ1c2VybmFtZSI6Ilx1MDQxYVx1MDQzOFx1MDQzZVx1MDQ0MVx1MDQzYTIiLCJ1c2VyX2lkIjoyLCJleHAiOjE2NDgyMDc4NTZ9.ZBbNlG6qOz7Dgmh5Yr47-cNdDNkneIJNtUYjjO_vT8s
2022-03-25 19:25:59,821:INFO:ads
2022-03-25 19:59:02,275:INFO:searchNumber
2022-03-25 19:59:02,888:INFO:98220020:6|98220134:6|98220135:6|98220137:6|98220144:6|98220163:6|98220172:6|98220267:6|98220276:6|98220285:6|98220294:6|98220334:6|98220343:6|98220345:6|98220378:6|98220398:6|98220413:6|98220419:6|98220436:6|98220443:6|98220453:6|98220460:6|98220461:6|98220462:6|98220466:6|98220482:6|98220485:6|98220491:6|98220493:6|98220536:6|98220544:6|98220564:6|98220568:6|98220576:6|98220613:6|98220621:6|98220631:6|98220633:6|98220677:6|98220690:6|98220731:6|98220743:6|98220749:6|98220827:6|98220841:6|98220849:6|98220869:6|98220872:6|98220873:6|98220875:6|98220876:6|98220883:6|98220890:6|98220892:6|98220893:6|98220895:6|98220897:6|98220931:6|98220932:6|98220934:6|98220938:6|98220939:6|98220943:6|98220948:6|98220950:6|98220952:6|98220957:6|98220958:6|98220961:6|98220962:6|98220964:6|98220967:6|98220971:6|98220972:6|98220973:6|98220975:6|98220976:6|98220977:6|98220984:6|98220985:6|98220996:6|98221029:6|98221032:6|98221035:6|98221043:6|98221044:6|98221045:6|98221051:6|98221052:6|98221053:6|98221056:6|98221057:6|98221058:6|98221063:6|98221065:6|98221068:6|98221071:6|98221073:6|98221074:6|98221078:6
2022-03-25 19:59:03,000:INFO:[{'prefix': '98220020'}, {'prefix': '98220134'}, {'prefix': '98220135'}, {'prefix': '98220137'}, {'prefix': '98220144'}, {'prefix': '98220163'}, {'prefix': '98220172'}, {'prefix': '98220267'}, {'prefix': '98220276'}, {'prefix': '98220285'}, {'prefix': '98220294'}, {'prefix': '98220334'}, {'prefix': '98220343'}, {'prefix': '98220345'}, {'prefix': '98220378'}, {'prefix': '98220398'}, {'prefix': '98220413'}, {'prefix': '98220419'}, {'prefix': '98220436'}, {'prefix': '98220443'}, {'prefix': '98220453'}, {'prefix': '98220460'}, {'prefix': '98220461'}, {'prefix': '98220462'}, {'prefix': '98220466'}, {'prefix': '98220482'}, {'prefix': '98220485'}, {'prefix': '98220491'}, {'prefix': '98220493'}, {'prefix': '98220536'}, {'prefix': '98220544'}, {'prefix': '98220564'}, {'prefix': '98220568'}, {'prefix': '98220576'}, {'prefix': '98220613'}, {'prefix': '98220621'}, {'prefix': '98220631'}, {'prefix': '98220633'}, {'prefix': '98220677'}, {'prefix': '98220690'}, {'prefix': '98220731'}, {'prefix': '98220743'}, {'prefix': '98220749'}, {'prefix': '98220827'}, {'prefix': '98220841'}, {'prefix': '98220849'}, {'prefix': '98220869'}, {'prefix': '98220872'}, {'prefix': '98220873'}, {'prefix': '98220875'}, {'prefix': '98220876'}, {'prefix': '98220883'}, {'prefix': '98220890'}, {'prefix': '98220892'}, {'prefix': '98220893'}, {'prefix': '98220895'}, {'prefix': '98220897'}, {'prefix': '98220931'}, {'prefix': '98220932'}, {'prefix': '98220934'}, {'prefix': '98220938'}, {'prefix': '98220939'}, {'prefix': '98220943'}, {'prefix': '98220948'}, {'prefix': '98220950'}, {'prefix': '98220952'}, {'prefix': '98220957'}, {'prefix': '98220958'}, {'prefix': '98220961'}, {'prefix': '98220962'}, {'prefix': '98220964'}, {'prefix': '98220967'}, {'prefix': '98220971'}, {'prefix': '98220972'}, {'prefix': '98220973'}, {'prefix': '98220975'}, {'prefix': '98220976'}, {'prefix': '98220977'}, {'prefix': '98220984'}, {'prefix': '98220985'}, {'prefix': '98220996'}, {'prefix': '98221029'}, {'prefix': '98221032'}, {'prefix': '98221035'}, {'prefix': '98221043'}, {'prefix': '98221044'}, {'prefix': '98221045'}, {'prefix': '98221051'}, {'prefix': '98221052'}, {'prefix': '98221053'}, {'prefix': '98221056'}, {'prefix': '98221057'}, {'prefix': '98221058'}, {'prefix': '98221063'}, {'prefix': '98221065'}, {'prefix': '98221068'}, {'prefix': '98221071'}, {'prefix': '98221073'}, {'prefix': '98221074'}, {'prefix': '98221078'}]
2022-03-25 19:59:10,641:INFO:blockUnblock
2022-03-25 19:59:10,641:INFO:block
2022-03-25 19:59:10,641:INFO:1
2022-03-25 19:59:10,641:INFO:user_ip: 203.91.114.64
2022-03-25 19:59:10,658:INFO:Success
2022-03-25 19:59:10,661:INFO:5000
2022-03-25 19:59:10,661:INFO:{u'negj': u'3000', u'honog': u'30', u'nuhtsul': u'\u0411\u04af\u0445 \u0441\u04af\u043b\u0436\u044d\u044d\u043d\u0434\u044d\u044d 70 \u0442\u04e9\u0433', u'data': u'0', u'price': 5000}
2022-03-25 20:00:17,436:INFO:jwt
2022-03-25 20:00:17,441:INFO:{'username': u'\u041a\u0438\u043e\u0441\u043a2', 'user_id': 2, 'exp': datetime.datetime(2022, 3, 25, 12, 5, 17, 441234)}
2022-03-25 20:00:17,441:INFO:eyJhbGciOiJIUzI1NiIsInR5cCI6IkpXVCJ9.eyJ1c2VybmFtZSI6Ilx1MDQxYVx1MDQzOFx1MDQzZVx1MDQ0MVx1MDQzYTIiLCJ1c2VyX2lkIjoyLCJleHAiOjE2NDgyMDk5MTd9.M4dK1AwcMYUE0CzOqzfl797bwm3hDCVz1IuVMND6Iek
2022-03-25 20:00:20,645:INFO:ads
2022-03-25 20:01:47,396:INFO:searchNumber
2022-03-25 20:01:50,029:INFO:98220134:6|98220135:6|98220137:6|98220144:6|98220163:6|98220172:6|98220267:6|98220276:6|98220285:6|98220294:6|98220334:6|98220343:6|98220345:6|98220378:6|98220398:6|98220413:6|98220419:6|98220436:6|98220443:6|98220453:6|98220460:6|98220461:6|98220462:6|98220466:6|98220482:6|98220485:6|98220491:6|98220493:6|98220536:6|98220544:6|98220564:6|98220568:6|98220576:6|98220613:6|98220621:6|98220631:6|98220633:6|98220677:6|98220690:6|98220731:6|98220743:6|98220749:6|98220827:6|98220841:6|98220849:6|98220869:6|98220872:6|98220873:6|98220875:6|98220876:6|98220883:6|98220890:6|98220892:6|98220893:6|98220895:6|98220897:6|98220931:6|98220932:6|98220934:6|98220938:6|98220939:6|98220943:6|98220948:6|98220950:6|98220952:6|98220957:6|98220958:6|98220961:6|98220962:6|98220964:6|98220967:6|98220971:6|98220972:6|98220973:6|98220975:6|98220976:6|98220977:6|98220984:6|98220985:6|98220996:6|98221029:6|98221032:6|98221035:6|98221043:6|98221044:6|98221045:6|98221051:6|98221052:6|98221053:6|98221056:6|98221057:6|98221058:6|98221063:6|98221065:6|98221068:6|98221071:6|98221073:6|98221074:6|98221078:6|98221082:6
2022-03-25 20:01:50,130:INFO:searchNumber
2022-03-25 20:01:50,153:INFO:[{'prefix': '98220134'}, {'prefix': '98220135'}, {'prefix': '98220137'}, {'prefix': '98220144'}, {'prefix': '98220163'}, {'prefix': '98220172'}, {'prefix': '98220267'}, {'prefix': '98220276'}, {'prefix': '98220285'}, {'prefix': '98220294'}, {'prefix': '98220334'}, {'prefix': '98220343'}, {'prefix': '98220345'}, {'prefix': '98220378'}, {'prefix': '98220398'}, {'prefix': '98220413'}, {'prefix': '98220419'}, {'prefix': '98220436'}, {'prefix': '98220443'}, {'prefix': '98220453'}, {'prefix': '98220460'}, {'prefix': '98220461'}, {'prefix': '98220462'}, {'prefix': '98220466'}, {'prefix': '98220482'}, {'prefix': '98220485'}, {'prefix': '98220491'}, {'prefix': '98220493'}, {'prefix': '98220536'}, {'prefix': '98220544'}, {'prefix': '98220564'}, {'prefix': '98220568'}, {'prefix': '98220576'}, {'prefix': '98220613'}, {'prefix': '98220621'}, {'prefix': '98220631'}, {'prefix': '98220633'}, {'prefix': '98220677'}, {'prefix': '98220690'}, {'prefix': '98220731'}, {'prefix': '98220743'}, {'prefix': '98220749'}, {'prefix': '98220827'}, {'prefix': '98220841'}, {'prefix': '98220849'}, {'prefix': '98220869'}, {'prefix': '98220872'}, {'prefix': '98220873'}, {'prefix': '98220875'}, {'prefix': '98220876'}, {'prefix': '98220883'}, {'prefix': '98220890'}, {'prefix': '98220892'}, {'prefix': '98220893'}, {'prefix': '98220895'}, {'prefix': '98220897'}, {'prefix': '98220931'}, {'prefix': '98220932'}, {'prefix': '98220934'}, {'prefix': '98220938'}, {'prefix': '98220939'}, {'prefix': '98220943'}, {'prefix': '98220948'}, {'prefix': '98220950'}, {'prefix': '98220952'}, {'prefix': '98220957'}, {'prefix': '98220958'}, {'prefix': '98220961'}, {'prefix': '98220962'}, {'prefix': '98220964'}, {'prefix': '98220967'}, {'prefix': '98220971'}, {'prefix': '98220972'}, {'prefix': '98220973'}, {'prefix': '98220975'}, {'prefix': '98220976'}, {'prefix': '98220977'}, {'prefix': '98220984'}, {'prefix': '98220985'}, {'prefix': '98220996'}, {'prefix': '98221029'}, {'prefix': '98221032'}, {'prefix': '98221035'}, {'prefix': '98221043'}, {'prefix': '98221044'}, {'prefix': '98221045'}, {'prefix': '98221051'}, {'prefix': '98221052'}, {'prefix': '98221053'}, {'prefix': '98221056'}, {'prefix': '98221057'}, {'prefix': '98221058'}, {'prefix': '98221063'}, {'prefix': '98221065'}, {'prefix': '98221068'}, {'prefix': '98221071'}, {'prefix': '98221073'}, {'prefix': '98221074'}, {'prefix': '98221078'}, {'prefix': '98221082'}]
2022-03-25 20:01:50,675:INFO:searchNumber
2022-03-25 20:01:53,033:INFO:98220134:6|98220135:6|98220137:6|98220144:6|98220163:6|98220172:6|98220267:6|98220276:6|98220285:6|98220294:6|98220334:6|98220343:6|98220345:6|98220378:6|98220398:6|98220413:6|98220419:6|98220436:6|98220443:6|98220453:6|98220460:6|98220461:6|98220462:6|98220466:6|98220482:6|98220485:6|98220491:6|98220493:6|98220536:6|98220544:6|98220564:6|98220568:6|98220576:6|98220613:6|98220621:6|98220631:6|98220633:6|98220677:6|98220690:6|98220731:6|98220743:6|98220749:6|98220827:6|98220841:6|98220849:6|98220869:6|98220872:6|98220873:6|98220875:6|98220876:6|98220883:6|98220890:6|98220892:6|98220893:6|98220895:6|98220897:6|98220931:6|98220932:6|98220934:6|98220938:6|98220939:6|98220943:6|98220948:6|98220950:6|98220952:6|98220957:6|98220958:6|98220961:6|98220962:6|98220964:6|98220967:6|98220971:6|98220972:6|98220973:6|98220975:6|98220976:6|98220977:6|98220984:6|98220985:6|98220996:6|98221029:6|98221032:6|98221035:6|98221043:6|98221044:6|98221045:6|98221051:6|98221052:6|98221053:6|98221056:6|98221057:6|98221058:6|98221063:6|98221065:6|98221068:6|98221071:6|98221073:6|98221074:6|98221078:6|98221082:6
2022-03-25 20:01:53,061:INFO:98220134:6|98220135:6|98220137:6|98220144:6|98220163:6|98220172:6|98220267:6|98220276:6|98220285:6|98220294:6|98220334:6|98220343:6|98220345:6|98220378:6|98220398:6|98220413:6|98220419:6|98220436:6|98220443:6|98220453:6|98220460:6|98220461:6|98220462:6|98220466:6|98220482:6|98220485:6|98220491:6|98220493:6|98220536:6|98220544:6|98220564:6|98220568:6|98220576:6|98220613:6|98220621:6|98220631:6|98220633:6|98220677:6|98220690:6|98220731:6|98220743:6|98220749:6|98220827:6|98220841:6|98220849:6|98220869:6|98220872:6|98220873:6|98220875:6|98220876:6|98220883:6|98220890:6|98220892:6|98220893:6|98220895:6|98220897:6|98220931:6|98220932:6|98220934:6|98220938:6|98220939:6|98220943:6|98220948:6|98220950:6|98220952:6|98220957:6|98220958:6|98220961:6|98220962:6|98220964:6|98220967:6|98220971:6|98220972:6|98220973:6|98220975:6|98220976:6|98220977:6|98220984:6|98220985:6|98220996:6|98221029:6|98221032:6|98221035:6|98221043:6|98221044:6|98221045:6|98221051:6|98221052:6|98221053:6|98221056:6|98221057:6|98221058:6|98221063:6|98221065:6|98221068:6|98221071:6|98221073:6|98221074:6|98221078:6|98221082:6
2022-03-25 20:01:53,268:INFO:[{'prefix': '98220134'}, {'prefix': '98220135'}, {'prefix': '98220137'}, {'prefix': '98220144'}, {'prefix': '98220163'}, {'prefix': '98220172'}, {'prefix': '98220267'}, {'prefix': '98220276'}, {'prefix': '98220285'}, {'prefix': '98220294'}, {'prefix': '98220334'}, {'prefix': '98220343'}, {'prefix': '98220345'}, {'prefix': '98220378'}, {'prefix': '98220398'}, {'prefix': '98220413'}, {'prefix': '98220419'}, {'prefix': '98220436'}, {'prefix': '98220443'}, {'prefix': '98220453'}, {'prefix': '98220460'}, {'prefix': '98220461'}, {'prefix': '98220462'}, {'prefix': '98220466'}, {'prefix': '98220482'}, {'prefix': '98220485'}, {'prefix': '98220491'}, {'prefix': '98220493'}, {'prefix': '98220536'}, {'prefix': '98220544'}, {'prefix': '98220564'}, {'prefix': '98220568'}, {'prefix': '98220576'}, {'prefix': '98220613'}, {'prefix': '98220621'}, {'prefix': '98220631'}, {'prefix': '98220633'}, {'prefix': '98220677'}, {'prefix': '98220690'}, {'prefix': '98220731'}, {'prefix': '98220743'}, {'prefix': '98220749'}, {'prefix': '98220827'}, {'prefix': '98220841'}, {'prefix': '98220849'}, {'prefix': '98220869'}, {'prefix': '98220872'}, {'prefix': '98220873'}, {'prefix': '98220875'}, {'prefix': '98220876'}, {'prefix': '98220883'}, {'prefix': '98220890'}, {'prefix': '98220892'}, {'prefix': '98220893'}, {'prefix': '98220895'}, {'prefix': '98220897'}, {'prefix': '98220931'}, {'prefix': '98220932'}, {'prefix': '98220934'}, {'prefix': '98220938'}, {'prefix': '98220939'}, {'prefix': '98220943'}, {'prefix': '98220948'}, {'prefix': '98220950'}, {'prefix': '98220952'}, {'prefix': '98220957'}, {'prefix': '98220958'}, {'prefix': '98220961'}, {'prefix': '98220962'}, {'prefix': '98220964'}, {'prefix': '98220967'}, {'prefix': '98220971'}, {'prefix': '98220972'}, {'prefix': '98220973'}, {'prefix': '98220975'}, {'prefix': '98220976'}, {'prefix': '98220977'}, {'prefix': '98220984'}, {'prefix': '98220985'}, {'prefix': '98220996'}, {'prefix': '98221029'}, {'prefix': '98221032'}, {'prefix': '98221035'}, {'prefix': '98221043'}, {'prefix': '98221044'}, {'prefix': '98221045'}, {'prefix': '98221051'}, {'prefix': '98221052'}, {'prefix': '98221053'}, {'prefix': '98221056'}, {'prefix': '98221057'}, {'prefix': '98221058'}, {'prefix': '98221063'}, {'prefix': '98221065'}, {'prefix': '98221068'}, {'prefix': '98221071'}, {'prefix': '98221073'}, {'prefix': '98221074'}, {'prefix': '98221078'}, {'prefix': '98221082'}]
2022-03-25 20:01:53,300:INFO:[{'prefix': '98220134'}, {'prefix': '98220135'}, {'prefix': '98220137'}, {'prefix': '98220144'}, {'prefix': '98220163'}, {'prefix': '98220172'}, {'prefix': '98220267'}, {'prefix': '98220276'}, {'prefix': '98220285'}, {'prefix': '98220294'}, {'prefix': '98220334'}, {'prefix': '98220343'}, {'prefix': '98220345'}, {'prefix': '98220378'}, {'prefix': '98220398'}, {'prefix': '98220413'}, {'prefix': '98220419'}, {'prefix': '98220436'}, {'prefix': '98220443'}, {'prefix': '98220453'}, {'prefix': '98220460'}, {'prefix': '98220461'}, {'prefix': '98220462'}, {'prefix': '98220466'}, {'prefix': '98220482'}, {'prefix': '98220485'}, {'prefix': '98220491'}, {'prefix': '98220493'}, {'prefix': '98220536'}, {'prefix': '98220544'}, {'prefix': '98220564'}, {'prefix': '98220568'}, {'prefix': '98220576'}, {'prefix': '98220613'}, {'prefix': '98220621'}, {'prefix': '98220631'}, {'prefix': '98220633'}, {'prefix': '98220677'}, {'prefix': '98220690'}, {'prefix': '98220731'}, {'prefix': '98220743'}, {'prefix': '98220749'}, {'prefix': '98220827'}, {'prefix': '98220841'}, {'prefix': '98220849'}, {'prefix': '98220869'}, {'prefix': '98220872'}, {'prefix': '98220873'}, {'prefix': '98220875'}, {'prefix': '98220876'}, {'prefix': '98220883'}, {'prefix': '98220890'}, {'prefix': '98220892'}, {'prefix': '98220893'}, {'prefix': '98220895'}, {'prefix': '98220897'}, {'prefix': '98220931'}, {'prefix': '98220932'}, {'prefix': '98220934'}, {'prefix': '98220938'}, {'prefix': '98220939'}, {'prefix': '98220943'}, {'prefix': '98220948'}, {'prefix': '98220950'}, {'prefix': '98220952'}, {'prefix': '98220957'}, {'prefix': '98220958'}, {'prefix': '98220961'}, {'prefix': '98220962'}, {'prefix': '98220964'}, {'prefix': '98220967'}, {'prefix': '98220971'}, {'prefix': '98220972'}, {'prefix': '98220973'}, {'prefix': '98220975'}, {'prefix': '98220976'}, {'prefix': '98220977'}, {'prefix': '98220984'}, {'prefix': '98220985'}, {'prefix': '98220996'}, {'prefix': '98221029'}, {'prefix': '98221032'}, {'prefix': '98221035'}, {'prefix': '98221043'}, {'prefix': '98221044'}, {'prefix': '98221045'}, {'prefix': '98221051'}, {'prefix': '98221052'}, {'prefix': '98221053'}, {'prefix': '98221056'}, {'prefix': '98221057'}, {'prefix': '98221058'}, {'prefix': '98221063'}, {'prefix': '98221065'}, {'prefix': '98221068'}, {'prefix': '98221071'}, {'prefix': '98221073'}, {'prefix': '98221074'}, {'prefix': '98221078'}, {'prefix': '98221082'}]
2022-03-25 20:02:09,773:INFO:blockUnblock
2022-03-25 20:02:09,773:INFO:block
2022-03-25 20:02:09,773:INFO:1
2022-03-25 20:02:09,773:INFO:user_ip: 203.91.114.64
2022-03-25 20:02:09,798:INFO:Success
2022-03-25 20:02:09,802:INFO:5000
2022-03-25 20:02:09,802:INFO:{u'negj': u'3000', u'honog': u'30', u'nuhtsul': u'\u0411\u04af\u0445 \u0441\u04af\u043b\u0436\u044d\u044d\u043d\u0434\u044d\u044d 70 \u0442\u04e9\u0433', u'data': u'0', u'price': 5000}
2022-03-25 20:03:00,788:INFO:blockUnblock
2022-03-25 20:03:00,788:INFO:unblock
2022-03-25 20:03:00,788:INFO:1
2022-03-25 20:03:00,788:INFO:user_ip: 203.91.114.64
2022-03-25 20:03:00,804:INFO:Success
2022-03-25 20:03:00,804:INFO:unblock
2022-03-25 20:03:00,804:INFO:Unblocked
2022-03-26 09:50:14,068:INFO:jwt
2022-03-26 09:50:14,073:INFO:{'username': u'\u041a\u0438\u043e\u0441\u043a1', 'user_id': 1, 'exp': datetime.datetime(2022, 3, 26, 1, 55, 14, 73136)}
2022-03-26 09:50:14,073:INFO:eyJhbGciOiJIUzI1NiIsInR5cCI6IkpXVCJ9.eyJ1c2VybmFtZSI6Ilx1MDQxYVx1MDQzOFx1MDQzZVx1MDQ0MVx1MDQzYTEiLCJ1c2VyX2lkIjoxLCJleHAiOjE2NDgyNTk3MTR9.M6Ld_W3KkwC9IYjsQz8tP6AZYqad1GId1L9fmAMlrcs
2022-03-27 09:50:16,512:INFO:jwt
2022-03-27 09:50:16,517:INFO:{'username': u'\u041a\u0438\u043e\u0441\u043a1', 'user_id': 1, 'exp': datetime.datetime(2022, 3, 27, 1, 55, 16, 517747)}
2022-03-27 09:50:16,518:INFO:eyJhbGciOiJIUzI1NiIsInR5cCI6IkpXVCJ9.eyJ1c2VybmFtZSI6Ilx1MDQxYVx1MDQzOFx1MDQzZVx1MDQ0MVx1MDQzYTEiLCJ1c2VyX2lkIjoxLCJleHAiOjE2NDgzNDYxMTZ9.tbPcqdzAxmvlF4CzR9gk_HZfZ9fOQjRJ3KGYsgFjovY
2022-03-29 09:50:57,379:INFO:jwt
2022-03-29 09:50:57,384:INFO:{'username': u'\u041a\u0438\u043e\u0441\u043a1', 'user_id': 1, 'exp': datetime.datetime(2022, 3, 29, 1, 55, 57, 384683)}
2022-03-29 09:50:57,384:INFO:eyJhbGciOiJIUzI1NiIsInR5cCI6IkpXVCJ9.eyJ1c2VybmFtZSI6Ilx1MDQxYVx1MDQzOFx1MDQzZVx1MDQ0MVx1MDQzYTEiLCJ1c2VyX2lkIjoxLCJleHAiOjE2NDg1MTg5NTd9.BcRU18acR-OM1_CF8SXOqDTSBszda6Y12eMnB56XsIE
2022-03-29 12:35:52,872:INFO:ads
