2022-08-03 15:24:16,886:INFO:jwt
2022-08-03 15:24:16,918:INFO:{'username': u'\u041a\u0438\u043e\u0441\u043a2', 'user_id': 2, 'exp': datetime.datetime(2022, 8, 3, 7, 29, 16, 918886)}
2022-08-03 15:24:16,919:INFO:eyJhbGciOiJIUzI1NiIsInR5cCI6IkpXVCJ9.eyJ1c2VybmFtZSI6Ilx1MDQxYVx1MDQzOFx1MDQzZVx1MDQ0MVx1MDQzYTIiLCJ1c2VyX2lkIjoyLCJleHAiOjE2NTk1MTE3NTZ9.NzyzcBRU7jEoqoo6CyUWWzkeZ0uoiutzJPGpDMMeUG0
2022-08-03 15:24:20,292:INFO:ads
2022-08-03 15:34:58,849:INFO:jwt
2022-08-03 15:34:58,854:INFO:{'username': u'\u041a\u0438\u043e\u0441\u043a2', 'user_id': 2, 'exp': datetime.datetime(2022, 8, 3, 7, 39, 58, 854114)}
2022-08-03 15:34:58,854:INFO:eyJhbGciOiJIUzI1NiIsInR5cCI6IkpXVCJ9.eyJ1c2VybmFtZSI6Ilx1MDQxYVx1MDQzOFx1MDQzZVx1MDQ0MVx1MDQzYTIiLCJ1c2VyX2lkIjoyLCJleHAiOjE2NTk1MTIzOTh9.rxNeEGjyILPBM1d0iu0MxcgE-2w3LlVm9kMQjV37JAs
2022-08-03 15:35:02,167:INFO:ads
2022-08-03 16:24:20,414:INFO:jwt
2022-08-03 16:24:20,419:INFO:{'username': u'\u041a\u0438\u043e\u0441\u043a2', 'user_id': 2, 'exp': datetime.datetime(2022, 8, 3, 8, 29, 20, 419684)}
2022-08-03 16:24:20,419:INFO:eyJhbGciOiJIUzI1NiIsInR5cCI6IkpXVCJ9.eyJ1c2VybmFtZSI6Ilx1MDQxYVx1MDQzOFx1MDQzZVx1MDQ0MVx1MDQzYTIiLCJ1c2VyX2lkIjoyLCJleHAiOjE2NTk1MTUzNjB9.8FZcVf-isuOzkJF2Z38-Haw7OR236JVI5Y_W86yWusQ
2022-08-03 16:24:23,692:INFO:ads
2022-08-03 16:27:34,462:INFO:searchNumber
2022-08-03 16:27:34,464:INFO:DEAAAABB
2022-08-03 16:27:34,465:INFO:DEAAAABB
2022-08-03 16:27:34,465:INFO:alt6
2022-08-03 16:27:34,469:INFO:[<Prefix: Prefix object>, <Prefix: Prefix object>, <Prefix: Prefix object>, <Prefix: Prefix object>, <Prefix: Prefix object>, <Prefix: Prefix object>, <Prefix: Prefix object>, <Prefix: Prefix object>, <Prefix: Prefix object>, <Prefix: Prefix object>, <Prefix: Prefix object>, <Prefix: Prefix object>, <Prefix: Prefix object>, <Prefix: Prefix object>, <Prefix: Prefix object>, <Prefix: Prefix object>, <Prefix: Prefix object>, <Prefix: Prefix object>, <Prefix: Prefix object>, <Prefix: Prefix object>, <Prefix: Prefix object>, <Prefix: Prefix object>, <Prefix: Prefix object>, <Prefix: Prefix object>, <Prefix: Prefix object>, <Prefix: Prefix object>, <Prefix: Prefix object>, <Prefix: Prefix object>, <Prefix: Prefix object>, <Prefix: Prefix object>, <Prefix: Prefix object>, <Prefix: Prefix object>, <Prefix: Prefix object>, <Prefix: Prefix object>, <Prefix: Prefix object>, <Prefix: Prefix object>, <Prefix: Prefix object>, <Prefix: Prefix object>, <Prefix: Prefix object>, <Prefix: Prefix object>, <Prefix: Prefix object>, <Prefix: Prefix object>, <Prefix: Prefix object>, <Prefix: Prefix object>, <Prefix: Prefix object>, <Prefix: Prefix object>, <Prefix: Prefix object>, <Prefix: Prefix object>, <Prefix: Prefix object>, <Prefix: Prefix object>, <Prefix: Prefix object>, <Prefix: Prefix object>, <Prefix: Prefix object>, <Prefix: Prefix object>, <Prefix: Prefix object>, <Prefix: Prefix object>, <Prefix: Prefix object>, <Prefix: Prefix object>, <Prefix: Prefix object>, <Prefix: Prefix object>, <Prefix: Prefix object>, <Prefix: Prefix object>, <Prefix: Prefix object>, <Prefix: Prefix object>, <Prefix: Prefix object>, <Prefix: Prefix object>, <Prefix: Prefix object>, <Prefix: Prefix object>, <Prefix: Prefix object>, <Prefix: Prefix object>, <Prefix: Prefix object>, <Prefix: Prefix object>, <Prefix: Prefix object>, <Prefix: Prefix object>, <Prefix: Prefix object>, <Prefix: Prefix object>, <Prefix: Prefix object>, <Prefix: Prefix object>, <Prefix: Prefix object>, <Prefix: Prefix object>, <Prefix: Prefix object>, <Prefix: Prefix object>, <Prefix: Prefix object>, <Prefix: Prefix object>, <Prefix: Prefix object>, <Prefix: Prefix object>, <Prefix: Prefix object>, <Prefix: Prefix object>, <Prefix: Prefix object>, <Prefix: Prefix object>, <Prefix: Prefix object>, <Prefix: Prefix object>, <Prefix: Prefix object>, <Prefix: Prefix object>, <Prefix: Prefix object>, <Prefix: Prefix object>, <Prefix: Prefix object>, <Prefix: Prefix object>, <Prefix: Prefix object>, <Prefix: Prefix object>, <Prefix: Prefix object>, <Prefix: Prefix object>, <Prefix: Prefix object>, <Prefix: Prefix object>, <Prefix: Prefix object>, <Prefix: Prefix object>, <Prefix: Prefix object>, <Prefix: Prefix object>, <Prefix: Prefix object>, <Prefix: Prefix object>, <Prefix: Prefix object>, <Prefix: Prefix object>]
2022-08-03 16:27:34,556:INFO:-1
2022-08-03 16:27:34,631:INFO:-1
2022-08-03 16:27:34,729:INFO:83145555:5
2022-08-03 16:27:34,865:INFO:-1
2022-08-03 16:27:35,099:INFO:83165555:5
2022-08-03 16:27:35,293:INFO:83175555:5
2022-08-03 16:27:35,384:INFO:-1
2022-08-03 16:27:35,609:INFO:-1
2022-08-03 16:27:35,687:INFO:-1
2022-08-03 16:27:35,757:INFO:-1
2022-08-03 16:27:35,927:INFO:-1
2022-08-03 16:27:36,015:INFO:-1
2022-08-03 16:27:36,175:INFO:-1
2022-08-03 16:27:36,418:INFO:93172222:5
2022-08-03 16:27:36,652:INFO:93182222:5|93185555:5
2022-08-03 16:27:36,741:INFO:-1
2022-08-03 16:27:36,855:INFO:-1
2022-08-03 16:27:36,975:INFO:-1
2022-08-03 16:27:37,127:INFO:-1
2022-08-03 16:27:37,478:INFO:-1
2022-08-03 16:27:37,582:INFO:-1
2022-08-03 16:27:37,779:INFO:-1
2022-08-03 16:27:38,010:INFO:93264444:5
2022-08-03 16:27:38,165:INFO:-1
2022-08-03 16:27:38,377:INFO:-1
2022-08-03 16:27:38,478:INFO:-1
2022-08-03 16:27:38,642:INFO:-1
2022-08-03 16:27:38,738:INFO:-1
2022-08-03 16:27:38,919:INFO:-1
2022-08-03 16:27:39,075:INFO:-1
2022-08-03 16:27:39,181:INFO:93342222:5
2022-08-03 16:27:39,382:INFO:-1
2022-08-03 16:27:39,486:INFO:-1
2022-08-03 16:27:39,592:INFO:-1
2022-08-03 16:27:39,690:INFO:93384444:5
2022-08-03 16:27:39,838:INFO:-1
2022-08-03 16:27:39,969:INFO:-1
2022-08-03 16:27:40,145:INFO:93412222:5|93415555:5|93416666:5
2022-08-03 16:27:40,377:INFO:93426666:5
2022-08-03 16:27:40,466:INFO:-1
2022-08-03 16:27:40,604:INFO:93445544:5
2022-08-03 16:27:40,702:INFO:93452222:5
2022-08-03 16:27:41,352:INFO:-1
2022-08-03 16:27:41,453:INFO:93472222:5
2022-08-03 16:27:41,539:INFO:-1
2022-08-03 16:27:41,638:INFO:-1
2022-08-03 16:27:41,739:INFO:-1
2022-08-03 16:27:41,882:INFO:-1
2022-08-03 16:27:42,103:INFO:-1
2022-08-03 16:27:42,181:INFO:-1
2022-08-03 16:27:42,449:INFO:-1
2022-08-03 16:27:42,541:INFO:-1
2022-08-03 16:27:42,574:INFO:-1
2022-08-03 16:27:42,779:INFO:-1
2022-08-03 16:27:42,882:INFO:-1
2022-08-03 16:27:43,049:INFO:-1
2022-08-03 16:27:43,251:INFO:-1
2022-08-03 16:27:43,318:INFO:-1
2022-08-03 16:27:43,503:INFO:-1
2022-08-03 16:27:43,563:INFO:-1
2022-08-03 16:27:43,620:INFO:-1
2022-08-03 16:27:43,687:INFO:-1
2022-08-03 16:27:43,772:INFO:-1
2022-08-03 16:27:43,939:INFO:-1
2022-08-03 16:27:44,012:INFO:98246666:5
2022-08-03 16:27:44,153:INFO:-1
2022-08-03 16:27:44,233:INFO:-1
2022-08-03 16:27:44,412:INFO:-1
2022-08-03 16:27:44,477:INFO:-1
2022-08-03 16:27:44,731:INFO:-1
2022-08-03 16:27:44,856:INFO:-1
2022-08-03 16:27:44,971:INFO:-1
2022-08-03 16:27:45,057:INFO:-1
2022-08-03 16:27:45,178:INFO:-1
2022-08-03 16:27:45,390:INFO:-1
2022-08-03 16:27:45,464:INFO:-1
2022-08-03 16:27:45,538:INFO:-1
2022-08-03 16:27:45,762:INFO:-1
2022-08-03 16:27:45,918:INFO:98473333:5
2022-08-03 16:27:45,996:INFO:-1
2022-08-03 16:27:46,131:INFO:-1
2022-08-03 16:27:46,215:INFO:-1
2022-08-03 16:27:46,397:INFO:-1
2022-08-03 16:27:46,471:INFO:-1
2022-08-03 16:27:46,551:INFO:98612222:5
2022-08-03 16:27:46,625:INFO:-1
2022-08-03 16:27:46,707:INFO:-1
2022-08-03 16:27:46,812:INFO:-1
2022-08-03 16:27:46,921:INFO:-1
2022-08-03 16:27:47,068:INFO:-1
2022-08-03 16:27:47,238:INFO:-1
2022-08-03 16:27:47,305:INFO:-1
2022-08-03 16:27:47,345:INFO:-1
2022-08-03 16:27:47,434:INFO:-1
2022-08-03 16:27:47,496:INFO:-1
2022-08-03 16:27:47,560:INFO:-1
2022-08-03 16:27:47,793:INFO:-1
2022-08-03 16:27:47,924:INFO:-1
2022-08-03 16:27:48,203:INFO:98862222:5
2022-08-03 16:27:48,389:INFO:-1
2022-08-03 16:27:48,424:INFO:-1
2022-08-03 16:27:48,465:INFO:-1
2022-08-03 16:27:48,517:INFO:-1
2022-08-03 16:27:48,621:INFO:-1
2022-08-03 16:27:48,692:INFO:-1
2022-08-03 16:27:48,763:INFO:-1
2022-08-03 16:27:48,905:INFO:-1
2022-08-03 16:27:48,974:INFO:-1
2022-08-03 16:27:49,112:INFO:-1
2022-08-03 16:27:49,178:INFO:-1
2022-08-03 16:27:49,195:INFO:-1
2022-08-03 16:27:49,224:INFO:-1
2022-08-03 16:27:49,224:INFO:numbers
2022-08-03 16:27:49,224:INFO:['83145555', '83165555', '83175555', '93172222', '93182222', '93185555', '93264444', '93342222', '93384444', '93412222', '93415555', '93416666', '93426666', '93445544', '93452222', '93472222', '98246666', '98473333', '98612222', '98862222']
2022-08-03 16:27:49,248:INFO:tmp
2022-08-03 16:27:49,248:INFO:['83145555', '83165555', '83175555', '93172222', '93182222', '93185555', '93264444', '93342222', '93384444', '93412222', '93415555', '93416666', '93426666', '93445544', '93452222', '93472222', '98246666', '98473333', '98612222', '98862222']
2022-08-03 16:27:49,248:INFO:[]
2022-08-03 17:24:23,755:INFO:jwt
2022-08-03 17:24:23,760:INFO:{'username': u'\u041a\u0438\u043e\u0441\u043a2', 'user_id': 2, 'exp': datetime.datetime(2022, 8, 3, 9, 29, 23, 760650)}
2022-08-03 17:24:23,760:INFO:eyJhbGciOiJIUzI1NiIsInR5cCI6IkpXVCJ9.eyJ1c2VybmFtZSI6Ilx1MDQxYVx1MDQzOFx1MDQzZVx1MDQ0MVx1MDQzYTIiLCJ1c2VyX2lkIjoyLCJleHAiOjE2NTk1MTg5NjN9.bAczsePxO3kF__LIQx0OliYJBGEC8farSgXejUik8Bo
2022-08-03 17:24:26,993:INFO:ads
2022-08-03 18:24:27,050:INFO:jwt
2022-08-03 18:24:27,055:INFO:{'username': u'\u041a\u0438\u043e\u0441\u043a2', 'user_id': 2, 'exp': datetime.datetime(2022, 8, 3, 10, 29, 27, 55957)}
2022-08-03 18:24:27,056:INFO:eyJhbGciOiJIUzI1NiIsInR5cCI6IkpXVCJ9.eyJ1c2VybmFtZSI6Ilx1MDQxYVx1MDQzOFx1MDQzZVx1MDQ0MVx1MDQzYTIiLCJ1c2VyX2lkIjoyLCJleHAiOjE2NTk1MjI1Njd9.6SEMRSatipUq1c5zcce8Gedd3IEQWvgIFtGsNof3FrA
2022-08-03 18:24:30,262:INFO:ads
2022-08-03 19:24:30,283:INFO:jwt
2022-08-03 19:24:30,288:INFO:{'username': u'\u041a\u0438\u043e\u0441\u043a2', 'user_id': 2, 'exp': datetime.datetime(2022, 8, 3, 11, 29, 30, 288576)}
2022-08-03 19:24:30,288:INFO:eyJhbGciOiJIUzI1NiIsInR5cCI6IkpXVCJ9.eyJ1c2VybmFtZSI6Ilx1MDQxYVx1MDQzOFx1MDQzZVx1MDQ0MVx1MDQzYTIiLCJ1c2VyX2lkIjoyLCJleHAiOjE2NTk1MjYxNzB9.mP6mcvvJWwXJl0IOZZX04mdAIY-FQjs_RfinjBcrlDg
2022-08-03 19:24:33,540:INFO:ads
2022-08-03 20:24:33,582:INFO:jwt
2022-08-03 20:24:33,587:INFO:{'username': u'\u041a\u0438\u043e\u0441\u043a2', 'user_id': 2, 'exp': datetime.datetime(2022, 8, 3, 12, 29, 33, 587728)}
2022-08-03 20:24:33,588:INFO:eyJhbGciOiJIUzI1NiIsInR5cCI6IkpXVCJ9.eyJ1c2VybmFtZSI6Ilx1MDQxYVx1MDQzOFx1MDQzZVx1MDQ0MVx1MDQzYTIiLCJ1c2VyX2lkIjoyLCJleHAiOjE2NTk1Mjk3NzN9.XX4L5BNtGpDeif8yiZHYa4WNn-hMgw8DUsvkx_b1X64
2022-08-03 20:24:36,836:INFO:ads
2022-08-03 21:24:36,968:INFO:jwt
2022-08-03 21:24:36,973:INFO:{'username': u'\u041a\u0438\u043e\u0441\u043a2', 'user_id': 2, 'exp': datetime.datetime(2022, 8, 3, 13, 29, 36, 973887)}
2022-08-03 21:24:36,974:INFO:eyJhbGciOiJIUzI1NiIsInR5cCI6IkpXVCJ9.eyJ1c2VybmFtZSI6Ilx1MDQxYVx1MDQzOFx1MDQzZVx1MDQ0MVx1MDQzYTIiLCJ1c2VyX2lkIjoyLCJleHAiOjE2NTk1MzMzNzZ9.gvXMgxEZK2AwAlC0I41tEdOMiKqAXaXdcgzonbMNSX0
2022-08-03 21:24:40,189:INFO:ads
2022-08-03 22:24:40,175:INFO:jwt
2022-08-03 22:24:40,180:INFO:{'username': u'\u041a\u0438\u043e\u0441\u043a2', 'user_id': 2, 'exp': datetime.datetime(2022, 8, 3, 14, 29, 40, 180730)}
2022-08-03 22:24:40,181:INFO:eyJhbGciOiJIUzI1NiIsInR5cCI6IkpXVCJ9.eyJ1c2VybmFtZSI6Ilx1MDQxYVx1MDQzOFx1MDQzZVx1MDQ0MVx1MDQzYTIiLCJ1c2VyX2lkIjoyLCJleHAiOjE2NTk1MzY5ODB9.gS9Q8kgJTTB4w988CCZPgBFzCTiVEvarQ4P0eM388Hc
2022-08-03 22:24:43,429:INFO:ads
2022-08-03 23:24:43,378:INFO:jwt
2022-08-03 23:24:43,383:INFO:{'username': u'\u041a\u0438\u043e\u0441\u043a2', 'user_id': 2, 'exp': datetime.datetime(2022, 8, 3, 15, 29, 43, 383240)}
2022-08-03 23:24:43,383:INFO:eyJhbGciOiJIUzI1NiIsInR5cCI6IkpXVCJ9.eyJ1c2VybmFtZSI6Ilx1MDQxYVx1MDQzOFx1MDQzZVx1MDQ0MVx1MDQzYTIiLCJ1c2VyX2lkIjoyLCJleHAiOjE2NTk1NDA1ODN9.gTux_n3de4nE46x8boIyMQgZC_GIspvgvODT8ly5nlg
2022-08-03 23:24:46,623:INFO:ads
2022-08-04 00:24:46,682:INFO:jwt
2022-08-04 00:24:46,687:INFO:{'username': u'\u041a\u0438\u043e\u0441\u043a2', 'user_id': 2, 'exp': datetime.datetime(2022, 8, 3, 16, 29, 46, 687498)}
2022-08-04 00:24:46,687:INFO:eyJhbGciOiJIUzI1NiIsInR5cCI6IkpXVCJ9.eyJ1c2VybmFtZSI6Ilx1MDQxYVx1MDQzOFx1MDQzZVx1MDQ0MVx1MDQzYTIiLCJ1c2VyX2lkIjoyLCJleHAiOjE2NTk1NDQxODZ9.K11tucmxJY5gzj9rXr0ZoiNsz_pHjhfSDPwBGz7txbQ
2022-08-04 00:24:49,912:INFO:ads
2022-08-04 01:24:51,085:INFO:jwt
2022-08-04 01:24:51,090:INFO:{'username': u'\u041a\u0438\u043e\u0441\u043a2', 'user_id': 2, 'exp': datetime.datetime(2022, 8, 3, 17, 29, 51, 90910)}
2022-08-04 01:24:51,091:INFO:eyJhbGciOiJIUzI1NiIsInR5cCI6IkpXVCJ9.eyJ1c2VybmFtZSI6Ilx1MDQxYVx1MDQzOFx1MDQzZVx1MDQ0MVx1MDQzYTIiLCJ1c2VyX2lkIjoyLCJleHAiOjE2NTk1NDc3OTF9.027B6F0BNEwUNP0JYAs9T6Dn4CiL_6nQci1bbHAh_AE
2022-08-04 01:24:54,298:INFO:ads
2022-08-04 10:02:09,702:INFO:jwt
2022-08-04 10:02:09,708:INFO:{'username': u'\u041a\u0438\u043e\u0441\u043a1', 'user_id': 1, 'exp': datetime.datetime(2022, 8, 4, 2, 7, 9, 708031)}
2022-08-04 10:02:09,708:INFO:eyJhbGciOiJIUzI1NiIsInR5cCI6IkpXVCJ9.eyJ1c2VybmFtZSI6Ilx1MDQxYVx1MDQzOFx1MDQzZVx1MDQ0MVx1MDQzYTEiLCJ1c2VyX2lkIjoxLCJleHAiOjE2NTk1Nzg4Mjl9.QDzEYRxGeMWPxzpsblqhB06hReNc4myRmsX-HGbreHI
