2022-06-06 17:04:54,054:INFO:jwt
2022-06-06 17:04:54,080:INFO:{'username': u'\u041a\u0438\u043e\u0441\u043a2', 'user_id': 2, 'exp': datetime.datetime(2022, 6, 6, 9, 9, 54, 80090)}
2022-06-06 17:04:54,080:INFO:eyJhbGciOiJIUzI1NiIsInR5cCI6IkpXVCJ9.eyJ1c2VybmFtZSI6Ilx1MDQxYVx1MDQzOFx1MDQzZVx1MDQ0MVx1MDQzYTIiLCJ1c2VyX2lkIjoyLCJleHAiOjE2NTQ1MDY1OTR9.qIKvrra4sIMYcxlEke3RkgNraB2Gxuw4orsB9NIOfIg
2022-06-06 17:04:57,388:INFO:ads
2022-06-06 18:04:57,392:INFO:jwt
2022-06-06 18:04:57,397:INFO:{'username': u'\u041a\u0438\u043e\u0441\u043a2', 'user_id': 2, 'exp': datetime.datetime(2022, 6, 6, 10, 9, 57, 397468)}
2022-06-06 18:04:57,397:INFO:eyJhbGciOiJIUzI1NiIsInR5cCI6IkpXVCJ9.eyJ1c2VybmFtZSI6Ilx1MDQxYVx1MDQzOFx1MDQzZVx1MDQ0MVx1MDQzYTIiLCJ1c2VyX2lkIjoyLCJleHAiOjE2NTQ1MTAxOTd9.PIhW6WSKqjuSpupv-E2m4F0mImsGDCD9WQTWfbZjes0
2022-06-06 18:05:00,589:INFO:ads
2022-06-06 19:05:00,657:INFO:jwt
2022-06-06 19:05:00,662:INFO:{'username': u'\u041a\u0438\u043e\u0441\u043a2', 'user_id': 2, 'exp': datetime.datetime(2022, 6, 6, 11, 10, 0, 661993)}
2022-06-06 19:05:00,662:INFO:eyJhbGciOiJIUzI1NiIsInR5cCI6IkpXVCJ9.eyJ1c2VybmFtZSI6Ilx1MDQxYVx1MDQzOFx1MDQzZVx1MDQ0MVx1MDQzYTIiLCJ1c2VyX2lkIjoyLCJleHAiOjE2NTQ1MTM4MDB9.KNS07YEyRBgMHt-tpwV2ciel9fRD1AcUp3Oo__QYzg4
2022-06-06 19:05:05,867:INFO:ads
2022-06-06 20:05:05,830:INFO:jwt
2022-06-06 20:05:05,834:INFO:{'username': u'\u041a\u0438\u043e\u0441\u043a2', 'user_id': 2, 'exp': datetime.datetime(2022, 6, 6, 12, 10, 5, 834923)}
2022-06-06 20:05:05,835:INFO:eyJhbGciOiJIUzI1NiIsInR5cCI6IkpXVCJ9.eyJ1c2VybmFtZSI6Ilx1MDQxYVx1MDQzOFx1MDQzZVx1MDQ0MVx1MDQzYTIiLCJ1c2VyX2lkIjoyLCJleHAiOjE2NTQ1MTc0MDV9.fbFpxLHT1JZcJzpSl1OQM181HaYh9NPdVtn7RwyupBc
2022-06-06 20:05:11,026:INFO:ads
2022-06-06 21:05:10,969:INFO:jwt
2022-06-06 21:05:10,974:INFO:{'username': u'\u041a\u0438\u043e\u0441\u043a2', 'user_id': 2, 'exp': datetime.datetime(2022, 6, 6, 13, 10, 10, 974753)}
2022-06-06 21:05:10,975:INFO:eyJhbGciOiJIUzI1NiIsInR5cCI6IkpXVCJ9.eyJ1c2VybmFtZSI6Ilx1MDQxYVx1MDQzOFx1MDQzZVx1MDQ0MVx1MDQzYTIiLCJ1c2VyX2lkIjoyLCJleHAiOjE2NTQ1MjEwMTB9.G6DshIlwJMpVotaalbYA690ebHsbyr7Fv2qQS9rxx1s
2022-06-06 21:05:14,189:INFO:ads
2022-06-06 22:05:14,085:INFO:jwt
2022-06-06 22:05:14,089:INFO:{'username': u'\u041a\u0438\u043e\u0441\u043a2', 'user_id': 2, 'exp': datetime.datetime(2022, 6, 6, 14, 10, 14, 89823)}
2022-06-06 22:05:14,090:INFO:eyJhbGciOiJIUzI1NiIsInR5cCI6IkpXVCJ9.eyJ1c2VybmFtZSI6Ilx1MDQxYVx1MDQzOFx1MDQzZVx1MDQ0MVx1MDQzYTIiLCJ1c2VyX2lkIjoyLCJleHAiOjE2NTQ1MjQ2MTR9.OsdYI79f5I5PhtJSOUeTxfN5R0g9qfdeySO8tJW8-j8
2022-06-06 22:05:17,230:INFO:ads
2022-06-06 23:05:17,143:INFO:jwt
2022-06-06 23:05:17,148:INFO:{'username': u'\u041a\u0438\u043e\u0441\u043a2', 'user_id': 2, 'exp': datetime.datetime(2022, 6, 6, 15, 10, 17, 148508)}
2022-06-06 23:05:17,148:INFO:eyJhbGciOiJIUzI1NiIsInR5cCI6IkpXVCJ9.eyJ1c2VybmFtZSI6Ilx1MDQxYVx1MDQzOFx1MDQzZVx1MDQ0MVx1MDQzYTIiLCJ1c2VyX2lkIjoyLCJleHAiOjE2NTQ1MjgyMTd9.rzSa21d2eUxEslai_U7zW8GR2iB-TTmyI1mTCE5ZE-s
2022-06-06 23:05:20,286:INFO:ads
2022-06-07 00:05:21,250:INFO:jwt
2022-06-07 00:05:21,255:INFO:{'username': u'\u041a\u0438\u043e\u0441\u043a2', 'user_id': 2, 'exp': datetime.datetime(2022, 6, 6, 16, 10, 21, 255370)}
2022-06-07 00:05:21,255:INFO:eyJhbGciOiJIUzI1NiIsInR5cCI6IkpXVCJ9.eyJ1c2VybmFtZSI6Ilx1MDQxYVx1MDQzOFx1MDQzZVx1MDQ0MVx1MDQzYTIiLCJ1c2VyX2lkIjoyLCJleHAiOjE2NTQ1MzE4MjF9.-wNGLLqcWnh5A8N1kKUzedESTL55lOLULD2DTQAeApw
2022-06-07 00:05:24,431:INFO:ads
2022-06-07 01:05:24,475:INFO:jwt
2022-06-07 01:05:24,480:INFO:{'username': u'\u041a\u0438\u043e\u0441\u043a2', 'user_id': 2, 'exp': datetime.datetime(2022, 6, 6, 17, 10, 24, 480248)}
2022-06-07 01:05:24,480:INFO:eyJhbGciOiJIUzI1NiIsInR5cCI6IkpXVCJ9.eyJ1c2VybmFtZSI6Ilx1MDQxYVx1MDQzOFx1MDQzZVx1MDQ0MVx1MDQzYTIiLCJ1c2VyX2lkIjoyLCJleHAiOjE2NTQ1MzU0MjR9.ph9NzPBqOnRdyHwtvjXCmg0Uhby08K9q4kogaPeqgyU
2022-06-07 01:05:28,265:INFO:ads
2022-06-07 02:05:28,372:INFO:jwt
2022-06-07 02:05:28,377:INFO:{'username': u'\u041a\u0438\u043e\u0441\u043a2', 'user_id': 2, 'exp': datetime.datetime(2022, 6, 6, 18, 10, 28, 377787)}
2022-06-07 02:05:28,378:INFO:eyJhbGciOiJIUzI1NiIsInR5cCI6IkpXVCJ9.eyJ1c2VybmFtZSI6Ilx1MDQxYVx1MDQzOFx1MDQzZVx1MDQ0MVx1MDQzYTIiLCJ1c2VyX2lkIjoyLCJleHAiOjE2NTQ1MzkwMjh9.DAPR_l0TW1v4GiG4L_IaP6lC7_Sljhm_GzY--BTOlb4
2022-06-07 02:05:32,381:INFO:ads
2022-06-07 03:05:32,929:INFO:jwt
2022-06-07 03:05:32,933:INFO:{'username': u'\u041a\u0438\u043e\u0441\u043a2', 'user_id': 2, 'exp': datetime.datetime(2022, 6, 6, 19, 10, 32, 933927)}
2022-06-07 03:05:32,934:INFO:eyJhbGciOiJIUzI1NiIsInR5cCI6IkpXVCJ9.eyJ1c2VybmFtZSI6Ilx1MDQxYVx1MDQzOFx1MDQzZVx1MDQ0MVx1MDQzYTIiLCJ1c2VyX2lkIjoyLCJleHAiOjE2NTQ1NDI2MzJ9.kRMCWq7-q4KW78YMUZZN7snlnN7pC4CSgb9Vt20HoK0
2022-06-07 03:05:36,386:INFO:ads
2022-06-07 04:05:36,369:INFO:jwt
2022-06-07 04:05:36,374:INFO:{'username': u'\u041a\u0438\u043e\u0441\u043a2', 'user_id': 2, 'exp': datetime.datetime(2022, 6, 6, 20, 10, 36, 374417)}
2022-06-07 04:05:36,374:INFO:eyJhbGciOiJIUzI1NiIsInR5cCI6IkpXVCJ9.eyJ1c2VybmFtZSI6Ilx1MDQxYVx1MDQzOFx1MDQzZVx1MDQ0MVx1MDQzYTIiLCJ1c2VyX2lkIjoyLCJleHAiOjE2NTQ1NDYyMzZ9.zkhEih2Vh8uHcthmUo7nOdpKs7SliZtEdEl1jYIP9pY
2022-06-07 04:05:39,560:INFO:ads
2022-06-07 05:05:39,541:INFO:jwt
2022-06-07 05:05:39,546:INFO:{'username': u'\u041a\u0438\u043e\u0441\u043a2', 'user_id': 2, 'exp': datetime.datetime(2022, 6, 6, 21, 10, 39, 546469)}
2022-06-07 05:05:39,546:INFO:eyJhbGciOiJIUzI1NiIsInR5cCI6IkpXVCJ9.eyJ1c2VybmFtZSI6Ilx1MDQxYVx1MDQzOFx1MDQzZVx1MDQ0MVx1MDQzYTIiLCJ1c2VyX2lkIjoyLCJleHAiOjE2NTQ1NDk4Mzl9.PP7qhnFRo7iQJhWwAYWkAxyAkbt3WczLBR8eRJya14g
2022-06-07 05:05:42,736:INFO:ads
2022-06-07 06:05:42,791:INFO:jwt
2022-06-07 06:05:42,796:INFO:{'username': u'\u041a\u0438\u043e\u0441\u043a2', 'user_id': 2, 'exp': datetime.datetime(2022, 6, 6, 22, 10, 42, 796529)}
2022-06-07 06:05:42,796:INFO:eyJhbGciOiJIUzI1NiIsInR5cCI6IkpXVCJ9.eyJ1c2VybmFtZSI6Ilx1MDQxYVx1MDQzOFx1MDQzZVx1MDQ0MVx1MDQzYTIiLCJ1c2VyX2lkIjoyLCJleHAiOjE2NTQ1NTM0NDJ9.8tNQxa_Ks04VFh4_evsAP3NoHNyI1SMT7w6cMZkZxzI
2022-06-07 06:05:47,615:INFO:ads
2022-06-07 07:05:47,598:INFO:jwt
2022-06-07 07:05:47,603:INFO:{'username': u'\u041a\u0438\u043e\u0441\u043a2', 'user_id': 2, 'exp': datetime.datetime(2022, 6, 6, 23, 10, 47, 603869)}
2022-06-07 07:05:47,604:INFO:eyJhbGciOiJIUzI1NiIsInR5cCI6IkpXVCJ9.eyJ1c2VybmFtZSI6Ilx1MDQxYVx1MDQzOFx1MDQzZVx1MDQ0MVx1MDQzYTIiLCJ1c2VyX2lkIjoyLCJleHAiOjE2NTQ1NTcwNDd9.u4PGGYTeDyReZp6NjDHk4mqYdzi-gvQMfm1LBOrfJbI
2022-06-07 07:05:51,683:INFO:ads
2022-06-07 08:05:51,825:INFO:jwt
2022-06-07 08:05:51,830:INFO:{'username': u'\u041a\u0438\u043e\u0441\u043a2', 'user_id': 2, 'exp': datetime.datetime(2022, 6, 7, 0, 10, 51, 830536)}
2022-06-07 08:05:51,830:INFO:eyJhbGciOiJIUzI1NiIsInR5cCI6IkpXVCJ9.eyJ1c2VybmFtZSI6Ilx1MDQxYVx1MDQzOFx1MDQzZVx1MDQ0MVx1MDQzYTIiLCJ1c2VyX2lkIjoyLCJleHAiOjE2NTQ1NjA2NTF9.zrmCnyY_KBsI8-LdIf_rWnEkqGERSlQy7SPhJvn7N9g
2022-06-07 08:05:55,008:INFO:ads
2022-06-07 09:05:55,020:INFO:jwt
2022-06-07 09:05:55,025:INFO:{'username': u'\u041a\u0438\u043e\u0441\u043a2', 'user_id': 2, 'exp': datetime.datetime(2022, 6, 7, 1, 10, 55, 25242)}
2022-06-07 09:05:55,025:INFO:eyJhbGciOiJIUzI1NiIsInR5cCI6IkpXVCJ9.eyJ1c2VybmFtZSI6Ilx1MDQxYVx1MDQzOFx1MDQzZVx1MDQ0MVx1MDQzYTIiLCJ1c2VyX2lkIjoyLCJleHAiOjE2NTQ1NjQyNTV9.8IS8LS8nw7QX4XSz4_jvHnvCrhT5bNtDuS0OQ9-NW30
2022-06-07 09:05:58,196:INFO:ads
2022-06-07 10:05:58,128:INFO:jwt
2022-06-07 10:05:58,133:INFO:{'username': u'\u041a\u0438\u043e\u0441\u043a2', 'user_id': 2, 'exp': datetime.datetime(2022, 6, 7, 2, 10, 58, 133656)}
2022-06-07 10:05:58,133:INFO:eyJhbGciOiJIUzI1NiIsInR5cCI6IkpXVCJ9.eyJ1c2VybmFtZSI6Ilx1MDQxYVx1MDQzOFx1MDQzZVx1MDQ0MVx1MDQzYTIiLCJ1c2VyX2lkIjoyLCJleHAiOjE2NTQ1Njc4NTh9.CbPoBxIjQX-xs00gB_QHyRCODwIwN3tWvO1Yy3PSC4Y
2022-06-07 10:06:01,312:INFO:ads
2022-06-07 10:19:28,260:INFO:jwt
2022-06-07 10:19:28,265:INFO:{'username': u'\u041a\u0438\u043e\u0441\u043a1', 'user_id': 1, 'exp': datetime.datetime(2022, 6, 7, 2, 24, 28, 265081)}
2022-06-07 10:19:28,265:INFO:eyJhbGciOiJIUzI1NiIsInR5cCI6IkpXVCJ9.eyJ1c2VybmFtZSI6Ilx1MDQxYVx1MDQzOFx1MDQzZVx1MDQ0MVx1MDQzYTEiLCJ1c2VyX2lkIjoxLCJleHAiOjE2NTQ1Njg2Njh9.iQE5RyeXfCAJDVMAIidxhWDzy4xRjefK2hTJCRUKXPk
2022-06-07 11:06:01,248:INFO:jwt
2022-06-07 11:06:01,253:INFO:{'username': u'\u041a\u0438\u043e\u0441\u043a2', 'user_id': 2, 'exp': datetime.datetime(2022, 6, 7, 3, 11, 1, 253789)}
2022-06-07 11:06:01,254:INFO:eyJhbGciOiJIUzI1NiIsInR5cCI6IkpXVCJ9.eyJ1c2VybmFtZSI6Ilx1MDQxYVx1MDQzOFx1MDQzZVx1MDQ0MVx1MDQzYTIiLCJ1c2VyX2lkIjoyLCJleHAiOjE2NTQ1NzE0NjF9.WZL6DGvuTPMaupyCB4NMorE_AyY0Xkrqx9oe4zL1lus
2022-06-07 11:06:04,480:INFO:ads
2022-06-07 12:06:04,369:INFO:jwt
2022-06-07 12:06:04,374:INFO:{'username': u'\u041a\u0438\u043e\u0441\u043a2', 'user_id': 2, 'exp': datetime.datetime(2022, 6, 7, 4, 11, 4, 374598)}
2022-06-07 12:06:04,374:INFO:eyJhbGciOiJIUzI1NiIsInR5cCI6IkpXVCJ9.eyJ1c2VybmFtZSI6Ilx1MDQxYVx1MDQzOFx1MDQzZVx1MDQ0MVx1MDQzYTIiLCJ1c2VyX2lkIjoyLCJleHAiOjE2NTQ1NzUwNjR9.MVTdRFmE8s-EWqw9oWHrpFF1VyGAoSgDoP_sA9wHEWo
2022-06-07 12:06:07,585:INFO:ads
2022-06-07 13:06:07,472:INFO:jwt
2022-06-07 13:06:07,476:INFO:{'username': u'\u041a\u0438\u043e\u0441\u043a2', 'user_id': 2, 'exp': datetime.datetime(2022, 6, 7, 5, 11, 7, 476916)}
2022-06-07 13:06:07,477:INFO:eyJhbGciOiJIUzI1NiIsInR5cCI6IkpXVCJ9.eyJ1c2VybmFtZSI6Ilx1MDQxYVx1MDQzOFx1MDQzZVx1MDQ0MVx1MDQzYTIiLCJ1c2VyX2lkIjoyLCJleHAiOjE2NTQ1Nzg2Njd9.xFXW45mFRSRmMw9SXYl6ACAek1bSeyPhmci0m-bOZSs
2022-06-07 13:06:10,629:INFO:ads
2022-06-07 14:06:10,502:INFO:jwt
2022-06-07 14:06:10,507:INFO:{'username': u'\u041a\u0438\u043e\u0441\u043a2', 'user_id': 2, 'exp': datetime.datetime(2022, 6, 7, 6, 11, 10, 507301)}
2022-06-07 14:06:10,507:INFO:eyJhbGciOiJIUzI1NiIsInR5cCI6IkpXVCJ9.eyJ1c2VybmFtZSI6Ilx1MDQxYVx1MDQzOFx1MDQzZVx1MDQ0MVx1MDQzYTIiLCJ1c2VyX2lkIjoyLCJleHAiOjE2NTQ1ODIyNzB9.WLEOHhq67cDGRFy5H0bloNu0xphnNocCuR5Bv0kSo4M
2022-06-07 14:06:13,651:INFO:ads
2022-06-07 14:33:35,476:INFO:searchNumber
2022-06-07 14:33:35,700:INFO:83180012:6|83180014:6|83180023:6|83180032:6|83180039:6|83180041:6|83180043:6|83180046:6|83180047:6|83180050:6|83180053:6|83180061:6|83180062:6|83180063:6|83180073:6|83180082:6|83180085:6|83180092:6|83180104:6|83180113:6|83180117:6|83180119:6|83180123:6|83180124:6|83180126:6|83180127:6|83180130:6|83180135:6|83180136:6|83180137:6|83180142:6|83180143:6|83180150:6|83180151:6|83180153:6|83180154:6|83180155:6|83180156:6|83180160:6|83180161:6|83180163:6|83180164:6|83180165:6|83180167:6|83180169:6|83180171:6|83180172:6|83180173:6|83180175:6|83180176:6|83180177:6|83180178:6|83180179:6|83180185:6|83180186:6|83180189:6|83180190:6|83180195:6|83180197:6|83180198:6|83180205:6|83180206:6|83180210:6|83180212:6|83180213:6|83180215:6|83180217:6|83180219:6|83180221:6|83180222:6|83180227:6|83180228:6|83180229:6|83180230:6|83180231:6|83180232:6|83180235:6|83180236:6|83180240:6|83180241:6|83180244:6|83180245:6|83180246:6|83180249:6|83180250:6|83180251:6|83180252:6|83180253:6|83180254:6|83180255:6|83180256:6|83180257:6|83180258:6|83180260:6|83180261:6|83180263:6|83180264:6|83180265:6|83180266:6|83180267:6
2022-06-07 14:33:35,820:INFO:[{'prefix': '83180012'}, {'prefix': '83180014'}, {'prefix': '83180023'}, {'prefix': '83180032'}, {'prefix': '83180039'}, {'prefix': '83180041'}, {'prefix': '83180043'}, {'prefix': '83180046'}, {'prefix': '83180047'}, {'prefix': '83180050'}, {'prefix': '83180053'}, {'prefix': '83180061'}, {'prefix': '83180062'}, {'prefix': '83180063'}, {'prefix': '83180073'}, {'prefix': '83180082'}, {'prefix': '83180085'}, {'prefix': '83180092'}, {'prefix': '83180104'}, {'prefix': '83180113'}, {'prefix': '83180117'}, {'prefix': '83180119'}, {'prefix': '83180123'}, {'prefix': '83180124'}, {'prefix': '83180126'}, {'prefix': '83180127'}, {'prefix': '83180130'}, {'prefix': '83180135'}, {'prefix': '83180136'}, {'prefix': '83180137'}, {'prefix': '83180142'}, {'prefix': '83180143'}, {'prefix': '83180150'}, {'prefix': '83180151'}, {'prefix': '83180153'}, {'prefix': '83180154'}, {'prefix': '83180155'}, {'prefix': '83180156'}, {'prefix': '83180160'}, {'prefix': '83180161'}, {'prefix': '83180163'}, {'prefix': '83180164'}, {'prefix': '83180165'}, {'prefix': '83180167'}, {'prefix': '83180169'}, {'prefix': '83180171'}, {'prefix': '83180172'}, {'prefix': '83180173'}, {'prefix': '83180175'}, {'prefix': '83180176'}, {'prefix': '83180177'}, {'prefix': '83180178'}, {'prefix': '83180179'}, {'prefix': '83180185'}, {'prefix': '83180186'}, {'prefix': '83180189'}, {'prefix': '83180190'}, {'prefix': '83180195'}, {'prefix': '83180197'}, {'prefix': '83180198'}, {'prefix': '83180205'}, {'prefix': '83180206'}, {'prefix': '83180210'}, {'prefix': '83180212'}, {'prefix': '83180213'}, {'prefix': '83180215'}, {'prefix': '83180217'}, {'prefix': '83180219'}, {'prefix': '83180221'}, {'prefix': '83180222'}, {'prefix': '83180227'}, {'prefix': '83180228'}, {'prefix': '83180229'}, {'prefix': '83180230'}, {'prefix': '83180231'}, {'prefix': '83180232'}, {'prefix': '83180235'}, {'prefix': '83180236'}, {'prefix': '83180240'}, {'prefix': '83180241'}, {'prefix': '83180244'}, {'prefix': '83180245'}, {'prefix': '83180246'}, {'prefix': '83180249'}, {'prefix': '83180250'}, {'prefix': '83180251'}, {'prefix': '83180252'}, {'prefix': '83180253'}, {'prefix': '83180254'}, {'prefix': '83180255'}, {'prefix': '83180256'}, {'prefix': '83180257'}, {'prefix': '83180258'}, {'prefix': '83180260'}, {'prefix': '83180261'}, {'prefix': '83180263'}, {'prefix': '83180264'}, {'prefix': '83180265'}, {'prefix': '83180266'}, {'prefix': '83180267'}]
2022-06-07 14:33:57,636:INFO:ads
2022-06-07 15:33:57,498:INFO:jwt
2022-06-07 15:33:57,503:INFO:{'username': u'\u041a\u0438\u043e\u0441\u043a2', 'user_id': 2, 'exp': datetime.datetime(2022, 6, 7, 7, 38, 57, 503667)}
2022-06-07 15:33:57,503:INFO:eyJhbGciOiJIUzI1NiIsInR5cCI6IkpXVCJ9.eyJ1c2VybmFtZSI6Ilx1MDQxYVx1MDQzOFx1MDQzZVx1MDQ0MVx1MDQzYTIiLCJ1c2VyX2lkIjoyLCJleHAiOjE2NTQ1ODc1Mzd9.UiJrsYirZ-bNvXRqQJdZSKvz0p4bD4jqnO_ISdLxluc
2022-06-07 15:34:00,715:INFO:ads
2022-06-07 16:34:01,629:INFO:jwt
2022-06-07 16:34:01,634:INFO:{'username': u'\u041a\u0438\u043e\u0441\u043a2', 'user_id': 2, 'exp': datetime.datetime(2022, 6, 7, 8, 39, 1, 634285)}
2022-06-07 16:34:01,634:INFO:eyJhbGciOiJIUzI1NiIsInR5cCI6IkpXVCJ9.eyJ1c2VybmFtZSI6Ilx1MDQxYVx1MDQzOFx1MDQzZVx1MDQ0MVx1MDQzYTIiLCJ1c2VyX2lkIjoyLCJleHAiOjE2NTQ1OTExNDF9.JhpPwS80MKKKfZIryXGvubcfPtsvK-DvCXwxcZ0XaxM
2022-06-07 16:34:04,803:INFO:ads
2022-06-07 17:34:04,944:INFO:jwt
2022-06-07 17:34:04,949:INFO:{'username': u'\u041a\u0438\u043e\u0441\u043a2', 'user_id': 2, 'exp': datetime.datetime(2022, 6, 7, 9, 39, 4, 949216)}
2022-06-07 17:34:04,949:INFO:eyJhbGciOiJIUzI1NiIsInR5cCI6IkpXVCJ9.eyJ1c2VybmFtZSI6Ilx1MDQxYVx1MDQzOFx1MDQzZVx1MDQ0MVx1MDQzYTIiLCJ1c2VyX2lkIjoyLCJleHAiOjE2NTQ1OTQ3NDR9.dcDJ9Ws8E0NFIjh3s98QnTsnHTUalf82XgMD5or1RsI
2022-06-07 17:34:08,111:INFO:ads
2022-06-07 17:47:08,985:INFO:ads
2022-06-07 18:47:09,255:INFO:jwt
2022-06-07 18:47:09,259:INFO:{'username': u'\u041a\u0438\u043e\u0441\u043a2', 'user_id': 2, 'exp': datetime.datetime(2022, 6, 7, 10, 52, 9, 259961)}
2022-06-07 18:47:09,260:INFO:eyJhbGciOiJIUzI1NiIsInR5cCI6IkpXVCJ9.eyJ1c2VybmFtZSI6Ilx1MDQxYVx1MDQzOFx1MDQzZVx1MDQ0MVx1MDQzYTIiLCJ1c2VyX2lkIjoyLCJleHAiOjE2NTQ1OTkxMjl9.0fpLRTeRFtt5L6uIv6xiJnZdl3QoG9CtN4R2tFV6V98
2022-06-07 18:47:12,631:INFO:ads
2022-06-07 19:47:12,611:INFO:jwt
2022-06-07 19:47:12,616:INFO:{'username': u'\u041a\u0438\u043e\u0441\u043a2', 'user_id': 2, 'exp': datetime.datetime(2022, 6, 7, 11, 52, 12, 616771)}
2022-06-07 19:47:12,617:INFO:eyJhbGciOiJIUzI1NiIsInR5cCI6IkpXVCJ9.eyJ1c2VybmFtZSI6Ilx1MDQxYVx1MDQzOFx1MDQzZVx1MDQ0MVx1MDQzYTIiLCJ1c2VyX2lkIjoyLCJleHAiOjE2NTQ2MDI3MzJ9.eCkF-WabJQRu7mgX6R2oHrZpOwW0zLenWX2Cs1ZJCGg
2022-06-07 19:47:15,780:INFO:ads
2022-06-07 20:47:15,789:INFO:jwt
2022-06-07 20:47:15,794:INFO:{'username': u'\u041a\u0438\u043e\u0441\u043a2', 'user_id': 2, 'exp': datetime.datetime(2022, 6, 7, 12, 52, 15, 794406)}
2022-06-07 20:47:15,794:INFO:eyJhbGciOiJIUzI1NiIsInR5cCI6IkpXVCJ9.eyJ1c2VybmFtZSI6Ilx1MDQxYVx1MDQzOFx1MDQzZVx1MDQ0MVx1MDQzYTIiLCJ1c2VyX2lkIjoyLCJleHAiOjE2NTQ2MDYzMzV9.dB91s31uPgduLTJLP4Q5YNt1E9A8WIn7S_WUNBcdd5I
2022-06-07 20:47:18,949:INFO:ads
2022-06-07 20:53:38,923:INFO:ads
2022-06-07 20:54:07,179:INFO:searchNumber
2022-06-07 20:54:08,016:INFO:83130032:6|83130041:6|83130058:6|83130118:6|83130237:6|83130238:6|83130512:6|83130588:6|83130689:6|83130691:6|83130692:6|83130696:6|83130697:6|83130702:6|83130703:6|83130704:6|83130722:6|83130723:6|83130724:6|83130725:6|83130727:6|83130730:6|83130734:6|83130735:6|83130736:6|83130737:6|83130738:6|83130739:6|83130740:6|83130742:6|83130743:6|83130744:6|83130745:6|83130749:6|83130750:6|83130753:6|83130754:6|83130756:6|83130757:6|83130758:6|83130759:6|83130761:6|83130762:6|83130763:6|83130764:6|83130765:6|83130766:6|83130767:6|83130768:6|83130769:6|83130771:6|83130772:6|83130773:6|83130774:6|83130775:6|83130776:6|83130778:6|83130780:6|83130781:6|83130782:6|83130783:6|83130784:6|83130785:6|83130786:6|83130787:6|83130790:6|83130791:6|83130792:6|83130795:6|83130796:6|83130797:6|83130798:6|83130802:6|83130807:6|83130816:6|83130819:6|83130822:6|83130824:6|83130825:6|83130826:6|83130832:6|83130834:6|83130835:6|83130837:6|83130838:6|83130840:6|83130841:6|83130842:6|83130843:6|83130844:6|83130845:6|83130846:6|83130847:6|83130848:6|83130849:6|83130850:6|83130851:6|83130852:6|83130853:6|83130855:6
2022-06-07 20:54:08,136:INFO:[{'prefix': '83130032'}, {'prefix': '83130041'}, {'prefix': '83130058'}, {'prefix': '83130118'}, {'prefix': '83130237'}, {'prefix': '83130238'}, {'prefix': '83130512'}, {'prefix': '83130588'}, {'prefix': '83130689'}, {'prefix': '83130691'}, {'prefix': '83130692'}, {'prefix': '83130696'}, {'prefix': '83130697'}, {'prefix': '83130702'}, {'prefix': '83130703'}, {'prefix': '83130704'}, {'prefix': '83130722'}, {'prefix': '83130723'}, {'prefix': '83130724'}, {'prefix': '83130725'}, {'prefix': '83130727'}, {'prefix': '83130730'}, {'prefix': '83130734'}, {'prefix': '83130735'}, {'prefix': '83130736'}, {'prefix': '83130737'}, {'prefix': '83130738'}, {'prefix': '83130739'}, {'prefix': '83130740'}, {'prefix': '83130742'}, {'prefix': '83130743'}, {'prefix': '83130744'}, {'prefix': '83130745'}, {'prefix': '83130749'}, {'prefix': '83130750'}, {'prefix': '83130753'}, {'prefix': '83130754'}, {'prefix': '83130756'}, {'prefix': '83130757'}, {'prefix': '83130758'}, {'prefix': '83130759'}, {'prefix': '83130761'}, {'prefix': '83130762'}, {'prefix': '83130763'}, {'prefix': '83130764'}, {'prefix': '83130765'}, {'prefix': '83130766'}, {'prefix': '83130767'}, {'prefix': '83130768'}, {'prefix': '83130769'}, {'prefix': '83130771'}, {'prefix': '83130772'}, {'prefix': '83130773'}, {'prefix': '83130774'}, {'prefix': '83130775'}, {'prefix': '83130776'}, {'prefix': '83130778'}, {'prefix': '83130780'}, {'prefix': '83130781'}, {'prefix': '83130782'}, {'prefix': '83130783'}, {'prefix': '83130784'}, {'prefix': '83130785'}, {'prefix': '83130786'}, {'prefix': '83130787'}, {'prefix': '83130790'}, {'prefix': '83130791'}, {'prefix': '83130792'}, {'prefix': '83130795'}, {'prefix': '83130796'}, {'prefix': '83130797'}, {'prefix': '83130798'}, {'prefix': '83130802'}, {'prefix': '83130807'}, {'prefix': '83130816'}, {'prefix': '83130819'}, {'prefix': '83130822'}, {'prefix': '83130824'}, {'prefix': '83130825'}, {'prefix': '83130826'}, {'prefix': '83130832'}, {'prefix': '83130834'}, {'prefix': '83130835'}, {'prefix': '83130837'}, {'prefix': '83130838'}, {'prefix': '83130840'}, {'prefix': '83130841'}, {'prefix': '83130842'}, {'prefix': '83130843'}, {'prefix': '83130844'}, {'prefix': '83130845'}, {'prefix': '83130846'}, {'prefix': '83130847'}, {'prefix': '83130848'}, {'prefix': '83130849'}, {'prefix': '83130850'}, {'prefix': '83130851'}, {'prefix': '83130852'}, {'prefix': '83130853'}, {'prefix': '83130855'}]
2022-06-07 20:54:08,331:INFO:searchNumber
2022-06-07 20:54:09,176:INFO:83130032:6|83130041:6|83130058:6|83130118:6|83130237:6|83130238:6|83130512:6|83130588:6|83130689:6|83130691:6|83130692:6|83130696:6|83130697:6|83130702:6|83130703:6|83130704:6|83130722:6|83130723:6|83130724:6|83130725:6|83130727:6|83130730:6|83130734:6|83130735:6|83130736:6|83130737:6|83130738:6|83130739:6|83130740:6|83130742:6|83130743:6|83130744:6|83130745:6|83130749:6|83130750:6|83130753:6|83130754:6|83130756:6|83130757:6|83130758:6|83130759:6|83130761:6|83130762:6|83130763:6|83130764:6|83130765:6|83130766:6|83130767:6|83130768:6|83130769:6|83130771:6|83130772:6|83130773:6|83130774:6|83130775:6|83130776:6|83130778:6|83130780:6|83130781:6|83130782:6|83130783:6|83130784:6|83130785:6|83130786:6|83130787:6|83130790:6|83130791:6|83130792:6|83130795:6|83130796:6|83130797:6|83130798:6|83130802:6|83130807:6|83130816:6|83130819:6|83130822:6|83130824:6|83130825:6|83130826:6|83130832:6|83130834:6|83130835:6|83130837:6|83130838:6|83130840:6|83130841:6|83130842:6|83130843:6|83130844:6|83130845:6|83130846:6|83130847:6|83130848:6|83130849:6|83130850:6|83130851:6|83130852:6|83130853:6|83130855:6
2022-06-07 20:54:09,296:INFO:[{'prefix': '83130032'}, {'prefix': '83130041'}, {'prefix': '83130058'}, {'prefix': '83130118'}, {'prefix': '83130237'}, {'prefix': '83130238'}, {'prefix': '83130512'}, {'prefix': '83130588'}, {'prefix': '83130689'}, {'prefix': '83130691'}, {'prefix': '83130692'}, {'prefix': '83130696'}, {'prefix': '83130697'}, {'prefix': '83130702'}, {'prefix': '83130703'}, {'prefix': '83130704'}, {'prefix': '83130722'}, {'prefix': '83130723'}, {'prefix': '83130724'}, {'prefix': '83130725'}, {'prefix': '83130727'}, {'prefix': '83130730'}, {'prefix': '83130734'}, {'prefix': '83130735'}, {'prefix': '83130736'}, {'prefix': '83130737'}, {'prefix': '83130738'}, {'prefix': '83130739'}, {'prefix': '83130740'}, {'prefix': '83130742'}, {'prefix': '83130743'}, {'prefix': '83130744'}, {'prefix': '83130745'}, {'prefix': '83130749'}, {'prefix': '83130750'}, {'prefix': '83130753'}, {'prefix': '83130754'}, {'prefix': '83130756'}, {'prefix': '83130757'}, {'prefix': '83130758'}, {'prefix': '83130759'}, {'prefix': '83130761'}, {'prefix': '83130762'}, {'prefix': '83130763'}, {'prefix': '83130764'}, {'prefix': '83130765'}, {'prefix': '83130766'}, {'prefix': '83130767'}, {'prefix': '83130768'}, {'prefix': '83130769'}, {'prefix': '83130771'}, {'prefix': '83130772'}, {'prefix': '83130773'}, {'prefix': '83130774'}, {'prefix': '83130775'}, {'prefix': '83130776'}, {'prefix': '83130778'}, {'prefix': '83130780'}, {'prefix': '83130781'}, {'prefix': '83130782'}, {'prefix': '83130783'}, {'prefix': '83130784'}, {'prefix': '83130785'}, {'prefix': '83130786'}, {'prefix': '83130787'}, {'prefix': '83130790'}, {'prefix': '83130791'}, {'prefix': '83130792'}, {'prefix': '83130795'}, {'prefix': '83130796'}, {'prefix': '83130797'}, {'prefix': '83130798'}, {'prefix': '83130802'}, {'prefix': '83130807'}, {'prefix': '83130816'}, {'prefix': '83130819'}, {'prefix': '83130822'}, {'prefix': '83130824'}, {'prefix': '83130825'}, {'prefix': '83130826'}, {'prefix': '83130832'}, {'prefix': '83130834'}, {'prefix': '83130835'}, {'prefix': '83130837'}, {'prefix': '83130838'}, {'prefix': '83130840'}, {'prefix': '83130841'}, {'prefix': '83130842'}, {'prefix': '83130843'}, {'prefix': '83130844'}, {'prefix': '83130845'}, {'prefix': '83130846'}, {'prefix': '83130847'}, {'prefix': '83130848'}, {'prefix': '83130849'}, {'prefix': '83130850'}, {'prefix': '83130851'}, {'prefix': '83130852'}, {'prefix': '83130853'}, {'prefix': '83130855'}]
2022-06-07 20:54:26,481:INFO:ads
2022-06-07 20:54:53,088:INFO:searchNumber
2022-06-07 20:54:53,863:INFO:98200029:6|98200061:6
2022-06-07 20:54:53,865:INFO:[{'prefix': '98200029'}, {'prefix': '98200061'}]
2022-06-07 20:55:08,604:INFO:searchNumber
2022-06-07 20:55:10,150:INFO:searchNumber
2022-06-07 20:55:12,418:INFO:98300061:6|98300082:6
2022-06-07 20:55:12,421:INFO:[{'prefix': '98300061'}, {'prefix': '98300082'}]
2022-06-07 20:55:12,728:INFO:searchNumber
2022-06-07 20:55:12,847:INFO:98300061:6|98300082:6
2022-06-07 20:55:12,850:INFO:[{'prefix': '98300061'}, {'prefix': '98300082'}]
2022-06-07 20:55:12,924:INFO:searchNumber
2022-06-07 20:55:13,128:INFO:searchNumber
2022-06-07 20:55:13,189:INFO:searchNumber
2022-06-07 20:55:13,346:INFO:searchNumber
2022-06-07 20:55:14,031:INFO:98300061:6|98300082:6
2022-06-07 20:55:14,033:INFO:[{'prefix': '98300061'}, {'prefix': '98300082'}]
2022-06-07 20:55:14,345:INFO:98300061:6|98300082:6
2022-06-07 20:55:14,348:INFO:[{'prefix': '98300061'}, {'prefix': '98300082'}]
2022-06-07 20:55:16,090:INFO:searchNumber
2022-06-07 20:55:16,413:INFO:98300061:6|98300082:6
2022-06-07 20:55:16,415:INFO:[{'prefix': '98300061'}, {'prefix': '98300082'}]
2022-06-07 20:55:16,510:INFO:98300061:6|98300082:6
2022-06-07 20:55:16,512:INFO:[{'prefix': '98300061'}, {'prefix': '98300082'}]
2022-06-07 20:55:16,542:INFO:98300061:6|98300082:6
2022-06-07 20:55:16,545:INFO:[{'prefix': '98300061'}, {'prefix': '98300082'}]
2022-06-07 20:55:16,567:INFO:searchNumber
2022-06-07 20:55:17,039:INFO:-1
2022-06-07 20:55:17,039:INFO:[]
2022-06-07 20:55:17,466:INFO:-1
2022-06-07 20:55:17,466:INFO:[]
2022-06-07 20:55:23,267:INFO:ads
2022-06-07 21:55:23,233:INFO:jwt
2022-06-07 21:55:23,238:INFO:{'username': u'\u041a\u0438\u043e\u0441\u043a2', 'user_id': 2, 'exp': datetime.datetime(2022, 6, 7, 14, 0, 23, 238255)}
2022-06-07 21:55:23,238:INFO:eyJhbGciOiJIUzI1NiIsInR5cCI6IkpXVCJ9.eyJ1c2VybmFtZSI6Ilx1MDQxYVx1MDQzOFx1MDQzZVx1MDQ0MVx1MDQzYTIiLCJ1c2VyX2lkIjoyLCJleHAiOjE2NTQ2MTA0MjN9.HwMQ5U3fZIrXToAI8kgu15DfBJ1kV9HTzo0WSJlI0F4
2022-06-07 21:55:26,442:INFO:ads
2022-06-07 22:55:26,344:INFO:jwt
2022-06-07 22:55:26,349:INFO:{'username': u'\u041a\u0438\u043e\u0441\u043a2', 'user_id': 2, 'exp': datetime.datetime(2022, 6, 7, 15, 0, 26, 349636)}
2022-06-07 22:55:26,349:INFO:eyJhbGciOiJIUzI1NiIsInR5cCI6IkpXVCJ9.eyJ1c2VybmFtZSI6Ilx1MDQxYVx1MDQzOFx1MDQzZVx1MDQ0MVx1MDQzYTIiLCJ1c2VyX2lkIjoyLCJleHAiOjE2NTQ2MTQwMjZ9.ozm8JITXwGPxuff7S6KMNr_YyDckCtCnqMOJoOypCFs
2022-06-07 22:55:29,609:INFO:ads
2022-06-07 23:55:29,664:INFO:jwt
2022-06-07 23:55:29,668:INFO:{'username': u'\u041a\u0438\u043e\u0441\u043a2', 'user_id': 2, 'exp': datetime.datetime(2022, 6, 7, 16, 0, 29, 668865)}
2022-06-07 23:55:29,669:INFO:eyJhbGciOiJIUzI1NiIsInR5cCI6IkpXVCJ9.eyJ1c2VybmFtZSI6Ilx1MDQxYVx1MDQzOFx1MDQzZVx1MDQ0MVx1MDQzYTIiLCJ1c2VyX2lkIjoyLCJleHAiOjE2NTQ2MTc2Mjl9.eHGlAolqOyj6L5Kt_sh1z-deb6wB5Fl1-o6OYRAgkj8
2022-06-07 23:55:32,851:INFO:ads
2022-06-08 00:55:32,819:INFO:jwt
2022-06-08 00:55:32,823:INFO:{'username': u'\u041a\u0438\u043e\u0441\u043a2', 'user_id': 2, 'exp': datetime.datetime(2022, 6, 7, 17, 0, 32, 823815)}
2022-06-08 00:55:32,824:INFO:eyJhbGciOiJIUzI1NiIsInR5cCI6IkpXVCJ9.eyJ1c2VybmFtZSI6Ilx1MDQxYVx1MDQzOFx1MDQzZVx1MDQ0MVx1MDQzYTIiLCJ1c2VyX2lkIjoyLCJleHAiOjE2NTQ2MjEyMzJ9.-dPSW4AQ1F6yp-bt62NLm3kF6DkU8IchJN5K6fwS3IM
2022-06-08 00:55:37,844:INFO:ads
2022-06-08 01:55:38,014:INFO:jwt
2022-06-08 01:55:38,020:INFO:{'username': u'\u041a\u0438\u043e\u0441\u043a2', 'user_id': 2, 'exp': datetime.datetime(2022, 6, 7, 18, 0, 38, 20112)}
2022-06-08 01:55:38,020:INFO:eyJhbGciOiJIUzI1NiIsInR5cCI6IkpXVCJ9.eyJ1c2VybmFtZSI6Ilx1MDQxYVx1MDQzOFx1MDQzZVx1MDQ0MVx1MDQzYTIiLCJ1c2VyX2lkIjoyLCJleHAiOjE2NTQ2MjQ4Mzh9.WQNImss1vLT8HVmUUzH6fNaFeDFsQiGSRUwgWA4eAG0
2022-06-08 01:55:41,967:INFO:ads
2022-06-08 02:55:41,837:INFO:jwt
2022-06-08 02:55:41,842:INFO:{'username': u'\u041a\u0438\u043e\u0441\u043a2', 'user_id': 2, 'exp': datetime.datetime(2022, 6, 7, 19, 0, 41, 842331)}
2022-06-08 02:55:41,842:INFO:eyJhbGciOiJIUzI1NiIsInR5cCI6IkpXVCJ9.eyJ1c2VybmFtZSI6Ilx1MDQxYVx1MDQzOFx1MDQzZVx1MDQ0MVx1MDQzYTIiLCJ1c2VyX2lkIjoyLCJleHAiOjE2NTQ2Mjg0NDF9.iBXUOgkdfryeCO9A9axihDa0MRm9Rr8BSrUVHfkQzV4
2022-06-08 02:55:46,012:INFO:ads
2022-06-08 03:55:46,042:INFO:jwt
2022-06-08 03:55:46,047:INFO:{'username': u'\u041a\u0438\u043e\u0441\u043a2', 'user_id': 2, 'exp': datetime.datetime(2022, 6, 7, 20, 0, 46, 47793)}
2022-06-08 03:55:46,048:INFO:eyJhbGciOiJIUzI1NiIsInR5cCI6IkpXVCJ9.eyJ1c2VybmFtZSI6Ilx1MDQxYVx1MDQzOFx1MDQzZVx1MDQ0MVx1MDQzYTIiLCJ1c2VyX2lkIjoyLCJleHAiOjE2NTQ2MzIwNDZ9.AZobUq9W1cOcIkFRO4agPGCrJj8NftrITfshGBdPV8c
2022-06-08 03:55:51,048:INFO:ads
2022-06-08 04:55:51,095:INFO:jwt
2022-06-08 04:55:51,100:INFO:{'username': u'\u041a\u0438\u043e\u0441\u043a2', 'user_id': 2, 'exp': datetime.datetime(2022, 6, 7, 21, 0, 51, 100016)}
2022-06-08 04:55:51,100:INFO:eyJhbGciOiJIUzI1NiIsInR5cCI6IkpXVCJ9.eyJ1c2VybmFtZSI6Ilx1MDQxYVx1MDQzOFx1MDQzZVx1MDQ0MVx1MDQzYTIiLCJ1c2VyX2lkIjoyLCJleHAiOjE2NTQ2MzU2NTF9.oKqjjcrbtbtoJA7I8YhhzXJ16lylmflxSYF4ZVp6p_c
2022-06-08 04:55:54,277:INFO:ads
2022-06-08 04:58:00,157:INFO:jwt
2022-06-08 04:58:00,162:INFO:{'username': u'\u041a\u0438\u043e\u0441\u043a2', 'user_id': 2, 'exp': datetime.datetime(2022, 6, 7, 21, 3, 0, 162323)}
2022-06-08 04:58:00,162:INFO:eyJhbGciOiJIUzI1NiIsInR5cCI6IkpXVCJ9.eyJ1c2VybmFtZSI6Ilx1MDQxYVx1MDQzOFx1MDQzZVx1MDQ0MVx1MDQzYTIiLCJ1c2VyX2lkIjoyLCJleHAiOjE2NTQ2MzU3ODB9.7cds3MaTxbl7pfDtCtPOsqi1nOc5WaEEFKX-_cPj05E
2022-06-08 05:55:54,308:INFO:jwt
2022-06-08 05:55:54,313:INFO:{'username': u'\u041a\u0438\u043e\u0441\u043a2', 'user_id': 2, 'exp': datetime.datetime(2022, 6, 7, 22, 0, 54, 313680)}
2022-06-08 05:55:54,313:INFO:eyJhbGciOiJIUzI1NiIsInR5cCI6IkpXVCJ9.eyJ1c2VybmFtZSI6Ilx1MDQxYVx1MDQzOFx1MDQzZVx1MDQ0MVx1MDQzYTIiLCJ1c2VyX2lkIjoyLCJleHAiOjE2NTQ2MzkyNTR9.1BAb2ayr5GlOoRdMPf-Knji9c6Kz-kzhRSpVF1pw_kE
2022-06-08 05:55:57,511:INFO:ads
2022-06-08 06:55:57,504:INFO:jwt
2022-06-08 06:55:57,510:INFO:{'username': u'\u041a\u0438\u043e\u0441\u043a2', 'user_id': 2, 'exp': datetime.datetime(2022, 6, 7, 23, 0, 57, 510005)}
2022-06-08 06:55:57,510:INFO:eyJhbGciOiJIUzI1NiIsInR5cCI6IkpXVCJ9.eyJ1c2VybmFtZSI6Ilx1MDQxYVx1MDQzOFx1MDQzZVx1MDQ0MVx1MDQzYTIiLCJ1c2VyX2lkIjoyLCJleHAiOjE2NTQ2NDI4NTd9.9JI8fW2HSXMTnIVbiW41GZN_7lxdRsJAIMcjPeD_Mw0
2022-06-08 06:56:00,725:INFO:ads
2022-06-08 07:56:00,692:INFO:jwt
2022-06-08 07:56:00,697:INFO:{'username': u'\u041a\u0438\u043e\u0441\u043a2', 'user_id': 2, 'exp': datetime.datetime(2022, 6, 8, 0, 1, 0, 697368)}
2022-06-08 07:56:00,697:INFO:eyJhbGciOiJIUzI1NiIsInR5cCI6IkpXVCJ9.eyJ1c2VybmFtZSI6Ilx1MDQxYVx1MDQzOFx1MDQzZVx1MDQ0MVx1MDQzYTIiLCJ1c2VyX2lkIjoyLCJleHAiOjE2NTQ2NDY0NjB9.JHmMdYjRzzSgRuStxy70uaYl4Oqm0Q_QoTPR19ETpFM
2022-06-08 07:56:04,177:INFO:ads
2022-06-08 08:56:04,205:INFO:jwt
2022-06-08 08:56:04,210:INFO:{'username': u'\u041a\u0438\u043e\u0441\u043a2', 'user_id': 2, 'exp': datetime.datetime(2022, 6, 8, 1, 1, 4, 210411)}
2022-06-08 08:56:04,210:INFO:eyJhbGciOiJIUzI1NiIsInR5cCI6IkpXVCJ9.eyJ1c2VybmFtZSI6Ilx1MDQxYVx1MDQzOFx1MDQzZVx1MDQ0MVx1MDQzYTIiLCJ1c2VyX2lkIjoyLCJleHAiOjE2NTQ2NTAwNjR9.kmhrgbqG37bmKYiwvvToLfWgw7Ve6jvbLbsQPu89HqI
2022-06-08 08:56:09,361:INFO:ads
