2022-08-16 13:46:36,733:INFO:jwt
2022-08-16 13:46:36,801:INFO:{'username': u'\u041a\u0438\u043e\u0441\u043a2', 'user_id': 2, 'exp': datetime.datetime(2022, 8, 16, 5, 51, 36, 801191)}
2022-08-16 13:46:36,801:INFO:eyJhbGciOiJIUzI1NiIsInR5cCI6IkpXVCJ9.eyJ1c2VybmFtZSI6Ilx1MDQxYVx1MDQzOFx1MDQzZVx1MDQ0MVx1MDQzYTIiLCJ1c2VyX2lkIjoyLCJleHAiOjE2NjA2MjkwOTZ9.oL5BMtNUuSBZKxvqgG2LxMwpCHHYb-Va2tkOiWEQap4
2022-08-16 13:46:40,188:INFO:ads
2022-08-16 14:40:28,820:INFO:jwt
2022-08-16 14:40:28,826:INFO:{'username': u'\u041a\u0438\u043e\u0441\u043a3', 'user_id': 3, 'exp': datetime.datetime(2022, 8, 16, 6, 45, 28, 826507)}
2022-08-16 14:40:28,826:INFO:eyJhbGciOiJIUzI1NiIsInR5cCI6IkpXVCJ9.eyJ1c2VybmFtZSI6Ilx1MDQxYVx1MDQzOFx1MDQzZVx1MDQ0MVx1MDQzYTMiLCJ1c2VyX2lkIjozLCJleHAiOjE2NjA2MzIzMjh9.5pajC9FCwIGWVnca_udTgXUeuCqn9ZuqsWgk1UAgLJM
2022-08-16 14:40:31,827:INFO:jwt
2022-08-16 14:40:31,832:INFO:{'username': u'\u041a\u0438\u043e\u0441\u043a3', 'user_id': 3, 'exp': datetime.datetime(2022, 8, 16, 6, 45, 31, 832033)}
2022-08-16 14:40:31,832:INFO:eyJhbGciOiJIUzI1NiIsInR5cCI6IkpXVCJ9.eyJ1c2VybmFtZSI6Ilx1MDQxYVx1MDQzOFx1MDQzZVx1MDQ0MVx1MDQzYTMiLCJ1c2VyX2lkIjozLCJleHAiOjE2NjA2MzIzMzF9.eQ1ibBiMPT56f75ySYhvnsIy0AOYD15r8OjuhFN1u6k
2022-08-16 14:42:59,667:INFO:ads
2022-08-16 14:46:40,297:INFO:jwt
2022-08-16 14:46:40,302:INFO:{'username': u'\u041a\u0438\u043e\u0441\u043a2', 'user_id': 2, 'exp': datetime.datetime(2022, 8, 16, 6, 51, 40, 302569)}
2022-08-16 14:46:40,302:INFO:eyJhbGciOiJIUzI1NiIsInR5cCI6IkpXVCJ9.eyJ1c2VybmFtZSI6Ilx1MDQxYVx1MDQzOFx1MDQzZVx1MDQ0MVx1MDQzYTIiLCJ1c2VyX2lkIjoyLCJleHAiOjE2NjA2MzI3MDB9.bU0lO5VskFdkmmxy8deRI7B2S9S1CPNCsx57nG_-6Oo
2022-08-16 14:46:43,565:INFO:ads
2022-08-16 15:12:25,568:INFO:jwt
2022-08-16 15:12:25,574:INFO:{'username': u'\u041a\u0438\u043e\u0441\u043a3', 'user_id': 3, 'exp': datetime.datetime(2022, 8, 16, 7, 17, 25, 574524)}
2022-08-16 15:12:25,574:INFO:eyJhbGciOiJIUzI1NiIsInR5cCI6IkpXVCJ9.eyJ1c2VybmFtZSI6Ilx1MDQxYVx1MDQzOFx1MDQzZVx1MDQ0MVx1MDQzYTMiLCJ1c2VyX2lkIjozLCJleHAiOjE2NjA2MzQyNDV9.DSqaKM9ceD7sbdkdVVRvscDg7tR7FIc_vQzZR94-z8w
2022-08-16 15:14:56,146:INFO:ads
2022-08-16 15:46:43,511:INFO:jwt
2022-08-16 15:46:43,516:INFO:{'username': u'\u041a\u0438\u043e\u0441\u043a2', 'user_id': 2, 'exp': datetime.datetime(2022, 8, 16, 7, 51, 43, 516315)}
2022-08-16 15:46:43,516:INFO:eyJhbGciOiJIUzI1NiIsInR5cCI6IkpXVCJ9.eyJ1c2VybmFtZSI6Ilx1MDQxYVx1MDQzOFx1MDQzZVx1MDQ0MVx1MDQzYTIiLCJ1c2VyX2lkIjoyLCJleHAiOjE2NjA2MzYzMDN9.pspevb8f-beiXFpuIwtJ_8D1SiX6Qxui8kLYkrfxGV4
2022-08-16 15:46:46,796:INFO:ads
2022-08-16 16:34:03,387:INFO:ads
2022-08-16 16:40:26,373:INFO:ads
2022-08-16 16:46:46,717:INFO:jwt
2022-08-16 16:46:46,722:INFO:{'username': u'\u041a\u0438\u043e\u0441\u043a2', 'user_id': 2, 'exp': datetime.datetime(2022, 8, 16, 8, 51, 46, 722587)}
2022-08-16 16:46:46,722:INFO:eyJhbGciOiJIUzI1NiIsInR5cCI6IkpXVCJ9.eyJ1c2VybmFtZSI6Ilx1MDQxYVx1MDQzOFx1MDQzZVx1MDQ0MVx1MDQzYTIiLCJ1c2VyX2lkIjoyLCJleHAiOjE2NjA2Mzk5MDZ9.TxUqva_mTjoVt6erJpNsriRlUcvukqqNjvLxiKzaw4Y
2022-08-16 16:46:49,988:INFO:ads
2022-08-16 17:46:50,271:INFO:jwt
2022-08-16 17:46:50,276:INFO:{'username': u'\u041a\u0438\u043e\u0441\u043a2', 'user_id': 2, 'exp': datetime.datetime(2022, 8, 16, 9, 51, 50, 276367)}
2022-08-16 17:46:50,276:INFO:eyJhbGciOiJIUzI1NiIsInR5cCI6IkpXVCJ9.eyJ1c2VybmFtZSI6Ilx1MDQxYVx1MDQzOFx1MDQzZVx1MDQ0MVx1MDQzYTIiLCJ1c2VyX2lkIjoyLCJleHAiOjE2NjA2NDM1MTB9.hLABdxEOxNWKi0Q70qHATM9_9GsZMcqVQ4MHOLviTTw
2022-08-16 17:46:53,567:INFO:ads
2022-08-16 18:46:53,593:INFO:jwt
2022-08-16 18:46:53,598:INFO:{'username': u'\u041a\u0438\u043e\u0441\u043a2', 'user_id': 2, 'exp': datetime.datetime(2022, 8, 16, 10, 51, 53, 598763)}
2022-08-16 18:46:53,599:INFO:eyJhbGciOiJIUzI1NiIsInR5cCI6IkpXVCJ9.eyJ1c2VybmFtZSI6Ilx1MDQxYVx1MDQzOFx1MDQzZVx1MDQ0MVx1MDQzYTIiLCJ1c2VyX2lkIjoyLCJleHAiOjE2NjA2NDcxMTN9._zbikbbZ8mVOi-QGrj9LZdMdqwEjjAJHaIfDjtXS8k8
2022-08-16 18:46:56,843:INFO:ads
2022-08-16 19:46:56,907:INFO:jwt
2022-08-16 19:46:56,913:INFO:{'username': u'\u041a\u0438\u043e\u0441\u043a2', 'user_id': 2, 'exp': datetime.datetime(2022, 8, 16, 11, 51, 56, 913256)}
2022-08-16 19:46:56,913:INFO:eyJhbGciOiJIUzI1NiIsInR5cCI6IkpXVCJ9.eyJ1c2VybmFtZSI6Ilx1MDQxYVx1MDQzOFx1MDQzZVx1MDQ0MVx1MDQzYTIiLCJ1c2VyX2lkIjoyLCJleHAiOjE2NjA2NTA3MTZ9.6OxB5lBvoDe6wxeLXIRfAbp8ks6yghpWiURt4-91Dc0
2022-08-16 19:47:00,191:INFO:ads
2022-08-16 20:47:00,088:INFO:jwt
2022-08-16 20:47:00,093:INFO:{'username': u'\u041a\u0438\u043e\u0441\u043a2', 'user_id': 2, 'exp': datetime.datetime(2022, 8, 16, 12, 52, 0, 93607)}
2022-08-16 20:47:00,093:INFO:eyJhbGciOiJIUzI1NiIsInR5cCI6IkpXVCJ9.eyJ1c2VybmFtZSI6Ilx1MDQxYVx1MDQzOFx1MDQzZVx1MDQ0MVx1MDQzYTIiLCJ1c2VyX2lkIjoyLCJleHAiOjE2NjA2NTQzMjB9.Ta7bKsg-01i3vSkuW20kx3qdPhuRzuuB3_n_P2fkhrQ
2022-08-16 20:47:03,428:INFO:ads
2022-08-16 21:47:03,341:INFO:jwt
2022-08-16 21:47:03,347:INFO:{'username': u'\u041a\u0438\u043e\u0441\u043a2', 'user_id': 2, 'exp': datetime.datetime(2022, 8, 16, 13, 52, 3, 347278)}
2022-08-16 21:47:03,347:INFO:eyJhbGciOiJIUzI1NiIsInR5cCI6IkpXVCJ9.eyJ1c2VybmFtZSI6Ilx1MDQxYVx1MDQzOFx1MDQzZVx1MDQ0MVx1MDQzYTIiLCJ1c2VyX2lkIjoyLCJleHAiOjE2NjA2NTc5MjN9.mapRs75F3Z9RLtMgDgb7wNBMCxTY-timws7Bw9auClg
2022-08-16 21:47:06,554:INFO:ads
2022-08-16 22:47:06,843:INFO:jwt
2022-08-16 22:47:06,848:INFO:{'username': u'\u041a\u0438\u043e\u0441\u043a2', 'user_id': 2, 'exp': datetime.datetime(2022, 8, 16, 14, 52, 6, 848887)}
2022-08-16 22:47:06,849:INFO:eyJhbGciOiJIUzI1NiIsInR5cCI6IkpXVCJ9.eyJ1c2VybmFtZSI6Ilx1MDQxYVx1MDQzOFx1MDQzZVx1MDQ0MVx1MDQzYTIiLCJ1c2VyX2lkIjoyLCJleHAiOjE2NjA2NjE1MjZ9.sqSZwe-3TIGCdxh3ADBejV2DF0k7D9YoAv7BJDFS-SU
2022-08-16 22:47:10,122:INFO:ads
2022-08-16 23:47:10,154:INFO:jwt
2022-08-16 23:47:10,159:INFO:{'username': u'\u041a\u0438\u043e\u0441\u043a2', 'user_id': 2, 'exp': datetime.datetime(2022, 8, 16, 15, 52, 10, 159913)}
2022-08-16 23:47:10,160:INFO:eyJhbGciOiJIUzI1NiIsInR5cCI6IkpXVCJ9.eyJ1c2VybmFtZSI6Ilx1MDQxYVx1MDQzOFx1MDQzZVx1MDQ0MVx1MDQzYTIiLCJ1c2VyX2lkIjoyLCJleHAiOjE2NjA2NjUxMzB9.YBqlSLeJbXmXjMdvNhThVDFa3A-mqTcNQNFAmXPTCro
2022-08-16 23:47:13,429:INFO:ads
2022-08-17 00:47:13,399:INFO:jwt
2022-08-17 00:47:13,404:INFO:{'username': u'\u041a\u0438\u043e\u0441\u043a2', 'user_id': 2, 'exp': datetime.datetime(2022, 8, 16, 16, 52, 13, 404156)}
2022-08-17 00:47:13,404:INFO:eyJhbGciOiJIUzI1NiIsInR5cCI6IkpXVCJ9.eyJ1c2VybmFtZSI6Ilx1MDQxYVx1MDQzOFx1MDQzZVx1MDQ0MVx1MDQzYTIiLCJ1c2VyX2lkIjoyLCJleHAiOjE2NjA2Njg3MzN9.2-bY2Ha1APzLIZIbBAJ03k1XQIjeLdQQERmT2-vCffY
2022-08-17 00:47:16,681:INFO:ads
2022-08-17 01:47:16,600:INFO:jwt
2022-08-17 01:47:16,605:INFO:{'username': u'\u041a\u0438\u043e\u0441\u043a2', 'user_id': 2, 'exp': datetime.datetime(2022, 8, 16, 17, 52, 16, 605442)}
2022-08-17 01:47:16,605:INFO:eyJhbGciOiJIUzI1NiIsInR5cCI6IkpXVCJ9.eyJ1c2VybmFtZSI6Ilx1MDQxYVx1MDQzOFx1MDQzZVx1MDQ0MVx1MDQzYTIiLCJ1c2VyX2lkIjoyLCJleHAiOjE2NjA2NzIzMzZ9.hqlijdFfAvqnJJ0_IkEcY1b1qvF4skotmxLUUCiRt8c
2022-08-17 01:47:19,875:INFO:ads
2022-08-17 02:47:19,693:INFO:jwt
2022-08-17 02:47:19,699:INFO:{'username': u'\u041a\u0438\u043e\u0441\u043a2', 'user_id': 2, 'exp': datetime.datetime(2022, 8, 16, 18, 52, 19, 699302)}
2022-08-17 02:47:19,699:INFO:eyJhbGciOiJIUzI1NiIsInR5cCI6IkpXVCJ9.eyJ1c2VybmFtZSI6Ilx1MDQxYVx1MDQzOFx1MDQzZVx1MDQ0MVx1MDQzYTIiLCJ1c2VyX2lkIjoyLCJleHAiOjE2NjA2NzU5Mzl9.m-ytL35aHVCgbZhD6KTStC_1DS8dGpwjjBLmk-RB4sk
2022-08-17 02:47:22,883:INFO:ads
2022-08-17 03:47:22,689:INFO:jwt
2022-08-17 03:47:22,694:INFO:{'username': u'\u041a\u0438\u043e\u0441\u043a2', 'user_id': 2, 'exp': datetime.datetime(2022, 8, 16, 19, 52, 22, 694917)}
2022-08-17 03:47:22,695:INFO:eyJhbGciOiJIUzI1NiIsInR5cCI6IkpXVCJ9.eyJ1c2VybmFtZSI6Ilx1MDQxYVx1MDQzOFx1MDQzZVx1MDQ0MVx1MDQzYTIiLCJ1c2VyX2lkIjoyLCJleHAiOjE2NjA2Nzk1NDJ9.M7jqPBbmOP4tCSTcy0hGD9sjWiltXhQxzS2GTp-1Uns
2022-08-17 03:47:25,943:INFO:ads
2022-08-17 04:47:26,112:INFO:jwt
2022-08-17 04:47:26,117:INFO:{'username': u'\u041a\u0438\u043e\u0441\u043a2', 'user_id': 2, 'exp': datetime.datetime(2022, 8, 16, 20, 52, 26, 117633)}
2022-08-17 04:47:26,117:INFO:eyJhbGciOiJIUzI1NiIsInR5cCI6IkpXVCJ9.eyJ1c2VybmFtZSI6Ilx1MDQxYVx1MDQzOFx1MDQzZVx1MDQ0MVx1MDQzYTIiLCJ1c2VyX2lkIjoyLCJleHAiOjE2NjA2ODMxNDZ9.ATpO715NPT_KbDrDdQgmGxvZgYFJLfrzl1HyZJEq7cU
2022-08-17 04:47:29,416:INFO:ads
2022-08-17 05:47:29,429:INFO:jwt
2022-08-17 05:47:29,434:INFO:{'username': u'\u041a\u0438\u043e\u0441\u043a2', 'user_id': 2, 'exp': datetime.datetime(2022, 8, 16, 21, 52, 29, 434525)}
2022-08-17 05:47:29,434:INFO:eyJhbGciOiJIUzI1NiIsInR5cCI6IkpXVCJ9.eyJ1c2VybmFtZSI6Ilx1MDQxYVx1MDQzOFx1MDQzZVx1MDQ0MVx1MDQzYTIiLCJ1c2VyX2lkIjoyLCJleHAiOjE2NjA2ODY3NDl9.pWonDI_Mk2tsP_Cyc96xQKS5iuk62iXIXrRbJsXpyCk
2022-08-17 05:47:32,688:INFO:ads
2022-08-17 06:47:32,677:INFO:jwt
2022-08-17 06:47:32,682:INFO:{'username': u'\u041a\u0438\u043e\u0441\u043a2', 'user_id': 2, 'exp': datetime.datetime(2022, 8, 16, 22, 52, 32, 682384)}
2022-08-17 06:47:32,682:INFO:eyJhbGciOiJIUzI1NiIsInR5cCI6IkpXVCJ9.eyJ1c2VybmFtZSI6Ilx1MDQxYVx1MDQzOFx1MDQzZVx1MDQ0MVx1MDQzYTIiLCJ1c2VyX2lkIjoyLCJleHAiOjE2NjA2OTAzNTJ9.jN5D1V9WylVLeMdZpbtdWJSlvHuC5TqfBlcF3urmkco
2022-08-17 06:47:35,929:INFO:ads
2022-08-17 07:47:35,763:INFO:jwt
2022-08-17 07:47:35,768:INFO:{'username': u'\u041a\u0438\u043e\u0441\u043a2', 'user_id': 2, 'exp': datetime.datetime(2022, 8, 16, 23, 52, 35, 768683)}
2022-08-17 07:47:35,769:INFO:eyJhbGciOiJIUzI1NiIsInR5cCI6IkpXVCJ9.eyJ1c2VybmFtZSI6Ilx1MDQxYVx1MDQzOFx1MDQzZVx1MDQ0MVx1MDQzYTIiLCJ1c2VyX2lkIjoyLCJleHAiOjE2NjA2OTM5NTV9.q1dGS9ZiZkBlVkNDflHm_NEXoWtxazxHiOdA1TPpitQ
2022-08-17 07:47:38,991:INFO:ads
2022-08-17 08:47:38,997:INFO:jwt
2022-08-17 08:47:39,003:INFO:{'username': u'\u041a\u0438\u043e\u0441\u043a2', 'user_id': 2, 'exp': datetime.datetime(2022, 8, 17, 0, 52, 39, 3054)}
2022-08-17 08:47:39,003:INFO:eyJhbGciOiJIUzI1NiIsInR5cCI6IkpXVCJ9.eyJ1c2VybmFtZSI6Ilx1MDQxYVx1MDQzOFx1MDQzZVx1MDQ0MVx1MDQzYTIiLCJ1c2VyX2lkIjoyLCJleHAiOjE2NjA2OTc1NTl9.4pqTrTaVVZVML1sbHWZCzyVAsDugWCC4r1tbLWyF-SE
2022-08-17 08:47:42,304:INFO:ads
2022-08-17 09:26:11,382:INFO:jwt
2022-08-17 09:26:11,388:INFO:{'username': u'\u041a\u0438\u043e\u0441\u043a3', 'user_id': 3, 'exp': datetime.datetime(2022, 8, 17, 1, 31, 11, 388491)}
2022-08-17 09:26:11,388:INFO:eyJhbGciOiJIUzI1NiIsInR5cCI6IkpXVCJ9.eyJ1c2VybmFtZSI6Ilx1MDQxYVx1MDQzOFx1MDQzZVx1MDQ0MVx1MDQzYTMiLCJ1c2VyX2lkIjozLCJleHAiOjE2NjA2OTk4NzF9.WF538AsB7EnoUVKm7sI5RZQ1U-oURP9GiZa57xjOGrM
2022-08-17 09:28:42,018:INFO:ads
2022-08-17 09:47:42,285:INFO:jwt
2022-08-17 09:47:42,290:INFO:{'username': u'\u041a\u0438\u043e\u0441\u043a2', 'user_id': 2, 'exp': datetime.datetime(2022, 8, 17, 1, 52, 42, 290439)}
2022-08-17 09:47:42,290:INFO:eyJhbGciOiJIUzI1NiIsInR5cCI6IkpXVCJ9.eyJ1c2VybmFtZSI6Ilx1MDQxYVx1MDQzOFx1MDQzZVx1MDQ0MVx1MDQzYTIiLCJ1c2VyX2lkIjoyLCJleHAiOjE2NjA3MDExNjJ9.OsNnIk3gAwgTq-1Tm3ayCrWYDaQCUWinKjaN5Shbdro
2022-08-17 09:47:45,577:INFO:ads
2022-08-17 10:47:45,686:INFO:jwt
2022-08-17 10:47:45,691:INFO:{'username': u'\u041a\u0438\u043e\u0441\u043a2', 'user_id': 2, 'exp': datetime.datetime(2022, 8, 17, 2, 52, 45, 691891)}
2022-08-17 10:47:45,692:INFO:eyJhbGciOiJIUzI1NiIsInR5cCI6IkpXVCJ9.eyJ1c2VybmFtZSI6Ilx1MDQxYVx1MDQzOFx1MDQzZVx1MDQ0MVx1MDQzYTIiLCJ1c2VyX2lkIjoyLCJleHAiOjE2NjA3MDQ3NjV9.NBd3NWUN8yhzaX6fNCaa29a93cYtsdgTNhFon0hSOtI
2022-08-17 10:47:49,013:INFO:ads
2022-08-17 11:10:40,478:INFO:jwt
2022-08-17 11:10:40,484:INFO:{'username': u'\u041a\u0438\u043e\u0441\u043a3', 'user_id': 3, 'exp': datetime.datetime(2022, 8, 17, 3, 15, 40, 484284)}
2022-08-17 11:10:40,484:INFO:eyJhbGciOiJIUzI1NiIsInR5cCI6IkpXVCJ9.eyJ1c2VybmFtZSI6Ilx1MDQxYVx1MDQzOFx1MDQzZVx1MDQ0MVx1MDQzYTMiLCJ1c2VyX2lkIjozLCJleHAiOjE2NjA3MDYxNDB9.C69G--YMFHUcPurNgBFynbogsyPh1THSpmESZil7atI
2022-08-17 11:10:48,659:INFO:checkNumber
2022-08-17 11:10:48,662:INFO:3
2022-08-17 11:10:48,662:INFO:bankConnection
2022-08-17 11:10:48,662:INFO:3
2022-08-17 11:10:48,662:INFO:{'phone_number': u'88055135', 'amount': '', 'serviceName': 'Kiosk_3', 'trans_id': u'', 'cashOrCard': u'', 'card': u''}
2022-08-17 11:10:48,765:DEBUG:Starting new HTTPS connection (1): banksystem.gmobile.mn:443
2022-08-17 11:10:49,038:DEBUG:https://banksystem.gmobile.mn:443 "POST /service.php/api_services/kiosk/socialPay/checkNumber/response HTTP/1.1" 200 143
2022-08-17 11:10:49,041:INFO:{u'status': -1, u'errors': u'ER0003', u'data': None, u'action': u'check_index', u'type': None, u'unit': None}
2022-08-17 11:10:50,385:INFO:checkNumber
2022-08-17 11:10:50,389:INFO:3
2022-08-17 11:10:50,389:INFO:bankConnection
2022-08-17 11:10:50,389:INFO:3
2022-08-17 11:10:50,389:INFO:{'phone_number': u'88055135', 'amount': '', 'serviceName': 'Kiosk_3', 'trans_id': u'', 'cashOrCard': u'', 'card': u''}
2022-08-17 11:10:50,391:DEBUG:Starting new HTTPS connection (1): banksystem.gmobile.mn:443
2022-08-17 11:10:50,503:DEBUG:https://banksystem.gmobile.mn:443 "POST /service.php/api_services/kiosk/socialPay/checkNumber/response HTTP/1.1" 200 143
2022-08-17 11:10:50,505:INFO:{u'status': -1, u'errors': u'ER0003', u'data': None, u'action': u'check_index', u'type': None, u'unit': None}
2022-08-17 11:11:05,287:INFO:checkNumber
2022-08-17 11:11:05,290:INFO:3
2022-08-17 11:11:05,290:INFO:bankConnection
2022-08-17 11:11:05,290:INFO:3
2022-08-17 11:11:05,291:INFO:{'phone_number': u'88066931', 'amount': '', 'serviceName': 'Kiosk_3', 'trans_id': u'', 'cashOrCard': u'', 'card': u''}
2022-08-17 11:11:05,292:DEBUG:Starting new HTTPS connection (1): banksystem.gmobile.mn:443
2022-08-17 11:11:05,441:DEBUG:https://banksystem.gmobile.mn:443 "POST /service.php/api_services/kiosk/socialPay/checkNumber/response HTTP/1.1" 200 143
2022-08-17 11:11:05,442:INFO:{u'status': -1, u'errors': u'ER0003', u'data': None, u'action': u'check_index', u'type': None, u'unit': None}
2022-08-17 11:11:19,077:INFO:ads
2022-08-17 11:11:19,521:INFO:jwt
2022-08-17 11:11:19,526:INFO:{'username': u'\u041a\u0438\u043e\u0441\u043a3', 'user_id': 3, 'exp': datetime.datetime(2022, 8, 17, 3, 16, 19, 526325)}
2022-08-17 11:11:19,526:INFO:eyJhbGciOiJIUzI1NiIsInR5cCI6IkpXVCJ9.eyJ1c2VybmFtZSI6Ilx1MDQxYVx1MDQzOFx1MDQzZVx1MDQ0MVx1MDQzYTMiLCJ1c2VyX2lkIjozLCJleHAiOjE2NjA3MDYxNzl9.ExWUVuKMk-t-SQQRHCmlpz5oQi5RS1as-Zp0Re5VexE
2022-08-17 11:11:19,721:INFO:jwt
2022-08-17 11:11:19,726:INFO:{'username': u'\u041a\u0438\u043e\u0441\u043a3', 'user_id': 3, 'exp': datetime.datetime(2022, 8, 17, 3, 16, 19, 726026)}
2022-08-17 11:11:19,726:INFO:eyJhbGciOiJIUzI1NiIsInR5cCI6IkpXVCJ9.eyJ1c2VybmFtZSI6Ilx1MDQxYVx1MDQzOFx1MDQzZVx1MDQ0MVx1MDQzYTMiLCJ1c2VyX2lkIjozLCJleHAiOjE2NjA3MDYxNzl9.ExWUVuKMk-t-SQQRHCmlpz5oQi5RS1as-Zp0Re5VexE
2022-08-17 11:11:47,522:INFO:ads
2022-08-17 11:11:48,205:INFO:jwt
2022-08-17 11:11:48,210:INFO:{'username': u'\u041a\u0438\u043e\u0441\u043a3', 'user_id': 3, 'exp': datetime.datetime(2022, 8, 17, 3, 16, 48, 210522)}
2022-08-17 11:11:48,210:INFO:eyJhbGciOiJIUzI1NiIsInR5cCI6IkpXVCJ9.eyJ1c2VybmFtZSI6Ilx1MDQxYVx1MDQzOFx1MDQzZVx1MDQ0MVx1MDQzYTMiLCJ1c2VyX2lkIjozLCJleHAiOjE2NjA3MDYyMDh9.22d_4Azg9KG191WyXFWito9PdzW6zbKQj3jCn_ibXaU
2022-08-17 11:11:48,380:INFO:jwt
2022-08-17 11:11:48,384:INFO:{'username': u'\u041a\u0438\u043e\u0441\u043a3', 'user_id': 3, 'exp': datetime.datetime(2022, 8, 17, 3, 16, 48, 384953)}
2022-08-17 11:11:48,385:INFO:eyJhbGciOiJIUzI1NiIsInR5cCI6IkpXVCJ9.eyJ1c2VybmFtZSI6Ilx1MDQxYVx1MDQzOFx1MDQzZVx1MDQ0MVx1MDQzYTMiLCJ1c2VyX2lkIjozLCJleHAiOjE2NjA3MDYyMDh9.22d_4Azg9KG191WyXFWito9PdzW6zbKQj3jCn_ibXaU
2022-08-17 11:11:50,709:INFO:ads
2022-08-17 11:11:55,753:INFO:jwt
2022-08-17 11:11:55,758:INFO:{'username': u'\u041a\u0438\u043e\u0441\u043a3', 'user_id': 3, 'exp': datetime.datetime(2022, 8, 17, 3, 16, 55, 758944)}
2022-08-17 11:11:55,759:INFO:eyJhbGciOiJIUzI1NiIsInR5cCI6IkpXVCJ9.eyJ1c2VybmFtZSI6Ilx1MDQxYVx1MDQzOFx1MDQzZVx1MDQ0MVx1MDQzYTMiLCJ1c2VyX2lkIjozLCJleHAiOjE2NjA3MDYyMTV9.Nr4W1eVqvqpO5Q18wRfYCsjJBVDEfhgs7G3E2E4HB9g
2022-08-17 11:12:01,808:INFO:ads
2022-08-17 11:47:49,298:INFO:jwt
2022-08-17 11:47:49,303:INFO:{'username': u'\u041a\u0438\u043e\u0441\u043a2', 'user_id': 2, 'exp': datetime.datetime(2022, 8, 17, 3, 52, 49, 303730)}
2022-08-17 11:47:49,304:INFO:eyJhbGciOiJIUzI1NiIsInR5cCI6IkpXVCJ9.eyJ1c2VybmFtZSI6Ilx1MDQxYVx1MDQzOFx1MDQzZVx1MDQ0MVx1MDQzYTIiLCJ1c2VyX2lkIjoyLCJleHAiOjE2NjA3MDgzNjl9.Dy4AAaLD3SxabRLJDQXCVP6ibGZCDnfLBamHWQndARw
2022-08-17 11:47:52,700:INFO:ads
2022-08-17 12:47:52,853:INFO:jwt
2022-08-17 12:47:52,858:INFO:{'username': u'\u041a\u0438\u043e\u0441\u043a2', 'user_id': 2, 'exp': datetime.datetime(2022, 8, 17, 4, 52, 52, 858517)}
2022-08-17 12:47:52,858:INFO:eyJhbGciOiJIUzI1NiIsInR5cCI6IkpXVCJ9.eyJ1c2VybmFtZSI6Ilx1MDQxYVx1MDQzOFx1MDQzZVx1MDQ0MVx1MDQzYTIiLCJ1c2VyX2lkIjoyLCJleHAiOjE2NjA3MTE5NzJ9.qK_jak9HLnm_g35rnUerdDZMFCFV1CuAXBZ_xNBO8uQ
2022-08-17 12:47:56,153:INFO:ads
2022-08-17 13:22:26,848:INFO:jwt
2022-08-17 13:22:26,854:INFO:{'username': u'\u041a\u0438\u043e\u0441\u043a3', 'user_id': 3, 'exp': datetime.datetime(2022, 8, 17, 5, 27, 26, 854552)}
2022-08-17 13:22:26,854:INFO:eyJhbGciOiJIUzI1NiIsInR5cCI6IkpXVCJ9.eyJ1c2VybmFtZSI6Ilx1MDQxYVx1MDQzOFx1MDQzZVx1MDQ0MVx1MDQzYTMiLCJ1c2VyX2lkIjozLCJleHAiOjE2NjA3MTQwNDZ9.41JdWnm3v5L77LTfL4VbArqpJFqf3Uzjr-Svp3nIUws
2022-08-17 13:24:57,392:INFO:ads
2022-08-17 13:44:51,269:INFO:jwt
2022-08-17 13:44:51,275:INFO:{'username': u'\u041a\u0438\u043e\u0441\u043a3', 'user_id': 3, 'exp': datetime.datetime(2022, 8, 17, 5, 49, 51, 275052)}
2022-08-17 13:44:51,275:INFO:eyJhbGciOiJIUzI1NiIsInR5cCI6IkpXVCJ9.eyJ1c2VybmFtZSI6Ilx1MDQxYVx1MDQzOFx1MDQzZVx1MDQ0MVx1MDQzYTMiLCJ1c2VyX2lkIjozLCJleHAiOjE2NjA3MTUzOTF9.alig1Snl-2QcE3TYLd4a3EUOGES1ll20ibJEPYpkge4
2022-08-17 13:44:55,968:INFO:ads
2022-08-17 13:47:56,076:INFO:jwt
2022-08-17 13:47:56,081:INFO:{'username': u'\u041a\u0438\u043e\u0441\u043a2', 'user_id': 2, 'exp': datetime.datetime(2022, 8, 17, 5, 52, 56, 81679)}
2022-08-17 13:47:56,081:INFO:eyJhbGciOiJIUzI1NiIsInR5cCI6IkpXVCJ9.eyJ1c2VybmFtZSI6Ilx1MDQxYVx1MDQzOFx1MDQzZVx1MDQ0MVx1MDQzYTIiLCJ1c2VyX2lkIjoyLCJleHAiOjE2NjA3MTU1NzZ9.G3PXIm1C7VV6guUC0_mdiVycGA_9NOZncIjdrSk2HUg
2022-08-17 13:47:59,318:INFO:ads
2022-08-17 14:14:37,427:INFO:jwt
2022-08-17 14:14:37,433:INFO:{'username': u'\u041a\u0438\u043e\u0441\u043a3', 'user_id': 3, 'exp': datetime.datetime(2022, 8, 17, 6, 19, 37, 433398)}
2022-08-17 14:14:37,433:INFO:eyJhbGciOiJIUzI1NiIsInR5cCI6IkpXVCJ9.eyJ1c2VybmFtZSI6Ilx1MDQxYVx1MDQzOFx1MDQzZVx1MDQ0MVx1MDQzYTMiLCJ1c2VyX2lkIjozLCJleHAiOjE2NjA3MTcxNzd9.kWIFh8SgUsFzkidqgxeDxYANDvzgN4CiZljs0qPHrZw
2022-08-17 14:14:47,417:INFO:checkNumber
2022-08-17 14:14:47,421:INFO:3
2022-08-17 14:14:47,421:INFO:bankConnection
2022-08-17 14:14:47,421:INFO:3
2022-08-17 14:14:47,421:INFO:{'phone_number': u'88683650', 'amount': '', 'serviceName': 'Kiosk_3', 'trans_id': u'', 'cashOrCard': u'', 'card': u''}
2022-08-17 14:14:47,423:DEBUG:Starting new HTTPS connection (1): banksystem.gmobile.mn:443
2022-08-17 14:14:47,523:DEBUG:https://banksystem.gmobile.mn:443 "POST /service.php/api_services/kiosk/socialPay/checkNumber/response HTTP/1.1" 200 143
2022-08-17 14:14:47,525:INFO:{u'status': -1, u'errors': u'ER0003', u'data': None, u'action': u'check_index', u'type': None, u'unit': None}
2022-08-17 14:14:57,084:INFO:ads
2022-08-17 14:14:59,050:INFO:jwt
2022-08-17 14:14:59,055:INFO:{'username': u'\u041a\u0438\u043e\u0441\u043a3', 'user_id': 3, 'exp': datetime.datetime(2022, 8, 17, 6, 19, 59, 55499)}
2022-08-17 14:14:59,055:INFO:eyJhbGciOiJIUzI1NiIsInR5cCI6IkpXVCJ9.eyJ1c2VybmFtZSI6Ilx1MDQxYVx1MDQzOFx1MDQzZVx1MDQ0MVx1MDQzYTMiLCJ1c2VyX2lkIjozLCJleHAiOjE2NjA3MTcxOTl9.MlghiKTMPP-053PWGSFTKFT12StY4_Sm3_ItBZYc6Rs
2022-08-17 14:15:04,784:INFO:checkNumber
2022-08-17 14:15:04,787:INFO:3
2022-08-17 14:15:04,787:INFO:bankConnection
2022-08-17 14:15:04,787:INFO:3
2022-08-17 14:15:04,787:INFO:{'phone_number': u'88683650', 'amount': '', 'serviceName': 'Kiosk_3', 'trans_id': u'', 'cashOrCard': u'', 'card': u''}
2022-08-17 14:15:04,789:DEBUG:Starting new HTTPS connection (1): banksystem.gmobile.mn:443
2022-08-17 14:15:04,889:DEBUG:https://banksystem.gmobile.mn:443 "POST /service.php/api_services/kiosk/socialPay/checkNumber/response HTTP/1.1" 200 143
2022-08-17 14:15:04,891:INFO:{u'status': -1, u'errors': u'ER0003', u'data': None, u'action': u'check_index', u'type': None, u'unit': None}
2022-08-17 14:15:18,745:INFO:ads
2022-08-17 14:15:22,508:INFO:jwt
2022-08-17 14:15:22,513:INFO:{'username': u'\u041a\u0438\u043e\u0441\u043a3', 'user_id': 3, 'exp': datetime.datetime(2022, 8, 17, 6, 20, 22, 513237)}
2022-08-17 14:15:22,513:INFO:eyJhbGciOiJIUzI1NiIsInR5cCI6IkpXVCJ9.eyJ1c2VybmFtZSI6Ilx1MDQxYVx1MDQzOFx1MDQzZVx1MDQ0MVx1MDQzYTMiLCJ1c2VyX2lkIjozLCJleHAiOjE2NjA3MTcyMjJ9.O7kCb96yfn_q7fp8PlVG2E_nKOdM9PhtaBYHnrd4KXs
2022-08-17 14:15:25,419:INFO:ads
2022-08-17 14:21:47,482:INFO:jwt
2022-08-17 14:21:47,488:INFO:{'username': u'\u041a\u0438\u043e\u0441\u043a3', 'user_id': 3, 'exp': datetime.datetime(2022, 8, 17, 6, 26, 47, 488769)}
2022-08-17 14:21:47,489:INFO:eyJhbGciOiJIUzI1NiIsInR5cCI6IkpXVCJ9.eyJ1c2VybmFtZSI6Ilx1MDQxYVx1MDQzOFx1MDQzZVx1MDQ0MVx1MDQzYTMiLCJ1c2VyX2lkIjozLCJleHAiOjE2NjA3MTc2MDd9.QKmX80OvUPf8oyHpdhBjmDpSCOcrGElrTmYZtA83Kl4
2022-08-17 14:21:56,443:INFO:checkNumber
2022-08-17 14:21:56,446:INFO:3
2022-08-17 14:21:56,447:INFO:bankConnection
2022-08-17 14:21:56,447:INFO:3
2022-08-17 14:21:56,447:INFO:{'phone_number': u'88683650', 'amount': '', 'serviceName': 'Kiosk_3', 'trans_id': u'', 'cashOrCard': u'', 'card': u''}
2022-08-17 14:21:56,449:DEBUG:Starting new HTTPS connection (1): banksystem.gmobile.mn:443
2022-08-17 14:21:56,574:DEBUG:https://banksystem.gmobile.mn:443 "POST /service.php/api_services/kiosk/socialPay/checkNumber/response HTTP/1.1" 200 143
2022-08-17 14:21:56,576:INFO:{u'status': -1, u'errors': u'ER0003', u'data': None, u'action': u'check_index', u'type': None, u'unit': None}
2022-08-17 14:22:02,366:INFO:ads
2022-08-17 14:48:00,574:INFO:jwt
2022-08-17 14:48:00,580:INFO:{'username': u'\u041a\u0438\u043e\u0441\u043a2', 'user_id': 2, 'exp': datetime.datetime(2022, 8, 17, 6, 53, 0, 580518)}
2022-08-17 14:48:00,580:INFO:eyJhbGciOiJIUzI1NiIsInR5cCI6IkpXVCJ9.eyJ1c2VybmFtZSI6Ilx1MDQxYVx1MDQzOFx1MDQzZVx1MDQ0MVx1MDQzYTIiLCJ1c2VyX2lkIjoyLCJleHAiOjE2NjA3MTkxODB9.zgnAsAyzan9MzV6NXjwE6zTSdsYReTPU-sAs-gkkZSc
2022-08-17 14:48:03,853:INFO:ads
2022-08-17 15:48:04,965:INFO:jwt
2022-08-17 15:48:04,971:INFO:{'username': u'\u041a\u0438\u043e\u0441\u043a2', 'user_id': 2, 'exp': datetime.datetime(2022, 8, 17, 7, 53, 4, 971510)}
2022-08-17 15:48:04,971:INFO:eyJhbGciOiJIUzI1NiIsInR5cCI6IkpXVCJ9.eyJ1c2VybmFtZSI6Ilx1MDQxYVx1MDQzOFx1MDQzZVx1MDQ0MVx1MDQzYTIiLCJ1c2VyX2lkIjoyLCJleHAiOjE2NjA3MjI3ODR9.bM_twUHH2EQKn83l90QoGLEnbCx6VwGbNtevFmXiXTo
2022-08-17 15:48:08,247:INFO:ads
2022-08-17 15:55:44,160:INFO:jwt
2022-08-17 15:55:44,166:INFO:{'username': u'\u041a\u0438\u043e\u0441\u043a3', 'user_id': 3, 'exp': datetime.datetime(2022, 8, 17, 8, 0, 44, 166892)}
2022-08-17 15:55:44,167:INFO:eyJhbGciOiJIUzI1NiIsInR5cCI6IkpXVCJ9.eyJ1c2VybmFtZSI6Ilx1MDQxYVx1MDQzOFx1MDQzZVx1MDQ0MVx1MDQzYTMiLCJ1c2VyX2lkIjozLCJleHAiOjE2NjA3MjMyNDR9.wbSmI81tdi3jRA8d6nbVhoBevpr-BZw6Y8wFxCAlbvg
2022-08-17 15:58:14,631:INFO:ads
2022-08-17 16:48:08,234:INFO:jwt
2022-08-17 16:48:08,240:INFO:{'username': u'\u041a\u0438\u043e\u0441\u043a2', 'user_id': 2, 'exp': datetime.datetime(2022, 8, 17, 8, 53, 8, 240366)}
2022-08-17 16:48:08,240:INFO:eyJhbGciOiJIUzI1NiIsInR5cCI6IkpXVCJ9.eyJ1c2VybmFtZSI6Ilx1MDQxYVx1MDQzOFx1MDQzZVx1MDQ0MVx1MDQzYTIiLCJ1c2VyX2lkIjoyLCJleHAiOjE2NjA3MjYzODh9.oJrJwhbtbllSpTg49M4ZuxBt7gkJmofOX2MU35iYMQA
2022-08-17 16:48:11,528:INFO:ads
2022-08-17 17:01:56,869:INFO:jwt
2022-08-17 17:01:56,875:INFO:{'username': u'\u041a\u0438\u043e\u0441\u043a3', 'user_id': 3, 'exp': datetime.datetime(2022, 8, 17, 9, 6, 56, 875863)}
2022-08-17 17:01:56,876:INFO:eyJhbGciOiJIUzI1NiIsInR5cCI6IkpXVCJ9.eyJ1c2VybmFtZSI6Ilx1MDQxYVx1MDQzOFx1MDQzZVx1MDQ0MVx1MDQzYTMiLCJ1c2VyX2lkIjozLCJleHAiOjE2NjA3MjcyMTZ9.nmAjXHVY79djFGuteB_noSu95xsqvseayfxOb9k6dPE
