2021-10-31 08:59:38,228:INFO:jwt
2021-10-31 08:59:38,241:INFO:{'username': u'\u041a\u0438\u043e\u0441\u043a2', 'user_id': 2, 'exp': datetime.datetime(2021, 10, 31, 1, 4, 38, 241852)}
2021-10-31 08:59:38,242:INFO:eyJhbGciOiJIUzI1NiIsInR5cCI6IkpXVCJ9.eyJ1c2VybmFtZSI6Ilx1MDQxYVx1MDQzOFx1MDQzZVx1MDQ0MVx1MDQzYTIiLCJ1c2VyX2lkIjoyLCJleHAiOjE2MzU2NDIyNzh9.R6xF-7UQazCP54gLFLE9Hv_orBdUGJKVcfoXOujPKh4
2021-10-31 08:59:38,242:INFO:jwt.jwt
2021-10-31 08:59:38,242:INFO:eyJhbGciOiJIUzI1NiIsInR5cCI6IkpXVCJ9.eyJ1c2VybmFtZSI6Ilx1MDQxYVx1MDQzOFx1MDQzZVx1MDQ0MVx1MDQzYTIiLCJ1c2VyX2lkIjoyLCJleHAiOjE2MzU1OTM4MDd9.2-ZR4XfHCRgxoOKJVEKJlZI_unvJigJWYFbpUna6Gzw
2021-10-31 08:59:38,243:INFO:jwt.jwt
2021-10-31 08:59:38,243:INFO:eyJhbGciOiJIUzI1NiIsInR5cCI6IkpXVCJ9.eyJ1c2VybmFtZSI6Ilx1MDQxYVx1MDQzOFx1MDQzZVx1MDQ0MVx1MDQzYTIiLCJ1c2VyX2lkIjoyLCJleHAiOjE2MzU2NDIyNzh9.R6xF-7UQazCP54gLFLE9Hv_orBdUGJKVcfoXOujPKh4
2021-10-31 12:33:36,226:INFO:jwt
2021-10-31 12:33:36,237:INFO:{'username': u'\u041a\u0438\u043e\u0441\u043a2', 'user_id': 2, 'exp': datetime.datetime(2021, 10, 31, 4, 38, 36, 236971)}
2021-10-31 12:33:36,237:INFO:eyJhbGciOiJIUzI1NiIsInR5cCI6IkpXVCJ9.eyJ1c2VybmFtZSI6Ilx1MDQxYVx1MDQzOFx1MDQzZVx1MDQ0MVx1MDQzYTIiLCJ1c2VyX2lkIjoyLCJleHAiOjE2MzU2NTUxMTZ9.9G9n7AFY4_oCROW9689JlFC-eLfoz0Du0rU2I7VPkFo
2021-10-31 12:33:36,237:INFO:jwt.jwt
2021-10-31 12:33:36,237:INFO:eyJhbGciOiJIUzI1NiIsInR5cCI6IkpXVCJ9.eyJ1c2VybmFtZSI6Ilx1MDQxYVx1MDQzOFx1MDQzZVx1MDQ0MVx1MDQzYTIiLCJ1c2VyX2lkIjoyLCJleHAiOjE2MzU2NDIyNzh9.R6xF-7UQazCP54gLFLE9Hv_orBdUGJKVcfoXOujPKh4
2021-10-31 12:33:36,238:INFO:jwt.jwt
2021-10-31 12:33:36,238:INFO:eyJhbGciOiJIUzI1NiIsInR5cCI6IkpXVCJ9.eyJ1c2VybmFtZSI6Ilx1MDQxYVx1MDQzOFx1MDQzZVx1MDQ0MVx1MDQzYTIiLCJ1c2VyX2lkIjoyLCJleHAiOjE2MzU2NTUxMTZ9.9G9n7AFY4_oCROW9689JlFC-eLfoz0Du0rU2I7VPkFo
2021-10-31 12:34:39,169:INFO:checkNumber
2021-10-31 12:34:39,172:INFO:2
2021-10-31 12:34:39,173:INFO:bankConnection
2021-10-31 12:34:39,173:INFO:2
2021-10-31 12:34:39,173:INFO:{'phone_number': u'98101551', 'amount': '', 'serviceName': 'Kiosk', 'trans_id': u'', 'cashOrCard': u'', 'card': u''}
2021-10-31 12:34:39,201:DEBUG:Starting new HTTPS connection (1): banksystem.gmobile.mn:443
2021-10-31 12:34:39,409:DEBUG:https://banksystem.gmobile.mn:443 "POST /service.php/api_services/kiosk/socialPay/checkNumber/response HTTP/1.1" 200 136
2021-10-31 12:34:39,412:INFO:{u'status': 1, u'errors': None, u'data': None, u'action': u'check_index', u'type': None, u'unit': None}
2021-10-31 13:34:56,016:INFO:jwt
2021-10-31 13:34:56,022:INFO:{'username': u'\u041a\u0438\u043e\u0441\u043a2', 'user_id': 2, 'exp': datetime.datetime(2021, 10, 31, 5, 39, 56, 22518)}
2021-10-31 13:34:56,022:INFO:eyJhbGciOiJIUzI1NiIsInR5cCI6IkpXVCJ9.eyJ1c2VybmFtZSI6Ilx1MDQxYVx1MDQzOFx1MDQzZVx1MDQ0MVx1MDQzYTIiLCJ1c2VyX2lkIjoyLCJleHAiOjE2MzU2NTg3OTZ9.zL0dBfDcLABuktweZ7Z21R341GeY_snsBMJLn18-7k0
2021-10-31 13:34:56,022:INFO:jwt.jwt
2021-10-31 13:34:56,022:INFO:eyJhbGciOiJIUzI1NiIsInR5cCI6IkpXVCJ9.eyJ1c2VybmFtZSI6Ilx1MDQxYVx1MDQzOFx1MDQzZVx1MDQ0MVx1MDQzYTIiLCJ1c2VyX2lkIjoyLCJleHAiOjE2MzU2NTUxMTZ9.9G9n7AFY4_oCROW9689JlFC-eLfoz0Du0rU2I7VPkFo
2021-10-31 13:34:56,024:INFO:jwt.jwt
2021-10-31 13:34:56,024:INFO:eyJhbGciOiJIUzI1NiIsInR5cCI6IkpXVCJ9.eyJ1c2VybmFtZSI6Ilx1MDQxYVx1MDQzOFx1MDQzZVx1MDQ0MVx1MDQzYTIiLCJ1c2VyX2lkIjoyLCJleHAiOjE2MzU2NTg3OTZ9.zL0dBfDcLABuktweZ7Z21R341GeY_snsBMJLn18-7k0
2021-10-31 14:35:01,524:INFO:jwt
2021-10-31 14:35:01,533:INFO:{'username': u'\u041a\u0438\u043e\u0441\u043a2', 'user_id': 2, 'exp': datetime.datetime(2021, 10, 31, 6, 40, 1, 533588)}
2021-10-31 14:35:01,534:INFO:eyJhbGciOiJIUzI1NiIsInR5cCI6IkpXVCJ9.eyJ1c2VybmFtZSI6Ilx1MDQxYVx1MDQzOFx1MDQzZVx1MDQ0MVx1MDQzYTIiLCJ1c2VyX2lkIjoyLCJleHAiOjE2MzU2NjI0MDF9.e0gnsfElPVcpLULpPQ2vJLwaNdtLDPi-HLs2jqb2XwM
2021-10-31 14:35:01,534:INFO:jwt.jwt
2021-10-31 14:35:01,534:INFO:eyJhbGciOiJIUzI1NiIsInR5cCI6IkpXVCJ9.eyJ1c2VybmFtZSI6Ilx1MDQxYVx1MDQzOFx1MDQzZVx1MDQ0MVx1MDQzYTIiLCJ1c2VyX2lkIjoyLCJleHAiOjE2MzU2NTg3OTZ9.zL0dBfDcLABuktweZ7Z21R341GeY_snsBMJLn18-7k0
2021-10-31 14:35:01,535:INFO:jwt.jwt
2021-10-31 14:35:01,536:INFO:eyJhbGciOiJIUzI1NiIsInR5cCI6IkpXVCJ9.eyJ1c2VybmFtZSI6Ilx1MDQxYVx1MDQzOFx1MDQzZVx1MDQ0MVx1MDQzYTIiLCJ1c2VyX2lkIjoyLCJleHAiOjE2MzU2NjI0MDF9.e0gnsfElPVcpLULpPQ2vJLwaNdtLDPi-HLs2jqb2XwM
2021-10-31 16:26:58,608:INFO:jwt
2021-10-31 16:26:58,615:INFO:{'username': u'\u041a\u0438\u043e\u0441\u043a2', 'user_id': 2, 'exp': datetime.datetime(2021, 10, 31, 8, 31, 58, 614947)}
2021-10-31 16:26:58,615:INFO:eyJhbGciOiJIUzI1NiIsInR5cCI6IkpXVCJ9.eyJ1c2VybmFtZSI6Ilx1MDQxYVx1MDQzOFx1MDQzZVx1MDQ0MVx1MDQzYTIiLCJ1c2VyX2lkIjoyLCJleHAiOjE2MzU2NjkxMTh9.zhIxHGxG-P0OndiV0DrcUo6za0Artkcyc_zCVH-Ocno
2021-10-31 16:26:58,615:INFO:jwt.jwt
2021-10-31 16:26:58,615:INFO:eyJhbGciOiJIUzI1NiIsInR5cCI6IkpXVCJ9.eyJ1c2VybmFtZSI6Ilx1MDQxYVx1MDQzOFx1MDQzZVx1MDQ0MVx1MDQzYTIiLCJ1c2VyX2lkIjoyLCJleHAiOjE2MzU2NjI0MDF9.e0gnsfElPVcpLULpPQ2vJLwaNdtLDPi-HLs2jqb2XwM
2021-10-31 16:26:58,616:INFO:jwt.jwt
2021-10-31 16:26:58,616:INFO:eyJhbGciOiJIUzI1NiIsInR5cCI6IkpXVCJ9.eyJ1c2VybmFtZSI6Ilx1MDQxYVx1MDQzOFx1MDQzZVx1MDQ0MVx1MDQzYTIiLCJ1c2VyX2lkIjoyLCJleHAiOjE2MzU2NjkxMTh9.zhIxHGxG-P0OndiV0DrcUo6za0Artkcyc_zCVH-Ocno
2021-10-31 17:27:04,531:INFO:jwt
2021-10-31 17:27:04,537:INFO:{'username': u'\u041a\u0438\u043e\u0441\u043a2', 'user_id': 2, 'exp': datetime.datetime(2021, 10, 31, 9, 32, 4, 537093)}
2021-10-31 17:27:04,537:INFO:eyJhbGciOiJIUzI1NiIsInR5cCI6IkpXVCJ9.eyJ1c2VybmFtZSI6Ilx1MDQxYVx1MDQzOFx1MDQzZVx1MDQ0MVx1MDQzYTIiLCJ1c2VyX2lkIjoyLCJleHAiOjE2MzU2NzI3MjR9.AwvWPcW_V4QcxuplFHamh5Tx02uTdxKAUHW5NYMEcQk
2021-10-31 17:27:04,537:INFO:jwt.jwt
2021-10-31 17:27:04,537:INFO:eyJhbGciOiJIUzI1NiIsInR5cCI6IkpXVCJ9.eyJ1c2VybmFtZSI6Ilx1MDQxYVx1MDQzOFx1MDQzZVx1MDQ0MVx1MDQzYTIiLCJ1c2VyX2lkIjoyLCJleHAiOjE2MzU2NjkxMTh9.zhIxHGxG-P0OndiV0DrcUo6za0Artkcyc_zCVH-Ocno
2021-10-31 17:27:04,538:INFO:jwt.jwt
2021-10-31 17:27:04,538:INFO:eyJhbGciOiJIUzI1NiIsInR5cCI6IkpXVCJ9.eyJ1c2VybmFtZSI6Ilx1MDQxYVx1MDQzOFx1MDQzZVx1MDQ0MVx1MDQzYTIiLCJ1c2VyX2lkIjoyLCJleHAiOjE2MzU2NzI3MjR9.AwvWPcW_V4QcxuplFHamh5Tx02uTdxKAUHW5NYMEcQk
