2021-10-25 12:04:19,998:INFO:jwt
2021-10-25 12:04:20,015:INFO:{'username': u'\u041a\u0438\u043e\u0441\u043a2', 'user_id': 2, 'exp': datetime.datetime(2021, 10, 25, 4, 9, 20, 15070)}
2021-10-25 12:04:20,015:INFO:eyJhbGciOiJIUzI1NiIsInR5cCI6IkpXVCJ9.eyJ1c2VybmFtZSI6Ilx1MDQxYVx1MDQzOFx1MDQzZVx1MDQ0MVx1MDQzYTIiLCJ1c2VyX2lkIjoyLCJleHAiOjE2MzUxMzQ5NjB9.rOzHPUXa1Ss_5yyA9qbehLJ0kxtS6kN-OzuPNzE5-70
2021-10-25 12:04:20,015:INFO:jwt.jwt
2021-10-25 12:04:20,015:INFO:eyJhbGciOiJIUzI1NiIsInR5cCI6IkpXVCJ9.eyJ1c2VybmFtZSI6Ilx1MDQxYVx1MDQzOFx1MDQzZVx1MDQ0MVx1MDQzYTIiLCJ1c2VyX2lkIjoyLCJleHAiOjE2MzQ1NTAzODV9.fXZgcqbl-6OndbEn0p8FNKaFO1KK0rHsLgehjLNQFGo
2021-10-25 12:04:20,017:INFO:jwt.jwt
2021-10-25 12:04:20,017:INFO:eyJhbGciOiJIUzI1NiIsInR5cCI6IkpXVCJ9.eyJ1c2VybmFtZSI6Ilx1MDQxYVx1MDQzOFx1MDQzZVx1MDQ0MVx1MDQzYTIiLCJ1c2VyX2lkIjoyLCJleHAiOjE2MzUxMzQ5NjB9.rOzHPUXa1Ss_5yyA9qbehLJ0kxtS6kN-OzuPNzE5-70
2021-10-25 12:04:25,466:INFO:jwt
2021-10-25 12:04:25,476:INFO:{'username': u'\u041a\u0438\u043e\u0441\u043a2', 'user_id': 2, 'exp': datetime.datetime(2021, 10, 25, 4, 9, 25, 476322)}
2021-10-25 12:04:25,476:INFO:eyJhbGciOiJIUzI1NiIsInR5cCI6IkpXVCJ9.eyJ1c2VybmFtZSI6Ilx1MDQxYVx1MDQzOFx1MDQzZVx1MDQ0MVx1MDQzYTIiLCJ1c2VyX2lkIjoyLCJleHAiOjE2MzUxMzQ5NjV9.ZF9uCCP6k0mbPedA9O-Rpdz9rC52fxya7svcxc4eyzk
2021-10-25 12:04:25,476:INFO:jwt.jwt
2021-10-25 12:04:25,476:INFO:eyJhbGciOiJIUzI1NiIsInR5cCI6IkpXVCJ9.eyJ1c2VybmFtZSI6Ilx1MDQxYVx1MDQzOFx1MDQzZVx1MDQ0MVx1MDQzYTIiLCJ1c2VyX2lkIjoyLCJleHAiOjE2MzUxMzQ5NjB9.rOzHPUXa1Ss_5yyA9qbehLJ0kxtS6kN-OzuPNzE5-70
2021-10-25 12:04:25,477:INFO:jwt.jwt
2021-10-25 12:04:25,478:INFO:eyJhbGciOiJIUzI1NiIsInR5cCI6IkpXVCJ9.eyJ1c2VybmFtZSI6Ilx1MDQxYVx1MDQzOFx1MDQzZVx1MDQ0MVx1MDQzYTIiLCJ1c2VyX2lkIjoyLCJleHAiOjE2MzUxMzQ5NjV9.ZF9uCCP6k0mbPedA9O-Rpdz9rC52fxya7svcxc4eyzk
2021-10-25 13:04:33,948:INFO:jwt
2021-10-25 13:04:33,955:INFO:{'username': u'\u041a\u0438\u043e\u0441\u043a2', 'user_id': 2, 'exp': datetime.datetime(2021, 10, 25, 5, 9, 33, 955384)}
2021-10-25 13:04:33,955:INFO:eyJhbGciOiJIUzI1NiIsInR5cCI6IkpXVCJ9.eyJ1c2VybmFtZSI6Ilx1MDQxYVx1MDQzOFx1MDQzZVx1MDQ0MVx1MDQzYTIiLCJ1c2VyX2lkIjoyLCJleHAiOjE2MzUxMzg1NzN9.2WlIWoia0SZELA8x1y1LUd97K8kk5eoEHV_p2kMzkss
2021-10-25 13:04:33,955:INFO:jwt.jwt
2021-10-25 13:04:33,955:INFO:eyJhbGciOiJIUzI1NiIsInR5cCI6IkpXVCJ9.eyJ1c2VybmFtZSI6Ilx1MDQxYVx1MDQzOFx1MDQzZVx1MDQ0MVx1MDQzYTIiLCJ1c2VyX2lkIjoyLCJleHAiOjE2MzUxMzQ5NjV9.ZF9uCCP6k0mbPedA9O-Rpdz9rC52fxya7svcxc4eyzk
2021-10-25 13:04:33,957:INFO:jwt.jwt
2021-10-25 13:04:33,957:INFO:eyJhbGciOiJIUzI1NiIsInR5cCI6IkpXVCJ9.eyJ1c2VybmFtZSI6Ilx1MDQxYVx1MDQzOFx1MDQzZVx1MDQ0MVx1MDQzYTIiLCJ1c2VyX2lkIjoyLCJleHAiOjE2MzUxMzg1NzN9.2WlIWoia0SZELA8x1y1LUd97K8kk5eoEHV_p2kMzkss
2021-10-25 14:04:39,965:INFO:jwt
2021-10-25 14:04:39,975:INFO:{'username': u'\u041a\u0438\u043e\u0441\u043a2', 'user_id': 2, 'exp': datetime.datetime(2021, 10, 25, 6, 9, 39, 975727)}
2021-10-25 14:04:39,976:INFO:eyJhbGciOiJIUzI1NiIsInR5cCI6IkpXVCJ9.eyJ1c2VybmFtZSI6Ilx1MDQxYVx1MDQzOFx1MDQzZVx1MDQ0MVx1MDQzYTIiLCJ1c2VyX2lkIjoyLCJleHAiOjE2MzUxNDIxNzl9.Kq5nUh8T34vt6Lx8srsCVCpz03Jb4zCyu0aCoAxBeLg
2021-10-25 14:04:39,976:INFO:jwt.jwt
2021-10-25 14:04:39,976:INFO:eyJhbGciOiJIUzI1NiIsInR5cCI6IkpXVCJ9.eyJ1c2VybmFtZSI6Ilx1MDQxYVx1MDQzOFx1MDQzZVx1MDQ0MVx1MDQzYTIiLCJ1c2VyX2lkIjoyLCJleHAiOjE2MzUxMzg1NzN9.2WlIWoia0SZELA8x1y1LUd97K8kk5eoEHV_p2kMzkss
2021-10-25 14:04:39,977:INFO:jwt.jwt
2021-10-25 14:04:39,977:INFO:eyJhbGciOiJIUzI1NiIsInR5cCI6IkpXVCJ9.eyJ1c2VybmFtZSI6Ilx1MDQxYVx1MDQzOFx1MDQzZVx1MDQ0MVx1MDQzYTIiLCJ1c2VyX2lkIjoyLCJleHAiOjE2MzUxNDIxNzl9.Kq5nUh8T34vt6Lx8srsCVCpz03Jb4zCyu0aCoAxBeLg
2021-10-25 15:04:45,583:INFO:jwt
2021-10-25 15:04:45,590:INFO:{'username': u'\u041a\u0438\u043e\u0441\u043a2', 'user_id': 2, 'exp': datetime.datetime(2021, 10, 25, 7, 9, 45, 590639)}
2021-10-25 15:04:45,590:INFO:eyJhbGciOiJIUzI1NiIsInR5cCI6IkpXVCJ9.eyJ1c2VybmFtZSI6Ilx1MDQxYVx1MDQzOFx1MDQzZVx1MDQ0MVx1MDQzYTIiLCJ1c2VyX2lkIjoyLCJleHAiOjE2MzUxNDU3ODV9.2Cd_sBt3K8SYeA3MVJv2qWvofWDKn9B66AONNDzvx1E
2021-10-25 15:04:45,591:INFO:jwt.jwt
2021-10-25 15:04:45,591:INFO:eyJhbGciOiJIUzI1NiIsInR5cCI6IkpXVCJ9.eyJ1c2VybmFtZSI6Ilx1MDQxYVx1MDQzOFx1MDQzZVx1MDQ0MVx1MDQzYTIiLCJ1c2VyX2lkIjoyLCJleHAiOjE2MzUxNDIxNzl9.Kq5nUh8T34vt6Lx8srsCVCpz03Jb4zCyu0aCoAxBeLg
2021-10-25 15:04:45,592:INFO:jwt.jwt
2021-10-25 15:04:45,592:INFO:eyJhbGciOiJIUzI1NiIsInR5cCI6IkpXVCJ9.eyJ1c2VybmFtZSI6Ilx1MDQxYVx1MDQzOFx1MDQzZVx1MDQ0MVx1MDQzYTIiLCJ1c2VyX2lkIjoyLCJleHAiOjE2MzUxNDU3ODV9.2Cd_sBt3K8SYeA3MVJv2qWvofWDKn9B66AONNDzvx1E
2021-10-25 16:04:51,180:INFO:jwt
2021-10-25 16:04:51,188:INFO:{'username': u'\u041a\u0438\u043e\u0441\u043a2', 'user_id': 2, 'exp': datetime.datetime(2021, 10, 25, 8, 9, 51, 188788)}
2021-10-25 16:04:51,189:INFO:eyJhbGciOiJIUzI1NiIsInR5cCI6IkpXVCJ9.eyJ1c2VybmFtZSI6Ilx1MDQxYVx1MDQzOFx1MDQzZVx1MDQ0MVx1MDQzYTIiLCJ1c2VyX2lkIjoyLCJleHAiOjE2MzUxNDkzOTF9.JlkCN3ka6x5G2p7zkzLKC4SYU5NSillCZmQB8r7BdYk
2021-10-25 16:04:51,189:INFO:jwt.jwt
2021-10-25 16:04:51,189:INFO:eyJhbGciOiJIUzI1NiIsInR5cCI6IkpXVCJ9.eyJ1c2VybmFtZSI6Ilx1MDQxYVx1MDQzOFx1MDQzZVx1MDQ0MVx1MDQzYTIiLCJ1c2VyX2lkIjoyLCJleHAiOjE2MzUxNDU3ODV9.2Cd_sBt3K8SYeA3MVJv2qWvofWDKn9B66AONNDzvx1E
2021-10-25 16:04:51,191:INFO:jwt.jwt
2021-10-25 16:04:51,191:INFO:eyJhbGciOiJIUzI1NiIsInR5cCI6IkpXVCJ9.eyJ1c2VybmFtZSI6Ilx1MDQxYVx1MDQzOFx1MDQzZVx1MDQ0MVx1MDQzYTIiLCJ1c2VyX2lkIjoyLCJleHAiOjE2MzUxNDkzOTF9.JlkCN3ka6x5G2p7zkzLKC4SYU5NSillCZmQB8r7BdYk
2021-10-25 17:04:56,758:INFO:jwt
2021-10-25 17:04:56,765:INFO:{'username': u'\u041a\u0438\u043e\u0441\u043a2', 'user_id': 2, 'exp': datetime.datetime(2021, 10, 25, 9, 9, 56, 765024)}
2021-10-25 17:04:56,765:INFO:eyJhbGciOiJIUzI1NiIsInR5cCI6IkpXVCJ9.eyJ1c2VybmFtZSI6Ilx1MDQxYVx1MDQzOFx1MDQzZVx1MDQ0MVx1MDQzYTIiLCJ1c2VyX2lkIjoyLCJleHAiOjE2MzUxNTI5OTZ9.Quq817l7cYMN4xzbGgw7Tf6j6RrqYaQQmsooepObvj0
2021-10-25 17:04:56,765:INFO:jwt.jwt
2021-10-25 17:04:56,765:INFO:eyJhbGciOiJIUzI1NiIsInR5cCI6IkpXVCJ9.eyJ1c2VybmFtZSI6Ilx1MDQxYVx1MDQzOFx1MDQzZVx1MDQ0MVx1MDQzYTIiLCJ1c2VyX2lkIjoyLCJleHAiOjE2MzUxNDkzOTF9.JlkCN3ka6x5G2p7zkzLKC4SYU5NSillCZmQB8r7BdYk
2021-10-25 17:04:56,766:INFO:jwt.jwt
2021-10-25 17:04:56,766:INFO:eyJhbGciOiJIUzI1NiIsInR5cCI6IkpXVCJ9.eyJ1c2VybmFtZSI6Ilx1MDQxYVx1MDQzOFx1MDQzZVx1MDQ0MVx1MDQzYTIiLCJ1c2VyX2lkIjoyLCJleHAiOjE2MzUxNTI5OTZ9.Quq817l7cYMN4xzbGgw7Tf6j6RrqYaQQmsooepObvj0
2021-10-25 17:35:13,390:WARNING:Not Found: /favicon.ico
2021-10-25 18:05:02,317:INFO:jwt
2021-10-25 18:05:02,324:INFO:{'username': u'\u041a\u0438\u043e\u0441\u043a2', 'user_id': 2, 'exp': datetime.datetime(2021, 10, 25, 10, 10, 2, 324731)}
2021-10-25 18:05:02,325:INFO:eyJhbGciOiJIUzI1NiIsInR5cCI6IkpXVCJ9.eyJ1c2VybmFtZSI6Ilx1MDQxYVx1MDQzOFx1MDQzZVx1MDQ0MVx1MDQzYTIiLCJ1c2VyX2lkIjoyLCJleHAiOjE2MzUxNTY2MDJ9.FjL_H6JB0pMO4WmFwftxYEeqg7ixsWupG2vyHU49ZQc
2021-10-25 18:05:02,325:INFO:jwt.jwt
2021-10-25 18:05:02,325:INFO:eyJhbGciOiJIUzI1NiIsInR5cCI6IkpXVCJ9.eyJ1c2VybmFtZSI6Ilx1MDQxYVx1MDQzOFx1MDQzZVx1MDQ0MVx1MDQzYTIiLCJ1c2VyX2lkIjoyLCJleHAiOjE2MzUxNTI5OTZ9.Quq817l7cYMN4xzbGgw7Tf6j6RrqYaQQmsooepObvj0
2021-10-25 18:05:02,326:INFO:jwt.jwt
2021-10-25 18:05:02,326:INFO:eyJhbGciOiJIUzI1NiIsInR5cCI6IkpXVCJ9.eyJ1c2VybmFtZSI6Ilx1MDQxYVx1MDQzOFx1MDQzZVx1MDQ0MVx1MDQzYTIiLCJ1c2VyX2lkIjoyLCJleHAiOjE2MzUxNTY2MDJ9.FjL_H6JB0pMO4WmFwftxYEeqg7ixsWupG2vyHU49ZQc
2021-10-25 19:05:07,910:INFO:jwt
2021-10-25 19:05:07,917:INFO:{'username': u'\u041a\u0438\u043e\u0441\u043a2', 'user_id': 2, 'exp': datetime.datetime(2021, 10, 25, 11, 10, 7, 917451)}
2021-10-25 19:05:07,917:INFO:eyJhbGciOiJIUzI1NiIsInR5cCI6IkpXVCJ9.eyJ1c2VybmFtZSI6Ilx1MDQxYVx1MDQzOFx1MDQzZVx1MDQ0MVx1MDQzYTIiLCJ1c2VyX2lkIjoyLCJleHAiOjE2MzUxNjAyMDd9.FlO4qJmZ-MMJtMOAfakBzumi8r2QlFA58xiCzw15tKU
2021-10-25 19:05:07,917:INFO:jwt.jwt
2021-10-25 19:05:07,917:INFO:eyJhbGciOiJIUzI1NiIsInR5cCI6IkpXVCJ9.eyJ1c2VybmFtZSI6Ilx1MDQxYVx1MDQzOFx1MDQzZVx1MDQ0MVx1MDQzYTIiLCJ1c2VyX2lkIjoyLCJleHAiOjE2MzUxNTY2MDJ9.FjL_H6JB0pMO4WmFwftxYEeqg7ixsWupG2vyHU49ZQc
2021-10-25 19:05:07,919:INFO:jwt.jwt
2021-10-25 19:05:07,919:INFO:eyJhbGciOiJIUzI1NiIsInR5cCI6IkpXVCJ9.eyJ1c2VybmFtZSI6Ilx1MDQxYVx1MDQzOFx1MDQzZVx1MDQ0MVx1MDQzYTIiLCJ1c2VyX2lkIjoyLCJleHAiOjE2MzUxNjAyMDd9.FlO4qJmZ-MMJtMOAfakBzumi8r2QlFA58xiCzw15tKU
