2021-11-13 06:40:47,691:INFO:jwt
2021-11-13 06:40:47,706:INFO:{'username': u'\u041a\u0438\u043e\u0441\u043a2', 'user_id': 2, 'exp': datetime.datetime(2021, 11, 12, 22, 45, 47, 706233)}
2021-11-13 06:40:47,706:INFO:eyJhbGciOiJIUzI1NiIsInR5cCI6IkpXVCJ9.eyJ1c2VybmFtZSI6Ilx1MDQxYVx1MDQzOFx1MDQzZVx1MDQ0MVx1MDQzYTIiLCJ1c2VyX2lkIjoyLCJleHAiOjE2MzY3NTcxNDd9.Lr3WpqVsR1gJYr7mOIMkcaDmSGHNoMEQ_8TZQVgpUOQ
2021-11-13 06:40:47,706:INFO:jwt.jwt
2021-11-13 06:40:47,706:INFO:eyJhbGciOiJIUzI1NiIsInR5cCI6IkpXVCJ9.eyJ1c2VybmFtZSI6Ilx1MDQxYVx1MDQzOFx1MDQzZVx1MDQ0MVx1MDQzYTIiLCJ1c2VyX2lkIjoyLCJleHAiOjE2MzY3NTM1NDR9.vSCVYSctyLlUpLLonzdWeemQpc1rQWr3R60bV3xmfEk
2021-11-13 06:40:47,708:INFO:jwt.jwt
2021-11-13 06:40:47,708:INFO:eyJhbGciOiJIUzI1NiIsInR5cCI6IkpXVCJ9.eyJ1c2VybmFtZSI6Ilx1MDQxYVx1MDQzOFx1MDQzZVx1MDQ0MVx1MDQzYTIiLCJ1c2VyX2lkIjoyLCJleHAiOjE2MzY3NTcxNDd9.Lr3WpqVsR1gJYr7mOIMkcaDmSGHNoMEQ_8TZQVgpUOQ
2021-11-13 06:40:51,031:INFO:ads
2021-11-13 07:40:51,139:INFO:jwt
2021-11-13 07:40:51,146:INFO:{'username': u'\u041a\u0438\u043e\u0441\u043a2', 'user_id': 2, 'exp': datetime.datetime(2021, 11, 12, 23, 45, 51, 146199)}
2021-11-13 07:40:51,146:INFO:eyJhbGciOiJIUzI1NiIsInR5cCI6IkpXVCJ9.eyJ1c2VybmFtZSI6Ilx1MDQxYVx1MDQzOFx1MDQzZVx1MDQ0MVx1MDQzYTIiLCJ1c2VyX2lkIjoyLCJleHAiOjE2MzY3NjA3NTF9.3fnpZJy-eAIA8DTjUf0jSx-z25m0-2VnbxSVU0jfCHA
2021-11-13 07:40:51,146:INFO:jwt.jwt
2021-11-13 07:40:51,146:INFO:eyJhbGciOiJIUzI1NiIsInR5cCI6IkpXVCJ9.eyJ1c2VybmFtZSI6Ilx1MDQxYVx1MDQzOFx1MDQzZVx1MDQ0MVx1MDQzYTIiLCJ1c2VyX2lkIjoyLCJleHAiOjE2MzY3NTcxNDd9.Lr3WpqVsR1gJYr7mOIMkcaDmSGHNoMEQ_8TZQVgpUOQ
2021-11-13 07:40:51,147:INFO:jwt.jwt
2021-11-13 07:40:51,148:INFO:eyJhbGciOiJIUzI1NiIsInR5cCI6IkpXVCJ9.eyJ1c2VybmFtZSI6Ilx1MDQxYVx1MDQzOFx1MDQzZVx1MDQ0MVx1MDQzYTIiLCJ1c2VyX2lkIjoyLCJleHAiOjE2MzY3NjA3NTF9.3fnpZJy-eAIA8DTjUf0jSx-z25m0-2VnbxSVU0jfCHA
2021-11-13 07:40:54,369:INFO:ads
2021-11-13 08:40:54,222:INFO:jwt
2021-11-13 08:40:54,228:INFO:{'username': u'\u041a\u0438\u043e\u0441\u043a2', 'user_id': 2, 'exp': datetime.datetime(2021, 11, 13, 0, 45, 54, 228626)}
2021-11-13 08:40:54,228:INFO:eyJhbGciOiJIUzI1NiIsInR5cCI6IkpXVCJ9.eyJ1c2VybmFtZSI6Ilx1MDQxYVx1MDQzOFx1MDQzZVx1MDQ0MVx1MDQzYTIiLCJ1c2VyX2lkIjoyLCJleHAiOjE2MzY3NjQzNTR9.MXvj9PKvdF_vMsFHXX1imtPUIOBbRsgDIpqcAdJKfCU
2021-11-13 08:40:54,229:INFO:jwt.jwt
2021-11-13 08:40:54,229:INFO:eyJhbGciOiJIUzI1NiIsInR5cCI6IkpXVCJ9.eyJ1c2VybmFtZSI6Ilx1MDQxYVx1MDQzOFx1MDQzZVx1MDQ0MVx1MDQzYTIiLCJ1c2VyX2lkIjoyLCJleHAiOjE2MzY3NjA3NTF9.3fnpZJy-eAIA8DTjUf0jSx-z25m0-2VnbxSVU0jfCHA
2021-11-13 08:40:54,230:INFO:jwt.jwt
2021-11-13 08:40:54,230:INFO:eyJhbGciOiJIUzI1NiIsInR5cCI6IkpXVCJ9.eyJ1c2VybmFtZSI6Ilx1MDQxYVx1MDQzOFx1MDQzZVx1MDQ0MVx1MDQzYTIiLCJ1c2VyX2lkIjoyLCJleHAiOjE2MzY3NjQzNTR9.MXvj9PKvdF_vMsFHXX1imtPUIOBbRsgDIpqcAdJKfCU
2021-11-13 08:40:57,635:INFO:ads
2021-11-13 09:40:57,460:INFO:jwt
2021-11-13 09:40:57,466:INFO:{'username': u'\u041a\u0438\u043e\u0441\u043a2', 'user_id': 2, 'exp': datetime.datetime(2021, 11, 13, 1, 45, 57, 466031)}
2021-11-13 09:40:57,466:INFO:eyJhbGciOiJIUzI1NiIsInR5cCI6IkpXVCJ9.eyJ1c2VybmFtZSI6Ilx1MDQxYVx1MDQzOFx1MDQzZVx1MDQ0MVx1MDQzYTIiLCJ1c2VyX2lkIjoyLCJleHAiOjE2MzY3Njc5NTd9.KyorC0XlX2MgtfuP8eHayjVmbV-Tpi941zIDvspx9QU
2021-11-13 09:40:57,466:INFO:jwt.jwt
2021-11-13 09:40:57,466:INFO:eyJhbGciOiJIUzI1NiIsInR5cCI6IkpXVCJ9.eyJ1c2VybmFtZSI6Ilx1MDQxYVx1MDQzOFx1MDQzZVx1MDQ0MVx1MDQzYTIiLCJ1c2VyX2lkIjoyLCJleHAiOjE2MzY3NjQzNTR9.MXvj9PKvdF_vMsFHXX1imtPUIOBbRsgDIpqcAdJKfCU
2021-11-13 09:40:57,467:INFO:jwt.jwt
2021-11-13 09:40:57,467:INFO:eyJhbGciOiJIUzI1NiIsInR5cCI6IkpXVCJ9.eyJ1c2VybmFtZSI6Ilx1MDQxYVx1MDQzOFx1MDQzZVx1MDQ0MVx1MDQzYTIiLCJ1c2VyX2lkIjoyLCJleHAiOjE2MzY3Njc5NTd9.KyorC0XlX2MgtfuP8eHayjVmbV-Tpi941zIDvspx9QU
2021-11-13 09:41:00,936:INFO:ads
2021-11-13 10:41:00,790:INFO:jwt
2021-11-13 10:41:00,796:INFO:{'username': u'\u041a\u0438\u043e\u0441\u043a2', 'user_id': 2, 'exp': datetime.datetime(2021, 11, 13, 2, 46, 0, 796691)}
2021-11-13 10:41:00,797:INFO:eyJhbGciOiJIUzI1NiIsInR5cCI6IkpXVCJ9.eyJ1c2VybmFtZSI6Ilx1MDQxYVx1MDQzOFx1MDQzZVx1MDQ0MVx1MDQzYTIiLCJ1c2VyX2lkIjoyLCJleHAiOjE2MzY3NzE1NjB9.X1_C4srCImRhN2jytP19OzF0hLsfOZOOMu91V0Zbs-M
2021-11-13 10:41:00,797:INFO:jwt.jwt
2021-11-13 10:41:00,797:INFO:eyJhbGciOiJIUzI1NiIsInR5cCI6IkpXVCJ9.eyJ1c2VybmFtZSI6Ilx1MDQxYVx1MDQzOFx1MDQzZVx1MDQ0MVx1MDQzYTIiLCJ1c2VyX2lkIjoyLCJleHAiOjE2MzY3Njc5NTd9.KyorC0XlX2MgtfuP8eHayjVmbV-Tpi941zIDvspx9QU
2021-11-13 10:41:00,798:INFO:jwt.jwt
2021-11-13 10:41:00,798:INFO:eyJhbGciOiJIUzI1NiIsInR5cCI6IkpXVCJ9.eyJ1c2VybmFtZSI6Ilx1MDQxYVx1MDQzOFx1MDQzZVx1MDQ0MVx1MDQzYTIiLCJ1c2VyX2lkIjoyLCJleHAiOjE2MzY3NzE1NjB9.X1_C4srCImRhN2jytP19OzF0hLsfOZOOMu91V0Zbs-M
2021-11-13 10:41:04,027:INFO:ads
2021-11-13 11:41:03,821:INFO:jwt
2021-11-13 11:41:03,827:INFO:{'username': u'\u041a\u0438\u043e\u0441\u043a2', 'user_id': 2, 'exp': datetime.datetime(2021, 11, 13, 3, 46, 3, 827792)}
2021-11-13 11:41:03,828:INFO:eyJhbGciOiJIUzI1NiIsInR5cCI6IkpXVCJ9.eyJ1c2VybmFtZSI6Ilx1MDQxYVx1MDQzOFx1MDQzZVx1MDQ0MVx1MDQzYTIiLCJ1c2VyX2lkIjoyLCJleHAiOjE2MzY3NzUxNjN9.yDCmMbaaspJETS_tbgLKNlMiArvB_1wVQm9fjxqIIIg
2021-11-13 11:41:03,828:INFO:jwt.jwt
2021-11-13 11:41:03,828:INFO:eyJhbGciOiJIUzI1NiIsInR5cCI6IkpXVCJ9.eyJ1c2VybmFtZSI6Ilx1MDQxYVx1MDQzOFx1MDQzZVx1MDQ0MVx1MDQzYTIiLCJ1c2VyX2lkIjoyLCJleHAiOjE2MzY3NzE1NjB9.X1_C4srCImRhN2jytP19OzF0hLsfOZOOMu91V0Zbs-M
2021-11-13 11:41:03,829:INFO:jwt.jwt
2021-11-13 11:41:03,829:INFO:eyJhbGciOiJIUzI1NiIsInR5cCI6IkpXVCJ9.eyJ1c2VybmFtZSI6Ilx1MDQxYVx1MDQzOFx1MDQzZVx1MDQ0MVx1MDQzYTIiLCJ1c2VyX2lkIjoyLCJleHAiOjE2MzY3NzUxNjN9.yDCmMbaaspJETS_tbgLKNlMiArvB_1wVQm9fjxqIIIg
2021-11-13 11:41:07,203:INFO:ads
2021-11-13 12:41:07,230:INFO:jwt
2021-11-13 12:41:07,237:INFO:{'username': u'\u041a\u0438\u043e\u0441\u043a2', 'user_id': 2, 'exp': datetime.datetime(2021, 11, 13, 4, 46, 7, 237487)}
2021-11-13 12:41:07,237:INFO:eyJhbGciOiJIUzI1NiIsInR5cCI6IkpXVCJ9.eyJ1c2VybmFtZSI6Ilx1MDQxYVx1MDQzOFx1MDQzZVx1MDQ0MVx1MDQzYTIiLCJ1c2VyX2lkIjoyLCJleHAiOjE2MzY3Nzg3Njd9.dIW547bO1n8cGT4Y2SHlX1gDeLoTKlTZa9OgAX62UYg
2021-11-13 12:41:07,238:INFO:jwt.jwt
2021-11-13 12:41:07,238:INFO:eyJhbGciOiJIUzI1NiIsInR5cCI6IkpXVCJ9.eyJ1c2VybmFtZSI6Ilx1MDQxYVx1MDQzOFx1MDQzZVx1MDQ0MVx1MDQzYTIiLCJ1c2VyX2lkIjoyLCJleHAiOjE2MzY3NzUxNjN9.yDCmMbaaspJETS_tbgLKNlMiArvB_1wVQm9fjxqIIIg
2021-11-13 12:41:07,239:INFO:jwt.jwt
2021-11-13 12:41:07,239:INFO:eyJhbGciOiJIUzI1NiIsInR5cCI6IkpXVCJ9.eyJ1c2VybmFtZSI6Ilx1MDQxYVx1MDQzOFx1MDQzZVx1MDQ0MVx1MDQzYTIiLCJ1c2VyX2lkIjoyLCJleHAiOjE2MzY3Nzg3Njd9.dIW547bO1n8cGT4Y2SHlX1gDeLoTKlTZa9OgAX62UYg
2021-11-13 12:41:10,470:INFO:ads
2021-11-13 13:41:10,528:INFO:jwt
2021-11-13 13:41:10,534:INFO:{'username': u'\u041a\u0438\u043e\u0441\u043a2', 'user_id': 2, 'exp': datetime.datetime(2021, 11, 13, 5, 46, 10, 534629)}
2021-11-13 13:41:10,534:INFO:eyJhbGciOiJIUzI1NiIsInR5cCI6IkpXVCJ9.eyJ1c2VybmFtZSI6Ilx1MDQxYVx1MDQzOFx1MDQzZVx1MDQ0MVx1MDQzYTIiLCJ1c2VyX2lkIjoyLCJleHAiOjE2MzY3ODIzNzB9.Cfdt54UL3n0NBteleThFnSniIBRnsBdKiLHcDtotv8w
2021-11-13 13:41:10,534:INFO:jwt.jwt
2021-11-13 13:41:10,535:INFO:eyJhbGciOiJIUzI1NiIsInR5cCI6IkpXVCJ9.eyJ1c2VybmFtZSI6Ilx1MDQxYVx1MDQzOFx1MDQzZVx1MDQ0MVx1MDQzYTIiLCJ1c2VyX2lkIjoyLCJleHAiOjE2MzY3Nzg3Njd9.dIW547bO1n8cGT4Y2SHlX1gDeLoTKlTZa9OgAX62UYg
2021-11-13 13:41:10,536:INFO:jwt.jwt
2021-11-13 13:41:10,536:INFO:eyJhbGciOiJIUzI1NiIsInR5cCI6IkpXVCJ9.eyJ1c2VybmFtZSI6Ilx1MDQxYVx1MDQzOFx1MDQzZVx1MDQ0MVx1MDQzYTIiLCJ1c2VyX2lkIjoyLCJleHAiOjE2MzY3ODIzNzB9.Cfdt54UL3n0NBteleThFnSniIBRnsBdKiLHcDtotv8w
2021-11-13 13:41:13,752:INFO:ads
2021-11-13 14:41:13,713:INFO:jwt
2021-11-13 14:41:13,719:INFO:{'username': u'\u041a\u0438\u043e\u0441\u043a2', 'user_id': 2, 'exp': datetime.datetime(2021, 11, 13, 6, 46, 13, 719383)}
2021-11-13 14:41:13,719:INFO:eyJhbGciOiJIUzI1NiIsInR5cCI6IkpXVCJ9.eyJ1c2VybmFtZSI6Ilx1MDQxYVx1MDQzOFx1MDQzZVx1MDQ0MVx1MDQzYTIiLCJ1c2VyX2lkIjoyLCJleHAiOjE2MzY3ODU5NzN9.VkWSCbBpIEQun3CV9k6HK6VImNM0BZMv7e8q6nkpdwY
2021-11-13 14:41:13,719:INFO:jwt.jwt
2021-11-13 14:41:13,719:INFO:eyJhbGciOiJIUzI1NiIsInR5cCI6IkpXVCJ9.eyJ1c2VybmFtZSI6Ilx1MDQxYVx1MDQzOFx1MDQzZVx1MDQ0MVx1MDQzYTIiLCJ1c2VyX2lkIjoyLCJleHAiOjE2MzY3ODIzNzB9.Cfdt54UL3n0NBteleThFnSniIBRnsBdKiLHcDtotv8w
2021-11-13 14:41:13,721:INFO:jwt.jwt
2021-11-13 14:41:13,721:INFO:eyJhbGciOiJIUzI1NiIsInR5cCI6IkpXVCJ9.eyJ1c2VybmFtZSI6Ilx1MDQxYVx1MDQzOFx1MDQzZVx1MDQ0MVx1MDQzYTIiLCJ1c2VyX2lkIjoyLCJleHAiOjE2MzY3ODU5NzN9.VkWSCbBpIEQun3CV9k6HK6VImNM0BZMv7e8q6nkpdwY
2021-11-13 14:41:17,057:INFO:ads
2021-11-13 15:41:16,965:INFO:jwt
2021-11-13 15:41:16,972:INFO:{'username': u'\u041a\u0438\u043e\u0441\u043a2', 'user_id': 2, 'exp': datetime.datetime(2021, 11, 13, 7, 46, 16, 971992)}
2021-11-13 15:41:16,972:INFO:eyJhbGciOiJIUzI1NiIsInR5cCI6IkpXVCJ9.eyJ1c2VybmFtZSI6Ilx1MDQxYVx1MDQzOFx1MDQzZVx1MDQ0MVx1MDQzYTIiLCJ1c2VyX2lkIjoyLCJleHAiOjE2MzY3ODk1NzZ9.6Mts9lsXpfmDh7-MK3l2qIlI6_ao73XxII-yRR5ISMw
2021-11-13 15:41:16,972:INFO:jwt.jwt
2021-11-13 15:41:16,972:INFO:eyJhbGciOiJIUzI1NiIsInR5cCI6IkpXVCJ9.eyJ1c2VybmFtZSI6Ilx1MDQxYVx1MDQzOFx1MDQzZVx1MDQ0MVx1MDQzYTIiLCJ1c2VyX2lkIjoyLCJleHAiOjE2MzY3ODU5NzN9.VkWSCbBpIEQun3CV9k6HK6VImNM0BZMv7e8q6nkpdwY
2021-11-13 15:41:16,973:INFO:jwt.jwt
2021-11-13 15:41:16,973:INFO:eyJhbGciOiJIUzI1NiIsInR5cCI6IkpXVCJ9.eyJ1c2VybmFtZSI6Ilx1MDQxYVx1MDQzOFx1MDQzZVx1MDQ0MVx1MDQzYTIiLCJ1c2VyX2lkIjoyLCJleHAiOjE2MzY3ODk1NzZ9.6Mts9lsXpfmDh7-MK3l2qIlI6_ao73XxII-yRR5ISMw
2021-11-13 15:41:20,226:INFO:ads
2021-11-13 16:41:20,227:INFO:jwt
2021-11-13 16:41:20,233:INFO:{'username': u'\u041a\u0438\u043e\u0441\u043a2', 'user_id': 2, 'exp': datetime.datetime(2021, 11, 13, 8, 46, 20, 233439)}
2021-11-13 16:41:20,233:INFO:eyJhbGciOiJIUzI1NiIsInR5cCI6IkpXVCJ9.eyJ1c2VybmFtZSI6Ilx1MDQxYVx1MDQzOFx1MDQzZVx1MDQ0MVx1MDQzYTIiLCJ1c2VyX2lkIjoyLCJleHAiOjE2MzY3OTMxODB9.Pre6FQo-dPrsiJvv1eKPVFqGcIaa6gSke60MlZ41FtY
2021-11-13 16:41:20,233:INFO:jwt.jwt
2021-11-13 16:41:20,233:INFO:eyJhbGciOiJIUzI1NiIsInR5cCI6IkpXVCJ9.eyJ1c2VybmFtZSI6Ilx1MDQxYVx1MDQzOFx1MDQzZVx1MDQ0MVx1MDQzYTIiLCJ1c2VyX2lkIjoyLCJleHAiOjE2MzY3ODk1NzZ9.6Mts9lsXpfmDh7-MK3l2qIlI6_ao73XxII-yRR5ISMw
2021-11-13 16:41:20,235:INFO:jwt.jwt
2021-11-13 16:41:20,235:INFO:eyJhbGciOiJIUzI1NiIsInR5cCI6IkpXVCJ9.eyJ1c2VybmFtZSI6Ilx1MDQxYVx1MDQzOFx1MDQzZVx1MDQ0MVx1MDQzYTIiLCJ1c2VyX2lkIjoyLCJleHAiOjE2MzY3OTMxODB9.Pre6FQo-dPrsiJvv1eKPVFqGcIaa6gSke60MlZ41FtY
2021-11-13 16:41:23,428:INFO:ads
2021-11-13 17:41:23,380:INFO:jwt
2021-11-13 17:41:23,387:INFO:{'username': u'\u041a\u0438\u043e\u0441\u043a2', 'user_id': 2, 'exp': datetime.datetime(2021, 11, 13, 9, 46, 23, 387222)}
2021-11-13 17:41:23,387:INFO:eyJhbGciOiJIUzI1NiIsInR5cCI6IkpXVCJ9.eyJ1c2VybmFtZSI6Ilx1MDQxYVx1MDQzOFx1MDQzZVx1MDQ0MVx1MDQzYTIiLCJ1c2VyX2lkIjoyLCJleHAiOjE2MzY3OTY3ODN9.ZxMeUuLc0_Emt9h-zirgwPjpR2XeEQd4SbKn7L7QiBs
2021-11-13 17:41:23,387:INFO:jwt.jwt
2021-11-13 17:41:23,387:INFO:eyJhbGciOiJIUzI1NiIsInR5cCI6IkpXVCJ9.eyJ1c2VybmFtZSI6Ilx1MDQxYVx1MDQzOFx1MDQzZVx1MDQ0MVx1MDQzYTIiLCJ1c2VyX2lkIjoyLCJleHAiOjE2MzY3OTMxODB9.Pre6FQo-dPrsiJvv1eKPVFqGcIaa6gSke60MlZ41FtY
2021-11-13 17:41:23,388:INFO:jwt.jwt
2021-11-13 17:41:23,388:INFO:eyJhbGciOiJIUzI1NiIsInR5cCI6IkpXVCJ9.eyJ1c2VybmFtZSI6Ilx1MDQxYVx1MDQzOFx1MDQzZVx1MDQ0MVx1MDQzYTIiLCJ1c2VyX2lkIjoyLCJleHAiOjE2MzY3OTY3ODN9.ZxMeUuLc0_Emt9h-zirgwPjpR2XeEQd4SbKn7L7QiBs
2021-11-13 17:41:26,636:INFO:ads
2021-11-13 18:41:26,972:INFO:jwt
2021-11-13 18:41:26,978:INFO:{'username': u'\u041a\u0438\u043e\u0441\u043a2', 'user_id': 2, 'exp': datetime.datetime(2021, 11, 13, 10, 46, 26, 978528)}
2021-11-13 18:41:26,978:INFO:eyJhbGciOiJIUzI1NiIsInR5cCI6IkpXVCJ9.eyJ1c2VybmFtZSI6Ilx1MDQxYVx1MDQzOFx1MDQzZVx1MDQ0MVx1MDQzYTIiLCJ1c2VyX2lkIjoyLCJleHAiOjE2MzY4MDAzODZ9.LiawOlBFULPXMrMRsqpbCjd52FKWgSsfxdCX4VwFEQg
2021-11-13 18:41:26,978:INFO:jwt.jwt
2021-11-13 18:41:26,978:INFO:eyJhbGciOiJIUzI1NiIsInR5cCI6IkpXVCJ9.eyJ1c2VybmFtZSI6Ilx1MDQxYVx1MDQzOFx1MDQzZVx1MDQ0MVx1MDQzYTIiLCJ1c2VyX2lkIjoyLCJleHAiOjE2MzY3OTY3ODN9.ZxMeUuLc0_Emt9h-zirgwPjpR2XeEQd4SbKn7L7QiBs
2021-11-13 18:41:26,980:INFO:jwt.jwt
2021-11-13 18:41:26,980:INFO:eyJhbGciOiJIUzI1NiIsInR5cCI6IkpXVCJ9.eyJ1c2VybmFtZSI6Ilx1MDQxYVx1MDQzOFx1MDQzZVx1MDQ0MVx1MDQzYTIiLCJ1c2VyX2lkIjoyLCJleHAiOjE2MzY4MDAzODZ9.LiawOlBFULPXMrMRsqpbCjd52FKWgSsfxdCX4VwFEQg
2021-11-13 18:41:30,231:INFO:ads
2021-11-13 19:41:30,097:INFO:jwt
2021-11-13 19:41:30,103:INFO:{'username': u'\u041a\u0438\u043e\u0441\u043a2', 'user_id': 2, 'exp': datetime.datetime(2021, 11, 13, 11, 46, 30, 103567)}
2021-11-13 19:41:30,103:INFO:eyJhbGciOiJIUzI1NiIsInR5cCI6IkpXVCJ9.eyJ1c2VybmFtZSI6Ilx1MDQxYVx1MDQzOFx1MDQzZVx1MDQ0MVx1MDQzYTIiLCJ1c2VyX2lkIjoyLCJleHAiOjE2MzY4MDM5OTB9.LeKYUgQKYFP_dDCVxwBRGkrIF-IJvrqkjAZNye8RM7s
2021-11-13 19:41:30,103:INFO:jwt.jwt
2021-11-13 19:41:30,104:INFO:eyJhbGciOiJIUzI1NiIsInR5cCI6IkpXVCJ9.eyJ1c2VybmFtZSI6Ilx1MDQxYVx1MDQzOFx1MDQzZVx1MDQ0MVx1MDQzYTIiLCJ1c2VyX2lkIjoyLCJleHAiOjE2MzY4MDAzODZ9.LiawOlBFULPXMrMRsqpbCjd52FKWgSsfxdCX4VwFEQg
2021-11-13 19:41:30,105:INFO:jwt.jwt
2021-11-13 19:41:30,105:INFO:eyJhbGciOiJIUzI1NiIsInR5cCI6IkpXVCJ9.eyJ1c2VybmFtZSI6Ilx1MDQxYVx1MDQzOFx1MDQzZVx1MDQ0MVx1MDQzYTIiLCJ1c2VyX2lkIjoyLCJleHAiOjE2MzY4MDM5OTB9.LeKYUgQKYFP_dDCVxwBRGkrIF-IJvrqkjAZNye8RM7s
2021-11-13 19:41:33,267:INFO:ads
2021-11-13 20:41:33,079:INFO:jwt
2021-11-13 20:41:33,086:INFO:{'username': u'\u041a\u0438\u043e\u0441\u043a2', 'user_id': 2, 'exp': datetime.datetime(2021, 11, 13, 12, 46, 33, 86441)}
2021-11-13 20:41:33,086:INFO:eyJhbGciOiJIUzI1NiIsInR5cCI6IkpXVCJ9.eyJ1c2VybmFtZSI6Ilx1MDQxYVx1MDQzOFx1MDQzZVx1MDQ0MVx1MDQzYTIiLCJ1c2VyX2lkIjoyLCJleHAiOjE2MzY4MDc1OTN9.OvA6abiIkollXgS_iMXMY6m_VYbdD4oBrL8DJsloMkQ
2021-11-13 20:41:33,086:INFO:jwt.jwt
2021-11-13 20:41:33,087:INFO:eyJhbGciOiJIUzI1NiIsInR5cCI6IkpXVCJ9.eyJ1c2VybmFtZSI6Ilx1MDQxYVx1MDQzOFx1MDQzZVx1MDQ0MVx1MDQzYTIiLCJ1c2VyX2lkIjoyLCJleHAiOjE2MzY4MDM5OTB9.LeKYUgQKYFP_dDCVxwBRGkrIF-IJvrqkjAZNye8RM7s
2021-11-13 20:41:33,088:INFO:jwt.jwt
2021-11-13 20:41:33,088:INFO:eyJhbGciOiJIUzI1NiIsInR5cCI6IkpXVCJ9.eyJ1c2VybmFtZSI6Ilx1MDQxYVx1MDQzOFx1MDQzZVx1MDQ0MVx1MDQzYTIiLCJ1c2VyX2lkIjoyLCJleHAiOjE2MzY4MDc1OTN9.OvA6abiIkollXgS_iMXMY6m_VYbdD4oBrL8DJsloMkQ
2021-11-13 20:41:36,329:INFO:ads
2021-11-13 21:41:36,242:INFO:jwt
2021-11-13 21:41:36,248:INFO:{'username': u'\u041a\u0438\u043e\u0441\u043a2', 'user_id': 2, 'exp': datetime.datetime(2021, 11, 13, 13, 46, 36, 248310)}
2021-11-13 21:41:36,248:INFO:eyJhbGciOiJIUzI1NiIsInR5cCI6IkpXVCJ9.eyJ1c2VybmFtZSI6Ilx1MDQxYVx1MDQzOFx1MDQzZVx1MDQ0MVx1MDQzYTIiLCJ1c2VyX2lkIjoyLCJleHAiOjE2MzY4MTExOTZ9.VovRZiLrXie-ys5ftGiHXcAO7W6AAxZBM36HWrQ9NGk
2021-11-13 21:41:36,248:INFO:jwt.jwt
2021-11-13 21:41:36,248:INFO:eyJhbGciOiJIUzI1NiIsInR5cCI6IkpXVCJ9.eyJ1c2VybmFtZSI6Ilx1MDQxYVx1MDQzOFx1MDQzZVx1MDQ0MVx1MDQzYTIiLCJ1c2VyX2lkIjoyLCJleHAiOjE2MzY4MDc1OTN9.OvA6abiIkollXgS_iMXMY6m_VYbdD4oBrL8DJsloMkQ
2021-11-13 21:41:36,249:INFO:jwt.jwt
2021-11-13 21:41:36,249:INFO:eyJhbGciOiJIUzI1NiIsInR5cCI6IkpXVCJ9.eyJ1c2VybmFtZSI6Ilx1MDQxYVx1MDQzOFx1MDQzZVx1MDQ0MVx1MDQzYTIiLCJ1c2VyX2lkIjoyLCJleHAiOjE2MzY4MTExOTZ9.VovRZiLrXie-ys5ftGiHXcAO7W6AAxZBM36HWrQ9NGk
2021-11-13 21:41:39,566:INFO:ads
2021-11-13 22:41:39,503:INFO:jwt
2021-11-13 22:41:39,510:INFO:{'username': u'\u041a\u0438\u043e\u0441\u043a2', 'user_id': 2, 'exp': datetime.datetime(2021, 11, 13, 14, 46, 39, 510364)}
2021-11-13 22:41:39,510:INFO:eyJhbGciOiJIUzI1NiIsInR5cCI6IkpXVCJ9.eyJ1c2VybmFtZSI6Ilx1MDQxYVx1MDQzOFx1MDQzZVx1MDQ0MVx1MDQzYTIiLCJ1c2VyX2lkIjoyLCJleHAiOjE2MzY4MTQ3OTl9.MFm_p2HIsVTDugyCOFtty2LcasKXSlhUB_Md12RcrsA
2021-11-13 22:41:39,510:INFO:jwt.jwt
2021-11-13 22:41:39,510:INFO:eyJhbGciOiJIUzI1NiIsInR5cCI6IkpXVCJ9.eyJ1c2VybmFtZSI6Ilx1MDQxYVx1MDQzOFx1MDQzZVx1MDQ0MVx1MDQzYTIiLCJ1c2VyX2lkIjoyLCJleHAiOjE2MzY4MTExOTZ9.VovRZiLrXie-ys5ftGiHXcAO7W6AAxZBM36HWrQ9NGk
2021-11-13 22:41:39,512:INFO:jwt.jwt
2021-11-13 22:41:39,512:INFO:eyJhbGciOiJIUzI1NiIsInR5cCI6IkpXVCJ9.eyJ1c2VybmFtZSI6Ilx1MDQxYVx1MDQzOFx1MDQzZVx1MDQ0MVx1MDQzYTIiLCJ1c2VyX2lkIjoyLCJleHAiOjE2MzY4MTQ3OTl9.MFm_p2HIsVTDugyCOFtty2LcasKXSlhUB_Md12RcrsA
2021-11-13 22:41:42,810:INFO:ads
2021-11-13 23:41:42,710:INFO:jwt
2021-11-13 23:41:42,717:INFO:{'username': u'\u041a\u0438\u043e\u0441\u043a2', 'user_id': 2, 'exp': datetime.datetime(2021, 11, 13, 15, 46, 42, 717145)}
2021-11-13 23:41:42,717:INFO:eyJhbGciOiJIUzI1NiIsInR5cCI6IkpXVCJ9.eyJ1c2VybmFtZSI6Ilx1MDQxYVx1MDQzOFx1MDQzZVx1MDQ0MVx1MDQzYTIiLCJ1c2VyX2lkIjoyLCJleHAiOjE2MzY4MTg0MDJ9.OJeLmnQqonSW2fpKak65YQ6BSmn-K-8xvrEZZdmZi5w
2021-11-13 23:41:42,717:INFO:jwt.jwt
2021-11-13 23:41:42,717:INFO:eyJhbGciOiJIUzI1NiIsInR5cCI6IkpXVCJ9.eyJ1c2VybmFtZSI6Ilx1MDQxYVx1MDQzOFx1MDQzZVx1MDQ0MVx1MDQzYTIiLCJ1c2VyX2lkIjoyLCJleHAiOjE2MzY4MTQ3OTl9.MFm_p2HIsVTDugyCOFtty2LcasKXSlhUB_Md12RcrsA
2021-11-13 23:41:42,718:INFO:jwt.jwt
2021-11-13 23:41:42,718:INFO:eyJhbGciOiJIUzI1NiIsInR5cCI6IkpXVCJ9.eyJ1c2VybmFtZSI6Ilx1MDQxYVx1MDQzOFx1MDQzZVx1MDQ0MVx1MDQzYTIiLCJ1c2VyX2lkIjoyLCJleHAiOjE2MzY4MTg0MDJ9.OJeLmnQqonSW2fpKak65YQ6BSmn-K-8xvrEZZdmZi5w
2021-11-13 23:41:46,002:INFO:ads
2021-11-14 00:41:46,251:INFO:jwt
2021-11-14 00:41:46,258:INFO:{'username': u'\u041a\u0438\u043e\u0441\u043a2', 'user_id': 2, 'exp': datetime.datetime(2021, 11, 13, 16, 46, 46, 258251)}
2021-11-14 00:41:46,258:INFO:eyJhbGciOiJIUzI1NiIsInR5cCI6IkpXVCJ9.eyJ1c2VybmFtZSI6Ilx1MDQxYVx1MDQzOFx1MDQzZVx1MDQ0MVx1MDQzYTIiLCJ1c2VyX2lkIjoyLCJleHAiOjE2MzY4MjIwMDZ9.ioFi2g-99I7ZskbxKLYUMZOlSS7Y7M7Xfsu3ZW-SwRQ
2021-11-14 00:41:46,258:INFO:jwt.jwt
2021-11-14 00:41:46,258:INFO:eyJhbGciOiJIUzI1NiIsInR5cCI6IkpXVCJ9.eyJ1c2VybmFtZSI6Ilx1MDQxYVx1MDQzOFx1MDQzZVx1MDQ0MVx1MDQzYTIiLCJ1c2VyX2lkIjoyLCJleHAiOjE2MzY4MTg0MDJ9.OJeLmnQqonSW2fpKak65YQ6BSmn-K-8xvrEZZdmZi5w
2021-11-14 00:41:46,259:INFO:jwt.jwt
2021-11-14 00:41:46,259:INFO:eyJhbGciOiJIUzI1NiIsInR5cCI6IkpXVCJ9.eyJ1c2VybmFtZSI6Ilx1MDQxYVx1MDQzOFx1MDQzZVx1MDQ0MVx1MDQzYTIiLCJ1c2VyX2lkIjoyLCJleHAiOjE2MzY4MjIwMDZ9.ioFi2g-99I7ZskbxKLYUMZOlSS7Y7M7Xfsu3ZW-SwRQ
2021-11-14 00:41:49,542:INFO:ads
2021-11-14 01:41:49,465:INFO:jwt
2021-11-14 01:41:49,471:INFO:{'username': u'\u041a\u0438\u043e\u0441\u043a2', 'user_id': 2, 'exp': datetime.datetime(2021, 11, 13, 17, 46, 49, 471819)}
2021-11-14 01:41:49,472:INFO:eyJhbGciOiJIUzI1NiIsInR5cCI6IkpXVCJ9.eyJ1c2VybmFtZSI6Ilx1MDQxYVx1MDQzOFx1MDQzZVx1MDQ0MVx1MDQzYTIiLCJ1c2VyX2lkIjoyLCJleHAiOjE2MzY4MjU2MDl9.UMzan__zKHB5yz2MSmqvLi6rCvB3TxW1bGD2UG0j-Ew
2021-11-14 01:41:49,472:INFO:jwt.jwt
2021-11-14 01:41:49,472:INFO:eyJhbGciOiJIUzI1NiIsInR5cCI6IkpXVCJ9.eyJ1c2VybmFtZSI6Ilx1MDQxYVx1MDQzOFx1MDQzZVx1MDQ0MVx1MDQzYTIiLCJ1c2VyX2lkIjoyLCJleHAiOjE2MzY4MjIwMDZ9.ioFi2g-99I7ZskbxKLYUMZOlSS7Y7M7Xfsu3ZW-SwRQ
2021-11-14 01:41:49,473:INFO:jwt.jwt
2021-11-14 01:41:49,473:INFO:eyJhbGciOiJIUzI1NiIsInR5cCI6IkpXVCJ9.eyJ1c2VybmFtZSI6Ilx1MDQxYVx1MDQzOFx1MDQzZVx1MDQ0MVx1MDQzYTIiLCJ1c2VyX2lkIjoyLCJleHAiOjE2MzY4MjU2MDl9.UMzan__zKHB5yz2MSmqvLi6rCvB3TxW1bGD2UG0j-Ew
2021-11-14 01:41:52,755:INFO:ads
2021-11-14 02:41:52,692:INFO:jwt
2021-11-14 02:41:52,700:INFO:{'username': u'\u041a\u0438\u043e\u0441\u043a2', 'user_id': 2, 'exp': datetime.datetime(2021, 11, 13, 18, 46, 52, 700100)}
2021-11-14 02:41:52,700:INFO:eyJhbGciOiJIUzI1NiIsInR5cCI6IkpXVCJ9.eyJ1c2VybmFtZSI6Ilx1MDQxYVx1MDQzOFx1MDQzZVx1MDQ0MVx1MDQzYTIiLCJ1c2VyX2lkIjoyLCJleHAiOjE2MzY4MjkyMTJ9.z4zNe_yaKdn9hwQuG9cDEZszcz0PpkRcnmhBRoSAQKU
2021-11-14 02:41:52,700:INFO:jwt.jwt
2021-11-14 02:41:52,700:INFO:eyJhbGciOiJIUzI1NiIsInR5cCI6IkpXVCJ9.eyJ1c2VybmFtZSI6Ilx1MDQxYVx1MDQzOFx1MDQzZVx1MDQ0MVx1MDQzYTIiLCJ1c2VyX2lkIjoyLCJleHAiOjE2MzY4MjU2MDl9.UMzan__zKHB5yz2MSmqvLi6rCvB3TxW1bGD2UG0j-Ew
2021-11-14 02:41:52,702:INFO:jwt.jwt
2021-11-14 02:41:52,702:INFO:eyJhbGciOiJIUzI1NiIsInR5cCI6IkpXVCJ9.eyJ1c2VybmFtZSI6Ilx1MDQxYVx1MDQzOFx1MDQzZVx1MDQ0MVx1MDQzYTIiLCJ1c2VyX2lkIjoyLCJleHAiOjE2MzY4MjkyMTJ9.z4zNe_yaKdn9hwQuG9cDEZszcz0PpkRcnmhBRoSAQKU
2021-11-14 02:41:55,888:INFO:ads
2021-11-14 03:41:55,805:INFO:jwt
2021-11-14 03:41:55,812:INFO:{'username': u'\u041a\u0438\u043e\u0441\u043a2', 'user_id': 2, 'exp': datetime.datetime(2021, 11, 13, 19, 46, 55, 812175)}
2021-11-14 03:41:55,812:INFO:eyJhbGciOiJIUzI1NiIsInR5cCI6IkpXVCJ9.eyJ1c2VybmFtZSI6Ilx1MDQxYVx1MDQzOFx1MDQzZVx1MDQ0MVx1MDQzYTIiLCJ1c2VyX2lkIjoyLCJleHAiOjE2MzY4MzI4MTV9.YquxCzWKv78g0jvRWa62eceQct7TqKqFEV2fAJSauNU
2021-11-14 03:41:55,812:INFO:jwt.jwt
2021-11-14 03:41:55,812:INFO:eyJhbGciOiJIUzI1NiIsInR5cCI6IkpXVCJ9.eyJ1c2VybmFtZSI6Ilx1MDQxYVx1MDQzOFx1MDQzZVx1MDQ0MVx1MDQzYTIiLCJ1c2VyX2lkIjoyLCJleHAiOjE2MzY4MjkyMTJ9.z4zNe_yaKdn9hwQuG9cDEZszcz0PpkRcnmhBRoSAQKU
2021-11-14 03:41:55,813:INFO:jwt.jwt
2021-11-14 03:41:55,813:INFO:eyJhbGciOiJIUzI1NiIsInR5cCI6IkpXVCJ9.eyJ1c2VybmFtZSI6Ilx1MDQxYVx1MDQzOFx1MDQzZVx1MDQ0MVx1MDQzYTIiLCJ1c2VyX2lkIjoyLCJleHAiOjE2MzY4MzI4MTV9.YquxCzWKv78g0jvRWa62eceQct7TqKqFEV2fAJSauNU
2021-11-14 03:41:59,150:INFO:ads
2021-11-14 04:41:59,035:INFO:jwt
2021-11-14 04:41:59,041:INFO:{'username': u'\u041a\u0438\u043e\u0441\u043a2', 'user_id': 2, 'exp': datetime.datetime(2021, 11, 13, 20, 46, 59, 41847)}
2021-11-14 04:41:59,042:INFO:eyJhbGciOiJIUzI1NiIsInR5cCI6IkpXVCJ9.eyJ1c2VybmFtZSI6Ilx1MDQxYVx1MDQzOFx1MDQzZVx1MDQ0MVx1MDQzYTIiLCJ1c2VyX2lkIjoyLCJleHAiOjE2MzY4MzY0MTl9.yKcdG3pHbHrYvdSIaj2YNFnpblIC7Obvc3vHRM72JRk
2021-11-14 04:41:59,042:INFO:jwt.jwt
2021-11-14 04:41:59,042:INFO:eyJhbGciOiJIUzI1NiIsInR5cCI6IkpXVCJ9.eyJ1c2VybmFtZSI6Ilx1MDQxYVx1MDQzOFx1MDQzZVx1MDQ0MVx1MDQzYTIiLCJ1c2VyX2lkIjoyLCJleHAiOjE2MzY4MzI4MTV9.YquxCzWKv78g0jvRWa62eceQct7TqKqFEV2fAJSauNU
2021-11-14 04:41:59,043:INFO:jwt.jwt
2021-11-14 04:41:59,043:INFO:eyJhbGciOiJIUzI1NiIsInR5cCI6IkpXVCJ9.eyJ1c2VybmFtZSI6Ilx1MDQxYVx1MDQzOFx1MDQzZVx1MDQ0MVx1MDQzYTIiLCJ1c2VyX2lkIjoyLCJleHAiOjE2MzY4MzY0MTl9.yKcdG3pHbHrYvdSIaj2YNFnpblIC7Obvc3vHRM72JRk
2021-11-14 04:42:02,323:INFO:ads
2021-11-14 05:42:02,355:INFO:jwt
2021-11-14 05:42:02,361:INFO:{'username': u'\u041a\u0438\u043e\u0441\u043a2', 'user_id': 2, 'exp': datetime.datetime(2021, 11, 13, 21, 47, 2, 361294)}
2021-11-14 05:42:02,361:INFO:eyJhbGciOiJIUzI1NiIsInR5cCI6IkpXVCJ9.eyJ1c2VybmFtZSI6Ilx1MDQxYVx1MDQzOFx1MDQzZVx1MDQ0MVx1MDQzYTIiLCJ1c2VyX2lkIjoyLCJleHAiOjE2MzY4NDAwMjJ9.hQQ8bdXNzuxEvuWo3C2x9ge6JzsPlCOFNKEoIqLPI5s
2021-11-14 05:42:02,361:INFO:jwt.jwt
2021-11-14 05:42:02,361:INFO:eyJhbGciOiJIUzI1NiIsInR5cCI6IkpXVCJ9.eyJ1c2VybmFtZSI6Ilx1MDQxYVx1MDQzOFx1MDQzZVx1MDQ0MVx1MDQzYTIiLCJ1c2VyX2lkIjoyLCJleHAiOjE2MzY4MzY0MTl9.yKcdG3pHbHrYvdSIaj2YNFnpblIC7Obvc3vHRM72JRk
2021-11-14 05:42:02,362:INFO:jwt.jwt
2021-11-14 05:42:02,362:INFO:eyJhbGciOiJIUzI1NiIsInR5cCI6IkpXVCJ9.eyJ1c2VybmFtZSI6Ilx1MDQxYVx1MDQzOFx1MDQzZVx1MDQ0MVx1MDQzYTIiLCJ1c2VyX2lkIjoyLCJleHAiOjE2MzY4NDAwMjJ9.hQQ8bdXNzuxEvuWo3C2x9ge6JzsPlCOFNKEoIqLPI5s
2021-11-14 05:42:05,545:INFO:ads
