2021-10-09 09:48:24,208:INFO:jwt
2021-10-09 09:48:24,221:INFO:{'username': u'\u041a\u0438\u043e\u0441\u043a2', 'user_id': 2, 'exp': datetime.datetime(2021, 10, 9, 1, 53, 24, 221358)}
2021-10-09 09:48:24,221:INFO:eyJhbGciOiJIUzI1NiIsInR5cCI6IkpXVCJ9.eyJ1c2VybmFtZSI6Ilx1MDQxYVx1MDQzOFx1MDQzZVx1MDQ0MVx1MDQzYTIiLCJ1c2VyX2lkIjoyLCJleHAiOjE2MzM3NDQ0MDR9.asypMNifgqgXnvfdfNnL8N1X6txW0quG716I8WXqiyg
2021-10-09 09:48:24,221:INFO:jwt.jwt
2021-10-09 09:48:24,221:INFO:eyJhbGciOiJIUzI1NiIsInR5cCI6IkpXVCJ9.eyJ1c2VybmFtZSI6Ilx1MDQxYVx1MDQzOFx1MDQzZVx1MDQ0MVx1MDQzYTIiLCJ1c2VyX2lkIjoyLCJleHAiOjE2MzM2OTI1MzV9.7D_mGnSFAS-TK3QymSxVe_iBVoQc7Px5WMetNnf8iA0
2021-10-09 09:48:24,223:INFO:jwt.jwt
2021-10-09 09:48:24,223:INFO:eyJhbGciOiJIUzI1NiIsInR5cCI6IkpXVCJ9.eyJ1c2VybmFtZSI6Ilx1MDQxYVx1MDQzOFx1MDQzZVx1MDQ0MVx1MDQzYTIiLCJ1c2VyX2lkIjoyLCJleHAiOjE2MzM3NDQ0MDR9.asypMNifgqgXnvfdfNnL8N1X6txW0quG716I8WXqiyg
2021-10-09 10:48:29,617:INFO:jwt
2021-10-09 10:48:29,627:INFO:{'username': u'\u041a\u0438\u043e\u0441\u043a2', 'user_id': 2, 'exp': datetime.datetime(2021, 10, 9, 2, 53, 29, 627732)}
2021-10-09 10:48:29,628:INFO:eyJhbGciOiJIUzI1NiIsInR5cCI6IkpXVCJ9.eyJ1c2VybmFtZSI6Ilx1MDQxYVx1MDQzOFx1MDQzZVx1MDQ0MVx1MDQzYTIiLCJ1c2VyX2lkIjoyLCJleHAiOjE2MzM3NDgwMDl9.ux9kdOZdiAkZgYXzV7v5etwgc4H6O1zG0FBkTQRAWkY
2021-10-09 10:48:29,628:INFO:jwt.jwt
2021-10-09 10:48:29,628:INFO:eyJhbGciOiJIUzI1NiIsInR5cCI6IkpXVCJ9.eyJ1c2VybmFtZSI6Ilx1MDQxYVx1MDQzOFx1MDQzZVx1MDQ0MVx1MDQzYTIiLCJ1c2VyX2lkIjoyLCJleHAiOjE2MzM3NDQ0MDR9.asypMNifgqgXnvfdfNnL8N1X6txW0quG716I8WXqiyg
2021-10-09 10:48:29,629:INFO:jwt.jwt
2021-10-09 10:48:29,629:INFO:eyJhbGciOiJIUzI1NiIsInR5cCI6IkpXVCJ9.eyJ1c2VybmFtZSI6Ilx1MDQxYVx1MDQzOFx1MDQzZVx1MDQ0MVx1MDQzYTIiLCJ1c2VyX2lkIjoyLCJleHAiOjE2MzM3NDgwMDl9.ux9kdOZdiAkZgYXzV7v5etwgc4H6O1zG0FBkTQRAWkY
2021-10-09 11:48:35,090:INFO:jwt
2021-10-09 11:48:35,096:INFO:{'username': u'\u041a\u0438\u043e\u0441\u043a2', 'user_id': 2, 'exp': datetime.datetime(2021, 10, 9, 3, 53, 35, 96793)}
2021-10-09 11:48:35,097:INFO:eyJhbGciOiJIUzI1NiIsInR5cCI6IkpXVCJ9.eyJ1c2VybmFtZSI6Ilx1MDQxYVx1MDQzOFx1MDQzZVx1MDQ0MVx1MDQzYTIiLCJ1c2VyX2lkIjoyLCJleHAiOjE2MzM3NTE2MTV9.oKeiBVjdogwg0A_1kqz6tMq822mDbRNoRw7t1hcJ-4E
2021-10-09 11:48:35,097:INFO:jwt.jwt
2021-10-09 11:48:35,097:INFO:eyJhbGciOiJIUzI1NiIsInR5cCI6IkpXVCJ9.eyJ1c2VybmFtZSI6Ilx1MDQxYVx1MDQzOFx1MDQzZVx1MDQ0MVx1MDQzYTIiLCJ1c2VyX2lkIjoyLCJleHAiOjE2MzM3NDgwMDl9.ux9kdOZdiAkZgYXzV7v5etwgc4H6O1zG0FBkTQRAWkY
2021-10-09 11:48:35,098:INFO:jwt.jwt
2021-10-09 11:48:35,098:INFO:eyJhbGciOiJIUzI1NiIsInR5cCI6IkpXVCJ9.eyJ1c2VybmFtZSI6Ilx1MDQxYVx1MDQzOFx1MDQzZVx1MDQ0MVx1MDQzYTIiLCJ1c2VyX2lkIjoyLCJleHAiOjE2MzM3NTE2MTV9.oKeiBVjdogwg0A_1kqz6tMq822mDbRNoRw7t1hcJ-4E
2021-10-09 11:50:02,464:INFO:searchNumber
2021-10-09 11:50:02,467:INFO:getNumber
2021-10-09 11:50:03,979:INFO:searchNumber
2021-10-09 11:50:03,982:INFO:getNumber
2021-10-09 11:50:04,832:INFO:searchNumber
2021-10-09 11:50:04,838:INFO:getNumber
2021-10-09 11:50:10,012:INFO:[{'prefix': '98159421'}, {'prefix': '98259421'}, {'prefix': '98659421'}, {'prefix': '98859421'}, {'prefix': '98959421'}]
2021-10-09 11:50:10,545:INFO:[{'prefix': '98159421'}, {'prefix': '98259421'}, {'prefix': '98659421'}, {'prefix': '98859421'}, {'prefix': '98959421'}]
2021-10-09 11:50:11,564:INFO:[{'prefix': '98159421'}, {'prefix': '98259421'}, {'prefix': '98659421'}, {'prefix': '98859421'}, {'prefix': '98959421'}]
2021-10-09 11:50:39,640:INFO:searchNumber
2021-10-09 11:50:39,645:INFO:getNumber
2021-10-09 11:50:44,335:INFO:searchNumber
2021-10-09 11:50:44,338:INFO:getNumber
2021-10-09 11:50:45,257:INFO:[{'prefix': '98159421'}, {'prefix': '98259421'}, {'prefix': '98659421'}, {'prefix': '98859421'}, {'prefix': '98959421'}]
2021-10-09 11:50:49,360:INFO:[{'prefix': '98159421'}, {'prefix': '98259421'}, {'prefix': '98659421'}, {'prefix': '98859421'}, {'prefix': '98959421'}]
2021-10-09 11:51:33,369:INFO:searchNumber
2021-10-09 11:51:33,372:INFO:getNumber
2021-10-09 11:51:34,943:INFO:searchNumber
2021-10-09 11:51:34,945:INFO:getNumber
2021-10-09 11:51:35,584:INFO:[{'prefix': '98880162'}, {'prefix': '98880194'}, {'prefix': '98880240'}, {'prefix': '98880347'}, {'prefix': '98880353'}, {'prefix': '98880476'}, {'prefix': '98880482'}, {'prefix': '98880492'}, {'prefix': '98880531'}, {'prefix': '98880534'}, {'prefix': '98880537'}, {'prefix': '98880546'}, {'prefix': '98880551'}, {'prefix': '98880564'}, {'prefix': '98880634'}, {'prefix': '98880635'}, {'prefix': '98880637'}, {'prefix': '98880643'}, {'prefix': '98880645'}, {'prefix': '98880651'}, {'prefix': '98880734'}, {'prefix': '98880746'}, {'prefix': '98880752'}, {'prefix': '98880753'}, {'prefix': '98880796'}, {'prefix': '98880952'}, {'prefix': '98880954'}, {'prefix': '98881253'}, {'prefix': '98881269'}, {'prefix': '98881273'}, {'prefix': '98881274'}, {'prefix': '98881276'}, {'prefix': '98881281'}, {'prefix': '98881294'}, {'prefix': '98881329'}, {'prefix': '98881346'}, {'prefix': '98881347'}, {'prefix': '98881351'}, {'prefix': '98881352'}, {'prefix': '98881357'}, {'prefix': '98881361'}, {'prefix': '98881362'}, {'prefix': '98881365'}, {'prefix': '98881367'}, {'prefix': '98881371'}, {'prefix': '98881374'}, {'prefix': '98881385'}, {'prefix': '98881394'}, {'prefix': '98881402'}, {'prefix': '98881407'}, {'prefix': '98881409'}, {'prefix': '98881425'}, {'prefix': '98881429'}, {'prefix': '98881434'}, {'prefix': '98881462'}, {'prefix': '98881469'}, {'prefix': '98881473'}, {'prefix': '98881475'}, {'prefix': '98881476'}, {'prefix': '98881483'}, {'prefix': '98881486'}, {'prefix': '98881495'}, {'prefix': '98881497'}, {'prefix': '98881507'}, {'prefix': '98881513'}, {'prefix': '98881524'}, {'prefix': '98881527'}, {'prefix': '98881529'}, {'prefix': '98881532'}, {'prefix': '98881534'}, {'prefix': '98881539'}, {'prefix': '98881546'}, {'prefix': '98881564'}, {'prefix': '98881571'}, {'prefix': '98881573'}, {'prefix': '98881583'}, {'prefix': '98881584'}, {'prefix': '98881592'}, {'prefix': '98881593'}, {'prefix': '98881596'}, {'prefix': '98881605'}, {'prefix': '98881607'}, {'prefix': '98881613'}, {'prefix': '98881621'}, {'prefix': '98881625'}, {'prefix': '98881627'}, {'prefix': '98881629'}, {'prefix': '98881635'}, {'prefix': '98881637'}, {'prefix': '98881641'}, {'prefix': '98881643'}, {'prefix': '98881644'}, {'prefix': '98881649'}, {'prefix': '98881652'}, {'prefix': '98881657'}, {'prefix': '98881671'}, {'prefix': '98881674'}, {'prefix': '98881682'}, {'prefix': '98881686'}, {'prefix': '98881692'}]
2021-10-09 11:51:37,388:INFO:[{'prefix': '98880162'}, {'prefix': '98880194'}, {'prefix': '98880240'}, {'prefix': '98880347'}, {'prefix': '98880353'}, {'prefix': '98880476'}, {'prefix': '98880482'}, {'prefix': '98880492'}, {'prefix': '98880531'}, {'prefix': '98880534'}, {'prefix': '98880537'}, {'prefix': '98880546'}, {'prefix': '98880551'}, {'prefix': '98880564'}, {'prefix': '98880634'}, {'prefix': '98880635'}, {'prefix': '98880637'}, {'prefix': '98880643'}, {'prefix': '98880645'}, {'prefix': '98880651'}, {'prefix': '98880734'}, {'prefix': '98880746'}, {'prefix': '98880752'}, {'prefix': '98880753'}, {'prefix': '98880796'}, {'prefix': '98880952'}, {'prefix': '98880954'}, {'prefix': '98881253'}, {'prefix': '98881269'}, {'prefix': '98881273'}, {'prefix': '98881274'}, {'prefix': '98881276'}, {'prefix': '98881281'}, {'prefix': '98881294'}, {'prefix': '98881329'}, {'prefix': '98881346'}, {'prefix': '98881347'}, {'prefix': '98881351'}, {'prefix': '98881352'}, {'prefix': '98881357'}, {'prefix': '98881361'}, {'prefix': '98881362'}, {'prefix': '98881365'}, {'prefix': '98881367'}, {'prefix': '98881371'}, {'prefix': '98881374'}, {'prefix': '98881385'}, {'prefix': '98881394'}, {'prefix': '98881402'}, {'prefix': '98881407'}, {'prefix': '98881409'}, {'prefix': '98881425'}, {'prefix': '98881429'}, {'prefix': '98881434'}, {'prefix': '98881462'}, {'prefix': '98881469'}, {'prefix': '98881473'}, {'prefix': '98881475'}, {'prefix': '98881476'}, {'prefix': '98881483'}, {'prefix': '98881486'}, {'prefix': '98881495'}, {'prefix': '98881497'}, {'prefix': '98881507'}, {'prefix': '98881513'}, {'prefix': '98881524'}, {'prefix': '98881527'}, {'prefix': '98881529'}, {'prefix': '98881532'}, {'prefix': '98881534'}, {'prefix': '98881539'}, {'prefix': '98881546'}, {'prefix': '98881564'}, {'prefix': '98881571'}, {'prefix': '98881573'}, {'prefix': '98881583'}, {'prefix': '98881584'}, {'prefix': '98881592'}, {'prefix': '98881593'}, {'prefix': '98881596'}, {'prefix': '98881605'}, {'prefix': '98881607'}, {'prefix': '98881613'}, {'prefix': '98881621'}, {'prefix': '98881625'}, {'prefix': '98881627'}, {'prefix': '98881629'}, {'prefix': '98881635'}, {'prefix': '98881637'}, {'prefix': '98881641'}, {'prefix': '98881643'}, {'prefix': '98881644'}, {'prefix': '98881649'}, {'prefix': '98881652'}, {'prefix': '98881657'}, {'prefix': '98881671'}, {'prefix': '98881674'}, {'prefix': '98881682'}, {'prefix': '98881686'}, {'prefix': '98881692'}]
2021-10-09 11:51:51,228:INFO:searchNumber
2021-10-09 11:51:51,230:INFO:getNumber
2021-10-09 11:51:54,074:INFO:[{'prefix': '98880162'}, {'prefix': '98880194'}, {'prefix': '98880240'}, {'prefix': '98880347'}, {'prefix': '98880353'}, {'prefix': '98880476'}, {'prefix': '98880482'}, {'prefix': '98880492'}, {'prefix': '98880531'}, {'prefix': '98880534'}, {'prefix': '98880537'}, {'prefix': '98880546'}, {'prefix': '98880551'}, {'prefix': '98880564'}, {'prefix': '98880634'}, {'prefix': '98880635'}, {'prefix': '98880637'}, {'prefix': '98880643'}, {'prefix': '98880645'}, {'prefix': '98880651'}, {'prefix': '98880734'}, {'prefix': '98880746'}, {'prefix': '98880752'}, {'prefix': '98880753'}, {'prefix': '98880796'}, {'prefix': '98880952'}, {'prefix': '98880954'}, {'prefix': '98881253'}, {'prefix': '98881269'}, {'prefix': '98881273'}, {'prefix': '98881274'}, {'prefix': '98881276'}, {'prefix': '98881281'}, {'prefix': '98881294'}, {'prefix': '98881329'}, {'prefix': '98881346'}, {'prefix': '98881347'}, {'prefix': '98881351'}, {'prefix': '98881352'}, {'prefix': '98881357'}, {'prefix': '98881361'}, {'prefix': '98881362'}, {'prefix': '98881365'}, {'prefix': '98881367'}, {'prefix': '98881371'}, {'prefix': '98881374'}, {'prefix': '98881385'}, {'prefix': '98881394'}, {'prefix': '98881402'}, {'prefix': '98881407'}, {'prefix': '98881409'}, {'prefix': '98881425'}, {'prefix': '98881429'}, {'prefix': '98881434'}, {'prefix': '98881462'}, {'prefix': '98881469'}, {'prefix': '98881473'}, {'prefix': '98881475'}, {'prefix': '98881476'}, {'prefix': '98881483'}, {'prefix': '98881486'}, {'prefix': '98881495'}, {'prefix': '98881497'}, {'prefix': '98881507'}, {'prefix': '98881513'}, {'prefix': '98881524'}, {'prefix': '98881527'}, {'prefix': '98881529'}, {'prefix': '98881532'}, {'prefix': '98881534'}, {'prefix': '98881539'}, {'prefix': '98881546'}, {'prefix': '98881564'}, {'prefix': '98881571'}, {'prefix': '98881573'}, {'prefix': '98881583'}, {'prefix': '98881584'}, {'prefix': '98881592'}, {'prefix': '98881593'}, {'prefix': '98881596'}, {'prefix': '98881605'}, {'prefix': '98881607'}, {'prefix': '98881613'}, {'prefix': '98881621'}, {'prefix': '98881625'}, {'prefix': '98881627'}, {'prefix': '98881629'}, {'prefix': '98881635'}, {'prefix': '98881637'}, {'prefix': '98881641'}, {'prefix': '98881643'}, {'prefix': '98881644'}, {'prefix': '98881649'}, {'prefix': '98881652'}, {'prefix': '98881657'}, {'prefix': '98881671'}, {'prefix': '98881674'}, {'prefix': '98881682'}, {'prefix': '98881686'}, {'prefix': '98881692'}]
2021-10-09 11:52:21,679:INFO:searchNumber
2021-10-09 11:52:21,683:INFO:getNumber
2021-10-09 11:52:24,419:INFO:[{'prefix': '98889406'}, {'prefix': '98889407'}, {'prefix': '98889412'}, {'prefix': '98889413'}, {'prefix': '98889415'}, {'prefix': '98889416'}, {'prefix': '98889417'}, {'prefix': '98889419'}, {'prefix': '98889423'}, {'prefix': '98889426'}, {'prefix': '98889427'}, {'prefix': '98889430'}, {'prefix': '98889431'}, {'prefix': '98889432'}, {'prefix': '98889437'}, {'prefix': '98889439'}, {'prefix': '98889450'}, {'prefix': '98889452'}, {'prefix': '98889453'}, {'prefix': '98889456'}, {'prefix': '98889459'}, {'prefix': '98889461'}, {'prefix': '98889463'}, {'prefix': '98889465'}, {'prefix': '98889467'}, {'prefix': '98889468'}, {'prefix': '98889471'}, {'prefix': '98889472'}, {'prefix': '98889473'}, {'prefix': '98889476'}, {'prefix': '98889483'}, {'prefix': '98889485'}, {'prefix': '98889497'}]
2021-10-09 11:53:11,521:INFO:blockUnblock
2021-10-09 11:53:11,537:INFO:{u'negj': u'3000', u'nuhtsul': u'\u0411\u04af\u0445 \u0441\u04af\u043b\u0436\u044d\u044d\u043d\u0434\u044d\u044d 70 \u0442\u04e9\u0433', u'validDate': 30, u'data': u'5GB'}
2021-10-09 11:53:27,538:INFO:blockUnblock
2021-10-09 11:53:27,548:INFO:unblock
2021-10-09 11:53:27,548:INFO:Unblocked
2021-10-09 12:53:29,912:INFO:jwt
2021-10-09 12:53:29,918:INFO:{'username': u'\u041a\u0438\u043e\u0441\u043a2', 'user_id': 2, 'exp': datetime.datetime(2021, 10, 9, 4, 58, 29, 918798)}
2021-10-09 12:53:29,919:INFO:eyJhbGciOiJIUzI1NiIsInR5cCI6IkpXVCJ9.eyJ1c2VybmFtZSI6Ilx1MDQxYVx1MDQzOFx1MDQzZVx1MDQ0MVx1MDQzYTIiLCJ1c2VyX2lkIjoyLCJleHAiOjE2MzM3NTU1MDl9.F5U_nuUkglvHJmgLYgtugAClbKcF7H41MAitiTU6538
2021-10-09 12:53:29,919:INFO:jwt.jwt
2021-10-09 12:53:29,919:INFO:eyJhbGciOiJIUzI1NiIsInR5cCI6IkpXVCJ9.eyJ1c2VybmFtZSI6Ilx1MDQxYVx1MDQzOFx1MDQzZVx1MDQ0MVx1MDQzYTIiLCJ1c2VyX2lkIjoyLCJleHAiOjE2MzM3NTE2MTV9.oKeiBVjdogwg0A_1kqz6tMq822mDbRNoRw7t1hcJ-4E
2021-10-09 12:53:29,920:INFO:jwt.jwt
2021-10-09 12:53:29,920:INFO:eyJhbGciOiJIUzI1NiIsInR5cCI6IkpXVCJ9.eyJ1c2VybmFtZSI6Ilx1MDQxYVx1MDQzOFx1MDQzZVx1MDQ0MVx1MDQzYTIiLCJ1c2VyX2lkIjoyLCJleHAiOjE2MzM3NTU1MDl9.F5U_nuUkglvHJmgLYgtugAClbKcF7H41MAitiTU6538
2021-10-09 13:53:35,414:INFO:jwt
2021-10-09 13:53:35,420:INFO:{'username': u'\u041a\u0438\u043e\u0441\u043a2', 'user_id': 2, 'exp': datetime.datetime(2021, 10, 9, 5, 58, 35, 420717)}
2021-10-09 13:53:35,421:INFO:eyJhbGciOiJIUzI1NiIsInR5cCI6IkpXVCJ9.eyJ1c2VybmFtZSI6Ilx1MDQxYVx1MDQzOFx1MDQzZVx1MDQ0MVx1MDQzYTIiLCJ1c2VyX2lkIjoyLCJleHAiOjE2MzM3NTkxMTV9.VzWwqW77eY46f0DZEue2C0Tw54NIraAZYQYXRbNvPnA
2021-10-09 13:53:35,421:INFO:jwt.jwt
2021-10-09 13:53:35,421:INFO:eyJhbGciOiJIUzI1NiIsInR5cCI6IkpXVCJ9.eyJ1c2VybmFtZSI6Ilx1MDQxYVx1MDQzOFx1MDQzZVx1MDQ0MVx1MDQzYTIiLCJ1c2VyX2lkIjoyLCJleHAiOjE2MzM3NTU1MDl9.F5U_nuUkglvHJmgLYgtugAClbKcF7H41MAitiTU6538
2021-10-09 13:53:35,422:INFO:jwt.jwt
2021-10-09 13:53:35,422:INFO:eyJhbGciOiJIUzI1NiIsInR5cCI6IkpXVCJ9.eyJ1c2VybmFtZSI6Ilx1MDQxYVx1MDQzOFx1MDQzZVx1MDQ0MVx1MDQzYTIiLCJ1c2VyX2lkIjoyLCJleHAiOjE2MzM3NTkxMTV9.VzWwqW77eY46f0DZEue2C0Tw54NIraAZYQYXRbNvPnA
2021-10-09 14:32:59,789:INFO:checkNumber
2021-10-09 14:32:59,793:INFO:2
2021-10-09 14:32:59,793:INFO:bankConnection
2021-10-09 14:32:59,793:INFO:2
2021-10-09 14:32:59,794:INFO:{'phone_number': u'83140035', 'amount': '', 'serviceName': 'Kiosk', 'trans_id': u'', 'cashOrCard': u'', 'card': u''}
2021-10-09 14:32:59,797:DEBUG:Starting new HTTPS connection (1): banksystem.gmobile.mn:443
2021-10-09 14:32:59,996:DEBUG:https://banksystem.gmobile.mn:443 "POST /service.php/api_services/kiosk/socialPay/checkNumber/response HTTP/1.1" 200 2254
2021-10-09 14:32:59,999:INFO:{"action":"check_index","status":0,"errors":"","type":"CDMA","unit":[{"profile_code":"H-1000","name":"1000 \u043d\u044d\u0433\u0436\u0438\u0439\u043d \u043a\u0430\u0440\u0442","price":"1000"},{"profile_code":"H-2000","name":"2000 \u043d\u044d\u0433\u0436\u0438\u0439\u043d \u043a\u0430\u0440\u0442","price":"2000"},{"profile_code":"H-5000","name":"5000 \u043d\u044d\u0433\u0436\u0438\u0439\u043d \u043a\u0430\u0440\u0442","price":"5000"},{"profile_code":"H-7000","name":"7000 \u043d\u044d\u0433\u0436\u0438\u0439\u043d \u043a\u0430\u0440\u0442","price":"7000"},{"profile_code":"H-10000","name":"10000 \u043d\u044d\u0433\u0436\u0438\u0439\u043d \u043a\u0430\u0440\u0442","price":"10000"},{"profile_code":"H-30000","name":"30000 \u043d\u044d\u0433\u0436\u0438\u0439\u043d \u043a\u0430\u0440\u0442 ","price":"30000"},{"profile_code":"H-15000","name":"0\/50  30 \u0445\u043e\u043d\u043e\u0433, 1GB \u0434\u0430\u0442\u0430, 5000 \u043d\u044d\u0433\u0436","price":"15000"},{"profile_code":"H-20000","name":"0\/30 30 \u0445\u043e\u043d\u043e\u0433, 5000 \u043d\u044d\u0433\u0436","price":"20000"},{"profile_code":"H-60000","name":"0\/50 180 \u0445\u043e\u043d\u043e\u0433, 12000 \u043d\u044d\u0433\u0436","price":"60000"}],"data":[{"profile_code":"DAT-100","name":"100mb 3 x\u043e\u043d\u043e\u0433\u0442\u043e\u0439 \u0434\u0430\u0442\u0430 \u043a\u0430\u0440\u0442","price":"1000"},{"profile_code":"DAT-500","name":"500mb 8 \u0445\u043e\u043d\u043e\u0433\u0442\u043e\u0439 \u00a0\u0434\u0430\u0442\u0430 \u043a\u0430\u0440\u0442","price":"4000"},{"profile_code":"DAT-7000","name":"1GB  30 \u0445\u043e\u043d\u043e\u0433\u0442\u043e\u0439 \u0434\u0430\u0442\u0430 \u043a\u0430\u0440\u0442","price":"7000"},{"profile_code":"DAT-3000","name":"3GB  30 \u0445\u043e\u043d\u043e\u0433\u0442\u043e\u0439 \u0434\u0430\u0442\u0430 \u043a\u0430\u0440\u0442","price":"12000"},{"profile_code":"DAT-8000","name":"8GB  30 \u0445\u043e\u043d\u043e\u0433\u0442\u043e\u0439 \u0434\u0430\u0442\u0430 \u043a\u0430\u0440\u0442","price":"20000"},{"profile_code":"DAT60-20000","name":"20GB  60 \u0445\u043e\u043d\u043e\u0433\u0442\u043e\u0439 \u0434\u0430\u0442\u0430 \u043a\u0430\u0440\u0442","price":"30000"},{"profile_code":"DAT-120000","name":"240gb 365 \u0445\u043e\u043d\u043e\u0433\u0442\u043e\u0439 \u00a0\u0434\u0430\u0442\u0430 \u043a\u0430\u0440\u0442 ","price":"240000"}]}
2021-10-09 14:32:59,999:INFO:{u'status': 0, u'errors': u'', u'data': [{u'price': u'1000', u'profile_code': u'DAT-100', u'name': u'100mb 3 x\u043e\u043d\u043e\u0433\u0442\u043e\u0439 \u0434\u0430\u0442\u0430 \u043a\u0430\u0440\u0442'}, {u'price': u'4000', u'profile_code': u'DAT-500', u'name': u'500mb 8 \u0445\u043e\u043d\u043e\u0433\u0442\u043e\u0439 \xa0\u0434\u0430\u0442\u0430 \u043a\u0430\u0440\u0442'}, {u'price': u'7000', u'profile_code': u'DAT-7000', u'name': u'1GB  30 \u0445\u043e\u043d\u043e\u0433\u0442\u043e\u0439 \u0434\u0430\u0442\u0430 \u043a\u0430\u0440\u0442'}, {u'price': u'12000', u'profile_code': u'DAT-3000', u'name': u'3GB  30 \u0445\u043e\u043d\u043e\u0433\u0442\u043e\u0439 \u0434\u0430\u0442\u0430 \u043a\u0430\u0440\u0442'}, {u'price': u'20000', u'profile_code': u'DAT-8000', u'name': u'8GB  30 \u0445\u043e\u043d\u043e\u0433\u0442\u043e\u0439 \u0434\u0430\u0442\u0430 \u043a\u0430\u0440\u0442'}, {u'price': u'30000', u'profile_code': u'DAT60-20000', u'name': u'20GB  60 \u0445\u043e\u043d\u043e\u0433\u0442\u043e\u0439 \u0434\u0430\u0442\u0430 \u043a\u0430\u0440\u0442'}, {u'price': u'240000', u'profile_code': u'DAT-120000', u'name': u'240gb 365 \u0445\u043e\u043d\u043e\u0433\u0442\u043e\u0439 \xa0\u0434\u0430\u0442\u0430 \u043a\u0430\u0440\u0442 '}], u'action': u'check_index', u'type': u'CDMA', u'unit': [{u'price': u'1000', u'profile_code': u'H-1000', u'name': u'1000 \u043d\u044d\u0433\u0436\u0438\u0439\u043d \u043a\u0430\u0440\u0442'}, {u'price': u'2000', u'profile_code': u'H-2000', u'name': u'2000 \u043d\u044d\u0433\u0436\u0438\u0439\u043d \u043a\u0430\u0440\u0442'}, {u'price': u'5000', u'profile_code': u'H-5000', u'name': u'5000 \u043d\u044d\u0433\u0436\u0438\u0439\u043d \u043a\u0430\u0440\u0442'}, {u'price': u'7000', u'profile_code': u'H-7000', u'name': u'7000 \u043d\u044d\u0433\u0436\u0438\u0439\u043d \u043a\u0430\u0440\u0442'}, {u'price': u'10000', u'profile_code': u'H-10000', u'name': u'10000 \u043d\u044d\u0433\u0436\u0438\u0439\u043d \u043a\u0430\u0440\u0442'}, {u'price': u'30000', u'profile_code': u'H-30000', u'name': u'30000 \u043d\u044d\u0433\u0436\u0438\u0439\u043d \u043a\u0430\u0440\u0442 '}, {u'price': u'15000', u'profile_code': u'H-15000', u'name': u'0/50  30 \u0445\u043e\u043d\u043e\u0433, 1GB \u0434\u0430\u0442\u0430, 5000 \u043d\u044d\u0433\u0436'}, {u'price': u'20000', u'profile_code': u'H-20000', u'name': u'0/30 30 \u0445\u043e\u043d\u043e\u0433, 5000 \u043d\u044d\u0433\u0436'}, {u'price': u'60000', u'profile_code': u'H-60000', u'name': u'0/50 180 \u0445\u043e\u043d\u043e\u0433, 12000 \u043d\u044d\u0433\u0436'}]}
2021-10-09 15:33:06,526:INFO:jwt
2021-10-09 15:33:06,532:INFO:{'username': u'\u041a\u0438\u043e\u0441\u043a2', 'user_id': 2, 'exp': datetime.datetime(2021, 10, 9, 7, 38, 6, 532712)}
2021-10-09 15:33:06,533:INFO:eyJhbGciOiJIUzI1NiIsInR5cCI6IkpXVCJ9.eyJ1c2VybmFtZSI6Ilx1MDQxYVx1MDQzOFx1MDQzZVx1MDQ0MVx1MDQzYTIiLCJ1c2VyX2lkIjoyLCJleHAiOjE2MzM3NjUwODZ9._2JCIbLuk5WFLfWjiPE8fCFeeM4pOZSwvwjCrbwrx9A
2021-10-09 15:33:06,533:INFO:jwt.jwt
2021-10-09 15:33:06,533:INFO:eyJhbGciOiJIUzI1NiIsInR5cCI6IkpXVCJ9.eyJ1c2VybmFtZSI6Ilx1MDQxYVx1MDQzOFx1MDQzZVx1MDQ0MVx1MDQzYTIiLCJ1c2VyX2lkIjoyLCJleHAiOjE2MzM3NTkxMTV9.VzWwqW77eY46f0DZEue2C0Tw54NIraAZYQYXRbNvPnA
2021-10-09 15:33:06,534:INFO:jwt.jwt
2021-10-09 15:33:06,534:INFO:eyJhbGciOiJIUzI1NiIsInR5cCI6IkpXVCJ9.eyJ1c2VybmFtZSI6Ilx1MDQxYVx1MDQzOFx1MDQzZVx1MDQ0MVx1MDQzYTIiLCJ1c2VyX2lkIjoyLCJleHAiOjE2MzM3NjUwODZ9._2JCIbLuk5WFLfWjiPE8fCFeeM4pOZSwvwjCrbwrx9A
2021-10-09 16:33:12,079:INFO:jwt
2021-10-09 16:33:12,085:INFO:{'username': u'\u041a\u0438\u043e\u0441\u043a2', 'user_id': 2, 'exp': datetime.datetime(2021, 10, 9, 8, 38, 12, 85704)}
2021-10-09 16:33:12,086:INFO:eyJhbGciOiJIUzI1NiIsInR5cCI6IkpXVCJ9.eyJ1c2VybmFtZSI6Ilx1MDQxYVx1MDQzOFx1MDQzZVx1MDQ0MVx1MDQzYTIiLCJ1c2VyX2lkIjoyLCJleHAiOjE2MzM3Njg2OTJ9.CTUBhacdcWK13wb8GEZ8KnjKViL_0inAlpXajqrwE2o
2021-10-09 16:33:12,086:INFO:jwt.jwt
2021-10-09 16:33:12,086:INFO:eyJhbGciOiJIUzI1NiIsInR5cCI6IkpXVCJ9.eyJ1c2VybmFtZSI6Ilx1MDQxYVx1MDQzOFx1MDQzZVx1MDQ0MVx1MDQzYTIiLCJ1c2VyX2lkIjoyLCJleHAiOjE2MzM3NjUwODZ9._2JCIbLuk5WFLfWjiPE8fCFeeM4pOZSwvwjCrbwrx9A
2021-10-09 16:33:12,087:INFO:jwt.jwt
2021-10-09 16:33:12,087:INFO:eyJhbGciOiJIUzI1NiIsInR5cCI6IkpXVCJ9.eyJ1c2VybmFtZSI6Ilx1MDQxYVx1MDQzOFx1MDQzZVx1MDQ0MVx1MDQzYTIiLCJ1c2VyX2lkIjoyLCJleHAiOjE2MzM3Njg2OTJ9.CTUBhacdcWK13wb8GEZ8KnjKViL_0inAlpXajqrwE2o
2021-10-09 17:33:17,821:INFO:jwt
2021-10-09 17:33:17,827:INFO:{'username': u'\u041a\u0438\u043e\u0441\u043a2', 'user_id': 2, 'exp': datetime.datetime(2021, 10, 9, 9, 38, 17, 827400)}
2021-10-09 17:33:17,827:INFO:eyJhbGciOiJIUzI1NiIsInR5cCI6IkpXVCJ9.eyJ1c2VybmFtZSI6Ilx1MDQxYVx1MDQzOFx1MDQzZVx1MDQ0MVx1MDQzYTIiLCJ1c2VyX2lkIjoyLCJleHAiOjE2MzM3NzIyOTd9.wHiXdrppDBPQmclZNSirTnzhcNV-xgkiVvqkf7AaToM
2021-10-09 17:33:17,827:INFO:jwt.jwt
2021-10-09 17:33:17,827:INFO:eyJhbGciOiJIUzI1NiIsInR5cCI6IkpXVCJ9.eyJ1c2VybmFtZSI6Ilx1MDQxYVx1MDQzOFx1MDQzZVx1MDQ0MVx1MDQzYTIiLCJ1c2VyX2lkIjoyLCJleHAiOjE2MzM3Njg2OTJ9.CTUBhacdcWK13wb8GEZ8KnjKViL_0inAlpXajqrwE2o
2021-10-09 17:33:17,829:INFO:jwt.jwt
2021-10-09 17:33:17,829:INFO:eyJhbGciOiJIUzI1NiIsInR5cCI6IkpXVCJ9.eyJ1c2VybmFtZSI6Ilx1MDQxYVx1MDQzOFx1MDQzZVx1MDQ0MVx1MDQzYTIiLCJ1c2VyX2lkIjoyLCJleHAiOjE2MzM3NzIyOTd9.wHiXdrppDBPQmclZNSirTnzhcNV-xgkiVvqkf7AaToM
2021-10-09 18:33:23,273:INFO:jwt
2021-10-09 18:33:23,278:INFO:{'username': u'\u041a\u0438\u043e\u0441\u043a2', 'user_id': 2, 'exp': datetime.datetime(2021, 10, 9, 10, 38, 23, 278890)}
2021-10-09 18:33:23,279:INFO:eyJhbGciOiJIUzI1NiIsInR5cCI6IkpXVCJ9.eyJ1c2VybmFtZSI6Ilx1MDQxYVx1MDQzOFx1MDQzZVx1MDQ0MVx1MDQzYTIiLCJ1c2VyX2lkIjoyLCJleHAiOjE2MzM3NzU5MDN9.LAoP2m4wMqp6ADOrORgNqKwR84X6V3KAYcStJ26JCuM
2021-10-09 18:33:23,279:INFO:jwt.jwt
2021-10-09 18:33:23,279:INFO:eyJhbGciOiJIUzI1NiIsInR5cCI6IkpXVCJ9.eyJ1c2VybmFtZSI6Ilx1MDQxYVx1MDQzOFx1MDQzZVx1MDQ0MVx1MDQzYTIiLCJ1c2VyX2lkIjoyLCJleHAiOjE2MzM3NzIyOTd9.wHiXdrppDBPQmclZNSirTnzhcNV-xgkiVvqkf7AaToM
2021-10-09 18:33:23,280:INFO:jwt.jwt
2021-10-09 18:33:23,280:INFO:eyJhbGciOiJIUzI1NiIsInR5cCI6IkpXVCJ9.eyJ1c2VybmFtZSI6Ilx1MDQxYVx1MDQzOFx1MDQzZVx1MDQ0MVx1MDQzYTIiLCJ1c2VyX2lkIjoyLCJleHAiOjE2MzM3NzU5MDN9.LAoP2m4wMqp6ADOrORgNqKwR84X6V3KAYcStJ26JCuM
2021-10-09 19:46:06,901:INFO:jwt
2021-10-09 19:46:06,907:INFO:{'username': u'\u041a\u0438\u043e\u0441\u043a2', 'user_id': 2, 'exp': datetime.datetime(2021, 10, 9, 11, 51, 6, 907708)}
2021-10-09 19:46:06,908:INFO:eyJhbGciOiJIUzI1NiIsInR5cCI6IkpXVCJ9.eyJ1c2VybmFtZSI6Ilx1MDQxYVx1MDQzOFx1MDQzZVx1MDQ0MVx1MDQzYTIiLCJ1c2VyX2lkIjoyLCJleHAiOjE2MzM3ODAyNjZ9.gTRoAV8L7VUna5ylL_E5RDoADFp5x043KTj5ZR2vNAk
2021-10-09 19:46:06,908:INFO:jwt.jwt
2021-10-09 19:46:06,908:INFO:eyJhbGciOiJIUzI1NiIsInR5cCI6IkpXVCJ9.eyJ1c2VybmFtZSI6Ilx1MDQxYVx1MDQzOFx1MDQzZVx1MDQ0MVx1MDQzYTIiLCJ1c2VyX2lkIjoyLCJleHAiOjE2MzM3NzU5MDN9.LAoP2m4wMqp6ADOrORgNqKwR84X6V3KAYcStJ26JCuM
2021-10-09 19:46:06,909:INFO:jwt.jwt
2021-10-09 19:46:06,909:INFO:eyJhbGciOiJIUzI1NiIsInR5cCI6IkpXVCJ9.eyJ1c2VybmFtZSI6Ilx1MDQxYVx1MDQzOFx1MDQzZVx1MDQ0MVx1MDQzYTIiLCJ1c2VyX2lkIjoyLCJleHAiOjE2MzM3ODAyNjZ9.gTRoAV8L7VUna5ylL_E5RDoADFp5x043KTj5ZR2vNAk
