2021-10-30 08:54:54,406:INFO:jwt
2021-10-30 08:54:54,432:INFO:{'username': u'\u041a\u0438\u043e\u0441\u043a2', 'user_id': 2, 'exp': datetime.datetime(2021, 10, 30, 0, 59, 54, 432060)}
2021-10-30 08:54:54,432:INFO:eyJhbGciOiJIUzI1NiIsInR5cCI6IkpXVCJ9.eyJ1c2VybmFtZSI6Ilx1MDQxYVx1MDQzOFx1MDQzZVx1MDQ0MVx1MDQzYTIiLCJ1c2VyX2lkIjoyLCJleHAiOjE2MzU1NTU1OTR9._LGImTMXUN9pxvH5xDhr0gEV8N2DfaWmazCNBQGStEI
2021-10-30 08:54:54,432:INFO:jwt.jwt
2021-10-30 08:54:54,432:INFO:eyJhbGciOiJIUzI1NiIsInR5cCI6IkpXVCJ9.eyJ1c2VybmFtZSI6Ilx1MDQxYVx1MDQzOFx1MDQzZVx1MDQ0MVx1MDQzYTIiLCJ1c2VyX2lkIjoyLCJleHAiOjE2MzU1MDExMzR9.aRAa_H85AANPECQ_6t-p4oKVqSQwzaf9zQvu6N4x42c
2021-10-30 08:54:54,433:INFO:jwt.jwt
2021-10-30 08:54:54,434:INFO:eyJhbGciOiJIUzI1NiIsInR5cCI6IkpXVCJ9.eyJ1c2VybmFtZSI6Ilx1MDQxYVx1MDQzOFx1MDQzZVx1MDQ0MVx1MDQzYTIiLCJ1c2VyX2lkIjoyLCJleHAiOjE2MzU1NTU1OTR9._LGImTMXUN9pxvH5xDhr0gEV8N2DfaWmazCNBQGStEI
2021-10-30 10:28:07,238:INFO:jwt
2021-10-30 10:28:07,248:INFO:{'username': u'\u041a\u0438\u043e\u0441\u043a2', 'user_id': 2, 'exp': datetime.datetime(2021, 10, 30, 2, 33, 7, 248790)}
2021-10-30 10:28:07,249:INFO:eyJhbGciOiJIUzI1NiIsInR5cCI6IkpXVCJ9.eyJ1c2VybmFtZSI6Ilx1MDQxYVx1MDQzOFx1MDQzZVx1MDQ0MVx1MDQzYTIiLCJ1c2VyX2lkIjoyLCJleHAiOjE2MzU1NjExODd9.dfyz1ECp-34YomUA7F4zzbJ6yS5fE6c3VwIInuwC__s
2021-10-30 10:28:07,249:INFO:jwt.jwt
2021-10-30 10:28:07,249:INFO:eyJhbGciOiJIUzI1NiIsInR5cCI6IkpXVCJ9.eyJ1c2VybmFtZSI6Ilx1MDQxYVx1MDQzOFx1MDQzZVx1MDQ0MVx1MDQzYTIiLCJ1c2VyX2lkIjoyLCJleHAiOjE2MzU1NTU1OTR9._LGImTMXUN9pxvH5xDhr0gEV8N2DfaWmazCNBQGStEI
2021-10-30 10:28:07,250:INFO:jwt.jwt
2021-10-30 10:28:07,250:INFO:eyJhbGciOiJIUzI1NiIsInR5cCI6IkpXVCJ9.eyJ1c2VybmFtZSI6Ilx1MDQxYVx1MDQzOFx1MDQzZVx1MDQ0MVx1MDQzYTIiLCJ1c2VyX2lkIjoyLCJleHAiOjE2MzU1NjExODd9.dfyz1ECp-34YomUA7F4zzbJ6yS5fE6c3VwIInuwC__s
2021-10-30 11:28:12,561:INFO:jwt
2021-10-30 11:28:12,567:INFO:{'username': u'\u041a\u0438\u043e\u0441\u043a2', 'user_id': 2, 'exp': datetime.datetime(2021, 10, 30, 3, 33, 12, 567224)}
2021-10-30 11:28:12,567:INFO:eyJhbGciOiJIUzI1NiIsInR5cCI6IkpXVCJ9.eyJ1c2VybmFtZSI6Ilx1MDQxYVx1MDQzOFx1MDQzZVx1MDQ0MVx1MDQzYTIiLCJ1c2VyX2lkIjoyLCJleHAiOjE2MzU1NjQ3OTJ9.NIAXx3XNBPC-4u6HtfYEhjwZ03V6-_gASmv39ynVti4
2021-10-30 11:28:12,567:INFO:jwt.jwt
2021-10-30 11:28:12,567:INFO:eyJhbGciOiJIUzI1NiIsInR5cCI6IkpXVCJ9.eyJ1c2VybmFtZSI6Ilx1MDQxYVx1MDQzOFx1MDQzZVx1MDQ0MVx1MDQzYTIiLCJ1c2VyX2lkIjoyLCJleHAiOjE2MzU1NjExODd9.dfyz1ECp-34YomUA7F4zzbJ6yS5fE6c3VwIInuwC__s
2021-10-30 11:28:12,568:INFO:jwt.jwt
2021-10-30 11:28:12,568:INFO:eyJhbGciOiJIUzI1NiIsInR5cCI6IkpXVCJ9.eyJ1c2VybmFtZSI6Ilx1MDQxYVx1MDQzOFx1MDQzZVx1MDQ0MVx1MDQzYTIiLCJ1c2VyX2lkIjoyLCJleHAiOjE2MzU1NjQ3OTJ9.NIAXx3XNBPC-4u6HtfYEhjwZ03V6-_gASmv39ynVti4
2021-10-30 12:28:18,130:INFO:jwt
2021-10-30 12:28:18,137:INFO:{'username': u'\u041a\u0438\u043e\u0441\u043a2', 'user_id': 2, 'exp': datetime.datetime(2021, 10, 30, 4, 33, 18, 137196)}
2021-10-30 12:28:18,137:INFO:eyJhbGciOiJIUzI1NiIsInR5cCI6IkpXVCJ9.eyJ1c2VybmFtZSI6Ilx1MDQxYVx1MDQzOFx1MDQzZVx1MDQ0MVx1MDQzYTIiLCJ1c2VyX2lkIjoyLCJleHAiOjE2MzU1NjgzOTh9.bRJTWOwTDeZXt07LNMdG4j2XgXz3yDLcDJevcWbpiII
2021-10-30 12:28:18,137:INFO:jwt.jwt
2021-10-30 12:28:18,137:INFO:eyJhbGciOiJIUzI1NiIsInR5cCI6IkpXVCJ9.eyJ1c2VybmFtZSI6Ilx1MDQxYVx1MDQzOFx1MDQzZVx1MDQ0MVx1MDQzYTIiLCJ1c2VyX2lkIjoyLCJleHAiOjE2MzU1NjQ3OTJ9.NIAXx3XNBPC-4u6HtfYEhjwZ03V6-_gASmv39ynVti4
2021-10-30 12:28:18,138:INFO:jwt.jwt
2021-10-30 12:28:18,139:INFO:eyJhbGciOiJIUzI1NiIsInR5cCI6IkpXVCJ9.eyJ1c2VybmFtZSI6Ilx1MDQxYVx1MDQzOFx1MDQzZVx1MDQ0MVx1MDQzYTIiLCJ1c2VyX2lkIjoyLCJleHAiOjE2MzU1NjgzOTh9.bRJTWOwTDeZXt07LNMdG4j2XgXz3yDLcDJevcWbpiII
2021-10-30 13:28:23,774:INFO:jwt
2021-10-30 13:28:23,780:INFO:{'username': u'\u041a\u0438\u043e\u0441\u043a2', 'user_id': 2, 'exp': datetime.datetime(2021, 10, 30, 5, 33, 23, 780574)}
2021-10-30 13:28:23,780:INFO:eyJhbGciOiJIUzI1NiIsInR5cCI6IkpXVCJ9.eyJ1c2VybmFtZSI6Ilx1MDQxYVx1MDQzOFx1MDQzZVx1MDQ0MVx1MDQzYTIiLCJ1c2VyX2lkIjoyLCJleHAiOjE2MzU1NzIwMDN9.ggEVhGmRFT1UVoeHv-ItU2_cjfjgVoeeBqsq76AenLY
2021-10-30 13:28:23,780:INFO:jwt.jwt
2021-10-30 13:28:23,781:INFO:eyJhbGciOiJIUzI1NiIsInR5cCI6IkpXVCJ9.eyJ1c2VybmFtZSI6Ilx1MDQxYVx1MDQzOFx1MDQzZVx1MDQ0MVx1MDQzYTIiLCJ1c2VyX2lkIjoyLCJleHAiOjE2MzU1NjgzOTh9.bRJTWOwTDeZXt07LNMdG4j2XgXz3yDLcDJevcWbpiII
2021-10-30 13:28:23,782:INFO:jwt.jwt
2021-10-30 13:28:23,782:INFO:eyJhbGciOiJIUzI1NiIsInR5cCI6IkpXVCJ9.eyJ1c2VybmFtZSI6Ilx1MDQxYVx1MDQzOFx1MDQzZVx1MDQ0MVx1MDQzYTIiLCJ1c2VyX2lkIjoyLCJleHAiOjE2MzU1NzIwMDN9.ggEVhGmRFT1UVoeHv-ItU2_cjfjgVoeeBqsq76AenLY
2021-10-30 14:28:29,136:INFO:jwt
2021-10-30 14:28:29,142:INFO:{'username': u'\u041a\u0438\u043e\u0441\u043a2', 'user_id': 2, 'exp': datetime.datetime(2021, 10, 30, 6, 33, 29, 142788)}
2021-10-30 14:28:29,143:INFO:eyJhbGciOiJIUzI1NiIsInR5cCI6IkpXVCJ9.eyJ1c2VybmFtZSI6Ilx1MDQxYVx1MDQzOFx1MDQzZVx1MDQ0MVx1MDQzYTIiLCJ1c2VyX2lkIjoyLCJleHAiOjE2MzU1NzU2MDl9.ktASpSrzhNA9J0XNyIqVH6B5rmUB6ufMJ8pEHCzUQF4
2021-10-30 14:28:29,143:INFO:jwt.jwt
2021-10-30 14:28:29,143:INFO:eyJhbGciOiJIUzI1NiIsInR5cCI6IkpXVCJ9.eyJ1c2VybmFtZSI6Ilx1MDQxYVx1MDQzOFx1MDQzZVx1MDQ0MVx1MDQzYTIiLCJ1c2VyX2lkIjoyLCJleHAiOjE2MzU1NzIwMDN9.ggEVhGmRFT1UVoeHv-ItU2_cjfjgVoeeBqsq76AenLY
2021-10-30 14:28:29,144:INFO:jwt.jwt
2021-10-30 14:28:29,144:INFO:eyJhbGciOiJIUzI1NiIsInR5cCI6IkpXVCJ9.eyJ1c2VybmFtZSI6Ilx1MDQxYVx1MDQzOFx1MDQzZVx1MDQ0MVx1MDQzYTIiLCJ1c2VyX2lkIjoyLCJleHAiOjE2MzU1NzU2MDl9.ktASpSrzhNA9J0XNyIqVH6B5rmUB6ufMJ8pEHCzUQF4
2021-10-30 15:28:34,795:INFO:jwt
2021-10-30 15:28:34,801:INFO:{'username': u'\u041a\u0438\u043e\u0441\u043a2', 'user_id': 2, 'exp': datetime.datetime(2021, 10, 30, 7, 33, 34, 801473)}
2021-10-30 15:28:34,801:INFO:eyJhbGciOiJIUzI1NiIsInR5cCI6IkpXVCJ9.eyJ1c2VybmFtZSI6Ilx1MDQxYVx1MDQzOFx1MDQzZVx1MDQ0MVx1MDQzYTIiLCJ1c2VyX2lkIjoyLCJleHAiOjE2MzU1NzkyMTR9.VTG-ZoDo2hatbaC6gOlXW7s6qc45HUidTUnQ7Jh_TQI
2021-10-30 15:28:34,801:INFO:jwt.jwt
2021-10-30 15:28:34,801:INFO:eyJhbGciOiJIUzI1NiIsInR5cCI6IkpXVCJ9.eyJ1c2VybmFtZSI6Ilx1MDQxYVx1MDQzOFx1MDQzZVx1MDQ0MVx1MDQzYTIiLCJ1c2VyX2lkIjoyLCJleHAiOjE2MzU1NzU2MDl9.ktASpSrzhNA9J0XNyIqVH6B5rmUB6ufMJ8pEHCzUQF4
2021-10-30 15:28:34,803:INFO:jwt.jwt
2021-10-30 15:28:34,803:INFO:eyJhbGciOiJIUzI1NiIsInR5cCI6IkpXVCJ9.eyJ1c2VybmFtZSI6Ilx1MDQxYVx1MDQzOFx1MDQzZVx1MDQ0MVx1MDQzYTIiLCJ1c2VyX2lkIjoyLCJleHAiOjE2MzU1NzkyMTR9.VTG-ZoDo2hatbaC6gOlXW7s6qc45HUidTUnQ7Jh_TQI
2021-10-30 16:13:48,791:INFO:searchNumber
2021-10-30 16:13:49,830:INFO:98982571:6|98982657:6|98982752:6|98982912:6|98982947:6|98982951:6|98983158:6|98983248:6|98983267:6|98983271:6|98983412:6|98983417:6|98983437:6|98983452:6|98983487:6|98983587:6|98983652:6|98983692:6|98983715:6|98983724:6|98983758:6|98983759:6|98983762:6|98983782:6|98983826:6|98983904:6|98983912:6|98983917:6|98983952:6|98983957:6|98983975:6|98984076:6|98984167:6|98984184:6|98984186:6|98984237:6|98984251:6|98984267:6|98984271:6|98984287:6|98984294:6|98984310:6|98984312:6|98984341:6|98984351:6|98984357:6|98984362:6|98984381:6|98984387:6|98984388:6|98984396:6|98984437:6|98984462:6|98984495:6|98984516:6|98984531:6|98984573:6|98984576:6|98984718:6|98984724:6|98984729:6|98984783:6|98984796:6|98984814:6|98984817:6|98984864:6|98984903:6|98984926:6|98984931:6|98984947:6|98984951:6|98984958:6|98984965:6|98984974:6|98984985:6|98984987:6|98985014:6|98985083:6|98985137:6|98985142:6|98985149:6|98985219:6|98985224:6|98985237:6|98985263:6|98985273:6|98985309:6|98985379:6|98985416:6|98985612:6|98985614:6|98985624:6|98985643:6|98985647:6|98985663:6|98985712:6|98985720:6|98985724:6|98985728:6|98985731:6
2021-10-30 16:13:49,939:INFO:[{'prefix': '98982571'}, {'prefix': '98982657'}, {'prefix': '98982752'}, {'prefix': '98982912'}, {'prefix': '98982947'}, {'prefix': '98982951'}, {'prefix': '98983158'}, {'prefix': '98983248'}, {'prefix': '98983267'}, {'prefix': '98983271'}, {'prefix': '98983412'}, {'prefix': '98983417'}, {'prefix': '98983437'}, {'prefix': '98983452'}, {'prefix': '98983487'}, {'prefix': '98983587'}, {'prefix': '98983652'}, {'prefix': '98983692'}, {'prefix': '98983715'}, {'prefix': '98983724'}, {'prefix': '98983758'}, {'prefix': '98983759'}, {'prefix': '98983762'}, {'prefix': '98983782'}, {'prefix': '98983826'}, {'prefix': '98983904'}, {'prefix': '98983912'}, {'prefix': '98983917'}, {'prefix': '98983952'}, {'prefix': '98983957'}, {'prefix': '98983975'}, {'prefix': '98984076'}, {'prefix': '98984167'}, {'prefix': '98984184'}, {'prefix': '98984186'}, {'prefix': '98984237'}, {'prefix': '98984251'}, {'prefix': '98984267'}, {'prefix': '98984271'}, {'prefix': '98984287'}, {'prefix': '98984294'}, {'prefix': '98984310'}, {'prefix': '98984312'}, {'prefix': '98984341'}, {'prefix': '98984351'}, {'prefix': '98984357'}, {'prefix': '98984362'}, {'prefix': '98984381'}, {'prefix': '98984387'}, {'prefix': '98984388'}, {'prefix': '98984396'}, {'prefix': '98984437'}, {'prefix': '98984462'}, {'prefix': '98984495'}, {'prefix': '98984516'}, {'prefix': '98984531'}, {'prefix': '98984573'}, {'prefix': '98984576'}, {'prefix': '98984718'}, {'prefix': '98984724'}, {'prefix': '98984729'}, {'prefix': '98984783'}, {'prefix': '98984796'}, {'prefix': '98984814'}, {'prefix': '98984817'}, {'prefix': '98984864'}, {'prefix': '98984903'}, {'prefix': '98984926'}, {'prefix': '98984931'}, {'prefix': '98984947'}, {'prefix': '98984951'}, {'prefix': '98984958'}, {'prefix': '98984965'}, {'prefix': '98984974'}, {'prefix': '98984985'}, {'prefix': '98984987'}, {'prefix': '98985014'}, {'prefix': '98985083'}, {'prefix': '98985137'}, {'prefix': '98985142'}, {'prefix': '98985149'}, {'prefix': '98985219'}, {'prefix': '98985224'}, {'prefix': '98985237'}, {'prefix': '98985263'}, {'prefix': '98985273'}, {'prefix': '98985309'}, {'prefix': '98985379'}, {'prefix': '98985416'}, {'prefix': '98985612'}, {'prefix': '98985614'}, {'prefix': '98985624'}, {'prefix': '98985643'}, {'prefix': '98985647'}, {'prefix': '98985663'}, {'prefix': '98985712'}, {'prefix': '98985720'}, {'prefix': '98985724'}, {'prefix': '98985728'}, {'prefix': '98985731'}]
2021-10-30 16:14:30,485:INFO:searchNumber
2021-10-30 16:14:31,298:INFO:98989046:6|98989054:6|98989064:6|98989071:6|98989074:6|98989104:6|98989105:6|98989117:6|98989127:6|98989135:6|98989153:6|98989174:6|98989206:6|98989220:6|98989224:6|98989248:6|98989258:6|98989284:6|98989342:6|98989357:6|98989362:6|98989367:6|98989369:6|98989371:6|98989372:6|98989379:6|98989402:6|98989405:6|98989425:6|98989433:6|98989436:6|98989438:6|98989456:6|98989463:6|98989471:6|98989472:6|98989482:6|98989487:6|98989501:6|98989503:6|98989517:6|98989532:6|98989536:6|98989537:6|98989543:6|98989561:6|98989627:6|98989651:6|98989654:6|98989724:6|98989728:6|98989732:6|98989741:6|98989743:6|98989752:6|98989754:6|98989772:6|98989773:6
2021-10-30 16:14:31,362:INFO:[{'prefix': '98989046'}, {'prefix': '98989054'}, {'prefix': '98989064'}, {'prefix': '98989071'}, {'prefix': '98989074'}, {'prefix': '98989104'}, {'prefix': '98989105'}, {'prefix': '98989117'}, {'prefix': '98989127'}, {'prefix': '98989135'}, {'prefix': '98989153'}, {'prefix': '98989174'}, {'prefix': '98989206'}, {'prefix': '98989220'}, {'prefix': '98989224'}, {'prefix': '98989248'}, {'prefix': '98989258'}, {'prefix': '98989284'}, {'prefix': '98989342'}, {'prefix': '98989357'}, {'prefix': '98989362'}, {'prefix': '98989367'}, {'prefix': '98989369'}, {'prefix': '98989371'}, {'prefix': '98989372'}, {'prefix': '98989379'}, {'prefix': '98989402'}, {'prefix': '98989405'}, {'prefix': '98989425'}, {'prefix': '98989433'}, {'prefix': '98989436'}, {'prefix': '98989438'}, {'prefix': '98989456'}, {'prefix': '98989463'}, {'prefix': '98989471'}, {'prefix': '98989472'}, {'prefix': '98989482'}, {'prefix': '98989487'}, {'prefix': '98989501'}, {'prefix': '98989503'}, {'prefix': '98989517'}, {'prefix': '98989532'}, {'prefix': '98989536'}, {'prefix': '98989537'}, {'prefix': '98989543'}, {'prefix': '98989561'}, {'prefix': '98989627'}, {'prefix': '98989651'}, {'prefix': '98989654'}, {'prefix': '98989724'}, {'prefix': '98989728'}, {'prefix': '98989732'}, {'prefix': '98989741'}, {'prefix': '98989743'}, {'prefix': '98989752'}, {'prefix': '98989754'}, {'prefix': '98989772'}, {'prefix': '98989773'}]
2021-10-30 16:14:37,207:INFO:searchNumber
2021-10-30 16:14:38,017:INFO:-1
2021-10-30 16:14:38,018:INFO:[]
2021-10-30 16:14:39,356:INFO:searchNumber
2021-10-30 16:14:40,153:INFO:-1
2021-10-30 16:14:40,153:INFO:[]
2021-10-30 17:31:36,772:INFO:jwt
2021-10-30 17:31:36,778:INFO:{'username': u'\u041a\u0438\u043e\u0441\u043a2', 'user_id': 2, 'exp': datetime.datetime(2021, 10, 30, 9, 36, 36, 778407)}
2021-10-30 17:31:36,778:INFO:eyJhbGciOiJIUzI1NiIsInR5cCI6IkpXVCJ9.eyJ1c2VybmFtZSI6Ilx1MDQxYVx1MDQzOFx1MDQzZVx1MDQ0MVx1MDQzYTIiLCJ1c2VyX2lkIjoyLCJleHAiOjE2MzU1ODY1OTZ9.kdDYYxREMhcP8FYo8MfZmwtRfuzhc_qvY5mz6lGY3Uc
2021-10-30 17:31:36,778:INFO:jwt.jwt
2021-10-30 17:31:36,779:INFO:eyJhbGciOiJIUzI1NiIsInR5cCI6IkpXVCJ9.eyJ1c2VybmFtZSI6Ilx1MDQxYVx1MDQzOFx1MDQzZVx1MDQ0MVx1MDQzYTIiLCJ1c2VyX2lkIjoyLCJleHAiOjE2MzU1NzkyMTR9.VTG-ZoDo2hatbaC6gOlXW7s6qc45HUidTUnQ7Jh_TQI
2021-10-30 17:31:36,780:INFO:jwt.jwt
2021-10-30 17:31:36,780:INFO:eyJhbGciOiJIUzI1NiIsInR5cCI6IkpXVCJ9.eyJ1c2VybmFtZSI6Ilx1MDQxYVx1MDQzOFx1MDQzZVx1MDQ0MVx1MDQzYTIiLCJ1c2VyX2lkIjoyLCJleHAiOjE2MzU1ODY1OTZ9.kdDYYxREMhcP8FYo8MfZmwtRfuzhc_qvY5mz6lGY3Uc
2021-10-30 18:31:42,261:INFO:jwt
2021-10-30 18:31:42,268:INFO:{'username': u'\u041a\u0438\u043e\u0441\u043a2', 'user_id': 2, 'exp': datetime.datetime(2021, 10, 30, 10, 36, 42, 268467)}
2021-10-30 18:31:42,268:INFO:eyJhbGciOiJIUzI1NiIsInR5cCI6IkpXVCJ9.eyJ1c2VybmFtZSI6Ilx1MDQxYVx1MDQzOFx1MDQzZVx1MDQ0MVx1MDQzYTIiLCJ1c2VyX2lkIjoyLCJleHAiOjE2MzU1OTAyMDJ9.VOwBllKL-_H0nAB9pii8KVwXYFvwArXn0NUmlJhlAw4
2021-10-30 18:31:42,268:INFO:jwt.jwt
2021-10-30 18:31:42,268:INFO:eyJhbGciOiJIUzI1NiIsInR5cCI6IkpXVCJ9.eyJ1c2VybmFtZSI6Ilx1MDQxYVx1MDQzOFx1MDQzZVx1MDQ0MVx1MDQzYTIiLCJ1c2VyX2lkIjoyLCJleHAiOjE2MzU1ODY1OTZ9.kdDYYxREMhcP8FYo8MfZmwtRfuzhc_qvY5mz6lGY3Uc
2021-10-30 18:31:42,270:INFO:jwt.jwt
2021-10-30 18:31:42,270:INFO:eyJhbGciOiJIUzI1NiIsInR5cCI6IkpXVCJ9.eyJ1c2VybmFtZSI6Ilx1MDQxYVx1MDQzOFx1MDQzZVx1MDQ0MVx1MDQzYTIiLCJ1c2VyX2lkIjoyLCJleHAiOjE2MzU1OTAyMDJ9.VOwBllKL-_H0nAB9pii8KVwXYFvwArXn0NUmlJhlAw4
2021-10-30 19:31:47,745:INFO:jwt
2021-10-30 19:31:47,751:INFO:{'username': u'\u041a\u0438\u043e\u0441\u043a2', 'user_id': 2, 'exp': datetime.datetime(2021, 10, 30, 11, 36, 47, 751262)}
2021-10-30 19:31:47,751:INFO:eyJhbGciOiJIUzI1NiIsInR5cCI6IkpXVCJ9.eyJ1c2VybmFtZSI6Ilx1MDQxYVx1MDQzOFx1MDQzZVx1MDQ0MVx1MDQzYTIiLCJ1c2VyX2lkIjoyLCJleHAiOjE2MzU1OTM4MDd9.2-ZR4XfHCRgxoOKJVEKJlZI_unvJigJWYFbpUna6Gzw
2021-10-30 19:31:47,751:INFO:jwt.jwt
2021-10-30 19:31:47,751:INFO:eyJhbGciOiJIUzI1NiIsInR5cCI6IkpXVCJ9.eyJ1c2VybmFtZSI6Ilx1MDQxYVx1MDQzOFx1MDQzZVx1MDQ0MVx1MDQzYTIiLCJ1c2VyX2lkIjoyLCJleHAiOjE2MzU1OTAyMDJ9.VOwBllKL-_H0nAB9pii8KVwXYFvwArXn0NUmlJhlAw4
2021-10-30 19:31:47,752:INFO:jwt.jwt
2021-10-30 19:31:47,752:INFO:eyJhbGciOiJIUzI1NiIsInR5cCI6IkpXVCJ9.eyJ1c2VybmFtZSI6Ilx1MDQxYVx1MDQzOFx1MDQzZVx1MDQ0MVx1MDQzYTIiLCJ1c2VyX2lkIjoyLCJleHAiOjE2MzU1OTM4MDd9.2-ZR4XfHCRgxoOKJVEKJlZI_unvJigJWYFbpUna6Gzw
