2022-01-06 12:05:53,988:INFO:jwt
2022-01-06 12:05:54,032:INFO:{'username': u'\u041a\u0438\u043e\u0441\u043a2', 'user_id': 2, 'exp': datetime.datetime(2022, 1, 6, 4, 10, 54, 32801)}
2022-01-06 12:05:54,033:INFO:eyJhbGciOiJIUzI1NiIsInR5cCI6IkpXVCJ9.eyJ1c2VybmFtZSI6Ilx1MDQxYVx1MDQzOFx1MDQzZVx1MDQ0MVx1MDQzYTIiLCJ1c2VyX2lkIjoyLCJleHAiOjE2NDE0NDIyNTR9.1zSU5yxV9pou5N6I5ihFBK2dagyOY0uNYyXizQBqtcA
2022-01-06 12:05:57,336:INFO:ads
2022-01-06 12:57:43,301:INFO:ads
2022-01-06 12:58:08,048:INFO:checkNumber
2022-01-06 12:58:08,054:INFO:2
2022-01-06 12:58:08,055:INFO:bankConnection
2022-01-06 12:58:08,055:INFO:2
2022-01-06 12:58:08,055:INFO:{'phone_number': u'93290227', 'amount': '', 'serviceName': 'Kiosk', 'trans_id': u'', 'cashOrCard': u'', 'card': u''}
2022-01-06 12:58:08,171:DEBUG:Starting new HTTPS connection (1): banksystem.gmobile.mn:443
2022-01-06 12:58:08,629:DEBUG:https://banksystem.gmobile.mn:443 "POST /service.php/api_services/kiosk/socialPay/checkNumber/response HTTP/1.1" 200 3512
2022-01-06 12:58:08,635:INFO:{u'status': 0, u'errors': u'', u'data': [{u'price': u'1000', u'profile_code': u'DAT-1000', u'name': u'\u0425\u044f\u0437\u0433\u0430\u0430\u0440\u0433\u04af\u0439 \xa01 \u0445\u043e\u043d\u043e\u0433\u0442\u043e\u0439 \xa0\u0434\u0430\u0442\u0430 \u043a\u0430\u0440\u0442 '}, {u'price': u'3000', u'profile_code': u'UNDAT-3000', u'name': u'\u0425\u044f\u0437\u0433\u0430\u0430\u0440\u0433\u04af\u0439  3 \u0445\u043e\u043d\u043e\u0433\u0442\u043e\u0439 \u0434\u0430\u0442\u0430 \u043a\u0430\u0440\u0442'}, {u'price': u'7000', u'profile_code': u'UNDAT-7000', u'name': u'\u0425\u044f\u0437\u0433\u0430\u0430\u0440\u0433\u04af\u0439  7 \u0445\u043e\u043d\u043e\u0433\u0442\u043e\u0439 \u0434\u0430\u0442\u0430 \u043a\u0430\u0440\u0442'}, {u'price': u'13000', u'profile_code': u'UNDAT-13000', u'name': u'\u0425\u044f\u0437\u0433\u0430\u0430\u0440\u0433\u04af\u0439  14 \u0445\u043e\u043d\u043e\u0433\u0442\u043e\u0439 \u0434\u0430\u0442\u0430 \u043a\u0430\u0440\u0442'}, {u'price': u'25000', u'profile_code': u'DAT-25000', u'name': u'\u0425\u044f\u0437\u0433\u0430\u0430\u0440\u0433\u04af\u0439  30 \u0445\u043e\u043d\u043e\u0433\u0442\u043e\u0439 \xa0\u0434\u0430\u0442\u0430 \u043a\u0430\u0440\u0442'}, {u'price': u'75000', u'profile_code': u'UNDAT-75000', u'name': u'\u0425\u044f\u0437\u0433\u0430\u0430\u0440\u0433\u04af\u0439  90 \u0445\u043e\u043d\u043e\u0433\u0442\u043e\u0439 \u0434\u0430\u0442\u0430 \u043a\u0430\u0440\u0442'}, {u'price': u'240000', u'profile_code': u'DAT-240000', u'name': u'\u0425\u044f\u0437\u0433\u0430\u0430\u0440\u0433\u04af\u0439  365 \u0445\u043e\u043d\u043e\u0433\u0442\u043e\u0439 \xa0\u0434\u0430\u0442\u0430 \u043a\u0430\u0440\u0442'}, {u'price': u'1000', u'profile_code': u'DAT-100', u'name': u'100mb 3 x\u043e\u043d\u043e\u0433\u0442\u043e\u0439 \u0434\u0430\u0442\u0430 \u043a\u0430\u0440\u0442'}, {u'price': u'4000', u'profile_code': u'DAT-500', u'name': u'500mb 8 \u0445\u043e\u043d\u043e\u0433\u0442\u043e\u0439 \xa0\u0434\u0430\u0442\u0430 \u043a\u0430\u0440\u0442'}, {u'price': u'7000', u'profile_code': u'DAT-7000', u'name': u'1GB  30 \u0445\u043e\u043d\u043e\u0433\u0442\u043e\u0439 \u0434\u0430\u0442\u0430 \u043a\u0430\u0440\u0442'}, {u'price': u'12000', u'profile_code': u'DAT-3000', u'name': u'3GB  30 \u0445\u043e\u043d\u043e\u0433\u0442\u043e\u0439 \u0434\u0430\u0442\u0430 \u043a\u0430\u0440\u0442'}, {u'price': u'20000', u'profile_code': u'DAT-8000', u'name': u'8GB  30 \u0445\u043e\u043d\u043e\u0433\u0442\u043e\u0439 \u0434\u0430\u0442\u0430 \u043a\u0430\u0440\u0442'}, {u'price': u'30000', u'profile_code': u'DAT60-20000', u'name': u'20GB  60 \u0445\u043e\u043d\u043e\u0433\u0442\u043e\u0439 \u0434\u0430\u0442\u0430 \u043a\u0430\u0440\u0442'}, {u'price': u'240000', u'profile_code': u'DAT-120000', u'name': u'240gb 365 \u0445\u043e\u043d\u043e\u0433\u0442\u043e\u0439 \xa0\u0434\u0430\u0442\u0430 \u043a\u0430\u0440\u0442 '}], u'action': u'check_index', u'type': u'WCDMA', u'unit': [{u'price': u'1000', u'profile_code': u'H-1000', u'name': u'1000 \u043d\u044d\u0433\u0436\u0438\u0439\u043d \u043a\u0430\u0440\u0442'}, {u'price': u'2000', u'profile_code': u'H-2000', u'name': u'2000 \u043d\u044d\u0433\u0436\u0438\u0439\u043d \u043a\u0430\u0440\u0442'}, {u'price': u'5000', u'profile_code': u'H-5000', u'name': u'5000 \u043d\u044d\u0433\u0436\u0438\u0439\u043d \u043a\u0430\u0440\u0442'}, {u'price': u'7000', u'profile_code': u'H-7000', u'name': u'7000 \u043d\u044d\u0433\u0436\u0438\u0439\u043d \u043a\u0430\u0440\u0442'}, {u'price': u'10000', u'profile_code': u'H-10000', u'name': u'10000 \u043d\u044d\u0433\u0436\u0438\u0439\u043d \u043a\u0430\u0440\u0442'}, {u'price': u'30000', u'profile_code': u'H-30000', u'name': u'30000 \u043d\u044d\u0433\u0436\u0438\u0439\u043d \u043a\u0430\u0440\u0442 '}, {u'price': u'11000', u'profile_code': u'H-11000', u'name': u'30/30 30 \u0445\u043e\u043d\u043e\u0433, 11000 \u043d\u044d\u0433\u0436'}, {u'price': u'15000', u'profile_code': u'H-15000', u'name': u'0/50  30 \u0445\u043e\u043d\u043e\u0433, 1GB \u0434\u0430\u0442\u0430, 5000 \u043d\u044d\u0433\u0436'}, {u'price': u'20000', u'profile_code': u'H-20000', u'name': u'0/30 30 \u0445\u043e\u043d\u043e\u0433, 5000 \u043d\u044d\u0433\u0436'}, {u'price': u'60000', u'profile_code': u'H-60000', u'name': u'0/50 180 \u0445\u043e\u043d\u043e\u0433, 12000 \u043d\u044d\u0433\u0436'}]}
2022-01-06 12:58:08,635:INFO:post
2022-01-06 12:58:12,561:INFO:checkNumber
2022-01-06 12:58:12,567:INFO:2
2022-01-06 12:58:12,567:INFO:bankConnection
2022-01-06 12:58:12,567:INFO:2
2022-01-06 12:58:12,568:INFO:{'phone_number': u'93290227', 'amount': '', 'serviceName': 'Kiosk', 'trans_id': u'', 'cashOrCard': u'', 'card': u''}
2022-01-06 12:58:12,571:DEBUG:Starting new HTTPS connection (1): banksystem.gmobile.mn:443
2022-01-06 12:58:12,829:DEBUG:https://banksystem.gmobile.mn:443 "POST /service.php/api_services/kiosk/socialPay/checkNumber/response HTTP/1.1" 200 3512
2022-01-06 12:58:12,834:INFO:{u'status': 0, u'errors': u'', u'data': [{u'price': u'1000', u'profile_code': u'DAT-1000', u'name': u'\u0425\u044f\u0437\u0433\u0430\u0430\u0440\u0433\u04af\u0439 \xa01 \u0445\u043e\u043d\u043e\u0433\u0442\u043e\u0439 \xa0\u0434\u0430\u0442\u0430 \u043a\u0430\u0440\u0442 '}, {u'price': u'3000', u'profile_code': u'UNDAT-3000', u'name': u'\u0425\u044f\u0437\u0433\u0430\u0430\u0440\u0433\u04af\u0439  3 \u0445\u043e\u043d\u043e\u0433\u0442\u043e\u0439 \u0434\u0430\u0442\u0430 \u043a\u0430\u0440\u0442'}, {u'price': u'7000', u'profile_code': u'UNDAT-7000', u'name': u'\u0425\u044f\u0437\u0433\u0430\u0430\u0440\u0433\u04af\u0439  7 \u0445\u043e\u043d\u043e\u0433\u0442\u043e\u0439 \u0434\u0430\u0442\u0430 \u043a\u0430\u0440\u0442'}, {u'price': u'13000', u'profile_code': u'UNDAT-13000', u'name': u'\u0425\u044f\u0437\u0433\u0430\u0430\u0440\u0433\u04af\u0439  14 \u0445\u043e\u043d\u043e\u0433\u0442\u043e\u0439 \u0434\u0430\u0442\u0430 \u043a\u0430\u0440\u0442'}, {u'price': u'25000', u'profile_code': u'DAT-25000', u'name': u'\u0425\u044f\u0437\u0433\u0430\u0430\u0440\u0433\u04af\u0439  30 \u0445\u043e\u043d\u043e\u0433\u0442\u043e\u0439 \xa0\u0434\u0430\u0442\u0430 \u043a\u0430\u0440\u0442'}, {u'price': u'75000', u'profile_code': u'UNDAT-75000', u'name': u'\u0425\u044f\u0437\u0433\u0430\u0430\u0440\u0433\u04af\u0439  90 \u0445\u043e\u043d\u043e\u0433\u0442\u043e\u0439 \u0434\u0430\u0442\u0430 \u043a\u0430\u0440\u0442'}, {u'price': u'240000', u'profile_code': u'DAT-240000', u'name': u'\u0425\u044f\u0437\u0433\u0430\u0430\u0440\u0433\u04af\u0439  365 \u0445\u043e\u043d\u043e\u0433\u0442\u043e\u0439 \xa0\u0434\u0430\u0442\u0430 \u043a\u0430\u0440\u0442'}, {u'price': u'1000', u'profile_code': u'DAT-100', u'name': u'100mb 3 x\u043e\u043d\u043e\u0433\u0442\u043e\u0439 \u0434\u0430\u0442\u0430 \u043a\u0430\u0440\u0442'}, {u'price': u'4000', u'profile_code': u'DAT-500', u'name': u'500mb 8 \u0445\u043e\u043d\u043e\u0433\u0442\u043e\u0439 \xa0\u0434\u0430\u0442\u0430 \u043a\u0430\u0440\u0442'}, {u'price': u'7000', u'profile_code': u'DAT-7000', u'name': u'1GB  30 \u0445\u043e\u043d\u043e\u0433\u0442\u043e\u0439 \u0434\u0430\u0442\u0430 \u043a\u0430\u0440\u0442'}, {u'price': u'12000', u'profile_code': u'DAT-3000', u'name': u'3GB  30 \u0445\u043e\u043d\u043e\u0433\u0442\u043e\u0439 \u0434\u0430\u0442\u0430 \u043a\u0430\u0440\u0442'}, {u'price': u'20000', u'profile_code': u'DAT-8000', u'name': u'8GB  30 \u0445\u043e\u043d\u043e\u0433\u0442\u043e\u0439 \u0434\u0430\u0442\u0430 \u043a\u0430\u0440\u0442'}, {u'price': u'30000', u'profile_code': u'DAT60-20000', u'name': u'20GB  60 \u0445\u043e\u043d\u043e\u0433\u0442\u043e\u0439 \u0434\u0430\u0442\u0430 \u043a\u0430\u0440\u0442'}, {u'price': u'240000', u'profile_code': u'DAT-120000', u'name': u'240gb 365 \u0445\u043e\u043d\u043e\u0433\u0442\u043e\u0439 \xa0\u0434\u0430\u0442\u0430 \u043a\u0430\u0440\u0442 '}], u'action': u'check_index', u'type': u'WCDMA', u'unit': [{u'price': u'1000', u'profile_code': u'H-1000', u'name': u'1000 \u043d\u044d\u0433\u0436\u0438\u0439\u043d \u043a\u0430\u0440\u0442'}, {u'price': u'2000', u'profile_code': u'H-2000', u'name': u'2000 \u043d\u044d\u0433\u0436\u0438\u0439\u043d \u043a\u0430\u0440\u0442'}, {u'price': u'5000', u'profile_code': u'H-5000', u'name': u'5000 \u043d\u044d\u0433\u0436\u0438\u0439\u043d \u043a\u0430\u0440\u0442'}, {u'price': u'7000', u'profile_code': u'H-7000', u'name': u'7000 \u043d\u044d\u0433\u0436\u0438\u0439\u043d \u043a\u0430\u0440\u0442'}, {u'price': u'10000', u'profile_code': u'H-10000', u'name': u'10000 \u043d\u044d\u0433\u0436\u0438\u0439\u043d \u043a\u0430\u0440\u0442'}, {u'price': u'30000', u'profile_code': u'H-30000', u'name': u'30000 \u043d\u044d\u0433\u0436\u0438\u0439\u043d \u043a\u0430\u0440\u0442 '}, {u'price': u'11000', u'profile_code': u'H-11000', u'name': u'30/30 30 \u0445\u043e\u043d\u043e\u0433, 11000 \u043d\u044d\u0433\u0436'}, {u'price': u'15000', u'profile_code': u'H-15000', u'name': u'0/50  30 \u0445\u043e\u043d\u043e\u0433, 1GB \u0434\u0430\u0442\u0430, 5000 \u043d\u044d\u0433\u0436'}, {u'price': u'20000', u'profile_code': u'H-20000', u'name': u'0/30 30 \u0445\u043e\u043d\u043e\u0433, 5000 \u043d\u044d\u0433\u0436'}, {u'price': u'60000', u'profile_code': u'H-60000', u'name': u'0/50 180 \u0445\u043e\u043d\u043e\u0433, 12000 \u043d\u044d\u0433\u0436'}]}
2022-01-06 12:58:12,835:INFO:post
2022-01-06 12:58:21,343:INFO:ads
2022-01-06 13:40:05,099:INFO:jwt
2022-01-06 13:40:05,110:INFO:{'username': u'\u041a\u0438\u043e\u0441\u043a3', 'user_id': 3, 'exp': datetime.datetime(2022, 1, 6, 5, 45, 5, 110912)}
2022-01-06 13:40:05,111:INFO:eyJhbGciOiJIUzI1NiIsInR5cCI6IkpXVCJ9.eyJ1c2VybmFtZSI6Ilx1MDQxYVx1MDQzOFx1MDQzZVx1MDQ0MVx1MDQzYTMiLCJ1c2VyX2lkIjozLCJleHAiOjE2NDE0NDc5MDV9.aw2m9DHfFFYX-bZqBUsFLpnAZKkqEtw3HdpZYOeC8Ko
2022-01-06 13:42:35,704:INFO:ads
2022-01-06 13:47:50,225:INFO:jwt
2022-01-06 13:47:50,237:INFO:{'username': u'\u041a\u0438\u043e\u0441\u043a3', 'user_id': 3, 'exp': datetime.datetime(2022, 1, 6, 5, 52, 50, 237225)}
2022-01-06 13:47:50,237:INFO:eyJhbGciOiJIUzI1NiIsInR5cCI6IkpXVCJ9.eyJ1c2VybmFtZSI6Ilx1MDQxYVx1MDQzOFx1MDQzZVx1MDQ0MVx1MDQzYTMiLCJ1c2VyX2lkIjozLCJleHAiOjE2NDE0NDgzNzB9.9nb1WRs1lLMU0F-BJcTDBgD5w5-e7OQ0bF72eaM_4Mk
2022-01-06 13:48:02,553:INFO:prefix
2022-01-06 13:48:30,185:INFO:searchNumber
2022-01-06 13:48:30,956:INFO:-1
2022-01-06 13:48:30,956:INFO:[]
2022-01-06 13:48:38,171:INFO:ads
2022-01-06 13:48:38,259:INFO:ads
2022-01-06 13:48:43,189:INFO:jwt
2022-01-06 13:48:43,199:INFO:{'username': u'\u041a\u0438\u043e\u0441\u043a3', 'user_id': 3, 'exp': datetime.datetime(2022, 1, 6, 5, 53, 43, 199489)}
2022-01-06 13:48:43,200:INFO:eyJhbGciOiJIUzI1NiIsInR5cCI6IkpXVCJ9.eyJ1c2VybmFtZSI6Ilx1MDQxYVx1MDQzOFx1MDQzZVx1MDQ0MVx1MDQzYTMiLCJ1c2VyX2lkIjozLCJleHAiOjE2NDE0NDg0MjN9.U52mpnMfhnT_96IpM0XuFPJqTbDKSCG9gBos7_PRet8
2022-01-06 13:48:46,090:INFO:prefix
2022-01-06 13:49:04,115:INFO:searchNumber
2022-01-06 13:49:06,631:INFO:98880131:6|98880251:6|98880258:6|98880260:6|98880289:6|98880378:6|98880382:6|98880485:6|98880548:6|98880549:6|98880571:6|98880572:6|98880593:6|98880596:6|98880685:6|98880741:6|98880916:6|98880960:6|98880971:6|98881037:6|98881041:6|98881076:6|98881243:6|98881246:6|98881260:6|98881263:6|98881264:6|98881326:6|98881470:6|98881506:6|98881570:6|98881586:6|98881632:6|98881704:6|98881779:6|98881862:6|98881973:6|98881976:6|98882076:6|98882097:6|98882106:6|98882130:6|98882133:6|98882135:6|98882143:6|98882145:6|98882146:6|98882149:6|98882150:6|98882153:6|98882154:6|98882157:6|98882162:6|98882164:6|98882168:6|98882169:6|98882173:6|98882175:6|98882185:6|98882187:6|98882238:6|98882251:6|98882253:6|98882257:6|98882259:6|98882267:6|98882269:6|98882271:6|98882301:6|98882306:6|98882309:6|98882316:6|98882317:6|98882320:6|98882340:6|98882346:6|98882348:6|98882349:6|98882350:6|98882351:6|98882354:6|98882357:6|98882360:6|98882361:6|98882362:6|98882364:6|98882371:6|98882372:6|98882374:6|98882375:6|98882376:6|98882378:6|98882381:6|98882384:6|98882401:6|98882403:6|98882413:6|98882416:6|98882436:6|98882437:6
2022-01-06 13:49:06,880:INFO:[{'prefix': '98880131'}, {'prefix': '98880251'}, {'prefix': '98880258'}, {'prefix': '98880260'}, {'prefix': '98880289'}, {'prefix': '98880378'}, {'prefix': '98880382'}, {'prefix': '98880485'}, {'prefix': '98880548'}, {'prefix': '98880549'}, {'prefix': '98880571'}, {'prefix': '98880572'}, {'prefix': '98880593'}, {'prefix': '98880596'}, {'prefix': '98880685'}, {'prefix': '98880741'}, {'prefix': '98880916'}, {'prefix': '98880960'}, {'prefix': '98880971'}, {'prefix': '98881037'}, {'prefix': '98881041'}, {'prefix': '98881076'}, {'prefix': '98881243'}, {'prefix': '98881246'}, {'prefix': '98881260'}, {'prefix': '98881263'}, {'prefix': '98881264'}, {'prefix': '98881326'}, {'prefix': '98881470'}, {'prefix': '98881506'}, {'prefix': '98881570'}, {'prefix': '98881586'}, {'prefix': '98881632'}, {'prefix': '98881704'}, {'prefix': '98881779'}, {'prefix': '98881862'}, {'prefix': '98881973'}, {'prefix': '98881976'}, {'prefix': '98882076'}, {'prefix': '98882097'}, {'prefix': '98882106'}, {'prefix': '98882130'}, {'prefix': '98882133'}, {'prefix': '98882135'}, {'prefix': '98882143'}, {'prefix': '98882145'}, {'prefix': '98882146'}, {'prefix': '98882149'}, {'prefix': '98882150'}, {'prefix': '98882153'}, {'prefix': '98882154'}, {'prefix': '98882157'}, {'prefix': '98882162'}, {'prefix': '98882164'}, {'prefix': '98882168'}, {'prefix': '98882169'}, {'prefix': '98882173'}, {'prefix': '98882175'}, {'prefix': '98882185'}, {'prefix': '98882187'}, {'prefix': '98882238'}, {'prefix': '98882251'}, {'prefix': '98882253'}, {'prefix': '98882257'}, {'prefix': '98882259'}, {'prefix': '98882267'}, {'prefix': '98882269'}, {'prefix': '98882271'}, {'prefix': '98882301'}, {'prefix': '98882306'}, {'prefix': '98882309'}, {'prefix': '98882316'}, {'prefix': '98882317'}, {'prefix': '98882320'}, {'prefix': '98882340'}, {'prefix': '98882346'}, {'prefix': '98882348'}, {'prefix': '98882349'}, {'prefix': '98882350'}, {'prefix': '98882351'}, {'prefix': '98882354'}, {'prefix': '98882357'}, {'prefix': '98882360'}, {'prefix': '98882361'}, {'prefix': '98882362'}, {'prefix': '98882364'}, {'prefix': '98882371'}, {'prefix': '98882372'}, {'prefix': '98882374'}, {'prefix': '98882375'}, {'prefix': '98882376'}, {'prefix': '98882378'}, {'prefix': '98882381'}, {'prefix': '98882384'}, {'prefix': '98882401'}, {'prefix': '98882403'}, {'prefix': '98882413'}, {'prefix': '98882416'}, {'prefix': '98882436'}, {'prefix': '98882437'}]
2022-01-06 13:49:52,483:INFO:searchNumber
2022-01-06 13:49:53,251:INFO:-1
2022-01-06 13:49:53,251:INFO:[]
2022-01-06 13:49:56,237:INFO:ads
2022-01-06 13:49:56,318:INFO:ads
2022-01-06 13:50:08,141:INFO:jwt
2022-01-06 13:50:08,151:INFO:{'username': u'\u041a\u0438\u043e\u0441\u043a3', 'user_id': 3, 'exp': datetime.datetime(2022, 1, 6, 5, 55, 8, 151314)}
2022-01-06 13:50:08,151:INFO:eyJhbGciOiJIUzI1NiIsInR5cCI6IkpXVCJ9.eyJ1c2VybmFtZSI6Ilx1MDQxYVx1MDQzOFx1MDQzZVx1MDQ0MVx1MDQzYTMiLCJ1c2VyX2lkIjozLCJleHAiOjE2NDE0NDg1MDh9.nZUcNNbmrMhwihhwCRnG2vztc93QZRUYaJAeqSWCmXQ
2022-01-06 13:50:24,495:INFO:prefix
2022-01-06 13:51:16,268:INFO:searchNumber
2022-01-06 13:51:17,482:INFO:-1
2022-01-06 13:51:17,483:INFO:[]
2022-01-06 13:51:21,133:INFO:ads
2022-01-06 13:51:21,222:INFO:ads
2022-01-06 13:51:29,087:INFO:jwt
2022-01-06 13:51:29,097:INFO:{'username': u'\u041a\u0438\u043e\u0441\u043a3', 'user_id': 3, 'exp': datetime.datetime(2022, 1, 6, 5, 56, 29, 97681)}
2022-01-06 13:51:29,098:INFO:eyJhbGciOiJIUzI1NiIsInR5cCI6IkpXVCJ9.eyJ1c2VybmFtZSI6Ilx1MDQxYVx1MDQzOFx1MDQzZVx1MDQ0MVx1MDQzYTMiLCJ1c2VyX2lkIjozLCJleHAiOjE2NDE0NDg1ODl9.WmmpFHx874W_xoF5Gry5FjM-vlpGBg0SMiy9PWqnwZw
2022-01-06 13:51:32,560:INFO:prefix
2022-01-06 13:52:07,177:INFO:searchNumber
2022-01-06 13:52:14,417:INFO:-1
2022-01-06 13:52:14,417:INFO:[]
2022-01-06 13:54:13,578:INFO:prefix
2022-01-06 13:54:23,676:INFO:searchNumber
2022-01-06 13:54:24,476:INFO:-1
2022-01-06 13:54:24,477:INFO:[]
2022-01-06 13:54:27,653:INFO:prefix
2022-01-06 13:54:32,812:INFO:searchNumber
2022-01-06 13:54:33,670:INFO:98887227:9|98887447:9
2022-01-06 13:54:33,678:INFO:[{'prefix': '98887227'}, {'prefix': '98887447'}]
2022-01-06 13:54:46,259:INFO:prefix
2022-01-06 13:54:49,197:INFO:searchNumber
2022-01-06 13:54:49,971:INFO:-1
2022-01-06 13:54:49,971:INFO:[]
2022-01-06 13:54:50,939:INFO:ads
2022-01-06 13:54:51,031:INFO:ads
2022-01-06 13:54:57,685:INFO:jwt
2022-01-06 13:54:57,695:INFO:{'username': u'\u041a\u0438\u043e\u0441\u043a3', 'user_id': 3, 'exp': datetime.datetime(2022, 1, 6, 5, 59, 57, 695421)}
2022-01-06 13:54:57,695:INFO:eyJhbGciOiJIUzI1NiIsInR5cCI6IkpXVCJ9.eyJ1c2VybmFtZSI6Ilx1MDQxYVx1MDQzOFx1MDQzZVx1MDQ0MVx1MDQzYTMiLCJ1c2VyX2lkIjozLCJleHAiOjE2NDE0NDg3OTd9.jTrvsaLDvbDF3_AvdTAuHVRWPDfHX9MD2YhMm3CT4RQ
2022-01-06 13:55:07,962:INFO:ads
2022-01-06 13:55:29,756:INFO:jwt
2022-01-06 13:55:29,767:INFO:{'username': u'\u041a\u0438\u043e\u0441\u043a3', 'user_id': 3, 'exp': datetime.datetime(2022, 1, 6, 6, 0, 29, 767144)}
2022-01-06 13:55:29,767:INFO:eyJhbGciOiJIUzI1NiIsInR5cCI6IkpXVCJ9.eyJ1c2VybmFtZSI6Ilx1MDQxYVx1MDQzOFx1MDQzZVx1MDQ0MVx1MDQzYTMiLCJ1c2VyX2lkIjozLCJleHAiOjE2NDE0NDg4Mjl9.ppOMYhMm-jyyPWIPFAvsYPRjBECG8FJJGDrRgpF9CGg
2022-01-06 13:55:34,368:INFO:prefix
2022-01-06 13:55:41,442:INFO:prefix
2022-01-06 13:55:43,054:INFO:searchNumber
2022-01-06 13:55:44,081:INFO:-1
2022-01-06 13:55:44,082:INFO:[]
2022-01-06 13:55:45,915:INFO:prefix
2022-01-06 13:55:48,007:INFO:searchNumber
2022-01-06 13:55:48,856:INFO:98124411:7|98127744:7
2022-01-06 13:55:48,863:INFO:[{'prefix': '98124411'}, {'prefix': '98127744'}]
2022-01-06 13:55:57,585:INFO:searchNumber
2022-01-06 13:55:58,433:INFO:93120044:7|93121144:7|93121166:7|93122266:7|93123344:7|93124400:7|93124422:7|93124433:7|93124455:7|93124466:7|93124488:7|93124499:7|93125511:7|93125522:7|93125533:7|93125544:7|93125566:7|93126600:7|93126611:7|93126622:7|93126644:7|93127700:7|93127711:7|93127722:7|93127733:7|93127744:7|93127755:7|93127766:7|93128822:7|93128833:7|93128844:7|93128855:7|93128866:7|93129933:7|93129944:7|93129966:7|93129977:7
2022-01-06 13:55:58,528:INFO:[{'prefix': '93120044'}, {'prefix': '93121144'}, {'prefix': '93121166'}, {'prefix': '93122266'}, {'prefix': '93123344'}, {'prefix': '93124400'}, {'prefix': '93124422'}, {'prefix': '93124433'}, {'prefix': '93124455'}, {'prefix': '93124466'}, {'prefix': '93124488'}, {'prefix': '93124499'}, {'prefix': '93125511'}, {'prefix': '93125522'}, {'prefix': '93125533'}, {'prefix': '93125544'}, {'prefix': '93125566'}, {'prefix': '93126600'}, {'prefix': '93126611'}, {'prefix': '93126622'}, {'prefix': '93126644'}, {'prefix': '93127700'}, {'prefix': '93127711'}, {'prefix': '93127722'}, {'prefix': '93127733'}, {'prefix': '93127744'}, {'prefix': '93127755'}, {'prefix': '93127766'}, {'prefix': '93128822'}, {'prefix': '93128833'}, {'prefix': '93128844'}, {'prefix': '93128855'}, {'prefix': '93128866'}, {'prefix': '93129933'}, {'prefix': '93129944'}, {'prefix': '93129966'}, {'prefix': '93129977'}]
2022-01-06 13:56:02,557:INFO:searchNumber
2022-01-06 13:56:05,372:INFO:97120022:7|97120033:7|97120044:7|97120066:7|97120077:7|97121100:7|97121144:7|97122244:7|97122255:7|97122266:7|97122277:7|97123300:7|97123322:7|97123344:7|97123355:7|97123366:7|97123377:7|97123388:7|97124400:7|97124411:7|97124422:7|97124433:7|97124455:7|97124466:7|97124477:7|97124488:7|97125500:7|97125511:7|97125522:7|97125533:7|97125544:7|97125577:7|97126600:7|97126611:7|97126622:7|97126633:7|97126644:7|97126655:7|97126677:7|97127722:7|97127733:7|97127744:7|97127766:7|97127788:7|97128800:7|97128811:7|97128833:7|97128844:7|97128855:7|97128866:7|97128877:7|97129900:7|97129933:7|97129944:7|97129955:7|97129988:7
2022-01-06 13:56:05,523:INFO:[{'prefix': '97120022'}, {'prefix': '97120033'}, {'prefix': '97120044'}, {'prefix': '97120066'}, {'prefix': '97120077'}, {'prefix': '97121100'}, {'prefix': '97121144'}, {'prefix': '97122244'}, {'prefix': '97122255'}, {'prefix': '97122266'}, {'prefix': '97122277'}, {'prefix': '97123300'}, {'prefix': '97123322'}, {'prefix': '97123344'}, {'prefix': '97123355'}, {'prefix': '97123366'}, {'prefix': '97123377'}, {'prefix': '97123388'}, {'prefix': '97124400'}, {'prefix': '97124411'}, {'prefix': '97124422'}, {'prefix': '97124433'}, {'prefix': '97124455'}, {'prefix': '97124466'}, {'prefix': '97124477'}, {'prefix': '97124488'}, {'prefix': '97125500'}, {'prefix': '97125511'}, {'prefix': '97125522'}, {'prefix': '97125533'}, {'prefix': '97125544'}, {'prefix': '97125577'}, {'prefix': '97126600'}, {'prefix': '97126611'}, {'prefix': '97126622'}, {'prefix': '97126633'}, {'prefix': '97126644'}, {'prefix': '97126655'}, {'prefix': '97126677'}, {'prefix': '97127722'}, {'prefix': '97127733'}, {'prefix': '97127744'}, {'prefix': '97127766'}, {'prefix': '97127788'}, {'prefix': '97128800'}, {'prefix': '97128811'}, {'prefix': '97128833'}, {'prefix': '97128844'}, {'prefix': '97128855'}, {'prefix': '97128866'}, {'prefix': '97128877'}, {'prefix': '97129900'}, {'prefix': '97129933'}, {'prefix': '97129944'}, {'prefix': '97129955'}, {'prefix': '97129988'}]
2022-01-06 13:56:41,813:INFO:prefix
2022-01-06 13:56:44,265:INFO:searchNumber
2022-01-06 13:56:45,100:INFO:97142222:5|97162222:5
2022-01-06 13:56:45,108:INFO:[{'prefix': '97142222'}, {'prefix': '97162222'}]
2022-01-06 13:56:53,728:INFO:searchNumber
2022-01-06 13:56:54,377:INFO:-1
2022-01-06 13:56:54,378:INFO:[]
2022-01-06 13:56:56,560:INFO:searchNumber
2022-01-06 13:56:57,396:INFO:97142222:5|97162222:5
2022-01-06 13:56:57,402:INFO:[{'prefix': '97142222'}, {'prefix': '97162222'}]
2022-01-06 13:57:50,502:INFO:prefix
2022-01-06 13:57:51,886:INFO:searchNumber
2022-01-06 13:57:52,696:INFO:97120022:7|97120033:7|97120044:7|97120066:7|97120077:7|97121100:7|97121144:7|97122244:7|97122255:7|97122266:7|97122277:7|97123300:7|97123322:7|97123344:7|97123355:7|97123366:7|97123377:7|97123388:7|97124400:7|97124411:7|97124422:7|97124433:7|97124455:7|97124466:7|97124477:7|97124488:7|97125500:7|97125511:7|97125522:7|97125533:7|97125544:7|97125577:7|97126600:7|97126611:7|97126622:7|97126633:7|97126644:7|97126655:7|97126677:7|97127722:7|97127733:7|97127744:7|97127766:7|97127788:7|97128800:7|97128811:7|97128833:7|97128844:7|97128855:7|97128866:7|97128877:7|97129900:7|97129933:7|97129944:7|97129955:7|97129988:7
2022-01-06 13:57:52,837:INFO:[{'prefix': '97120022'}, {'prefix': '97120033'}, {'prefix': '97120044'}, {'prefix': '97120066'}, {'prefix': '97120077'}, {'prefix': '97121100'}, {'prefix': '97121144'}, {'prefix': '97122244'}, {'prefix': '97122255'}, {'prefix': '97122266'}, {'prefix': '97122277'}, {'prefix': '97123300'}, {'prefix': '97123322'}, {'prefix': '97123344'}, {'prefix': '97123355'}, {'prefix': '97123366'}, {'prefix': '97123377'}, {'prefix': '97123388'}, {'prefix': '97124400'}, {'prefix': '97124411'}, {'prefix': '97124422'}, {'prefix': '97124433'}, {'prefix': '97124455'}, {'prefix': '97124466'}, {'prefix': '97124477'}, {'prefix': '97124488'}, {'prefix': '97125500'}, {'prefix': '97125511'}, {'prefix': '97125522'}, {'prefix': '97125533'}, {'prefix': '97125544'}, {'prefix': '97125577'}, {'prefix': '97126600'}, {'prefix': '97126611'}, {'prefix': '97126622'}, {'prefix': '97126633'}, {'prefix': '97126644'}, {'prefix': '97126655'}, {'prefix': '97126677'}, {'prefix': '97127722'}, {'prefix': '97127733'}, {'prefix': '97127744'}, {'prefix': '97127766'}, {'prefix': '97127788'}, {'prefix': '97128800'}, {'prefix': '97128811'}, {'prefix': '97128833'}, {'prefix': '97128844'}, {'prefix': '97128855'}, {'prefix': '97128866'}, {'prefix': '97128877'}, {'prefix': '97129900'}, {'prefix': '97129933'}, {'prefix': '97129944'}, {'prefix': '97129955'}, {'prefix': '97129988'}]
2022-01-06 13:58:21,210:INFO:jwt
2022-01-06 13:58:21,220:INFO:{'username': u'\u041a\u0438\u043e\u0441\u043a2', 'user_id': 2, 'exp': datetime.datetime(2022, 1, 6, 6, 3, 21, 220508)}
2022-01-06 13:58:21,221:INFO:eyJhbGciOiJIUzI1NiIsInR5cCI6IkpXVCJ9.eyJ1c2VybmFtZSI6Ilx1MDQxYVx1MDQzOFx1MDQzZVx1MDQ0MVx1MDQzYTIiLCJ1c2VyX2lkIjoyLCJleHAiOjE2NDE0NDkwMDF9.BoG7ODcZWdPz3QZxLPMO_TdDOzAfOqfXSC15x7KvuEc
2022-01-06 13:58:24,545:INFO:ads
2022-01-06 13:59:41,933:INFO:prefix
2022-01-06 13:59:43,256:INFO:searchNumber
2022-01-06 13:59:44,083:INFO:97120440:9|97120660:9|97120990:9|97121331:9|97121441:9|97121551:9|97121661:9|97121717:9|97121771:9|97121881:9|97121991:9|97122442:9|97122552:9|97122662:9|97122772:9|97122992:9|97123113:9|97123223:9|97123443:9|97123553:9|97123663:9|97123773:9|97123883:9|97123993:9|97124004:9|97124114:9|97124343:9|97124554:9|97124646:9|97124664:9|97124774:9|97124884:9|97124994:9|97125115:9|97125151:9|97125225:9|97125335:9|97125445:9|97125454:9|97125665:9|97125775:9|97125885:9|97125995:9|97126006:9|97126116:9|97126161:9|97126226:9|97126262:9|97126336:9|97126363:9|97126446:9|97126565:9|97126776:9|97126886:9|97126996:9|97127227:9|97127337:9|97127557:9|97127667:9|97127887:9|97127997:9|97128008:9|97128118:9|97128228:9|97128338:9|97128448:9|97128484:9|97128558:9|97128668:9|97128686:9|97128778:9|97129009:9|97129119:9|97129229:9|97129449:9|97129494:9|97129595:9|97129669:9
2022-01-06 13:59:44,277:INFO:[{'prefix': '97120440'}, {'prefix': '97120660'}, {'prefix': '97120990'}, {'prefix': '97121331'}, {'prefix': '97121441'}, {'prefix': '97121551'}, {'prefix': '97121661'}, {'prefix': '97121771'}, {'prefix': '97121881'}, {'prefix': '97121991'}, {'prefix': '97122442'}, {'prefix': '97122552'}, {'prefix': '97122662'}, {'prefix': '97122772'}, {'prefix': '97122992'}, {'prefix': '97123113'}, {'prefix': '97123223'}, {'prefix': '97123443'}, {'prefix': '97123553'}, {'prefix': '97123663'}, {'prefix': '97123773'}, {'prefix': '97123883'}, {'prefix': '97123993'}, {'prefix': '97124004'}, {'prefix': '97124114'}, {'prefix': '97124554'}, {'prefix': '97124664'}, {'prefix': '97124774'}, {'prefix': '97124884'}, {'prefix': '97124994'}, {'prefix': '97125115'}, {'prefix': '97125225'}, {'prefix': '97125335'}, {'prefix': '97125445'}, {'prefix': '97125665'}, {'prefix': '97125775'}, {'prefix': '97125885'}, {'prefix': '97125995'}, {'prefix': '97126006'}, {'prefix': '97126116'}, {'prefix': '97126226'}, {'prefix': '97126336'}, {'prefix': '97126446'}, {'prefix': '97126776'}, {'prefix': '97126886'}, {'prefix': '97126996'}, {'prefix': '97127227'}, {'prefix': '97127337'}, {'prefix': '97127557'}, {'prefix': '97127667'}, {'prefix': '97127887'}, {'prefix': '97127997'}, {'prefix': '97128008'}, {'prefix': '97128118'}, {'prefix': '97128228'}, {'prefix': '97128338'}, {'prefix': '97128448'}, {'prefix': '97128558'}, {'prefix': '97128668'}, {'prefix': '97128778'}, {'prefix': '97129009'}, {'prefix': '97129119'}, {'prefix': '97129229'}, {'prefix': '97129449'}, {'prefix': '97129669'}]
2022-01-06 13:59:46,916:INFO:searchNumber
2022-01-06 13:59:47,756:INFO:98122442:9|98123443:9|98125665:9|98126446:9
2022-01-06 13:59:47,768:INFO:[{'prefix': '98122442'}, {'prefix': '98123443'}, {'prefix': '98125665'}, {'prefix': '98126446'}]
2022-01-06 14:04:47,073:INFO:ads
2022-01-06 14:04:47,172:INFO:ads
2022-01-06 14:36:42,819:WARNING:Not Found: /
2022-01-06 14:36:42,842:WARNING:Not Found: /favicon.ico
2022-01-06 14:58:24,421:INFO:jwt
2022-01-06 14:58:24,432:INFO:{'username': u'\u041a\u0438\u043e\u0441\u043a2', 'user_id': 2, 'exp': datetime.datetime(2022, 1, 6, 7, 3, 24, 432139)}
2022-01-06 14:58:24,432:INFO:eyJhbGciOiJIUzI1NiIsInR5cCI6IkpXVCJ9.eyJ1c2VybmFtZSI6Ilx1MDQxYVx1MDQzOFx1MDQzZVx1MDQ0MVx1MDQzYTIiLCJ1c2VyX2lkIjoyLCJleHAiOjE2NDE0NTI2MDR9.VvULOiYo4L5pxFJzmW3mJHJCp2dzO6TcG5jWGvn--J8
2022-01-06 14:58:27,691:INFO:ads
2022-01-06 15:58:27,628:INFO:jwt
2022-01-06 15:58:27,639:INFO:{'username': u'\u041a\u0438\u043e\u0441\u043a2', 'user_id': 2, 'exp': datetime.datetime(2022, 1, 6, 8, 3, 27, 639285)}
2022-01-06 15:58:27,639:INFO:eyJhbGciOiJIUzI1NiIsInR5cCI6IkpXVCJ9.eyJ1c2VybmFtZSI6Ilx1MDQxYVx1MDQzOFx1MDQzZVx1MDQ0MVx1MDQzYTIiLCJ1c2VyX2lkIjoyLCJleHAiOjE2NDE0NTYyMDd9.FpPlrrXbxOm8QhIg6LtDZfFfvCLyfFFJJibE9eFpygg
2022-01-06 15:58:30,896:INFO:ads
2022-01-06 16:20:09,122:INFO:checkNumber
2022-01-06 16:20:09,128:INFO:2
2022-01-06 16:20:09,128:INFO:bankConnection
2022-01-06 16:20:09,129:INFO:2
2022-01-06 16:20:09,129:INFO:{'phone_number': u'95898955', 'amount': '', 'serviceName': 'Kiosk', 'trans_id': u'', 'cashOrCard': u'', 'card': u''}
2022-01-06 16:20:09,133:DEBUG:Starting new HTTPS connection (1): banksystem.gmobile.mn:443
2022-01-06 16:20:09,257:DEBUG:https://banksystem.gmobile.mn:443 "POST /service.php/api_services/kiosk/socialPay/checkNumber/response HTTP/1.1" 200 143
2022-01-06 16:20:09,263:INFO:{u'status': -1, u'errors': u'ER0003', u'data': None, u'action': u'check_index', u'type': None, u'unit': None}
2022-01-06 16:20:14,375:INFO:ads
2022-01-06 16:20:15,367:INFO:ads
2022-01-06 16:20:23,691:INFO:checkNumber
2022-01-06 16:20:23,697:INFO:2
2022-01-06 16:20:23,698:INFO:bankConnection
2022-01-06 16:20:23,698:INFO:2
2022-01-06 16:20:23,698:INFO:{'phone_number': u'95898955', 'amount': '', 'serviceName': 'Kiosk', 'trans_id': u'', 'cashOrCard': u'', 'card': u''}
2022-01-06 16:20:23,701:DEBUG:Starting new HTTPS connection (1): banksystem.gmobile.mn:443
2022-01-06 16:20:23,830:DEBUG:https://banksystem.gmobile.mn:443 "POST /service.php/api_services/kiosk/socialPay/checkNumber/response HTTP/1.1" 200 143
2022-01-06 16:20:23,834:INFO:{u'status': -1, u'errors': u'ER0003', u'data': None, u'action': u'check_index', u'type': None, u'unit': None}
2022-01-06 16:22:24,031:INFO:ads
2022-01-06 16:47:29,993:INFO:ads
2022-01-06 16:53:05,669:INFO:ads
2022-01-06 17:53:06,169:INFO:jwt
2022-01-06 17:53:06,179:INFO:{'username': u'\u041a\u0438\u043e\u0441\u043a2', 'user_id': 2, 'exp': datetime.datetime(2022, 1, 6, 9, 58, 6, 179552)}
2022-01-06 17:53:06,180:INFO:eyJhbGciOiJIUzI1NiIsInR5cCI6IkpXVCJ9.eyJ1c2VybmFtZSI6Ilx1MDQxYVx1MDQzOFx1MDQzZVx1MDQ0MVx1MDQzYTIiLCJ1c2VyX2lkIjoyLCJleHAiOjE2NDE0NjMwODZ9.fjsSXVp5ETJZE9hfoeE-Jl7jr9pg5udc_K_NpZORjYk
2022-01-06 17:53:09,424:INFO:ads
2022-01-06 18:53:09,264:INFO:jwt
2022-01-06 18:53:09,275:INFO:{'username': u'\u041a\u0438\u043e\u0441\u043a2', 'user_id': 2, 'exp': datetime.datetime(2022, 1, 6, 10, 58, 9, 275277)}
2022-01-06 18:53:09,275:INFO:eyJhbGciOiJIUzI1NiIsInR5cCI6IkpXVCJ9.eyJ1c2VybmFtZSI6Ilx1MDQxYVx1MDQzOFx1MDQzZVx1MDQ0MVx1MDQzYTIiLCJ1c2VyX2lkIjoyLCJleHAiOjE2NDE0NjY2ODl9.vLOU3lzvnEa5viqgrX9PTw-BrJZ2WhmoLYznCHLzbMg
2022-01-06 18:53:12,509:INFO:ads
2022-01-06 19:53:12,412:INFO:jwt
2022-01-06 19:53:12,423:INFO:{'username': u'\u041a\u0438\u043e\u0441\u043a2', 'user_id': 2, 'exp': datetime.datetime(2022, 1, 6, 11, 58, 12, 423176)}
2022-01-06 19:53:12,423:INFO:eyJhbGciOiJIUzI1NiIsInR5cCI6IkpXVCJ9.eyJ1c2VybmFtZSI6Ilx1MDQxYVx1MDQzOFx1MDQzZVx1MDQ0MVx1MDQzYTIiLCJ1c2VyX2lkIjoyLCJleHAiOjE2NDE0NzAyOTJ9.x0dKNKSkiwQtTEY3K0BoyUbgtbogRRdxfBVm_uGd9b4
2022-01-06 19:53:15,603:INFO:ads
2022-01-06 20:53:15,367:INFO:jwt
2022-01-06 20:53:15,377:INFO:{'username': u'\u041a\u0438\u043e\u0441\u043a2', 'user_id': 2, 'exp': datetime.datetime(2022, 1, 6, 12, 58, 15, 377703)}
2022-01-06 20:53:15,378:INFO:eyJhbGciOiJIUzI1NiIsInR5cCI6IkpXVCJ9.eyJ1c2VybmFtZSI6Ilx1MDQxYVx1MDQzOFx1MDQzZVx1MDQ0MVx1MDQzYTIiLCJ1c2VyX2lkIjoyLCJleHAiOjE2NDE0NzM4OTV9.tbhOTBDIjVcjyirTWu5T3EU5Zug0XVB5MywvoVg0-SE
2022-01-06 20:53:18,586:INFO:ads
2022-01-06 21:02:34,833:INFO:ads
2022-01-06 21:42:55,999:INFO:searchNumber
2022-01-06 21:42:58,010:INFO:-1
2022-01-06 21:42:58,010:INFO:[]
2022-01-06 21:43:25,968:INFO:searchNumber
2022-01-06 21:43:26,534:INFO:-1
2022-01-06 21:43:26,534:INFO:[]
2022-01-06 21:43:30,717:INFO:searchNumber
2022-01-06 21:43:31,278:INFO:-1
2022-01-06 21:43:31,278:INFO:[]
2022-01-06 21:43:33,872:INFO:searchNumber
2022-01-06 21:43:34,447:INFO:-1
2022-01-06 21:43:34,448:INFO:[]
2022-01-06 21:43:34,671:INFO:searchNumber
2022-01-06 21:43:35,234:INFO:-1
2022-01-06 21:43:35,234:INFO:[]
2022-01-06 21:47:30,208:INFO:ads
2022-01-06 22:47:30,462:INFO:jwt
2022-01-06 22:47:30,473:INFO:{'username': u'\u041a\u0438\u043e\u0441\u043a2', 'user_id': 2, 'exp': datetime.datetime(2022, 1, 6, 14, 52, 30, 472997)}
2022-01-06 22:47:30,473:INFO:eyJhbGciOiJIUzI1NiIsInR5cCI6IkpXVCJ9.eyJ1c2VybmFtZSI6Ilx1MDQxYVx1MDQzOFx1MDQzZVx1MDQ0MVx1MDQzYTIiLCJ1c2VyX2lkIjoyLCJleHAiOjE2NDE0ODA3NTB9.nvy3nzUUy_GYssSLb9k_HmYKSL-fq3HXv54nrEZV6hc
2022-01-06 22:47:33,726:INFO:ads
2022-01-06 23:47:33,618:INFO:jwt
2022-01-06 23:47:33,629:INFO:{'username': u'\u041a\u0438\u043e\u0441\u043a2', 'user_id': 2, 'exp': datetime.datetime(2022, 1, 6, 15, 52, 33, 629357)}
2022-01-06 23:47:33,629:INFO:eyJhbGciOiJIUzI1NiIsInR5cCI6IkpXVCJ9.eyJ1c2VybmFtZSI6Ilx1MDQxYVx1MDQzOFx1MDQzZVx1MDQ0MVx1MDQzYTIiLCJ1c2VyX2lkIjoyLCJleHAiOjE2NDE0ODQzNTN9.lxcVAQ4fyEn1u3qQ-DLjrr9kjD6xR4q_K7oGyAAf3mk
2022-01-06 23:47:36,882:INFO:ads
2022-01-07 00:47:36,768:INFO:jwt
2022-01-07 00:47:36,780:INFO:{'username': u'\u041a\u0438\u043e\u0441\u043a2', 'user_id': 2, 'exp': datetime.datetime(2022, 1, 6, 16, 52, 36, 780250)}
2022-01-07 00:47:36,780:INFO:eyJhbGciOiJIUzI1NiIsInR5cCI6IkpXVCJ9.eyJ1c2VybmFtZSI6Ilx1MDQxYVx1MDQzOFx1MDQzZVx1MDQ0MVx1MDQzYTIiLCJ1c2VyX2lkIjoyLCJleHAiOjE2NDE0ODc5NTZ9.vo4eqm5WIpnpu0c1DkRguetIujE4MFpcgAj91g0fqRE
2022-01-07 00:47:40,097:INFO:ads
2022-01-07 01:47:40,053:INFO:jwt
2022-01-07 01:47:40,064:INFO:{'username': u'\u041a\u0438\u043e\u0441\u043a2', 'user_id': 2, 'exp': datetime.datetime(2022, 1, 6, 17, 52, 40, 64249)}
2022-01-07 01:47:40,064:INFO:eyJhbGciOiJIUzI1NiIsInR5cCI6IkpXVCJ9.eyJ1c2VybmFtZSI6Ilx1MDQxYVx1MDQzOFx1MDQzZVx1MDQ0MVx1MDQzYTIiLCJ1c2VyX2lkIjoyLCJleHAiOjE2NDE0OTE1NjB9.tKN-be_a0a1IxWnahKz7IHo1qXUAT0-AtvZ4cPdkByk
2022-01-07 01:47:43,315:INFO:ads
2022-01-07 02:47:43,175:INFO:jwt
2022-01-07 02:47:43,185:INFO:{'username': u'\u041a\u0438\u043e\u0441\u043a2', 'user_id': 2, 'exp': datetime.datetime(2022, 1, 6, 18, 52, 43, 185334)}
2022-01-07 02:47:43,185:INFO:eyJhbGciOiJIUzI1NiIsInR5cCI6IkpXVCJ9.eyJ1c2VybmFtZSI6Ilx1MDQxYVx1MDQzOFx1MDQzZVx1MDQ0MVx1MDQzYTIiLCJ1c2VyX2lkIjoyLCJleHAiOjE2NDE0OTUxNjN9.SJKiN1m9bdeXeQ4q2P03yxG968runGKytzRe-puXEAU
2022-01-07 02:47:46,428:INFO:ads
2022-01-07 03:47:46,367:INFO:jwt
2022-01-07 03:47:46,377:INFO:{'username': u'\u041a\u0438\u043e\u0441\u043a2', 'user_id': 2, 'exp': datetime.datetime(2022, 1, 6, 19, 52, 46, 377642)}
2022-01-07 03:47:46,378:INFO:eyJhbGciOiJIUzI1NiIsInR5cCI6IkpXVCJ9.eyJ1c2VybmFtZSI6Ilx1MDQxYVx1MDQzOFx1MDQzZVx1MDQ0MVx1MDQzYTIiLCJ1c2VyX2lkIjoyLCJleHAiOjE2NDE0OTg3NjZ9.sttwhbPV0MNfkQzhu5BgEpmWr4SVcormZxXnZKNXUao
2022-01-07 03:47:49,586:INFO:ads
2022-01-07 04:47:49,439:INFO:jwt
2022-01-07 04:47:49,449:INFO:{'username': u'\u041a\u0438\u043e\u0441\u043a2', 'user_id': 2, 'exp': datetime.datetime(2022, 1, 6, 20, 52, 49, 449674)}
2022-01-07 04:47:49,450:INFO:eyJhbGciOiJIUzI1NiIsInR5cCI6IkpXVCJ9.eyJ1c2VybmFtZSI6Ilx1MDQxYVx1MDQzOFx1MDQzZVx1MDQ0MVx1MDQzYTIiLCJ1c2VyX2lkIjoyLCJleHAiOjE2NDE1MDIzNjl9.KojEkClwAyiIf6IwphNrC43QC5HZuVfBWGEtuneiERM
2022-01-07 04:47:52,663:INFO:ads
2022-01-07 05:47:52,509:INFO:jwt
2022-01-07 05:47:52,520:INFO:{'username': u'\u041a\u0438\u043e\u0441\u043a2', 'user_id': 2, 'exp': datetime.datetime(2022, 1, 6, 21, 52, 52, 520364)}
2022-01-07 05:47:52,521:INFO:eyJhbGciOiJIUzI1NiIsInR5cCI6IkpXVCJ9.eyJ1c2VybmFtZSI6Ilx1MDQxYVx1MDQzOFx1MDQzZVx1MDQ0MVx1MDQzYTIiLCJ1c2VyX2lkIjoyLCJleHAiOjE2NDE1MDU5NzJ9.ZJHK1eF-jIBoHY1SsZZZdPYLEQj5zW1H2h0lN9m3W3c
2022-01-07 05:47:55,736:INFO:ads
2022-01-07 06:47:55,776:INFO:jwt
2022-01-07 06:47:55,786:INFO:{'username': u'\u041a\u0438\u043e\u0441\u043a2', 'user_id': 2, 'exp': datetime.datetime(2022, 1, 6, 22, 52, 55, 786773)}
2022-01-07 06:47:55,787:INFO:eyJhbGciOiJIUzI1NiIsInR5cCI6IkpXVCJ9.eyJ1c2VybmFtZSI6Ilx1MDQxYVx1MDQzOFx1MDQzZVx1MDQ0MVx1MDQzYTIiLCJ1c2VyX2lkIjoyLCJleHAiOjE2NDE1MDk1NzV9.iBdIxusXfOfpVIA94TThtXQtgpCvt_9kk5PD1VSnUYw
2022-01-07 06:47:59,057:INFO:ads
2022-01-07 07:47:59,054:INFO:jwt
2022-01-07 07:47:59,064:INFO:{'username': u'\u041a\u0438\u043e\u0441\u043a2', 'user_id': 2, 'exp': datetime.datetime(2022, 1, 6, 23, 52, 59, 64726)}
2022-01-07 07:47:59,065:INFO:eyJhbGciOiJIUzI1NiIsInR5cCI6IkpXVCJ9.eyJ1c2VybmFtZSI6Ilx1MDQxYVx1MDQzOFx1MDQzZVx1MDQ0MVx1MDQzYTIiLCJ1c2VyX2lkIjoyLCJleHAiOjE2NDE1MTMxNzl9.axOit7P4QqxsxVJPon9piEdxw9AtkPzWk8Q36hHBYn0
2022-01-07 07:48:02,287:INFO:ads
2022-01-07 08:17:01,960:INFO:ads
2022-01-07 08:48:02,154:INFO:jwt
2022-01-07 08:48:02,165:INFO:{'username': u'\u041a\u0438\u043e\u0441\u043a2', 'user_id': 2, 'exp': datetime.datetime(2022, 1, 7, 0, 53, 2, 165067)}
2022-01-07 08:48:02,165:INFO:eyJhbGciOiJIUzI1NiIsInR5cCI6IkpXVCJ9.eyJ1c2VybmFtZSI6Ilx1MDQxYVx1MDQzOFx1MDQzZVx1MDQ0MVx1MDQzYTIiLCJ1c2VyX2lkIjoyLCJleHAiOjE2NDE1MTY3ODJ9.U81PvGdcg_hR-8Sk7dO0GciGc49Jz7yrk9REGzv5iQo
2022-01-07 08:48:05,434:INFO:ads
2022-01-07 09:48:05,340:INFO:jwt
2022-01-07 09:48:05,350:INFO:{'username': u'\u041a\u0438\u043e\u0441\u043a2', 'user_id': 2, 'exp': datetime.datetime(2022, 1, 7, 1, 53, 5, 350656)}
2022-01-07 09:48:05,351:INFO:eyJhbGciOiJIUzI1NiIsInR5cCI6IkpXVCJ9.eyJ1c2VybmFtZSI6Ilx1MDQxYVx1MDQzOFx1MDQzZVx1MDQ0MVx1MDQzYTIiLCJ1c2VyX2lkIjoyLCJleHAiOjE2NDE1MjAzODV9.ssSUqXqvUAW2l8o0C2hhQAHwnx1PK1xHoT0m044EPsg
2022-01-07 09:48:08,591:INFO:ads
2022-01-07 09:57:03,856:INFO:jwt
2022-01-07 09:57:03,868:INFO:{'username': u'\u041a\u0438\u043e\u0441\u043a1', 'user_id': 1, 'exp': datetime.datetime(2022, 1, 7, 2, 2, 3, 868111)}
2022-01-07 09:57:03,868:INFO:eyJhbGciOiJIUzI1NiIsInR5cCI6IkpXVCJ9.eyJ1c2VybmFtZSI6Ilx1MDQxYVx1MDQzOFx1MDQzZVx1MDQ0MVx1MDQzYTEiLCJ1c2VyX2lkIjoxLCJleHAiOjE2NDE1MjA5MjN9.mmTKW61OyzceAk2SIqnyUrcHjCxp1a--5uFKYd9VpXE
