2021-11-14 06:42:05,888:INFO:jwt
2021-11-14 06:42:05,903:INFO:{'username': u'\u041a\u0438\u043e\u0441\u043a2', 'user_id': 2, 'exp': datetime.datetime(2021, 11, 13, 22, 47, 5, 903415)}
2021-11-14 06:42:05,903:INFO:eyJhbGciOiJIUzI1NiIsInR5cCI6IkpXVCJ9.eyJ1c2VybmFtZSI6Ilx1MDQxYVx1MDQzOFx1MDQzZVx1MDQ0MVx1MDQzYTIiLCJ1c2VyX2lkIjoyLCJleHAiOjE2MzY4NDM2MjV9.4ZFwjEWJ28-pMzGbLFGu4JXWKIlOxzrF-vts-qvG8L4
2021-11-14 06:42:05,903:INFO:jwt.jwt
2021-11-14 06:42:05,903:INFO:eyJhbGciOiJIUzI1NiIsInR5cCI6IkpXVCJ9.eyJ1c2VybmFtZSI6Ilx1MDQxYVx1MDQzOFx1MDQzZVx1MDQ0MVx1MDQzYTIiLCJ1c2VyX2lkIjoyLCJleHAiOjE2MzY4NDAwMjJ9.hQQ8bdXNzuxEvuWo3C2x9ge6JzsPlCOFNKEoIqLPI5s
2021-11-14 06:42:05,905:INFO:jwt.jwt
2021-11-14 06:42:05,905:INFO:eyJhbGciOiJIUzI1NiIsInR5cCI6IkpXVCJ9.eyJ1c2VybmFtZSI6Ilx1MDQxYVx1MDQzOFx1MDQzZVx1MDQ0MVx1MDQzYTIiLCJ1c2VyX2lkIjoyLCJleHAiOjE2MzY4NDM2MjV9.4ZFwjEWJ28-pMzGbLFGu4JXWKIlOxzrF-vts-qvG8L4
2021-11-14 06:42:09,284:INFO:ads
2021-11-14 07:42:09,512:INFO:jwt
2021-11-14 07:42:09,519:INFO:{'username': u'\u041a\u0438\u043e\u0441\u043a2', 'user_id': 2, 'exp': datetime.datetime(2021, 11, 13, 23, 47, 9, 519666)}
2021-11-14 07:42:09,519:INFO:eyJhbGciOiJIUzI1NiIsInR5cCI6IkpXVCJ9.eyJ1c2VybmFtZSI6Ilx1MDQxYVx1MDQzOFx1MDQzZVx1MDQ0MVx1MDQzYTIiLCJ1c2VyX2lkIjoyLCJleHAiOjE2MzY4NDcyMjl9.48sB7vb9vP8WLN5eztddNZ6_UZxOhAbhxpqehINtmzI
2021-11-14 07:42:09,520:INFO:jwt.jwt
2021-11-14 07:42:09,520:INFO:eyJhbGciOiJIUzI1NiIsInR5cCI6IkpXVCJ9.eyJ1c2VybmFtZSI6Ilx1MDQxYVx1MDQzOFx1MDQzZVx1MDQ0MVx1MDQzYTIiLCJ1c2VyX2lkIjoyLCJleHAiOjE2MzY4NDM2MjV9.4ZFwjEWJ28-pMzGbLFGu4JXWKIlOxzrF-vts-qvG8L4
2021-11-14 07:42:09,521:INFO:jwt.jwt
2021-11-14 07:42:09,521:INFO:eyJhbGciOiJIUzI1NiIsInR5cCI6IkpXVCJ9.eyJ1c2VybmFtZSI6Ilx1MDQxYVx1MDQzOFx1MDQzZVx1MDQ0MVx1MDQzYTIiLCJ1c2VyX2lkIjoyLCJleHAiOjE2MzY4NDcyMjl9.48sB7vb9vP8WLN5eztddNZ6_UZxOhAbhxpqehINtmzI
2021-11-14 07:42:12,696:INFO:ads
2021-11-14 08:42:12,526:INFO:jwt
2021-11-14 08:42:12,532:INFO:{'username': u'\u041a\u0438\u043e\u0441\u043a2', 'user_id': 2, 'exp': datetime.datetime(2021, 11, 14, 0, 47, 12, 532770)}
2021-11-14 08:42:12,533:INFO:eyJhbGciOiJIUzI1NiIsInR5cCI6IkpXVCJ9.eyJ1c2VybmFtZSI6Ilx1MDQxYVx1MDQzOFx1MDQzZVx1MDQ0MVx1MDQzYTIiLCJ1c2VyX2lkIjoyLCJleHAiOjE2MzY4NTA4MzJ9.Ytz5BtUBQai4sb3Q806uD9h0TgNp8KwQmXdJIohv1xg
2021-11-14 08:42:12,533:INFO:jwt.jwt
2021-11-14 08:42:12,533:INFO:eyJhbGciOiJIUzI1NiIsInR5cCI6IkpXVCJ9.eyJ1c2VybmFtZSI6Ilx1MDQxYVx1MDQzOFx1MDQzZVx1MDQ0MVx1MDQzYTIiLCJ1c2VyX2lkIjoyLCJleHAiOjE2MzY4NDcyMjl9.48sB7vb9vP8WLN5eztddNZ6_UZxOhAbhxpqehINtmzI
2021-11-14 08:42:12,534:INFO:jwt.jwt
2021-11-14 08:42:12,534:INFO:eyJhbGciOiJIUzI1NiIsInR5cCI6IkpXVCJ9.eyJ1c2VybmFtZSI6Ilx1MDQxYVx1MDQzOFx1MDQzZVx1MDQ0MVx1MDQzYTIiLCJ1c2VyX2lkIjoyLCJleHAiOjE2MzY4NTA4MzJ9.Ytz5BtUBQai4sb3Q806uD9h0TgNp8KwQmXdJIohv1xg
2021-11-14 08:42:15,772:INFO:ads
2021-11-14 09:42:15,743:INFO:jwt
2021-11-14 09:42:15,749:INFO:{'username': u'\u041a\u0438\u043e\u0441\u043a2', 'user_id': 2, 'exp': datetime.datetime(2021, 11, 14, 1, 47, 15, 749642)}
2021-11-14 09:42:15,749:INFO:eyJhbGciOiJIUzI1NiIsInR5cCI6IkpXVCJ9.eyJ1c2VybmFtZSI6Ilx1MDQxYVx1MDQzOFx1MDQzZVx1MDQ0MVx1MDQzYTIiLCJ1c2VyX2lkIjoyLCJleHAiOjE2MzY4NTQ0MzV9.nmzoGkd9IQpFpse4UcTwQjS0arH8nWjtS25dnpkH2n4
2021-11-14 09:42:15,750:INFO:jwt.jwt
2021-11-14 09:42:15,750:INFO:eyJhbGciOiJIUzI1NiIsInR5cCI6IkpXVCJ9.eyJ1c2VybmFtZSI6Ilx1MDQxYVx1MDQzOFx1MDQzZVx1MDQ0MVx1MDQzYTIiLCJ1c2VyX2lkIjoyLCJleHAiOjE2MzY4NTA4MzJ9.Ytz5BtUBQai4sb3Q806uD9h0TgNp8KwQmXdJIohv1xg
2021-11-14 09:42:15,751:INFO:jwt.jwt
2021-11-14 09:42:15,751:INFO:eyJhbGciOiJIUzI1NiIsInR5cCI6IkpXVCJ9.eyJ1c2VybmFtZSI6Ilx1MDQxYVx1MDQzOFx1MDQzZVx1MDQ0MVx1MDQzYTIiLCJ1c2VyX2lkIjoyLCJleHAiOjE2MzY4NTQ0MzV9.nmzoGkd9IQpFpse4UcTwQjS0arH8nWjtS25dnpkH2n4
2021-11-14 09:42:19,103:INFO:ads
2021-11-14 10:42:18,944:INFO:jwt
2021-11-14 10:42:18,950:INFO:{'username': u'\u041a\u0438\u043e\u0441\u043a2', 'user_id': 2, 'exp': datetime.datetime(2021, 11, 14, 2, 47, 18, 950836)}
2021-11-14 10:42:18,951:INFO:eyJhbGciOiJIUzI1NiIsInR5cCI6IkpXVCJ9.eyJ1c2VybmFtZSI6Ilx1MDQxYVx1MDQzOFx1MDQzZVx1MDQ0MVx1MDQzYTIiLCJ1c2VyX2lkIjoyLCJleHAiOjE2MzY4NTgwMzh9.FEh_KsNzdW4ne_XKrrN-aua5CziupA86yEv_8OU33sQ
2021-11-14 10:42:18,951:INFO:jwt.jwt
2021-11-14 10:42:18,951:INFO:eyJhbGciOiJIUzI1NiIsInR5cCI6IkpXVCJ9.eyJ1c2VybmFtZSI6Ilx1MDQxYVx1MDQzOFx1MDQzZVx1MDQ0MVx1MDQzYTIiLCJ1c2VyX2lkIjoyLCJleHAiOjE2MzY4NTQ0MzV9.nmzoGkd9IQpFpse4UcTwQjS0arH8nWjtS25dnpkH2n4
2021-11-14 10:42:18,952:INFO:jwt.jwt
2021-11-14 10:42:18,952:INFO:eyJhbGciOiJIUzI1NiIsInR5cCI6IkpXVCJ9.eyJ1c2VybmFtZSI6Ilx1MDQxYVx1MDQzOFx1MDQzZVx1MDQ0MVx1MDQzYTIiLCJ1c2VyX2lkIjoyLCJleHAiOjE2MzY4NTgwMzh9.FEh_KsNzdW4ne_XKrrN-aua5CziupA86yEv_8OU33sQ
2021-11-14 10:42:22,168:INFO:ads
2021-11-14 11:42:21,980:INFO:jwt
2021-11-14 11:42:21,987:INFO:{'username': u'\u041a\u0438\u043e\u0441\u043a2', 'user_id': 2, 'exp': datetime.datetime(2021, 11, 14, 3, 47, 21, 987137)}
2021-11-14 11:42:21,987:INFO:eyJhbGciOiJIUzI1NiIsInR5cCI6IkpXVCJ9.eyJ1c2VybmFtZSI6Ilx1MDQxYVx1MDQzOFx1MDQzZVx1MDQ0MVx1MDQzYTIiLCJ1c2VyX2lkIjoyLCJleHAiOjE2MzY4NjE2NDF9.WXOMJ5_fb7WcF327_zagiKXPAXWwehJu7FIbJlCVZ1o
2021-11-14 11:42:21,987:INFO:jwt.jwt
2021-11-14 11:42:21,987:INFO:eyJhbGciOiJIUzI1NiIsInR5cCI6IkpXVCJ9.eyJ1c2VybmFtZSI6Ilx1MDQxYVx1MDQzOFx1MDQzZVx1MDQ0MVx1MDQzYTIiLCJ1c2VyX2lkIjoyLCJleHAiOjE2MzY4NTgwMzh9.FEh_KsNzdW4ne_XKrrN-aua5CziupA86yEv_8OU33sQ
2021-11-14 11:42:21,988:INFO:jwt.jwt
2021-11-14 11:42:21,988:INFO:eyJhbGciOiJIUzI1NiIsInR5cCI6IkpXVCJ9.eyJ1c2VybmFtZSI6Ilx1MDQxYVx1MDQzOFx1MDQzZVx1MDQ0MVx1MDQzYTIiLCJ1c2VyX2lkIjoyLCJleHAiOjE2MzY4NjE2NDF9.WXOMJ5_fb7WcF327_zagiKXPAXWwehJu7FIbJlCVZ1o
2021-11-14 11:42:25,311:INFO:ads
2021-11-14 12:42:25,215:INFO:jwt
2021-11-14 12:42:25,222:INFO:{'username': u'\u041a\u0438\u043e\u0441\u043a2', 'user_id': 2, 'exp': datetime.datetime(2021, 11, 14, 4, 47, 25, 222260)}
2021-11-14 12:42:25,222:INFO:eyJhbGciOiJIUzI1NiIsInR5cCI6IkpXVCJ9.eyJ1c2VybmFtZSI6Ilx1MDQxYVx1MDQzOFx1MDQzZVx1MDQ0MVx1MDQzYTIiLCJ1c2VyX2lkIjoyLCJleHAiOjE2MzY4NjUyNDV9._2z4vnKVtZJixHcMuBPcMkUNHZWvJE_rgR4jMBfLukI
2021-11-14 12:42:25,222:INFO:jwt.jwt
2021-11-14 12:42:25,222:INFO:eyJhbGciOiJIUzI1NiIsInR5cCI6IkpXVCJ9.eyJ1c2VybmFtZSI6Ilx1MDQxYVx1MDQzOFx1MDQzZVx1MDQ0MVx1MDQzYTIiLCJ1c2VyX2lkIjoyLCJleHAiOjE2MzY4NjE2NDF9.WXOMJ5_fb7WcF327_zagiKXPAXWwehJu7FIbJlCVZ1o
2021-11-14 12:42:25,223:INFO:jwt.jwt
2021-11-14 12:42:25,224:INFO:eyJhbGciOiJIUzI1NiIsInR5cCI6IkpXVCJ9.eyJ1c2VybmFtZSI6Ilx1MDQxYVx1MDQzOFx1MDQzZVx1MDQ0MVx1MDQzYTIiLCJ1c2VyX2lkIjoyLCJleHAiOjE2MzY4NjUyNDV9._2z4vnKVtZJixHcMuBPcMkUNHZWvJE_rgR4jMBfLukI
2021-11-14 12:42:28,435:INFO:ads
2021-11-14 13:42:28,245:INFO:jwt
2021-11-14 13:42:28,251:INFO:{'username': u'\u041a\u0438\u043e\u0441\u043a2', 'user_id': 2, 'exp': datetime.datetime(2021, 11, 14, 5, 47, 28, 251090)}
2021-11-14 13:42:28,251:INFO:eyJhbGciOiJIUzI1NiIsInR5cCI6IkpXVCJ9.eyJ1c2VybmFtZSI6Ilx1MDQxYVx1MDQzOFx1MDQzZVx1MDQ0MVx1MDQzYTIiLCJ1c2VyX2lkIjoyLCJleHAiOjE2MzY4Njg4NDh9.Fi9duucYogxwEikbVpUEp3SQYiqqWIPsz4kbHEAdo24
2021-11-14 13:42:28,251:INFO:jwt.jwt
2021-11-14 13:42:28,251:INFO:eyJhbGciOiJIUzI1NiIsInR5cCI6IkpXVCJ9.eyJ1c2VybmFtZSI6Ilx1MDQxYVx1MDQzOFx1MDQzZVx1MDQ0MVx1MDQzYTIiLCJ1c2VyX2lkIjoyLCJleHAiOjE2MzY4NjUyNDV9._2z4vnKVtZJixHcMuBPcMkUNHZWvJE_rgR4jMBfLukI
2021-11-14 13:42:28,252:INFO:jwt.jwt
2021-11-14 13:42:28,252:INFO:eyJhbGciOiJIUzI1NiIsInR5cCI6IkpXVCJ9.eyJ1c2VybmFtZSI6Ilx1MDQxYVx1MDQzOFx1MDQzZVx1MDQ0MVx1MDQzYTIiLCJ1c2VyX2lkIjoyLCJleHAiOjE2MzY4Njg4NDh9.Fi9duucYogxwEikbVpUEp3SQYiqqWIPsz4kbHEAdo24
2021-11-14 13:42:31,419:INFO:ads
2021-11-14 14:42:31,510:INFO:jwt
2021-11-14 14:42:31,516:INFO:{'username': u'\u041a\u0438\u043e\u0441\u043a2', 'user_id': 2, 'exp': datetime.datetime(2021, 11, 14, 6, 47, 31, 516612)}
2021-11-14 14:42:31,516:INFO:eyJhbGciOiJIUzI1NiIsInR5cCI6IkpXVCJ9.eyJ1c2VybmFtZSI6Ilx1MDQxYVx1MDQzOFx1MDQzZVx1MDQ0MVx1MDQzYTIiLCJ1c2VyX2lkIjoyLCJleHAiOjE2MzY4NzI0NTF9.YAfiBkh6P0qn4nwNHqKCa3gd61aFGqwSIQOVOX8KLGY
2021-11-14 14:42:31,517:INFO:jwt.jwt
2021-11-14 14:42:31,517:INFO:eyJhbGciOiJIUzI1NiIsInR5cCI6IkpXVCJ9.eyJ1c2VybmFtZSI6Ilx1MDQxYVx1MDQzOFx1MDQzZVx1MDQ0MVx1MDQzYTIiLCJ1c2VyX2lkIjoyLCJleHAiOjE2MzY4Njg4NDh9.Fi9duucYogxwEikbVpUEp3SQYiqqWIPsz4kbHEAdo24
2021-11-14 14:42:31,518:INFO:jwt.jwt
2021-11-14 14:42:31,518:INFO:eyJhbGciOiJIUzI1NiIsInR5cCI6IkpXVCJ9.eyJ1c2VybmFtZSI6Ilx1MDQxYVx1MDQzOFx1MDQzZVx1MDQ0MVx1MDQzYTIiLCJ1c2VyX2lkIjoyLCJleHAiOjE2MzY4NzI0NTF9.YAfiBkh6P0qn4nwNHqKCa3gd61aFGqwSIQOVOX8KLGY
2021-11-14 14:42:34,926:INFO:ads
2021-11-14 15:42:34,772:INFO:jwt
2021-11-14 15:42:34,778:INFO:{'username': u'\u041a\u0438\u043e\u0441\u043a2', 'user_id': 2, 'exp': datetime.datetime(2021, 11, 14, 7, 47, 34, 778842)}
2021-11-14 15:42:34,779:INFO:eyJhbGciOiJIUzI1NiIsInR5cCI6IkpXVCJ9.eyJ1c2VybmFtZSI6Ilx1MDQxYVx1MDQzOFx1MDQzZVx1MDQ0MVx1MDQzYTIiLCJ1c2VyX2lkIjoyLCJleHAiOjE2MzY4NzYwNTR9.Jhoa9csYfOGdu3yRLSA5V_KlLFWgb8FNLeGWIrMHTDk
2021-11-14 15:42:34,779:INFO:jwt.jwt
2021-11-14 15:42:34,779:INFO:eyJhbGciOiJIUzI1NiIsInR5cCI6IkpXVCJ9.eyJ1c2VybmFtZSI6Ilx1MDQxYVx1MDQzOFx1MDQzZVx1MDQ0MVx1MDQzYTIiLCJ1c2VyX2lkIjoyLCJleHAiOjE2MzY4NzI0NTF9.YAfiBkh6P0qn4nwNHqKCa3gd61aFGqwSIQOVOX8KLGY
2021-11-14 15:42:34,780:INFO:jwt.jwt
2021-11-14 15:42:34,780:INFO:eyJhbGciOiJIUzI1NiIsInR5cCI6IkpXVCJ9.eyJ1c2VybmFtZSI6Ilx1MDQxYVx1MDQzOFx1MDQzZVx1MDQ0MVx1MDQzYTIiLCJ1c2VyX2lkIjoyLCJleHAiOjE2MzY4NzYwNTR9.Jhoa9csYfOGdu3yRLSA5V_KlLFWgb8FNLeGWIrMHTDk
2021-11-14 15:42:38,072:INFO:ads
2021-11-14 16:42:37,945:INFO:jwt
2021-11-14 16:42:37,951:INFO:{'username': u'\u041a\u0438\u043e\u0441\u043a2', 'user_id': 2, 'exp': datetime.datetime(2021, 11, 14, 8, 47, 37, 951098)}
2021-11-14 16:42:37,951:INFO:eyJhbGciOiJIUzI1NiIsInR5cCI6IkpXVCJ9.eyJ1c2VybmFtZSI6Ilx1MDQxYVx1MDQzOFx1MDQzZVx1MDQ0MVx1MDQzYTIiLCJ1c2VyX2lkIjoyLCJleHAiOjE2MzY4Nzk2NTd9.blrMsiMOuafwLQtpVtyxyY9u8jlvni2KpzWwARCyiNw
2021-11-14 16:42:37,951:INFO:jwt.jwt
2021-11-14 16:42:37,951:INFO:eyJhbGciOiJIUzI1NiIsInR5cCI6IkpXVCJ9.eyJ1c2VybmFtZSI6Ilx1MDQxYVx1MDQzOFx1MDQzZVx1MDQ0MVx1MDQzYTIiLCJ1c2VyX2lkIjoyLCJleHAiOjE2MzY4NzYwNTR9.Jhoa9csYfOGdu3yRLSA5V_KlLFWgb8FNLeGWIrMHTDk
2021-11-14 16:42:37,952:INFO:jwt.jwt
2021-11-14 16:42:37,952:INFO:eyJhbGciOiJIUzI1NiIsInR5cCI6IkpXVCJ9.eyJ1c2VybmFtZSI6Ilx1MDQxYVx1MDQzOFx1MDQzZVx1MDQ0MVx1MDQzYTIiLCJ1c2VyX2lkIjoyLCJleHAiOjE2MzY4Nzk2NTd9.blrMsiMOuafwLQtpVtyxyY9u8jlvni2KpzWwARCyiNw
2021-11-14 16:42:41,282:INFO:ads
2021-11-14 17:42:41,201:INFO:jwt
2021-11-14 17:42:41,208:INFO:{'username': u'\u041a\u0438\u043e\u0441\u043a2', 'user_id': 2, 'exp': datetime.datetime(2021, 11, 14, 9, 47, 41, 208063)}
2021-11-14 17:42:41,208:INFO:eyJhbGciOiJIUzI1NiIsInR5cCI6IkpXVCJ9.eyJ1c2VybmFtZSI6Ilx1MDQxYVx1MDQzOFx1MDQzZVx1MDQ0MVx1MDQzYTIiLCJ1c2VyX2lkIjoyLCJleHAiOjE2MzY4ODMyNjF9.em0QjquaPqeC6Ah0zbeij7svE5PBUS-VUnYMPIYWbRQ
2021-11-14 17:42:41,208:INFO:jwt.jwt
2021-11-14 17:42:41,208:INFO:eyJhbGciOiJIUzI1NiIsInR5cCI6IkpXVCJ9.eyJ1c2VybmFtZSI6Ilx1MDQxYVx1MDQzOFx1MDQzZVx1MDQ0MVx1MDQzYTIiLCJ1c2VyX2lkIjoyLCJleHAiOjE2MzY4Nzk2NTd9.blrMsiMOuafwLQtpVtyxyY9u8jlvni2KpzWwARCyiNw
2021-11-14 17:42:41,209:INFO:jwt.jwt
2021-11-14 17:42:41,209:INFO:eyJhbGciOiJIUzI1NiIsInR5cCI6IkpXVCJ9.eyJ1c2VybmFtZSI6Ilx1MDQxYVx1MDQzOFx1MDQzZVx1MDQ0MVx1MDQzYTIiLCJ1c2VyX2lkIjoyLCJleHAiOjE2MzY4ODMyNjF9.em0QjquaPqeC6Ah0zbeij7svE5PBUS-VUnYMPIYWbRQ
2021-11-14 17:42:44,538:INFO:ads
2021-11-14 18:42:44,528:INFO:jwt
2021-11-14 18:42:44,536:INFO:{'username': u'\u041a\u0438\u043e\u0441\u043a2', 'user_id': 2, 'exp': datetime.datetime(2021, 11, 14, 10, 47, 44, 535991)}
2021-11-14 18:42:44,536:INFO:eyJhbGciOiJIUzI1NiIsInR5cCI6IkpXVCJ9.eyJ1c2VybmFtZSI6Ilx1MDQxYVx1MDQzOFx1MDQzZVx1MDQ0MVx1MDQzYTIiLCJ1c2VyX2lkIjoyLCJleHAiOjE2MzY4ODY4NjR9.yxMln-qDjKET2RP2UwYba2gpc8bOhdKAorYp9vuWQHU
2021-11-14 18:42:44,536:INFO:jwt.jwt
2021-11-14 18:42:44,536:INFO:eyJhbGciOiJIUzI1NiIsInR5cCI6IkpXVCJ9.eyJ1c2VybmFtZSI6Ilx1MDQxYVx1MDQzOFx1MDQzZVx1MDQ0MVx1MDQzYTIiLCJ1c2VyX2lkIjoyLCJleHAiOjE2MzY4ODMyNjF9.em0QjquaPqeC6Ah0zbeij7svE5PBUS-VUnYMPIYWbRQ
2021-11-14 18:42:44,538:INFO:jwt.jwt
2021-11-14 18:42:44,538:INFO:eyJhbGciOiJIUzI1NiIsInR5cCI6IkpXVCJ9.eyJ1c2VybmFtZSI6Ilx1MDQxYVx1MDQzOFx1MDQzZVx1MDQ0MVx1MDQzYTIiLCJ1c2VyX2lkIjoyLCJleHAiOjE2MzY4ODY4NjR9.yxMln-qDjKET2RP2UwYba2gpc8bOhdKAorYp9vuWQHU
2021-11-14 18:42:47,864:INFO:ads
2021-11-14 19:42:47,761:INFO:jwt
2021-11-14 19:42:47,768:INFO:{'username': u'\u041a\u0438\u043e\u0441\u043a2', 'user_id': 2, 'exp': datetime.datetime(2021, 11, 14, 11, 47, 47, 768112)}
2021-11-14 19:42:47,768:INFO:eyJhbGciOiJIUzI1NiIsInR5cCI6IkpXVCJ9.eyJ1c2VybmFtZSI6Ilx1MDQxYVx1MDQzOFx1MDQzZVx1MDQ0MVx1MDQzYTIiLCJ1c2VyX2lkIjoyLCJleHAiOjE2MzY4OTA0Njd9.69I72tBKsx6rVBXYTC2kpsscpzPtCHP0ZC9YVnh3q6o
2021-11-14 19:42:47,768:INFO:jwt.jwt
2021-11-14 19:42:47,768:INFO:eyJhbGciOiJIUzI1NiIsInR5cCI6IkpXVCJ9.eyJ1c2VybmFtZSI6Ilx1MDQxYVx1MDQzOFx1MDQzZVx1MDQ0MVx1MDQzYTIiLCJ1c2VyX2lkIjoyLCJleHAiOjE2MzY4ODY4NjR9.yxMln-qDjKET2RP2UwYba2gpc8bOhdKAorYp9vuWQHU
2021-11-14 19:42:47,769:INFO:jwt.jwt
2021-11-14 19:42:47,769:INFO:eyJhbGciOiJIUzI1NiIsInR5cCI6IkpXVCJ9.eyJ1c2VybmFtZSI6Ilx1MDQxYVx1MDQzOFx1MDQzZVx1MDQ0MVx1MDQzYTIiLCJ1c2VyX2lkIjoyLCJleHAiOjE2MzY4OTA0Njd9.69I72tBKsx6rVBXYTC2kpsscpzPtCHP0ZC9YVnh3q6o
2021-11-14 19:42:51,082:INFO:ads
2021-11-14 20:42:50,917:INFO:jwt
2021-11-14 20:42:50,924:INFO:{'username': u'\u041a\u0438\u043e\u0441\u043a2', 'user_id': 2, 'exp': datetime.datetime(2021, 11, 14, 12, 47, 50, 924576)}
2021-11-14 20:42:50,924:INFO:eyJhbGciOiJIUzI1NiIsInR5cCI6IkpXVCJ9.eyJ1c2VybmFtZSI6Ilx1MDQxYVx1MDQzOFx1MDQzZVx1MDQ0MVx1MDQzYTIiLCJ1c2VyX2lkIjoyLCJleHAiOjE2MzY4OTQwNzB9.xqK1MqIzLRkaQDk_8L_snDB45Iunvxl4L8R1vEOOb0c
2021-11-14 20:42:50,924:INFO:jwt.jwt
2021-11-14 20:42:50,925:INFO:eyJhbGciOiJIUzI1NiIsInR5cCI6IkpXVCJ9.eyJ1c2VybmFtZSI6Ilx1MDQxYVx1MDQzOFx1MDQzZVx1MDQ0MVx1MDQzYTIiLCJ1c2VyX2lkIjoyLCJleHAiOjE2MzY4OTA0Njd9.69I72tBKsx6rVBXYTC2kpsscpzPtCHP0ZC9YVnh3q6o
2021-11-14 20:42:50,926:INFO:jwt.jwt
2021-11-14 20:42:50,926:INFO:eyJhbGciOiJIUzI1NiIsInR5cCI6IkpXVCJ9.eyJ1c2VybmFtZSI6Ilx1MDQxYVx1MDQzOFx1MDQzZVx1MDQ0MVx1MDQzYTIiLCJ1c2VyX2lkIjoyLCJleHAiOjE2MzY4OTQwNzB9.xqK1MqIzLRkaQDk_8L_snDB45Iunvxl4L8R1vEOOb0c
2021-11-14 20:42:54,228:INFO:ads
2021-11-14 21:42:54,297:INFO:jwt
2021-11-14 21:42:54,304:INFO:{'username': u'\u041a\u0438\u043e\u0441\u043a2', 'user_id': 2, 'exp': datetime.datetime(2021, 11, 14, 13, 47, 54, 303985)}
2021-11-14 21:42:54,304:INFO:eyJhbGciOiJIUzI1NiIsInR5cCI6IkpXVCJ9.eyJ1c2VybmFtZSI6Ilx1MDQxYVx1MDQzOFx1MDQzZVx1MDQ0MVx1MDQzYTIiLCJ1c2VyX2lkIjoyLCJleHAiOjE2MzY4OTc2NzR9.1lAuFjBe9k2CsbQDsmAV93fq20pdyUNWJXqkmQbneEI
2021-11-14 21:42:54,304:INFO:jwt.jwt
2021-11-14 21:42:54,304:INFO:eyJhbGciOiJIUzI1NiIsInR5cCI6IkpXVCJ9.eyJ1c2VybmFtZSI6Ilx1MDQxYVx1MDQzOFx1MDQzZVx1MDQ0MVx1MDQzYTIiLCJ1c2VyX2lkIjoyLCJleHAiOjE2MzY4OTQwNzB9.xqK1MqIzLRkaQDk_8L_snDB45Iunvxl4L8R1vEOOb0c
2021-11-14 21:42:54,305:INFO:jwt.jwt
2021-11-14 21:42:54,305:INFO:eyJhbGciOiJIUzI1NiIsInR5cCI6IkpXVCJ9.eyJ1c2VybmFtZSI6Ilx1MDQxYVx1MDQzOFx1MDQzZVx1MDQ0MVx1MDQzYTIiLCJ1c2VyX2lkIjoyLCJleHAiOjE2MzY4OTc2NzR9.1lAuFjBe9k2CsbQDsmAV93fq20pdyUNWJXqkmQbneEI
2021-11-14 21:42:57,521:INFO:ads
2021-11-14 22:42:57,591:INFO:jwt
2021-11-14 22:42:57,597:INFO:{'username': u'\u041a\u0438\u043e\u0441\u043a2', 'user_id': 2, 'exp': datetime.datetime(2021, 11, 14, 14, 47, 57, 597651)}
2021-11-14 22:42:57,597:INFO:eyJhbGciOiJIUzI1NiIsInR5cCI6IkpXVCJ9.eyJ1c2VybmFtZSI6Ilx1MDQxYVx1MDQzOFx1MDQzZVx1MDQ0MVx1MDQzYTIiLCJ1c2VyX2lkIjoyLCJleHAiOjE2MzY5MDEyNzd9.b90AKIAt20KXf9UHh-n4-EYDjx8P7Bvs4XbKOh07bik
2021-11-14 22:42:57,598:INFO:jwt.jwt
2021-11-14 22:42:57,598:INFO:eyJhbGciOiJIUzI1NiIsInR5cCI6IkpXVCJ9.eyJ1c2VybmFtZSI6Ilx1MDQxYVx1MDQzOFx1MDQzZVx1MDQ0MVx1MDQzYTIiLCJ1c2VyX2lkIjoyLCJleHAiOjE2MzY4OTc2NzR9.1lAuFjBe9k2CsbQDsmAV93fq20pdyUNWJXqkmQbneEI
2021-11-14 22:42:57,599:INFO:jwt.jwt
2021-11-14 22:42:57,599:INFO:eyJhbGciOiJIUzI1NiIsInR5cCI6IkpXVCJ9.eyJ1c2VybmFtZSI6Ilx1MDQxYVx1MDQzOFx1MDQzZVx1MDQ0MVx1MDQzYTIiLCJ1c2VyX2lkIjoyLCJleHAiOjE2MzY5MDEyNzd9.b90AKIAt20KXf9UHh-n4-EYDjx8P7Bvs4XbKOh07bik
2021-11-14 22:43:01,061:INFO:ads
2021-11-14 23:43:01,014:INFO:jwt
2021-11-14 23:43:01,020:INFO:{'username': u'\u041a\u0438\u043e\u0441\u043a2', 'user_id': 2, 'exp': datetime.datetime(2021, 11, 14, 15, 48, 1, 20663)}
2021-11-14 23:43:01,020:INFO:eyJhbGciOiJIUzI1NiIsInR5cCI6IkpXVCJ9.eyJ1c2VybmFtZSI6Ilx1MDQxYVx1MDQzOFx1MDQzZVx1MDQ0MVx1MDQzYTIiLCJ1c2VyX2lkIjoyLCJleHAiOjE2MzY5MDQ4ODF9.3yVr-tvSkIV8UxMvFzuvRp93mNMqNRgdfB_9Ip3wwPU
2021-11-14 23:43:01,021:INFO:jwt.jwt
2021-11-14 23:43:01,021:INFO:eyJhbGciOiJIUzI1NiIsInR5cCI6IkpXVCJ9.eyJ1c2VybmFtZSI6Ilx1MDQxYVx1MDQzOFx1MDQzZVx1MDQ0MVx1MDQzYTIiLCJ1c2VyX2lkIjoyLCJleHAiOjE2MzY5MDEyNzd9.b90AKIAt20KXf9UHh-n4-EYDjx8P7Bvs4XbKOh07bik
2021-11-14 23:43:01,022:INFO:jwt.jwt
2021-11-14 23:43:01,022:INFO:eyJhbGciOiJIUzI1NiIsInR5cCI6IkpXVCJ9.eyJ1c2VybmFtZSI6Ilx1MDQxYVx1MDQzOFx1MDQzZVx1MDQ0MVx1MDQzYTIiLCJ1c2VyX2lkIjoyLCJleHAiOjE2MzY5MDQ4ODF9.3yVr-tvSkIV8UxMvFzuvRp93mNMqNRgdfB_9Ip3wwPU
2021-11-14 23:43:04,202:INFO:ads
2021-11-15 00:43:04,099:INFO:jwt
2021-11-15 00:43:04,105:INFO:{'username': u'\u041a\u0438\u043e\u0441\u043a2', 'user_id': 2, 'exp': datetime.datetime(2021, 11, 14, 16, 48, 4, 105695)}
2021-11-15 00:43:04,106:INFO:eyJhbGciOiJIUzI1NiIsInR5cCI6IkpXVCJ9.eyJ1c2VybmFtZSI6Ilx1MDQxYVx1MDQzOFx1MDQzZVx1MDQ0MVx1MDQzYTIiLCJ1c2VyX2lkIjoyLCJleHAiOjE2MzY5MDg0ODR9.4lpF0cDCroNHnEkh5vCI5EFZuGyVQ-dKQezSIfvbqks
2021-11-15 00:43:04,106:INFO:jwt.jwt
2021-11-15 00:43:04,106:INFO:eyJhbGciOiJIUzI1NiIsInR5cCI6IkpXVCJ9.eyJ1c2VybmFtZSI6Ilx1MDQxYVx1MDQzOFx1MDQzZVx1MDQ0MVx1MDQzYTIiLCJ1c2VyX2lkIjoyLCJleHAiOjE2MzY5MDQ4ODF9.3yVr-tvSkIV8UxMvFzuvRp93mNMqNRgdfB_9Ip3wwPU
2021-11-15 00:43:04,107:INFO:jwt.jwt
2021-11-15 00:43:04,107:INFO:eyJhbGciOiJIUzI1NiIsInR5cCI6IkpXVCJ9.eyJ1c2VybmFtZSI6Ilx1MDQxYVx1MDQzOFx1MDQzZVx1MDQ0MVx1MDQzYTIiLCJ1c2VyX2lkIjoyLCJleHAiOjE2MzY5MDg0ODR9.4lpF0cDCroNHnEkh5vCI5EFZuGyVQ-dKQezSIfvbqks
2021-11-15 00:43:07,343:INFO:ads
2021-11-15 01:43:07,191:INFO:jwt
2021-11-15 01:43:07,198:INFO:{'username': u'\u041a\u0438\u043e\u0441\u043a2', 'user_id': 2, 'exp': datetime.datetime(2021, 11, 14, 17, 48, 7, 198231)}
2021-11-15 01:43:07,198:INFO:eyJhbGciOiJIUzI1NiIsInR5cCI6IkpXVCJ9.eyJ1c2VybmFtZSI6Ilx1MDQxYVx1MDQzOFx1MDQzZVx1MDQ0MVx1MDQzYTIiLCJ1c2VyX2lkIjoyLCJleHAiOjE2MzY5MTIwODd9.cPM5e9UVjQkVagUh8P5jYjwpROywjs3wSQnBaOIzpSQ
2021-11-15 01:43:07,198:INFO:jwt.jwt
2021-11-15 01:43:07,198:INFO:eyJhbGciOiJIUzI1NiIsInR5cCI6IkpXVCJ9.eyJ1c2VybmFtZSI6Ilx1MDQxYVx1MDQzOFx1MDQzZVx1MDQ0MVx1MDQzYTIiLCJ1c2VyX2lkIjoyLCJleHAiOjE2MzY5MDg0ODR9.4lpF0cDCroNHnEkh5vCI5EFZuGyVQ-dKQezSIfvbqks
2021-11-15 01:43:07,200:INFO:jwt.jwt
2021-11-15 01:43:07,200:INFO:eyJhbGciOiJIUzI1NiIsInR5cCI6IkpXVCJ9.eyJ1c2VybmFtZSI6Ilx1MDQxYVx1MDQzOFx1MDQzZVx1MDQ0MVx1MDQzYTIiLCJ1c2VyX2lkIjoyLCJleHAiOjE2MzY5MTIwODd9.cPM5e9UVjQkVagUh8P5jYjwpROywjs3wSQnBaOIzpSQ
2021-11-15 01:43:10,560:INFO:ads
2021-11-15 02:43:10,488:INFO:jwt
2021-11-15 02:43:10,494:INFO:{'username': u'\u041a\u0438\u043e\u0441\u043a2', 'user_id': 2, 'exp': datetime.datetime(2021, 11, 14, 18, 48, 10, 494581)}
2021-11-15 02:43:10,494:INFO:eyJhbGciOiJIUzI1NiIsInR5cCI6IkpXVCJ9.eyJ1c2VybmFtZSI6Ilx1MDQxYVx1MDQzOFx1MDQzZVx1MDQ0MVx1MDQzYTIiLCJ1c2VyX2lkIjoyLCJleHAiOjE2MzY5MTU2OTB9.0la6LFuxcfFUccKMVTNw1KG24fG1SwHdY2tf-XJ1wLo
2021-11-15 02:43:10,494:INFO:jwt.jwt
2021-11-15 02:43:10,495:INFO:eyJhbGciOiJIUzI1NiIsInR5cCI6IkpXVCJ9.eyJ1c2VybmFtZSI6Ilx1MDQxYVx1MDQzOFx1MDQzZVx1MDQ0MVx1MDQzYTIiLCJ1c2VyX2lkIjoyLCJleHAiOjE2MzY5MTIwODd9.cPM5e9UVjQkVagUh8P5jYjwpROywjs3wSQnBaOIzpSQ
2021-11-15 02:43:10,496:INFO:jwt.jwt
2021-11-15 02:43:10,496:INFO:eyJhbGciOiJIUzI1NiIsInR5cCI6IkpXVCJ9.eyJ1c2VybmFtZSI6Ilx1MDQxYVx1MDQzOFx1MDQzZVx1MDQ0MVx1MDQzYTIiLCJ1c2VyX2lkIjoyLCJleHAiOjE2MzY5MTU2OTB9.0la6LFuxcfFUccKMVTNw1KG24fG1SwHdY2tf-XJ1wLo
2021-11-15 02:43:13,751:INFO:ads
2021-11-15 03:43:13,663:INFO:jwt
2021-11-15 03:43:13,670:INFO:{'username': u'\u041a\u0438\u043e\u0441\u043a2', 'user_id': 2, 'exp': datetime.datetime(2021, 11, 14, 19, 48, 13, 670231)}
2021-11-15 03:43:13,670:INFO:eyJhbGciOiJIUzI1NiIsInR5cCI6IkpXVCJ9.eyJ1c2VybmFtZSI6Ilx1MDQxYVx1MDQzOFx1MDQzZVx1MDQ0MVx1MDQzYTIiLCJ1c2VyX2lkIjoyLCJleHAiOjE2MzY5MTkyOTN9.BgRIqA7rRncgfkpglDcwHU_YcBhFf2e6M1NfxYKbqhM
2021-11-15 03:43:13,670:INFO:jwt.jwt
2021-11-15 03:43:13,670:INFO:eyJhbGciOiJIUzI1NiIsInR5cCI6IkpXVCJ9.eyJ1c2VybmFtZSI6Ilx1MDQxYVx1MDQzOFx1MDQzZVx1MDQ0MVx1MDQzYTIiLCJ1c2VyX2lkIjoyLCJleHAiOjE2MzY5MTU2OTB9.0la6LFuxcfFUccKMVTNw1KG24fG1SwHdY2tf-XJ1wLo
2021-11-15 03:43:13,671:INFO:jwt.jwt
2021-11-15 03:43:13,672:INFO:eyJhbGciOiJIUzI1NiIsInR5cCI6IkpXVCJ9.eyJ1c2VybmFtZSI6Ilx1MDQxYVx1MDQzOFx1MDQzZVx1MDQ0MVx1MDQzYTIiLCJ1c2VyX2lkIjoyLCJleHAiOjE2MzY5MTkyOTN9.BgRIqA7rRncgfkpglDcwHU_YcBhFf2e6M1NfxYKbqhM
2021-11-15 03:43:16,993:INFO:ads
2021-11-15 04:43:16,891:INFO:jwt
2021-11-15 04:43:16,897:INFO:{'username': u'\u041a\u0438\u043e\u0441\u043a2', 'user_id': 2, 'exp': datetime.datetime(2021, 11, 14, 20, 48, 16, 897888)}
2021-11-15 04:43:16,898:INFO:eyJhbGciOiJIUzI1NiIsInR5cCI6IkpXVCJ9.eyJ1c2VybmFtZSI6Ilx1MDQxYVx1MDQzOFx1MDQzZVx1MDQ0MVx1MDQzYTIiLCJ1c2VyX2lkIjoyLCJleHAiOjE2MzY5MjI4OTZ9.VcbH3fC8eW1Hv0GR11tY_f0QvKte-oV418MGcpTRRqw
2021-11-15 04:43:16,898:INFO:jwt.jwt
2021-11-15 04:43:16,898:INFO:eyJhbGciOiJIUzI1NiIsInR5cCI6IkpXVCJ9.eyJ1c2VybmFtZSI6Ilx1MDQxYVx1MDQzOFx1MDQzZVx1MDQ0MVx1MDQzYTIiLCJ1c2VyX2lkIjoyLCJleHAiOjE2MzY5MTkyOTN9.BgRIqA7rRncgfkpglDcwHU_YcBhFf2e6M1NfxYKbqhM
2021-11-15 04:43:16,899:INFO:jwt.jwt
2021-11-15 04:43:16,899:INFO:eyJhbGciOiJIUzI1NiIsInR5cCI6IkpXVCJ9.eyJ1c2VybmFtZSI6Ilx1MDQxYVx1MDQzOFx1MDQzZVx1MDQ0MVx1MDQzYTIiLCJ1c2VyX2lkIjoyLCJleHAiOjE2MzY5MjI4OTZ9.VcbH3fC8eW1Hv0GR11tY_f0QvKte-oV418MGcpTRRqw
2021-11-15 04:43:20,130:INFO:ads
2021-11-15 05:43:20,070:INFO:jwt
2021-11-15 05:43:20,076:INFO:{'username': u'\u041a\u0438\u043e\u0441\u043a2', 'user_id': 2, 'exp': datetime.datetime(2021, 11, 14, 21, 48, 20, 76344)}
2021-11-15 05:43:20,076:INFO:eyJhbGciOiJIUzI1NiIsInR5cCI6IkpXVCJ9.eyJ1c2VybmFtZSI6Ilx1MDQxYVx1MDQzOFx1MDQzZVx1MDQ0MVx1MDQzYTIiLCJ1c2VyX2lkIjoyLCJleHAiOjE2MzY5MjY1MDB9.708IzePZWIb9V8tMh1dPGCreIvQ04B9yMeFvV2LDma8
2021-11-15 05:43:20,076:INFO:jwt.jwt
2021-11-15 05:43:20,076:INFO:eyJhbGciOiJIUzI1NiIsInR5cCI6IkpXVCJ9.eyJ1c2VybmFtZSI6Ilx1MDQxYVx1MDQzOFx1MDQzZVx1MDQ0MVx1MDQzYTIiLCJ1c2VyX2lkIjoyLCJleHAiOjE2MzY5MjI4OTZ9.VcbH3fC8eW1Hv0GR11tY_f0QvKte-oV418MGcpTRRqw
2021-11-15 05:43:20,077:INFO:jwt.jwt
2021-11-15 05:43:20,078:INFO:eyJhbGciOiJIUzI1NiIsInR5cCI6IkpXVCJ9.eyJ1c2VybmFtZSI6Ilx1MDQxYVx1MDQzOFx1MDQzZVx1MDQ0MVx1MDQzYTIiLCJ1c2VyX2lkIjoyLCJleHAiOjE2MzY5MjY1MDB9.708IzePZWIb9V8tMh1dPGCreIvQ04B9yMeFvV2LDma8
2021-11-15 05:43:23,319:INFO:ads
