2022-04-26 22:03:02,740:INFO:jwt
2022-04-26 22:03:02,763:INFO:{'username': u'\u041a\u0438\u043e\u0441\u043a2', 'user_id': 2, 'exp': datetime.datetime(2022, 4, 26, 14, 8, 2, 763268)}
2022-04-26 22:03:02,763:INFO:eyJhbGciOiJIUzI1NiIsInR5cCI6IkpXVCJ9.eyJ1c2VybmFtZSI6Ilx1MDQxYVx1MDQzOFx1MDQzZVx1MDQ0MVx1MDQzYTIiLCJ1c2VyX2lkIjoyLCJleHAiOjE2NTA5ODIwODJ9.6ymm7cPVgtfBdxOdtZXJiqDYaVUguDqRuL7PkzWzWXY
2022-04-26 22:03:05,976:INFO:ads
2022-04-26 23:03:06,922:INFO:jwt
2022-04-26 23:03:06,927:INFO:{'username': u'\u041a\u0438\u043e\u0441\u043a2', 'user_id': 2, 'exp': datetime.datetime(2022, 4, 26, 15, 8, 6, 927076)}
2022-04-26 23:03:06,927:INFO:eyJhbGciOiJIUzI1NiIsInR5cCI6IkpXVCJ9.eyJ1c2VybmFtZSI6Ilx1MDQxYVx1MDQzOFx1MDQzZVx1MDQ0MVx1MDQzYTIiLCJ1c2VyX2lkIjoyLCJleHAiOjE2NTA5ODU2ODZ9.Wv09BS3BDJIxrSJeG-f8rIgZef0VbSTvhmIcV1KV-jw
2022-04-26 23:03:10,161:INFO:ads
2022-04-27 00:03:10,058:INFO:jwt
2022-04-27 00:03:10,063:INFO:{'username': u'\u041a\u0438\u043e\u0441\u043a2', 'user_id': 2, 'exp': datetime.datetime(2022, 4, 26, 16, 8, 10, 63742)}
2022-04-27 00:03:10,064:INFO:eyJhbGciOiJIUzI1NiIsInR5cCI6IkpXVCJ9.eyJ1c2VybmFtZSI6Ilx1MDQxYVx1MDQzOFx1MDQzZVx1MDQ0MVx1MDQzYTIiLCJ1c2VyX2lkIjoyLCJleHAiOjE2NTA5ODkyOTB9.zyJVdn3wtU5xOAVS3UwsAL8wAkFQObdAQCUOJuMLGso
2022-04-27 00:03:13,184:INFO:ads
2022-04-27 01:03:13,162:INFO:jwt
2022-04-27 01:03:13,167:INFO:{'username': u'\u041a\u0438\u043e\u0441\u043a2', 'user_id': 2, 'exp': datetime.datetime(2022, 4, 26, 17, 8, 13, 167314)}
2022-04-27 01:03:13,167:INFO:eyJhbGciOiJIUzI1NiIsInR5cCI6IkpXVCJ9.eyJ1c2VybmFtZSI6Ilx1MDQxYVx1MDQzOFx1MDQzZVx1MDQ0MVx1MDQzYTIiLCJ1c2VyX2lkIjoyLCJleHAiOjE2NTA5OTI4OTN9.nRQtJtEqSdaa1c0pqr3VjAAMBRljO779ZaM3RQSPm6I
2022-04-27 01:03:16,462:INFO:ads
2022-04-27 02:03:16,405:INFO:jwt
2022-04-27 02:03:16,411:INFO:{'username': u'\u041a\u0438\u043e\u0441\u043a2', 'user_id': 2, 'exp': datetime.datetime(2022, 4, 26, 18, 8, 16, 411106)}
2022-04-27 02:03:16,411:INFO:eyJhbGciOiJIUzI1NiIsInR5cCI6IkpXVCJ9.eyJ1c2VybmFtZSI6Ilx1MDQxYVx1MDQzOFx1MDQzZVx1MDQ0MVx1MDQzYTIiLCJ1c2VyX2lkIjoyLCJleHAiOjE2NTA5OTY0OTZ9.UBEzzgsak2chu5bRB3KZ3099x9lJ0B3dGAGy-RKqCsU
2022-04-27 02:03:19,599:INFO:ads
2022-04-27 02:07:17,521:INFO:jwt
2022-04-27 02:07:17,526:INFO:{'username': u'\u041a\u0438\u043e\u0441\u043a2', 'user_id': 2, 'exp': datetime.datetime(2022, 4, 26, 18, 12, 17, 526205)}
2022-04-27 02:07:17,526:INFO:eyJhbGciOiJIUzI1NiIsInR5cCI6IkpXVCJ9.eyJ1c2VybmFtZSI6Ilx1MDQxYVx1MDQzOFx1MDQzZVx1MDQ0MVx1MDQzYTIiLCJ1c2VyX2lkIjoyLCJleHAiOjE2NTA5OTY3Mzd9.DSOjRhykFXP2QOk62VkU70eHMMb1XH4wZfFzgXmr9G4
2022-04-27 03:03:19,515:INFO:jwt
2022-04-27 03:03:19,520:INFO:{'username': u'\u041a\u0438\u043e\u0441\u043a2', 'user_id': 2, 'exp': datetime.datetime(2022, 4, 26, 19, 8, 19, 520542)}
2022-04-27 03:03:19,520:INFO:eyJhbGciOiJIUzI1NiIsInR5cCI6IkpXVCJ9.eyJ1c2VybmFtZSI6Ilx1MDQxYVx1MDQzOFx1MDQzZVx1MDQ0MVx1MDQzYTIiLCJ1c2VyX2lkIjoyLCJleHAiOjE2NTEwMDAwOTl9.ha_b-Kf1OF1_tFdlYcMvrTzbr7DdxHVF7ewg5HIny1w
2022-04-27 03:03:22,682:INFO:ads
2022-04-27 04:03:22,953:INFO:jwt
2022-04-27 04:03:22,958:INFO:{'username': u'\u041a\u0438\u043e\u0441\u043a2', 'user_id': 2, 'exp': datetime.datetime(2022, 4, 26, 20, 8, 22, 957984)}
2022-04-27 04:03:22,958:INFO:eyJhbGciOiJIUzI1NiIsInR5cCI6IkpXVCJ9.eyJ1c2VybmFtZSI6Ilx1MDQxYVx1MDQzOFx1MDQzZVx1MDQ0MVx1MDQzYTIiLCJ1c2VyX2lkIjoyLCJleHAiOjE2NTEwMDM3MDJ9.GknbKjVOl2UHVRSbQHe1zPDS3cpUPfp8QqMsH283URc
2022-04-27 04:03:26,105:INFO:ads
2022-04-27 05:03:27,017:INFO:jwt
2022-04-27 05:03:27,021:INFO:{'username': u'\u041a\u0438\u043e\u0441\u043a2', 'user_id': 2, 'exp': datetime.datetime(2022, 4, 26, 21, 8, 27, 21711)}
2022-04-27 05:03:27,021:INFO:eyJhbGciOiJIUzI1NiIsInR5cCI6IkpXVCJ9.eyJ1c2VybmFtZSI6Ilx1MDQxYVx1MDQzOFx1MDQzZVx1MDQ0MVx1MDQzYTIiLCJ1c2VyX2lkIjoyLCJleHAiOjE2NTEwMDczMDd9.wm3eIskXH08xKgp7amS1x0L9xGm7pmD7dxfcnyk2Vdc
2022-04-27 05:03:30,264:INFO:ads
2022-04-27 06:03:30,110:INFO:jwt
2022-04-27 06:03:30,115:INFO:{'username': u'\u041a\u0438\u043e\u0441\u043a2', 'user_id': 2, 'exp': datetime.datetime(2022, 4, 26, 22, 8, 30, 115186)}
2022-04-27 06:03:30,115:INFO:eyJhbGciOiJIUzI1NiIsInR5cCI6IkpXVCJ9.eyJ1c2VybmFtZSI6Ilx1MDQxYVx1MDQzOFx1MDQzZVx1MDQ0MVx1MDQzYTIiLCJ1c2VyX2lkIjoyLCJleHAiOjE2NTEwMTA5MTB9.srJV9MGai_0t8sZl3FvZjsbrONehh-DXwBictBO8I54
2022-04-27 06:03:33,278:INFO:ads
2022-04-27 07:03:33,303:INFO:jwt
2022-04-27 07:03:33,307:INFO:{'username': u'\u041a\u0438\u043e\u0441\u043a2', 'user_id': 2, 'exp': datetime.datetime(2022, 4, 26, 23, 8, 33, 307932)}
2022-04-27 07:03:33,308:INFO:eyJhbGciOiJIUzI1NiIsInR5cCI6IkpXVCJ9.eyJ1c2VybmFtZSI6Ilx1MDQxYVx1MDQzOFx1MDQzZVx1MDQ0MVx1MDQzYTIiLCJ1c2VyX2lkIjoyLCJleHAiOjE2NTEwMTQ1MTN9.PrI53GauQVi_3HvcpCa96IFbbLMJBtuWKXHuqYH6-ao
2022-04-27 07:03:36,572:INFO:ads
2022-04-27 08:03:36,488:INFO:jwt
2022-04-27 08:03:36,493:INFO:{'username': u'\u041a\u0438\u043e\u0441\u043a2', 'user_id': 2, 'exp': datetime.datetime(2022, 4, 27, 0, 8, 36, 493069)}
2022-04-27 08:03:36,493:INFO:eyJhbGciOiJIUzI1NiIsInR5cCI6IkpXVCJ9.eyJ1c2VybmFtZSI6Ilx1MDQxYVx1MDQzOFx1MDQzZVx1MDQ0MVx1MDQzYTIiLCJ1c2VyX2lkIjoyLCJleHAiOjE2NTEwMTgxMTZ9.xrEdTACwAPDzXzwkQYKBI-TiZMImJEJkhMrj42RryFk
2022-04-27 08:03:39,657:INFO:ads
2022-04-27 09:03:39,557:INFO:jwt
2022-04-27 09:03:39,562:INFO:{'username': u'\u041a\u0438\u043e\u0441\u043a2', 'user_id': 2, 'exp': datetime.datetime(2022, 4, 27, 1, 8, 39, 562287)}
2022-04-27 09:03:39,562:INFO:eyJhbGciOiJIUzI1NiIsInR5cCI6IkpXVCJ9.eyJ1c2VybmFtZSI6Ilx1MDQxYVx1MDQzOFx1MDQzZVx1MDQ0MVx1MDQzYTIiLCJ1c2VyX2lkIjoyLCJleHAiOjE2NTEwMjE3MTl9.Tz06OjpJxC-kFhvYcvLGmodvqRPTQo-VBv2OH-aSWOQ
2022-04-27 09:03:42,698:INFO:ads
2022-04-27 09:49:16,975:INFO:jwt
2022-04-27 09:49:16,979:INFO:{'username': u'\u041a\u0438\u043e\u0441\u043a1', 'user_id': 1, 'exp': datetime.datetime(2022, 4, 27, 1, 54, 16, 979734)}
2022-04-27 09:49:16,979:INFO:eyJhbGciOiJIUzI1NiIsInR5cCI6IkpXVCJ9.eyJ1c2VybmFtZSI6Ilx1MDQxYVx1MDQzOFx1MDQzZVx1MDQ0MVx1MDQzYTEiLCJ1c2VyX2lkIjoxLCJleHAiOjE2NTEwMjQ0NTZ9.emhQMUP2PuwMFzrHcEhf54Sk_sCfWXGHq-mJmUeFpfg
2022-04-27 10:03:43,539:INFO:jwt
2022-04-27 10:03:43,544:INFO:{'username': u'\u041a\u0438\u043e\u0441\u043a2', 'user_id': 2, 'exp': datetime.datetime(2022, 4, 27, 2, 8, 43, 544233)}
2022-04-27 10:03:43,544:INFO:eyJhbGciOiJIUzI1NiIsInR5cCI6IkpXVCJ9.eyJ1c2VybmFtZSI6Ilx1MDQxYVx1MDQzOFx1MDQzZVx1MDQ0MVx1MDQzYTIiLCJ1c2VyX2lkIjoyLCJleHAiOjE2NTEwMjUzMjN9.qXrWFGoGeIOwgcOFbn4nJADlOd65ly06Z6nyXTe-6ek
2022-04-27 10:03:46,908:INFO:ads
2022-04-27 11:03:46,828:INFO:jwt
2022-04-27 11:03:46,834:INFO:{'username': u'\u041a\u0438\u043e\u0441\u043a2', 'user_id': 2, 'exp': datetime.datetime(2022, 4, 27, 3, 8, 46, 834034)}
2022-04-27 11:03:46,834:INFO:eyJhbGciOiJIUzI1NiIsInR5cCI6IkpXVCJ9.eyJ1c2VybmFtZSI6Ilx1MDQxYVx1MDQzOFx1MDQzZVx1MDQ0MVx1MDQzYTIiLCJ1c2VyX2lkIjoyLCJleHAiOjE2NTEwMjg5MjZ9.-_l73rYzv7Js6OeJcp2zeY1fOp6BGVZpbm51Yw7Z6t0
2022-04-27 11:03:49,978:INFO:ads
2022-04-27 12:03:49,838:INFO:jwt
2022-04-27 12:03:49,843:INFO:{'username': u'\u041a\u0438\u043e\u0441\u043a2', 'user_id': 2, 'exp': datetime.datetime(2022, 4, 27, 4, 8, 49, 843290)}
2022-04-27 12:03:49,843:INFO:eyJhbGciOiJIUzI1NiIsInR5cCI6IkpXVCJ9.eyJ1c2VybmFtZSI6Ilx1MDQxYVx1MDQzOFx1MDQzZVx1MDQ0MVx1MDQzYTIiLCJ1c2VyX2lkIjoyLCJleHAiOjE2NTEwMzI1Mjl9.6tbO1tTrsj2wlpxrOY3W8i_7IHa_MlQ3Y7AqXIpQ-YU
2022-04-27 12:03:53,028:INFO:ads
2022-04-27 13:03:52,956:INFO:jwt
2022-04-27 13:03:52,961:INFO:{'username': u'\u041a\u0438\u043e\u0441\u043a2', 'user_id': 2, 'exp': datetime.datetime(2022, 4, 27, 5, 8, 52, 961829)}
2022-04-27 13:03:52,962:INFO:eyJhbGciOiJIUzI1NiIsInR5cCI6IkpXVCJ9.eyJ1c2VybmFtZSI6Ilx1MDQxYVx1MDQzOFx1MDQzZVx1MDQ0MVx1MDQzYTIiLCJ1c2VyX2lkIjoyLCJleHAiOjE2NTEwMzYxMzJ9.YCqQ8Sb8F6tv7xEN6l55q3d-gO0JB6ItQE5PMmD2eXc
2022-04-27 13:03:57,918:INFO:ads
2022-04-27 14:03:57,850:INFO:jwt
2022-04-27 14:03:57,855:INFO:{'username': u'\u041a\u0438\u043e\u0441\u043a2', 'user_id': 2, 'exp': datetime.datetime(2022, 4, 27, 6, 8, 57, 855152)}
2022-04-27 14:03:57,855:INFO:eyJhbGciOiJIUzI1NiIsInR5cCI6IkpXVCJ9.eyJ1c2VybmFtZSI6Ilx1MDQxYVx1MDQzOFx1MDQzZVx1MDQ0MVx1MDQzYTIiLCJ1c2VyX2lkIjoyLCJleHAiOjE2NTEwMzk3Mzd9.V3PmxsqLgStId3KIWEBMJhITi8GAbUsXTYdN6jfFyMs
2022-04-27 14:04:01,061:INFO:ads
2022-04-27 15:04:01,109:INFO:jwt
2022-04-27 15:04:01,114:INFO:{'username': u'\u041a\u0438\u043e\u0441\u043a2', 'user_id': 2, 'exp': datetime.datetime(2022, 4, 27, 7, 9, 1, 114555)}
2022-04-27 15:04:01,114:INFO:eyJhbGciOiJIUzI1NiIsInR5cCI6IkpXVCJ9.eyJ1c2VybmFtZSI6Ilx1MDQxYVx1MDQzOFx1MDQzZVx1MDQ0MVx1MDQzYTIiLCJ1c2VyX2lkIjoyLCJleHAiOjE2NTEwNDMzNDF9.8E5hZsvftNLjo9K3BrPD6LRt3iE_N7eybzv1JBUHEGY
2022-04-27 15:04:04,344:INFO:ads
2022-04-27 15:04:16,178:INFO:ads
2022-04-27 15:04:51,512:INFO:ads
2022-04-27 15:05:24,255:INFO:searchNumber
2022-04-27 15:05:24,840:INFO:83130880:9|83130990:9|83131441:9|83131551:9|83131661:9|83131771:9|83131881:9|83131991:9|83132002:9|83132112:9|83132442:9|83132525:9|83132552:9|83132662:9|83132772:9|83132882:9|83133223:9|83133443:9|83133553:9|83133773:9|83133993:9|83134004:9|83134114:9|83134224:9|83134334:9|83134554:9|83134646:9|83134664:9|83134774:9|83134848:9|83134884:9|83134994:9|83135115:9|83135151:9|83135225:9|83135252:9|83135335:9|83135445:9|83135454:9|83135665:9|83135775:9|83135858:9|83135959:9|83135995:9|83136006:9|83136116:9|83136226:9|83136262:9|83136336:9|83136446:9|83136464:9|83136556:9|83136565:9|83136767:9|83136776:9|83136886:9|83136996:9|83137117:9|83137171:9|83137227:9|83137272:9|83137337:9|83137373:9|83137447:9|83137474:9|83137575:9|83137667:9|83137676:9|83137878:9|83137887:9|83138118:9|83138181:9|83138228:9|83138448:9|83138558:9|83138668:9|83138778:9|83138998:9|83139119:9|83139191:9|83139229:9|83139292:9|83139339:9|83139449:9|83139494:9|83139559:9|83139669:9|83139797:9|83139889:9
2022-04-27 15:05:24,955:INFO:[]
2022-04-27 15:05:26,683:INFO:searchNumber
2022-04-27 15:05:27,249:INFO:83130880:9|83130990:9|83131441:9|83131551:9|83131661:9|83131771:9|83131881:9|83131991:9|83132002:9|83132112:9|83132442:9|83132525:9|83132552:9|83132662:9|83132772:9|83132882:9|83133223:9|83133443:9|83133553:9|83133773:9|83133993:9|83134004:9|83134114:9|83134224:9|83134334:9|83134554:9|83134646:9|83134664:9|83134774:9|83134848:9|83134884:9|83134994:9|83135115:9|83135151:9|83135225:9|83135252:9|83135335:9|83135445:9|83135454:9|83135665:9|83135775:9|83135858:9|83135959:9|83135995:9|83136006:9|83136116:9|83136226:9|83136262:9|83136336:9|83136446:9|83136464:9|83136556:9|83136565:9|83136767:9|83136776:9|83136886:9|83136996:9|83137117:9|83137171:9|83137227:9|83137272:9|83137337:9|83137373:9|83137447:9|83137474:9|83137575:9|83137667:9|83137676:9|83137878:9|83137887:9|83138118:9|83138181:9|83138228:9|83138448:9|83138558:9|83138668:9|83138778:9|83138998:9|83139119:9|83139191:9|83139229:9|83139292:9|83139339:9|83139449:9|83139494:9|83139559:9|83139669:9|83139797:9|83139889:9
2022-04-27 15:05:27,352:INFO:[]
2022-04-27 15:05:31,670:INFO:searchNumber
2022-04-27 15:05:32,241:INFO:83130880:9|83130990:9|83131441:9|83131551:9|83131661:9|83131771:9|83131881:9|83131991:9|83132002:9|83132112:9|83132442:9|83132525:9|83132552:9|83132662:9|83132772:9|83132882:9|83133223:9|83133443:9|83133553:9|83133773:9|83133993:9|83134004:9|83134114:9|83134224:9|83134334:9|83134554:9|83134646:9|83134664:9|83134774:9|83134848:9|83134884:9|83134994:9|83135115:9|83135151:9|83135225:9|83135252:9|83135335:9|83135445:9|83135454:9|83135665:9|83135775:9|83135858:9|83135959:9|83135995:9|83136006:9|83136116:9|83136226:9|83136262:9|83136336:9|83136446:9|83136464:9|83136556:9|83136565:9|83136767:9|83136776:9|83136886:9|83136996:9|83137117:9|83137171:9|83137227:9|83137272:9|83137337:9|83137373:9|83137447:9|83137474:9|83137575:9|83137667:9|83137676:9|83137878:9|83137887:9|83138118:9|83138181:9|83138228:9|83138448:9|83138558:9|83138668:9|83138778:9|83138998:9|83139119:9|83139191:9|83139229:9|83139292:9|83139339:9|83139449:9|83139494:9|83139559:9|83139669:9|83139797:9|83139889:9
2022-04-27 15:05:32,343:INFO:[{'prefix': '83132525'}, {'prefix': '83134646'}, {'prefix': '83134848'}, {'prefix': '83135151'}, {'prefix': '83135252'}, {'prefix': '83135454'}, {'prefix': '83135858'}, {'prefix': '83135959'}, {'prefix': '83136262'}, {'prefix': '83136464'}, {'prefix': '83136565'}, {'prefix': '83136767'}, {'prefix': '83137171'}, {'prefix': '83137272'}, {'prefix': '83137373'}, {'prefix': '83137474'}, {'prefix': '83137575'}, {'prefix': '83137676'}, {'prefix': '83137878'}, {'prefix': '83138181'}, {'prefix': '83139191'}, {'prefix': '83139292'}, {'prefix': '83139494'}, {'prefix': '83139797'}]
2022-04-27 15:05:38,987:INFO:blockUnblock
2022-04-27 15:05:38,988:INFO:block
2022-04-27 15:05:38,988:INFO:1
2022-04-27 15:05:38,988:INFO:user_ip: 203.91.114.244
2022-04-27 15:05:39,008:INFO:Success
2022-04-27 15:05:39,011:INFO:30000
2022-04-27 15:05:39,011:INFO:{u'negj': u'3000', u'honog': u'30', u'nuhtsul': u'\u0411\u04af\u0445 \u0441\u04af\u043b\u0436\u044d\u044d\u043d\u0434\u044d\u044d 70 \u0442\u04e9\u0433', u'data': u'0', u'price': 30000}
2022-04-27 15:06:52,813:INFO:blockUnblock
2022-04-27 15:06:52,813:INFO:unblock
2022-04-27 15:06:52,813:INFO:1
2022-04-27 15:06:52,814:INFO:user_ip: 203.91.114.244
2022-04-27 15:06:52,830:INFO:Success
2022-04-27 15:06:52,830:INFO:unblock
2022-04-27 15:06:52,830:INFO:Unblocked
