2021-10-10 09:39:32,236:INFO:jwt
2021-10-10 09:39:32,249:INFO:{'username': u'\u041a\u0438\u043e\u0441\u043a1', 'user_id': 1, 'exp': datetime.datetime(2021, 10, 10, 1, 44, 32, 249931)}
2021-10-10 09:39:32,250:INFO:eyJhbGciOiJIUzI1NiIsInR5cCI6IkpXVCJ9.eyJ1c2VybmFtZSI6Ilx1MDQxYVx1MDQzOFx1MDQzZVx1MDQ0MVx1MDQzYTEiLCJ1c2VyX2lkIjoxLCJleHAiOjE2MzM4MzAyNzJ9.cqBN0oJvwTr1yw5OaslrjGTz-NaszI7J5I_evrVKtuA
2021-10-10 09:39:32,250:INFO:jwt.jwt
2021-10-10 09:39:32,250:INFO:eyJhbGciOiJIUzI1NiIsInR5cCI6IkpXVCJ9.eyJ1c2VybmFtZSI6Ilx1MDQxYVx1MDQzOFx1MDQzZVx1MDQ0MVx1MDQzYTEiLCJ1c2VyX2lkIjoxLCJleHAiOjE2MzM2NTgxNDV9.-2LSdVA9IxQTwjML82u8lVeG7N5iq0iBLqOlWpoMtUM
2021-10-10 09:39:32,251:INFO:jwt.jwt
2021-10-10 09:39:32,252:INFO:eyJhbGciOiJIUzI1NiIsInR5cCI6IkpXVCJ9.eyJ1c2VybmFtZSI6Ilx1MDQxYVx1MDQzOFx1MDQzZVx1MDQ0MVx1MDQzYTEiLCJ1c2VyX2lkIjoxLCJleHAiOjE2MzM4MzAyNzJ9.cqBN0oJvwTr1yw5OaslrjGTz-NaszI7J5I_evrVKtuA
2021-10-10 10:30:32,461:INFO:jwt
2021-10-10 10:30:32,472:INFO:{'username': u'\u041a\u0438\u043e\u0441\u043a2', 'user_id': 2, 'exp': datetime.datetime(2021, 10, 10, 2, 35, 32, 472652)}
2021-10-10 10:30:32,472:INFO:eyJhbGciOiJIUzI1NiIsInR5cCI6IkpXVCJ9.eyJ1c2VybmFtZSI6Ilx1MDQxYVx1MDQzOFx1MDQzZVx1MDQ0MVx1MDQzYTIiLCJ1c2VyX2lkIjoyLCJleHAiOjE2MzM4MzMzMzJ9.Zdk3cGZRJh9_DuXA_xzGmELYzOAq1w4gXsovlGwG-pg
2021-10-10 10:30:32,473:INFO:jwt.jwt
2021-10-10 10:30:32,473:INFO:eyJhbGciOiJIUzI1NiIsInR5cCI6IkpXVCJ9.eyJ1c2VybmFtZSI6Ilx1MDQxYVx1MDQzOFx1MDQzZVx1MDQ0MVx1MDQzYTIiLCJ1c2VyX2lkIjoyLCJleHAiOjE2MzM3ODAyNjZ9.gTRoAV8L7VUna5ylL_E5RDoADFp5x043KTj5ZR2vNAk
2021-10-10 10:30:32,474:INFO:jwt.jwt
2021-10-10 10:30:32,474:INFO:eyJhbGciOiJIUzI1NiIsInR5cCI6IkpXVCJ9.eyJ1c2VybmFtZSI6Ilx1MDQxYVx1MDQzOFx1MDQzZVx1MDQ0MVx1MDQzYTIiLCJ1c2VyX2lkIjoyLCJleHAiOjE2MzM4MzMzMzJ9.Zdk3cGZRJh9_DuXA_xzGmELYzOAq1w4gXsovlGwG-pg
2021-10-10 11:18:10,890:INFO:searchNumber
2021-10-10 11:18:10,894:INFO:getNumber
2021-10-10 11:18:11,739:INFO:[{'prefix': '98855009'}, {'prefix': '98855012'}, {'prefix': '98855013'}, {'prefix': '98855015'}, {'prefix': '98855016'}, {'prefix': '98855017'}, {'prefix': '98855018'}, {'prefix': '98855021'}, {'prefix': '98855022'}, {'prefix': '98855023'}, {'prefix': '98855024'}, {'prefix': '98855027'}, {'prefix': '98855028'}, {'prefix': '98855031'}, {'prefix': '98855032'}, {'prefix': '98855033'}, {'prefix': '98855034'}, {'prefix': '98855035'}, {'prefix': '98855036'}, {'prefix': '98855037'}, {'prefix': '98855041'}, {'prefix': '98855042'}, {'prefix': '98855043'}, {'prefix': '98855046'}, {'prefix': '98855047'}, {'prefix': '98855048'}, {'prefix': '98855059'}, {'prefix': '98855062'}, {'prefix': '98855063'}, {'prefix': '98855064'}, {'prefix': '98855066'}, {'prefix': '98855069'}, {'prefix': '98855071'}, {'prefix': '98855072'}, {'prefix': '98855073'}, {'prefix': '98855074'}, {'prefix': '98855075'}, {'prefix': '98855076'}, {'prefix': '98855078'}, {'prefix': '98855079'}, {'prefix': '98855082'}, {'prefix': '98855083'}, {'prefix': '98855084'}, {'prefix': '98855086'}, {'prefix': '98855091'}, {'prefix': '98855092'}, {'prefix': '98855093'}, {'prefix': '98855094'}, {'prefix': '98855096'}, {'prefix': '98855097'}, {'prefix': '98855102'}, {'prefix': '98855103'}, {'prefix': '98855104'}, {'prefix': '98855106'}, {'prefix': '98855107'}, {'prefix': '98855108'}, {'prefix': '98855109'}, {'prefix': '98855113'}, {'prefix': '98855116'}, {'prefix': '98855117'}, {'prefix': '98855120'}, {'prefix': '98855123'}, {'prefix': '98855124'}, {'prefix': '98855125'}, {'prefix': '98855126'}, {'prefix': '98855128'}, {'prefix': '98855129'}, {'prefix': '98855130'}, {'prefix': '98855131'}, {'prefix': '98855132'}, {'prefix': '98855134'}, {'prefix': '98855135'}, {'prefix': '98855136'}, {'prefix': '98855137'}, {'prefix': '98855138'}, {'prefix': '98855139'}, {'prefix': '98855141'}, {'prefix': '98855142'}, {'prefix': '98855143'}, {'prefix': '98855144'}, {'prefix': '98855145'}, {'prefix': '98855146'}, {'prefix': '98855147'}, {'prefix': '98855148'}, {'prefix': '98855149'}, {'prefix': '98855154'}, {'prefix': '98855156'}, {'prefix': '98855160'}, {'prefix': '98855162'}, {'prefix': '98855163'}, {'prefix': '98855164'}, {'prefix': '98855165'}, {'prefix': '98855166'}, {'prefix': '98855167'}, {'prefix': '98855169'}, {'prefix': '98855170'}, {'prefix': '98855171'}, {'prefix': '98855172'}, {'prefix': '98855173'}, {'prefix': '98855174'}]
2021-10-10 11:18:36,699:INFO:searchNumber
2021-10-10 11:18:36,701:INFO:getNumber
2021-10-10 11:18:37,888:INFO:[]
2021-10-10 11:18:53,353:INFO:searchNumber
2021-10-10 11:18:53,357:INFO:getNumber
2021-10-10 11:18:54,044:INFO:searchNumber
2021-10-10 11:18:54,047:INFO:getNumber
2021-10-10 11:18:54,211:INFO:searchNumber
2021-10-10 11:18:54,216:INFO:getNumber
2021-10-10 11:18:54,405:INFO:searchNumber
2021-10-10 11:18:54,410:INFO:getNumber
2021-10-10 11:18:54,470:INFO:[]
2021-10-10 11:18:55,395:INFO:[]
2021-10-10 11:18:55,497:INFO:[]
2021-10-10 11:18:55,780:INFO:[]
2021-10-10 12:17:31,195:INFO:searchNumber
2021-10-10 12:17:31,201:INFO:getNumber
2021-10-10 12:17:32,227:INFO:[]
2021-10-10 12:17:41,755:INFO:searchNumber
2021-10-10 12:17:41,758:INFO:getNumber
2021-10-10 12:17:43,184:INFO:[]
2021-10-10 13:22:19,548:INFO:jwt
2021-10-10 13:22:19,554:INFO:{'username': u'\u041a\u0438\u043e\u0441\u043a2', 'user_id': 2, 'exp': datetime.datetime(2021, 10, 10, 5, 27, 19, 554447)}
2021-10-10 13:22:19,554:INFO:eyJhbGciOiJIUzI1NiIsInR5cCI6IkpXVCJ9.eyJ1c2VybmFtZSI6Ilx1MDQxYVx1MDQzOFx1MDQzZVx1MDQ0MVx1MDQzYTIiLCJ1c2VyX2lkIjoyLCJleHAiOjE2MzM4NDM2Mzl9.TDYo-HOwm0bSm1Xo_MkrByD3cpL27CHv7Zbcw1IBLko
2021-10-10 13:22:19,554:INFO:jwt.jwt
2021-10-10 13:22:19,554:INFO:eyJhbGciOiJIUzI1NiIsInR5cCI6IkpXVCJ9.eyJ1c2VybmFtZSI6Ilx1MDQxYVx1MDQzOFx1MDQzZVx1MDQ0MVx1MDQzYTIiLCJ1c2VyX2lkIjoyLCJleHAiOjE2MzM4MzMzMzJ9.Zdk3cGZRJh9_DuXA_xzGmELYzOAq1w4gXsovlGwG-pg
2021-10-10 13:22:19,556:INFO:jwt.jwt
2021-10-10 13:22:19,556:INFO:eyJhbGciOiJIUzI1NiIsInR5cCI6IkpXVCJ9.eyJ1c2VybmFtZSI6Ilx1MDQxYVx1MDQzOFx1MDQzZVx1MDQ0MVx1MDQzYTIiLCJ1c2VyX2lkIjoyLCJleHAiOjE2MzM4NDM2Mzl9.TDYo-HOwm0bSm1Xo_MkrByD3cpL27CHv7Zbcw1IBLko
2021-10-10 14:22:24,957:INFO:jwt
2021-10-10 14:22:24,963:INFO:{'username': u'\u041a\u0438\u043e\u0441\u043a2', 'user_id': 2, 'exp': datetime.datetime(2021, 10, 10, 6, 27, 24, 963363)}
2021-10-10 14:22:24,963:INFO:eyJhbGciOiJIUzI1NiIsInR5cCI6IkpXVCJ9.eyJ1c2VybmFtZSI6Ilx1MDQxYVx1MDQzOFx1MDQzZVx1MDQ0MVx1MDQzYTIiLCJ1c2VyX2lkIjoyLCJleHAiOjE2MzM4NDcyNDR9.KbXPusakxXyDxHvwB6KZBkHf6EidzPQ97PEbholhDbQ
2021-10-10 14:22:24,963:INFO:jwt.jwt
2021-10-10 14:22:24,963:INFO:eyJhbGciOiJIUzI1NiIsInR5cCI6IkpXVCJ9.eyJ1c2VybmFtZSI6Ilx1MDQxYVx1MDQzOFx1MDQzZVx1MDQ0MVx1MDQzYTIiLCJ1c2VyX2lkIjoyLCJleHAiOjE2MzM4NDM2Mzl9.TDYo-HOwm0bSm1Xo_MkrByD3cpL27CHv7Zbcw1IBLko
2021-10-10 14:22:24,964:INFO:jwt.jwt
2021-10-10 14:22:24,965:INFO:eyJhbGciOiJIUzI1NiIsInR5cCI6IkpXVCJ9.eyJ1c2VybmFtZSI6Ilx1MDQxYVx1MDQzOFx1MDQzZVx1MDQ0MVx1MDQzYTIiLCJ1c2VyX2lkIjoyLCJleHAiOjE2MzM4NDcyNDR9.KbXPusakxXyDxHvwB6KZBkHf6EidzPQ97PEbholhDbQ
2021-10-10 15:22:30,248:INFO:jwt
2021-10-10 15:22:30,255:INFO:{'username': u'\u041a\u0438\u043e\u0441\u043a2', 'user_id': 2, 'exp': datetime.datetime(2021, 10, 10, 7, 27, 30, 255366)}
2021-10-10 15:22:30,255:INFO:eyJhbGciOiJIUzI1NiIsInR5cCI6IkpXVCJ9.eyJ1c2VybmFtZSI6Ilx1MDQxYVx1MDQzOFx1MDQzZVx1MDQ0MVx1MDQzYTIiLCJ1c2VyX2lkIjoyLCJleHAiOjE2MzM4NTA4NTB9.QjIGsKodlWsxK21-Do843kZrx_viowCDaYKCdaxw9qM
2021-10-10 15:22:30,255:INFO:jwt.jwt
2021-10-10 15:22:30,255:INFO:eyJhbGciOiJIUzI1NiIsInR5cCI6IkpXVCJ9.eyJ1c2VybmFtZSI6Ilx1MDQxYVx1MDQzOFx1MDQzZVx1MDQ0MVx1MDQzYTIiLCJ1c2VyX2lkIjoyLCJleHAiOjE2MzM4NDcyNDR9.KbXPusakxXyDxHvwB6KZBkHf6EidzPQ97PEbholhDbQ
2021-10-10 15:22:30,256:INFO:jwt.jwt
2021-10-10 15:22:30,257:INFO:eyJhbGciOiJIUzI1NiIsInR5cCI6IkpXVCJ9.eyJ1c2VybmFtZSI6Ilx1MDQxYVx1MDQzOFx1MDQzZVx1MDQ0MVx1MDQzYTIiLCJ1c2VyX2lkIjoyLCJleHAiOjE2MzM4NTA4NTB9.QjIGsKodlWsxK21-Do843kZrx_viowCDaYKCdaxw9qM
2021-10-10 16:22:35,677:INFO:jwt
2021-10-10 16:22:35,683:INFO:{'username': u'\u041a\u0438\u043e\u0441\u043a2', 'user_id': 2, 'exp': datetime.datetime(2021, 10, 10, 8, 27, 35, 683778)}
2021-10-10 16:22:35,684:INFO:eyJhbGciOiJIUzI1NiIsInR5cCI6IkpXVCJ9.eyJ1c2VybmFtZSI6Ilx1MDQxYVx1MDQzOFx1MDQzZVx1MDQ0MVx1MDQzYTIiLCJ1c2VyX2lkIjoyLCJleHAiOjE2MzM4NTQ0NTV9.rJF-DlECSEYQhshDyXCa0tJxmaH4WfNs9PT0STTQcK8
2021-10-10 16:22:35,684:INFO:jwt.jwt
2021-10-10 16:22:35,684:INFO:eyJhbGciOiJIUzI1NiIsInR5cCI6IkpXVCJ9.eyJ1c2VybmFtZSI6Ilx1MDQxYVx1MDQzOFx1MDQzZVx1MDQ0MVx1MDQzYTIiLCJ1c2VyX2lkIjoyLCJleHAiOjE2MzM4NTA4NTB9.QjIGsKodlWsxK21-Do843kZrx_viowCDaYKCdaxw9qM
2021-10-10 16:22:35,685:INFO:jwt.jwt
2021-10-10 16:22:35,685:INFO:eyJhbGciOiJIUzI1NiIsInR5cCI6IkpXVCJ9.eyJ1c2VybmFtZSI6Ilx1MDQxYVx1MDQzOFx1MDQzZVx1MDQ0MVx1MDQzYTIiLCJ1c2VyX2lkIjoyLCJleHAiOjE2MzM4NTQ0NTV9.rJF-DlECSEYQhshDyXCa0tJxmaH4WfNs9PT0STTQcK8
2021-10-10 17:22:41,058:INFO:jwt
2021-10-10 17:22:41,064:INFO:{'username': u'\u041a\u0438\u043e\u0441\u043a2', 'user_id': 2, 'exp': datetime.datetime(2021, 10, 10, 9, 27, 41, 64509)}
2021-10-10 17:22:41,064:INFO:eyJhbGciOiJIUzI1NiIsInR5cCI6IkpXVCJ9.eyJ1c2VybmFtZSI6Ilx1MDQxYVx1MDQzOFx1MDQzZVx1MDQ0MVx1MDQzYTIiLCJ1c2VyX2lkIjoyLCJleHAiOjE2MzM4NTgwNjF9.NoNBXQQNZbJzd1iU7Mo0Hp2NgmrzVUqaFMKlYf724pY
2021-10-10 17:22:41,064:INFO:jwt.jwt
2021-10-10 17:22:41,064:INFO:eyJhbGciOiJIUzI1NiIsInR5cCI6IkpXVCJ9.eyJ1c2VybmFtZSI6Ilx1MDQxYVx1MDQzOFx1MDQzZVx1MDQ0MVx1MDQzYTIiLCJ1c2VyX2lkIjoyLCJleHAiOjE2MzM4NTQ0NTV9.rJF-DlECSEYQhshDyXCa0tJxmaH4WfNs9PT0STTQcK8
2021-10-10 17:22:41,066:INFO:jwt.jwt
2021-10-10 17:22:41,066:INFO:eyJhbGciOiJIUzI1NiIsInR5cCI6IkpXVCJ9.eyJ1c2VybmFtZSI6Ilx1MDQxYVx1MDQzOFx1MDQzZVx1MDQ0MVx1MDQzYTIiLCJ1c2VyX2lkIjoyLCJleHAiOjE2MzM4NTgwNjF9.NoNBXQQNZbJzd1iU7Mo0Hp2NgmrzVUqaFMKlYf724pY
2021-10-10 18:22:46,578:INFO:jwt
2021-10-10 18:22:46,584:INFO:{'username': u'\u041a\u0438\u043e\u0441\u043a2', 'user_id': 2, 'exp': datetime.datetime(2021, 10, 10, 10, 27, 46, 584824)}
2021-10-10 18:22:46,585:INFO:eyJhbGciOiJIUzI1NiIsInR5cCI6IkpXVCJ9.eyJ1c2VybmFtZSI6Ilx1MDQxYVx1MDQzOFx1MDQzZVx1MDQ0MVx1MDQzYTIiLCJ1c2VyX2lkIjoyLCJleHAiOjE2MzM4NjE2NjZ9.Q8-wVQ4kkQbPS-YU2yO5Ma4-V9rGBwmSxHSdGNemxPM
2021-10-10 18:22:46,585:INFO:jwt.jwt
2021-10-10 18:22:46,585:INFO:eyJhbGciOiJIUzI1NiIsInR5cCI6IkpXVCJ9.eyJ1c2VybmFtZSI6Ilx1MDQxYVx1MDQzOFx1MDQzZVx1MDQ0MVx1MDQzYTIiLCJ1c2VyX2lkIjoyLCJleHAiOjE2MzM4NTgwNjF9.NoNBXQQNZbJzd1iU7Mo0Hp2NgmrzVUqaFMKlYf724pY
2021-10-10 18:22:46,586:INFO:jwt.jwt
2021-10-10 18:22:46,586:INFO:eyJhbGciOiJIUzI1NiIsInR5cCI6IkpXVCJ9.eyJ1c2VybmFtZSI6Ilx1MDQxYVx1MDQzOFx1MDQzZVx1MDQ0MVx1MDQzYTIiLCJ1c2VyX2lkIjoyLCJleHAiOjE2MzM4NjE2NjZ9.Q8-wVQ4kkQbPS-YU2yO5Ma4-V9rGBwmSxHSdGNemxPM
2021-10-10 19:22:52,076:INFO:jwt
2021-10-10 19:22:52,081:INFO:{'username': u'\u041a\u0438\u043e\u0441\u043a2', 'user_id': 2, 'exp': datetime.datetime(2021, 10, 10, 11, 27, 52, 81937)}
2021-10-10 19:22:52,082:INFO:eyJhbGciOiJIUzI1NiIsInR5cCI6IkpXVCJ9.eyJ1c2VybmFtZSI6Ilx1MDQxYVx1MDQzOFx1MDQzZVx1MDQ0MVx1MDQzYTIiLCJ1c2VyX2lkIjoyLCJleHAiOjE2MzM4NjUyNzJ9.utG0wUIBb1K7bHBuosazIAMSWG7h2jjJEMt9GdfANn4
2021-10-10 19:22:52,082:INFO:jwt.jwt
2021-10-10 19:22:52,082:INFO:eyJhbGciOiJIUzI1NiIsInR5cCI6IkpXVCJ9.eyJ1c2VybmFtZSI6Ilx1MDQxYVx1MDQzOFx1MDQzZVx1MDQ0MVx1MDQzYTIiLCJ1c2VyX2lkIjoyLCJleHAiOjE2MzM4NjE2NjZ9.Q8-wVQ4kkQbPS-YU2yO5Ma4-V9rGBwmSxHSdGNemxPM
2021-10-10 19:22:52,083:INFO:jwt.jwt
2021-10-10 19:22:52,083:INFO:eyJhbGciOiJIUzI1NiIsInR5cCI6IkpXVCJ9.eyJ1c2VybmFtZSI6Ilx1MDQxYVx1MDQzOFx1MDQzZVx1MDQ0MVx1MDQzYTIiLCJ1c2VyX2lkIjoyLCJleHAiOjE2MzM4NjUyNzJ9.utG0wUIBb1K7bHBuosazIAMSWG7h2jjJEMt9GdfANn4
