2021-09-25 09:04:19,797:INFO:jwt
2021-09-25 09:04:19,811:INFO:{'username': u'\u041a\u0438\u043e\u0441\u043a2', 'user_id': 2, 'exp': datetime.datetime(2021, 9, 25, 1, 9, 19, 811434)}
2021-09-25 09:04:19,811:INFO:eyJhbGciOiJIUzI1NiIsInR5cCI6IkpXVCJ9.eyJ1c2VybmFtZSI6Ilx1MDQxYVx1MDQzOFx1MDQzZVx1MDQ0MVx1MDQzYTIiLCJ1c2VyX2lkIjoyLCJleHAiOjE2MzI1MzIxNTl9.A4ZRSFE1jVb5qidwckZJPbQivmxo2XjmNBKQagljoHc
2021-09-25 09:04:19,811:INFO:jwt.jwt
2021-09-25 09:04:19,811:INFO:eyJhbGciOiJIUzI1NiIsInR5cCI6IkpXVCJ9.eyJ1c2VybmFtZSI6Ilx1MDQxYVx1MDQzOFx1MDQzZVx1MDQ0MVx1MDQzYTIiLCJ1c2VyX2lkIjoyLCJleHAiOjE2MzI0ODYyMDB9.rFnhheTe4r45xyl3OMKO7MVrPa1yYn4QCCX4eLaoy3U
2021-09-25 09:04:19,813:INFO:jwt.jwt
2021-09-25 09:04:19,813:INFO:eyJhbGciOiJIUzI1NiIsInR5cCI6IkpXVCJ9.eyJ1c2VybmFtZSI6Ilx1MDQxYVx1MDQzOFx1MDQzZVx1MDQ0MVx1MDQzYTIiLCJ1c2VyX2lkIjoyLCJleHAiOjE2MzI1MzIxNTl9.A4ZRSFE1jVb5qidwckZJPbQivmxo2XjmNBKQagljoHc
2021-09-25 09:30:43,663:INFO:jwt
2021-09-25 09:30:43,671:INFO:{'username': u'\u041a\u0438\u043e\u0441\u043a2', 'user_id': 2, 'exp': datetime.datetime(2021, 9, 25, 1, 35, 43, 671236)}
2021-09-25 09:30:43,671:INFO:eyJhbGciOiJIUzI1NiIsInR5cCI6IkpXVCJ9.eyJ1c2VybmFtZSI6Ilx1MDQxYVx1MDQzOFx1MDQzZVx1MDQ0MVx1MDQzYTIiLCJ1c2VyX2lkIjoyLCJleHAiOjE2MzI1MzM3NDN9.-E0rYdf766IkUVGNf_j9r3sVwWzFlpiEY65f-caXSWo
2021-09-25 09:30:43,671:INFO:jwt.jwt
2021-09-25 09:30:43,671:INFO:eyJhbGciOiJIUzI1NiIsInR5cCI6IkpXVCJ9.eyJ1c2VybmFtZSI6Ilx1MDQxYVx1MDQzOFx1MDQzZVx1MDQ0MVx1MDQzYTIiLCJ1c2VyX2lkIjoyLCJleHAiOjE2MzI1MzIxNTl9.A4ZRSFE1jVb5qidwckZJPbQivmxo2XjmNBKQagljoHc
2021-09-25 09:30:43,672:INFO:jwt.jwt
2021-09-25 09:30:43,672:INFO:eyJhbGciOiJIUzI1NiIsInR5cCI6IkpXVCJ9.eyJ1c2VybmFtZSI6Ilx1MDQxYVx1MDQzOFx1MDQzZVx1MDQ0MVx1MDQzYTIiLCJ1c2VyX2lkIjoyLCJleHAiOjE2MzI1MzM3NDN9.-E0rYdf766IkUVGNf_j9r3sVwWzFlpiEY65f-caXSWo
2021-09-25 09:35:49,669:INFO:jwt
2021-09-25 09:35:49,677:INFO:{'username': u'\u041a\u0438\u043e\u0441\u043a2', 'user_id': 2, 'exp': datetime.datetime(2021, 9, 25, 1, 40, 49, 677773)}
2021-09-25 09:35:49,678:INFO:eyJhbGciOiJIUzI1NiIsInR5cCI6IkpXVCJ9.eyJ1c2VybmFtZSI6Ilx1MDQxYVx1MDQzOFx1MDQzZVx1MDQ0MVx1MDQzYTIiLCJ1c2VyX2lkIjoyLCJleHAiOjE2MzI1MzQwNDl9.XTXCFGUVrgcHDrdz-5CrN6a2PEl9d-z4s5Vm16l0Yeg
2021-09-25 09:35:49,678:INFO:jwt.jwt
2021-09-25 09:35:49,678:INFO:eyJhbGciOiJIUzI1NiIsInR5cCI6IkpXVCJ9.eyJ1c2VybmFtZSI6Ilx1MDQxYVx1MDQzOFx1MDQzZVx1MDQ0MVx1MDQzYTIiLCJ1c2VyX2lkIjoyLCJleHAiOjE2MzI1MzM3NDN9.-E0rYdf766IkUVGNf_j9r3sVwWzFlpiEY65f-caXSWo
2021-09-25 09:35:49,679:INFO:jwt.jwt
2021-09-25 09:35:49,679:INFO:eyJhbGciOiJIUzI1NiIsInR5cCI6IkpXVCJ9.eyJ1c2VybmFtZSI6Ilx1MDQxYVx1MDQzOFx1MDQzZVx1MDQ0MVx1MDQzYTIiLCJ1c2VyX2lkIjoyLCJleHAiOjE2MzI1MzQwNDl9.XTXCFGUVrgcHDrdz-5CrN6a2PEl9d-z4s5Vm16l0Yeg
2021-09-25 09:40:55,688:INFO:jwt
2021-09-25 09:40:55,694:INFO:{'username': u'\u041a\u0438\u043e\u0441\u043a2', 'user_id': 2, 'exp': datetime.datetime(2021, 9, 25, 1, 45, 55, 694568)}
2021-09-25 09:40:55,694:INFO:eyJhbGciOiJIUzI1NiIsInR5cCI6IkpXVCJ9.eyJ1c2VybmFtZSI6Ilx1MDQxYVx1MDQzOFx1MDQzZVx1MDQ0MVx1MDQzYTIiLCJ1c2VyX2lkIjoyLCJleHAiOjE2MzI1MzQzNTV9.2JgbZfm4xwtB5JuQuITIsy47ZJEUFArsh32ryO1qgqM
2021-09-25 09:40:55,694:INFO:jwt.jwt
2021-09-25 09:40:55,695:INFO:eyJhbGciOiJIUzI1NiIsInR5cCI6IkpXVCJ9.eyJ1c2VybmFtZSI6Ilx1MDQxYVx1MDQzOFx1MDQzZVx1MDQ0MVx1MDQzYTIiLCJ1c2VyX2lkIjoyLCJleHAiOjE2MzI1MzQwNDl9.XTXCFGUVrgcHDrdz-5CrN6a2PEl9d-z4s5Vm16l0Yeg
2021-09-25 09:40:55,696:INFO:jwt.jwt
2021-09-25 09:40:55,696:INFO:eyJhbGciOiJIUzI1NiIsInR5cCI6IkpXVCJ9.eyJ1c2VybmFtZSI6Ilx1MDQxYVx1MDQzOFx1MDQzZVx1MDQ0MVx1MDQzYTIiLCJ1c2VyX2lkIjoyLCJleHAiOjE2MzI1MzQzNTV9.2JgbZfm4xwtB5JuQuITIsy47ZJEUFArsh32ryO1qgqM
2021-09-25 09:46:01,624:INFO:jwt
2021-09-25 09:46:01,632:INFO:{'username': u'\u041a\u0438\u043e\u0441\u043a2', 'user_id': 2, 'exp': datetime.datetime(2021, 9, 25, 1, 51, 1, 632266)}
2021-09-25 09:46:01,632:INFO:eyJhbGciOiJIUzI1NiIsInR5cCI6IkpXVCJ9.eyJ1c2VybmFtZSI6Ilx1MDQxYVx1MDQzOFx1MDQzZVx1MDQ0MVx1MDQzYTIiLCJ1c2VyX2lkIjoyLCJleHAiOjE2MzI1MzQ2NjF9.1aIT75ijUsX2H2h6tepYdwtZ7d1faaPhSBZcBdhpZAs
2021-09-25 09:46:01,632:INFO:jwt.jwt
2021-09-25 09:46:01,632:INFO:eyJhbGciOiJIUzI1NiIsInR5cCI6IkpXVCJ9.eyJ1c2VybmFtZSI6Ilx1MDQxYVx1MDQzOFx1MDQzZVx1MDQ0MVx1MDQzYTIiLCJ1c2VyX2lkIjoyLCJleHAiOjE2MzI1MzQzNTV9.2JgbZfm4xwtB5JuQuITIsy47ZJEUFArsh32ryO1qgqM
2021-09-25 09:46:01,634:INFO:jwt.jwt
2021-09-25 09:46:01,634:INFO:eyJhbGciOiJIUzI1NiIsInR5cCI6IkpXVCJ9.eyJ1c2VybmFtZSI6Ilx1MDQxYVx1MDQzOFx1MDQzZVx1MDQ0MVx1MDQzYTIiLCJ1c2VyX2lkIjoyLCJleHAiOjE2MzI1MzQ2NjF9.1aIT75ijUsX2H2h6tepYdwtZ7d1faaPhSBZcBdhpZAs
2021-09-25 09:51:07,358:INFO:jwt
2021-09-25 09:51:07,364:INFO:{'username': u'\u041a\u0438\u043e\u0441\u043a2', 'user_id': 2, 'exp': datetime.datetime(2021, 9, 25, 1, 56, 7, 364730)}
2021-09-25 09:51:07,365:INFO:eyJhbGciOiJIUzI1NiIsInR5cCI6IkpXVCJ9.eyJ1c2VybmFtZSI6Ilx1MDQxYVx1MDQzOFx1MDQzZVx1MDQ0MVx1MDQzYTIiLCJ1c2VyX2lkIjoyLCJleHAiOjE2MzI1MzQ5Njd9.Bcp5lqhs3o8b0FrjFMYX-IrSxsA2SR0Vw7raAtcO5zw
2021-09-25 09:51:07,365:INFO:jwt.jwt
2021-09-25 09:51:07,365:INFO:eyJhbGciOiJIUzI1NiIsInR5cCI6IkpXVCJ9.eyJ1c2VybmFtZSI6Ilx1MDQxYVx1MDQzOFx1MDQzZVx1MDQ0MVx1MDQzYTIiLCJ1c2VyX2lkIjoyLCJleHAiOjE2MzI1MzQ2NjF9.1aIT75ijUsX2H2h6tepYdwtZ7d1faaPhSBZcBdhpZAs
2021-09-25 09:51:07,366:INFO:jwt.jwt
2021-09-25 09:51:07,366:INFO:eyJhbGciOiJIUzI1NiIsInR5cCI6IkpXVCJ9.eyJ1c2VybmFtZSI6Ilx1MDQxYVx1MDQzOFx1MDQzZVx1MDQ0MVx1MDQzYTIiLCJ1c2VyX2lkIjoyLCJleHAiOjE2MzI1MzQ5Njd9.Bcp5lqhs3o8b0FrjFMYX-IrSxsA2SR0Vw7raAtcO5zw
2021-09-25 09:56:13,245:INFO:jwt
2021-09-25 09:56:13,252:INFO:{'username': u'\u041a\u0438\u043e\u0441\u043a2', 'user_id': 2, 'exp': datetime.datetime(2021, 9, 25, 2, 1, 13, 252258)}
2021-09-25 09:56:13,252:INFO:eyJhbGciOiJIUzI1NiIsInR5cCI6IkpXVCJ9.eyJ1c2VybmFtZSI6Ilx1MDQxYVx1MDQzOFx1MDQzZVx1MDQ0MVx1MDQzYTIiLCJ1c2VyX2lkIjoyLCJleHAiOjE2MzI1MzUyNzN9.gl6oet06Zkua_Bsa1sXytACqCr7PCgzhzu8S2OrX-aY
2021-09-25 09:56:13,252:INFO:jwt.jwt
2021-09-25 09:56:13,252:INFO:eyJhbGciOiJIUzI1NiIsInR5cCI6IkpXVCJ9.eyJ1c2VybmFtZSI6Ilx1MDQxYVx1MDQzOFx1MDQzZVx1MDQ0MVx1MDQzYTIiLCJ1c2VyX2lkIjoyLCJleHAiOjE2MzI1MzQ5Njd9.Bcp5lqhs3o8b0FrjFMYX-IrSxsA2SR0Vw7raAtcO5zw
2021-09-25 09:56:13,253:INFO:jwt.jwt
2021-09-25 09:56:13,254:INFO:eyJhbGciOiJIUzI1NiIsInR5cCI6IkpXVCJ9.eyJ1c2VybmFtZSI6Ilx1MDQxYVx1MDQzOFx1MDQzZVx1MDQ0MVx1MDQzYTIiLCJ1c2VyX2lkIjoyLCJleHAiOjE2MzI1MzUyNzN9.gl6oet06Zkua_Bsa1sXytACqCr7PCgzhzu8S2OrX-aY
2021-09-25 09:58:47,274:INFO:checkNumber
2021-09-25 09:58:47,277:INFO:True
2021-09-25 09:58:47,281:DEBUG:Starting new HTTPS connection (1): banksystem.gmobile.mn:443
2021-09-25 09:58:47,522:DEBUG:https://banksystem.gmobile.mn:443 "POST /service.php/api_services/kiosk/socialPay/checkNumber/response HTTP/1.1" 200 3578
2021-09-25 09:58:47,524:INFO:{"action":"check_index","status":0,"errors":"","type":"WCDMA","unit":[{"profile_code":"H-1000","name":"1000 \u043d\u044d\u0433\u0436\u0438\u0439\u043d \u043a\u0430\u0440\u0442","price":"1000"},{"profile_code":"H-2000","name":"2000 \u043d\u044d\u0433\u0436\u0438\u0439\u043d \u043a\u0430\u0440\u0442","price":"2000"},{"profile_code":"H-5000","name":"5000 \u043d\u044d\u0433\u0436\u0438\u0439\u043d \u043a\u0430\u0440\u0442","price":"5000"},{"profile_code":"H-7000","name":"7000 \u043d\u044d\u0433\u0436\u0438\u0439\u043d \u043a\u0430\u0440\u0442","price":"7000"},{"profile_code":"H-10000","name":"10000 \u043d\u044d\u0433\u0436\u0438\u0439\u043d \u043a\u0430\u0440\u0442","price":"10000"},{"profile_code":"H-30000","name":"30000 \u043d\u044d\u0433\u0436\u0438\u0439\u043d \u043a\u0430\u0440\u0442 ","price":"30000"},{"profile_code":"H-6000","name":"50\/50 60 \u0445\u043e\u043d\u043e\u0433, 6000 \u043d\u044d\u0433\u0436","price":"6000"},{"profile_code":"H-11000","name":"30\/30 30 \u0445\u043e\u043d\u043e\u0433, 11000 \u043d\u044d\u0433\u0436","price":"11000"},{"profile_code":"H-15000","name":"0\/50  30 \u0445\u043e\u043d\u043e\u0433, 1GB \u0434\u0430\u0442\u0430, 5000 \u043d\u044d\u0433\u0436","price":"15000"},{"profile_code":"H-20000","name":"0\/30 30 \u0445\u043e\u043d\u043e\u0433, 5000 \u043d\u044d\u0433\u0436","price":"20000"},{"profile_code":"H-60000","name":"0\/50 180 \u0445\u043e\u043d\u043e\u0433, 12000 \u043d\u044d\u0433\u0436","price":"60000"}],"data":[{"profile_code":"DAT-1000","name":"\u0425\u044f\u0437\u0433\u0430\u0430\u0440\u0433\u04af\u0439 \u00a01 \u0445\u043e\u043d\u043e\u0433\u0442\u043e\u0439 \u00a0\u0434\u0430\u0442\u0430 \u043a\u0430\u0440\u0442 ","price":"1000"},{"profile_code":"UNDAT-3000","name":"\u0425\u044f\u0437\u0433\u0430\u0430\u0440\u0433\u04af\u0439  3 \u0445\u043e\u043d\u043e\u0433\u0442\u043e\u0439 \u0434\u0430\u0442\u0430 \u043a\u0430\u0440\u0442","price":"3000"},{"profile_code":"UNDAT-7000","name":"\u0425\u044f\u0437\u0433\u0430\u0430\u0440\u0433\u04af\u0439  7 \u0445\u043e\u043d\u043e\u0433\u0442\u043e\u0439 \u0434\u0430\u0442\u0430 \u043a\u0430\u0440\u0442","price":"7000"},{"profile_code":"UNDAT-13000","name":"\u0425\u044f\u0437\u0433\u0430\u0430\u0440\u0433\u04af\u0439  14 \u0445\u043e\u043d\u043e\u0433\u0442\u043e\u0439 \u0434\u0430\u0442\u0430 \u043a\u0430\u0440\u0442","price":"13000"},{"profile_code":"DAT-25000","name":"\u0425\u044f\u0437\u0433\u0430\u0430\u0440\u0433\u04af\u0439  30 \u0445\u043e\u043d\u043e\u0433\u0442\u043e\u0439 \u00a0\u0434\u0430\u0442\u0430 \u043a\u0430\u0440\u0442","price":"25000"},{"profile_code":"UNDAT-75000","name":"\u0425\u044f\u0437\u0433\u0430\u0430\u0440\u0433\u04af\u0439  90 \u0445\u043e\u043d\u043e\u0433\u0442\u043e\u0439 \u0434\u0430\u0442\u0430 \u043a\u0430\u0440\u0442","price":"75000"},{"profile_code":"DAT-240000","name":"\u0425\u044f\u0437\u0433\u0430\u0430\u0440\u0433\u04af\u0439  365 \u0445\u043e\u043d\u043e\u0433\u0442\u043e\u0439 \u00a0\u0434\u0430\u0442\u0430 \u043a\u0430\u0440\u0442","price":"240000"},{"profile_code":"DAT-100","name":"100mb 3 x\u043e\u043d\u043e\u0433\u0442\u043e\u0439 \u0434\u0430\u0442\u0430 \u043a\u0430\u0440\u0442","price":"1000"},{"profile_code":"DAT-500","name":"500mb 8 \u0445\u043e\u043d\u043e\u0433\u0442\u043e\u0439 \u00a0\u0434\u0430\u0442\u0430 \u043a\u0430\u0440\u0442","price":"4000"},{"profile_code":"DAT-7000","name":"1GB  30 \u0445\u043e\u043d\u043e\u0433\u0442\u043e\u0439 \u0434\u0430\u0442\u0430 \u043a\u0430\u0440\u0442","price":"7000"},{"profile_code":"DAT-3000","name":"3GB  30 \u0445\u043e\u043d\u043e\u0433\u0442\u043e\u0439 \u0434\u0430\u0442\u0430 \u043a\u0430\u0440\u0442","price":"12000"},{"profile_code":"DAT-8000","name":"8GB  30 \u0445\u043e\u043d\u043e\u0433\u0442\u043e\u0439 \u0434\u0430\u0442\u0430 \u043a\u0430\u0440\u0442","price":"20000"},{"profile_code":"DAT60-20000","name":"20GB  60 \u0445\u043e\u043d\u043e\u0433\u0442\u043e\u0439 \u0434\u0430\u0442\u0430 \u043a\u0430\u0440\u0442","price":"30000"},{"profile_code":"DAT-120000","name":"240gb 365 \u0445\u043e\u043d\u043e\u0433\u0442\u043e\u0439 \u00a0\u0434\u0430\u0442\u0430 \u043a\u0430\u0440\u0442 ","price":"240000"}]}
2021-09-25 09:59:03,883:INFO:order
2021-09-25 09:59:03,891:INFO:order.amjilttai
2021-09-25 09:59:03,891:INFO:11767
2021-09-25 09:59:20,052:INFO:order
2021-09-25 09:59:20,058:INFO:order.amjilttai
2021-09-25 09:59:20,058:INFO:11768
2021-09-25 10:04:29,167:INFO:jwt
2021-09-25 10:04:29,174:INFO:{'username': u'\u041a\u0438\u043e\u0441\u043a2', 'user_id': 2, 'exp': datetime.datetime(2021, 9, 25, 2, 9, 29, 174084)}
2021-09-25 10:04:29,174:INFO:eyJhbGciOiJIUzI1NiIsInR5cCI6IkpXVCJ9.eyJ1c2VybmFtZSI6Ilx1MDQxYVx1MDQzOFx1MDQzZVx1MDQ0MVx1MDQzYTIiLCJ1c2VyX2lkIjoyLCJleHAiOjE2MzI1MzU3Njl9.ZCXtnJxP0LL_fZ7JjFER1pwRs5XH4pghWdATy7D_5lY
2021-09-25 10:04:29,174:INFO:jwt.jwt
2021-09-25 10:04:29,174:INFO:eyJhbGciOiJIUzI1NiIsInR5cCI6IkpXVCJ9.eyJ1c2VybmFtZSI6Ilx1MDQxYVx1MDQzOFx1MDQzZVx1MDQ0MVx1MDQzYTIiLCJ1c2VyX2lkIjoyLCJleHAiOjE2MzI1MzUyNzN9.gl6oet06Zkua_Bsa1sXytACqCr7PCgzhzu8S2OrX-aY
2021-09-25 10:04:29,175:INFO:jwt.jwt
2021-09-25 10:04:29,175:INFO:eyJhbGciOiJIUzI1NiIsInR5cCI6IkpXVCJ9.eyJ1c2VybmFtZSI6Ilx1MDQxYVx1MDQzOFx1MDQzZVx1MDQ0MVx1MDQzYTIiLCJ1c2VyX2lkIjoyLCJleHAiOjE2MzI1MzU3Njl9.ZCXtnJxP0LL_fZ7JjFER1pwRs5XH4pghWdATy7D_5lY
2021-09-25 10:09:34,821:INFO:jwt
2021-09-25 10:09:34,827:INFO:{'username': u'\u041a\u0438\u043e\u0441\u043a2', 'user_id': 2, 'exp': datetime.datetime(2021, 9, 25, 2, 14, 34, 827746)}
2021-09-25 10:09:34,828:INFO:eyJhbGciOiJIUzI1NiIsInR5cCI6IkpXVCJ9.eyJ1c2VybmFtZSI6Ilx1MDQxYVx1MDQzOFx1MDQzZVx1MDQ0MVx1MDQzYTIiLCJ1c2VyX2lkIjoyLCJleHAiOjE2MzI1MzYwNzR9.X0uyd5tY4eQTM_74dOifBbv-v3K44vq6Mb1ZOkz11HA
2021-09-25 10:09:34,828:INFO:jwt.jwt
2021-09-25 10:09:34,828:INFO:eyJhbGciOiJIUzI1NiIsInR5cCI6IkpXVCJ9.eyJ1c2VybmFtZSI6Ilx1MDQxYVx1MDQzOFx1MDQzZVx1MDQ0MVx1MDQzYTIiLCJ1c2VyX2lkIjoyLCJleHAiOjE2MzI1MzU3Njl9.ZCXtnJxP0LL_fZ7JjFER1pwRs5XH4pghWdATy7D_5lY
2021-09-25 10:09:34,829:INFO:jwt.jwt
2021-09-25 10:09:34,829:INFO:eyJhbGciOiJIUzI1NiIsInR5cCI6IkpXVCJ9.eyJ1c2VybmFtZSI6Ilx1MDQxYVx1MDQzOFx1MDQzZVx1MDQ0MVx1MDQzYTIiLCJ1c2VyX2lkIjoyLCJleHAiOjE2MzI1MzYwNzR9.X0uyd5tY4eQTM_74dOifBbv-v3K44vq6Mb1ZOkz11HA
2021-09-25 10:14:41,087:INFO:jwt
2021-09-25 10:14:41,093:INFO:{'username': u'\u041a\u0438\u043e\u0441\u043a2', 'user_id': 2, 'exp': datetime.datetime(2021, 9, 25, 2, 19, 41, 93663)}
2021-09-25 10:14:41,093:INFO:eyJhbGciOiJIUzI1NiIsInR5cCI6IkpXVCJ9.eyJ1c2VybmFtZSI6Ilx1MDQxYVx1MDQzOFx1MDQzZVx1MDQ0MVx1MDQzYTIiLCJ1c2VyX2lkIjoyLCJleHAiOjE2MzI1MzYzODF9.ql0--hZh-rQvQg44G2xgB71yiNSXvqyXwdmN902EREg
2021-09-25 10:14:41,094:INFO:jwt.jwt
2021-09-25 10:14:41,094:INFO:eyJhbGciOiJIUzI1NiIsInR5cCI6IkpXVCJ9.eyJ1c2VybmFtZSI6Ilx1MDQxYVx1MDQzOFx1MDQzZVx1MDQ0MVx1MDQzYTIiLCJ1c2VyX2lkIjoyLCJleHAiOjE2MzI1MzYwNzR9.X0uyd5tY4eQTM_74dOifBbv-v3K44vq6Mb1ZOkz11HA
2021-09-25 10:14:41,095:INFO:jwt.jwt
2021-09-25 10:14:41,095:INFO:eyJhbGciOiJIUzI1NiIsInR5cCI6IkpXVCJ9.eyJ1c2VybmFtZSI6Ilx1MDQxYVx1MDQzOFx1MDQzZVx1MDQ0MVx1MDQzYTIiLCJ1c2VyX2lkIjoyLCJleHAiOjE2MzI1MzYzODF9.ql0--hZh-rQvQg44G2xgB71yiNSXvqyXwdmN902EREg
2021-09-25 10:19:46,900:INFO:jwt
2021-09-25 10:19:46,906:INFO:{'username': u'\u041a\u0438\u043e\u0441\u043a2', 'user_id': 2, 'exp': datetime.datetime(2021, 9, 25, 2, 24, 46, 906633)}
2021-09-25 10:19:46,906:INFO:eyJhbGciOiJIUzI1NiIsInR5cCI6IkpXVCJ9.eyJ1c2VybmFtZSI6Ilx1MDQxYVx1MDQzOFx1MDQzZVx1MDQ0MVx1MDQzYTIiLCJ1c2VyX2lkIjoyLCJleHAiOjE2MzI1MzY2ODZ9.JxFh2UGRe-9DIu74z72jp6DqMiJ_FbNa9KgIyGnnVOQ
2021-09-25 10:19:46,907:INFO:jwt.jwt
2021-09-25 10:19:46,907:INFO:eyJhbGciOiJIUzI1NiIsInR5cCI6IkpXVCJ9.eyJ1c2VybmFtZSI6Ilx1MDQxYVx1MDQzOFx1MDQzZVx1MDQ0MVx1MDQzYTIiLCJ1c2VyX2lkIjoyLCJleHAiOjE2MzI1MzYzODF9.ql0--hZh-rQvQg44G2xgB71yiNSXvqyXwdmN902EREg
2021-09-25 10:19:46,908:INFO:jwt.jwt
2021-09-25 10:19:46,908:INFO:eyJhbGciOiJIUzI1NiIsInR5cCI6IkpXVCJ9.eyJ1c2VybmFtZSI6Ilx1MDQxYVx1MDQzOFx1MDQzZVx1MDQ0MVx1MDQzYTIiLCJ1c2VyX2lkIjoyLCJleHAiOjE2MzI1MzY2ODZ9.JxFh2UGRe-9DIu74z72jp6DqMiJ_FbNa9KgIyGnnVOQ
2021-09-25 10:24:52,928:INFO:jwt
2021-09-25 10:24:52,934:INFO:{'username': u'\u041a\u0438\u043e\u0441\u043a2', 'user_id': 2, 'exp': datetime.datetime(2021, 9, 25, 2, 29, 52, 934747)}
2021-09-25 10:24:52,935:INFO:eyJhbGciOiJIUzI1NiIsInR5cCI6IkpXVCJ9.eyJ1c2VybmFtZSI6Ilx1MDQxYVx1MDQzOFx1MDQzZVx1MDQ0MVx1MDQzYTIiLCJ1c2VyX2lkIjoyLCJleHAiOjE2MzI1MzY5OTJ9.CGJoRnRW-4AGEaWTsr5Bh04ztG3D9nGjku6ltoQGSY4
2021-09-25 10:24:52,935:INFO:jwt.jwt
2021-09-25 10:24:52,935:INFO:eyJhbGciOiJIUzI1NiIsInR5cCI6IkpXVCJ9.eyJ1c2VybmFtZSI6Ilx1MDQxYVx1MDQzOFx1MDQzZVx1MDQ0MVx1MDQzYTIiLCJ1c2VyX2lkIjoyLCJleHAiOjE2MzI1MzY2ODZ9.JxFh2UGRe-9DIu74z72jp6DqMiJ_FbNa9KgIyGnnVOQ
2021-09-25 10:24:52,936:INFO:jwt.jwt
2021-09-25 10:24:52,936:INFO:eyJhbGciOiJIUzI1NiIsInR5cCI6IkpXVCJ9.eyJ1c2VybmFtZSI6Ilx1MDQxYVx1MDQzOFx1MDQzZVx1MDQ0MVx1MDQzYTIiLCJ1c2VyX2lkIjoyLCJleHAiOjE2MzI1MzY5OTJ9.CGJoRnRW-4AGEaWTsr5Bh04ztG3D9nGjku6ltoQGSY4
2021-09-25 10:29:58,793:INFO:jwt
2021-09-25 10:29:58,798:INFO:{'username': u'\u041a\u0438\u043e\u0441\u043a2', 'user_id': 2, 'exp': datetime.datetime(2021, 9, 25, 2, 34, 58, 798783)}
2021-09-25 10:29:58,799:INFO:eyJhbGciOiJIUzI1NiIsInR5cCI6IkpXVCJ9.eyJ1c2VybmFtZSI6Ilx1MDQxYVx1MDQzOFx1MDQzZVx1MDQ0MVx1MDQzYTIiLCJ1c2VyX2lkIjoyLCJleHAiOjE2MzI1MzcyOTh9.BJb4uMr_MXJ-fDCTAkdMU1ojCeb6vpyFSNC7l5pYjdk
2021-09-25 10:29:58,799:INFO:jwt.jwt
2021-09-25 10:29:58,799:INFO:eyJhbGciOiJIUzI1NiIsInR5cCI6IkpXVCJ9.eyJ1c2VybmFtZSI6Ilx1MDQxYVx1MDQzOFx1MDQzZVx1MDQ0MVx1MDQzYTIiLCJ1c2VyX2lkIjoyLCJleHAiOjE2MzI1MzY5OTJ9.CGJoRnRW-4AGEaWTsr5Bh04ztG3D9nGjku6ltoQGSY4
2021-09-25 10:29:58,800:INFO:jwt.jwt
2021-09-25 10:29:58,800:INFO:eyJhbGciOiJIUzI1NiIsInR5cCI6IkpXVCJ9.eyJ1c2VybmFtZSI6Ilx1MDQxYVx1MDQzOFx1MDQzZVx1MDQ0MVx1MDQzYTIiLCJ1c2VyX2lkIjoyLCJleHAiOjE2MzI1MzcyOTh9.BJb4uMr_MXJ-fDCTAkdMU1ojCeb6vpyFSNC7l5pYjdk
2021-09-25 10:35:04,705:INFO:jwt
2021-09-25 10:35:04,711:INFO:{'username': u'\u041a\u0438\u043e\u0441\u043a2', 'user_id': 2, 'exp': datetime.datetime(2021, 9, 25, 2, 40, 4, 711623)}
2021-09-25 10:35:04,711:INFO:eyJhbGciOiJIUzI1NiIsInR5cCI6IkpXVCJ9.eyJ1c2VybmFtZSI6Ilx1MDQxYVx1MDQzOFx1MDQzZVx1MDQ0MVx1MDQzYTIiLCJ1c2VyX2lkIjoyLCJleHAiOjE2MzI1Mzc2MDR9.ZopZgIMpT2fJJQEQtxesZlQm61r0fkfhxDf1_123T0c
2021-09-25 10:35:04,712:INFO:jwt.jwt
2021-09-25 10:35:04,712:INFO:eyJhbGciOiJIUzI1NiIsInR5cCI6IkpXVCJ9.eyJ1c2VybmFtZSI6Ilx1MDQxYVx1MDQzOFx1MDQzZVx1MDQ0MVx1MDQzYTIiLCJ1c2VyX2lkIjoyLCJleHAiOjE2MzI1MzcyOTh9.BJb4uMr_MXJ-fDCTAkdMU1ojCeb6vpyFSNC7l5pYjdk
2021-09-25 10:35:04,713:INFO:jwt.jwt
2021-09-25 10:35:04,713:INFO:eyJhbGciOiJIUzI1NiIsInR5cCI6IkpXVCJ9.eyJ1c2VybmFtZSI6Ilx1MDQxYVx1MDQzOFx1MDQzZVx1MDQ0MVx1MDQzYTIiLCJ1c2VyX2lkIjoyLCJleHAiOjE2MzI1Mzc2MDR9.ZopZgIMpT2fJJQEQtxesZlQm61r0fkfhxDf1_123T0c
2021-09-25 10:36:41,954:INFO:jwt
2021-09-25 10:36:41,960:INFO:{'username': u'\u041a\u0438\u043e\u0441\u043a1', 'user_id': 1, 'exp': datetime.datetime(2021, 9, 25, 2, 41, 41, 960700)}
2021-09-25 10:36:41,960:INFO:eyJhbGciOiJIUzI1NiIsInR5cCI6IkpXVCJ9.eyJ1c2VybmFtZSI6Ilx1MDQxYVx1MDQzOFx1MDQzZVx1MDQ0MVx1MDQzYTEiLCJ1c2VyX2lkIjoxLCJleHAiOjE2MzI1Mzc3MDF9.hxKAPHCDnYpGMTGI_ZGgkXlZ2fgnlmKBO5Cwn7bsEoU
2021-09-25 10:36:41,961:INFO:jwt.jwt
2021-09-25 10:36:41,961:INFO:eyJhbGciOiJIUzI1NiIsInR5cCI6IkpXVCJ9.eyJ1c2VybmFtZSI6Ilx1MDQxYVx1MDQzOFx1MDQzZVx1MDQ0MVx1MDQzYTEiLCJ1c2VyX2lkIjoxLCJleHAiOjE2MzI0NTA4NDh9.0zBDjpp9DwbfSdEQnpWwyq_DV-Bbv8ZHOkDv43GgAwk
2021-09-25 10:36:41,962:INFO:jwt.jwt
2021-09-25 10:36:41,962:INFO:eyJhbGciOiJIUzI1NiIsInR5cCI6IkpXVCJ9.eyJ1c2VybmFtZSI6Ilx1MDQxYVx1MDQzOFx1MDQzZVx1MDQ0MVx1MDQzYTEiLCJ1c2VyX2lkIjoxLCJleHAiOjE2MzI1Mzc3MDF9.hxKAPHCDnYpGMTGI_ZGgkXlZ2fgnlmKBO5Cwn7bsEoU
2021-09-25 10:40:10,585:INFO:jwt
2021-09-25 10:40:10,592:INFO:{'username': u'\u041a\u0438\u043e\u0441\u043a2', 'user_id': 2, 'exp': datetime.datetime(2021, 9, 25, 2, 45, 10, 592776)}
2021-09-25 10:40:10,593:INFO:eyJhbGciOiJIUzI1NiIsInR5cCI6IkpXVCJ9.eyJ1c2VybmFtZSI6Ilx1MDQxYVx1MDQzOFx1MDQzZVx1MDQ0MVx1MDQzYTIiLCJ1c2VyX2lkIjoyLCJleHAiOjE2MzI1Mzc5MTB9.hr0I8FqLBCdyX7wpHWR2sO1x_Vq2IslY8tBrEJhJxCc
2021-09-25 10:40:10,593:INFO:jwt.jwt
2021-09-25 10:40:10,593:INFO:eyJhbGciOiJIUzI1NiIsInR5cCI6IkpXVCJ9.eyJ1c2VybmFtZSI6Ilx1MDQxYVx1MDQzOFx1MDQzZVx1MDQ0MVx1MDQzYTIiLCJ1c2VyX2lkIjoyLCJleHAiOjE2MzI1Mzc2MDR9.ZopZgIMpT2fJJQEQtxesZlQm61r0fkfhxDf1_123T0c
2021-09-25 10:40:10,594:INFO:jwt.jwt
2021-09-25 10:40:10,594:INFO:eyJhbGciOiJIUzI1NiIsInR5cCI6IkpXVCJ9.eyJ1c2VybmFtZSI6Ilx1MDQxYVx1MDQzOFx1MDQzZVx1MDQ0MVx1MDQzYTIiLCJ1c2VyX2lkIjoyLCJleHAiOjE2MzI1Mzc5MTB9.hr0I8FqLBCdyX7wpHWR2sO1x_Vq2IslY8tBrEJhJxCc
2021-09-25 10:45:16,509:INFO:jwt
2021-09-25 10:45:16,515:INFO:{'username': u'\u041a\u0438\u043e\u0441\u043a2', 'user_id': 2, 'exp': datetime.datetime(2021, 9, 25, 2, 50, 16, 515298)}
2021-09-25 10:45:16,515:INFO:eyJhbGciOiJIUzI1NiIsInR5cCI6IkpXVCJ9.eyJ1c2VybmFtZSI6Ilx1MDQxYVx1MDQzOFx1MDQzZVx1MDQ0MVx1MDQzYTIiLCJ1c2VyX2lkIjoyLCJleHAiOjE2MzI1MzgyMTZ9.EeP9sXYrLg5cqpzuCHKLtrqHzx8OOJjip5FP4js9_Io
2021-09-25 10:45:16,515:INFO:jwt.jwt
2021-09-25 10:45:16,515:INFO:eyJhbGciOiJIUzI1NiIsInR5cCI6IkpXVCJ9.eyJ1c2VybmFtZSI6Ilx1MDQxYVx1MDQzOFx1MDQzZVx1MDQ0MVx1MDQzYTIiLCJ1c2VyX2lkIjoyLCJleHAiOjE2MzI1Mzc5MTB9.hr0I8FqLBCdyX7wpHWR2sO1x_Vq2IslY8tBrEJhJxCc
2021-09-25 10:45:16,516:INFO:jwt.jwt
2021-09-25 10:45:16,516:INFO:eyJhbGciOiJIUzI1NiIsInR5cCI6IkpXVCJ9.eyJ1c2VybmFtZSI6Ilx1MDQxYVx1MDQzOFx1MDQzZVx1MDQ0MVx1MDQzYTIiLCJ1c2VyX2lkIjoyLCJleHAiOjE2MzI1MzgyMTZ9.EeP9sXYrLg5cqpzuCHKLtrqHzx8OOJjip5FP4js9_Io
2021-09-25 10:50:22,507:INFO:jwt
2021-09-25 10:50:22,513:INFO:{'username': u'\u041a\u0438\u043e\u0441\u043a2', 'user_id': 2, 'exp': datetime.datetime(2021, 9, 25, 2, 55, 22, 513955)}
2021-09-25 10:50:22,514:INFO:eyJhbGciOiJIUzI1NiIsInR5cCI6IkpXVCJ9.eyJ1c2VybmFtZSI6Ilx1MDQxYVx1MDQzOFx1MDQzZVx1MDQ0MVx1MDQzYTIiLCJ1c2VyX2lkIjoyLCJleHAiOjE2MzI1Mzg1MjJ9.T2SIY1NN85D9XpyFjjuACvLqHbZiemXCoXPTV8oqHVI
2021-09-25 10:50:22,514:INFO:jwt.jwt
2021-09-25 10:50:22,514:INFO:eyJhbGciOiJIUzI1NiIsInR5cCI6IkpXVCJ9.eyJ1c2VybmFtZSI6Ilx1MDQxYVx1MDQzOFx1MDQzZVx1MDQ0MVx1MDQzYTIiLCJ1c2VyX2lkIjoyLCJleHAiOjE2MzI1MzgyMTZ9.EeP9sXYrLg5cqpzuCHKLtrqHzx8OOJjip5FP4js9_Io
2021-09-25 10:50:22,515:INFO:jwt.jwt
2021-09-25 10:50:22,515:INFO:eyJhbGciOiJIUzI1NiIsInR5cCI6IkpXVCJ9.eyJ1c2VybmFtZSI6Ilx1MDQxYVx1MDQzOFx1MDQzZVx1MDQ0MVx1MDQzYTIiLCJ1c2VyX2lkIjoyLCJleHAiOjE2MzI1Mzg1MjJ9.T2SIY1NN85D9XpyFjjuACvLqHbZiemXCoXPTV8oqHVI
2021-09-25 10:55:28,353:INFO:jwt
2021-09-25 10:55:28,359:INFO:{'username': u'\u041a\u0438\u043e\u0441\u043a2', 'user_id': 2, 'exp': datetime.datetime(2021, 9, 25, 3, 0, 28, 359036)}
2021-09-25 10:55:28,359:INFO:eyJhbGciOiJIUzI1NiIsInR5cCI6IkpXVCJ9.eyJ1c2VybmFtZSI6Ilx1MDQxYVx1MDQzOFx1MDQzZVx1MDQ0MVx1MDQzYTIiLCJ1c2VyX2lkIjoyLCJleHAiOjE2MzI1Mzg4Mjh9.IMnE76NA4KjWmP308ggWRxCSYKhP8MzqgVT2Zk4UvwY
2021-09-25 10:55:28,359:INFO:jwt.jwt
2021-09-25 10:55:28,359:INFO:eyJhbGciOiJIUzI1NiIsInR5cCI6IkpXVCJ9.eyJ1c2VybmFtZSI6Ilx1MDQxYVx1MDQzOFx1MDQzZVx1MDQ0MVx1MDQzYTIiLCJ1c2VyX2lkIjoyLCJleHAiOjE2MzI1Mzg1MjJ9.T2SIY1NN85D9XpyFjjuACvLqHbZiemXCoXPTV8oqHVI
2021-09-25 10:55:28,360:INFO:jwt.jwt
2021-09-25 10:55:28,360:INFO:eyJhbGciOiJIUzI1NiIsInR5cCI6IkpXVCJ9.eyJ1c2VybmFtZSI6Ilx1MDQxYVx1MDQzOFx1MDQzZVx1MDQ0MVx1MDQzYTIiLCJ1c2VyX2lkIjoyLCJleHAiOjE2MzI1Mzg4Mjh9.IMnE76NA4KjWmP308ggWRxCSYKhP8MzqgVT2Zk4UvwY
2021-09-25 11:00:34,205:INFO:jwt
2021-09-25 11:00:34,211:INFO:{'username': u'\u041a\u0438\u043e\u0441\u043a2', 'user_id': 2, 'exp': datetime.datetime(2021, 9, 25, 3, 5, 34, 211879)}
2021-09-25 11:00:34,212:INFO:eyJhbGciOiJIUzI1NiIsInR5cCI6IkpXVCJ9.eyJ1c2VybmFtZSI6Ilx1MDQxYVx1MDQzOFx1MDQzZVx1MDQ0MVx1MDQzYTIiLCJ1c2VyX2lkIjoyLCJleHAiOjE2MzI1MzkxMzR9.iKQcTobtbgU1N_gozxOderMM1lqViQ3-Mz9Ae1aIuxI
2021-09-25 11:00:34,212:INFO:jwt.jwt
2021-09-25 11:00:34,212:INFO:eyJhbGciOiJIUzI1NiIsInR5cCI6IkpXVCJ9.eyJ1c2VybmFtZSI6Ilx1MDQxYVx1MDQzOFx1MDQzZVx1MDQ0MVx1MDQzYTIiLCJ1c2VyX2lkIjoyLCJleHAiOjE2MzI1Mzg4Mjh9.IMnE76NA4KjWmP308ggWRxCSYKhP8MzqgVT2Zk4UvwY
2021-09-25 11:00:34,213:INFO:jwt.jwt
2021-09-25 11:00:34,213:INFO:eyJhbGciOiJIUzI1NiIsInR5cCI6IkpXVCJ9.eyJ1c2VybmFtZSI6Ilx1MDQxYVx1MDQzOFx1MDQzZVx1MDQ0MVx1MDQzYTIiLCJ1c2VyX2lkIjoyLCJleHAiOjE2MzI1MzkxMzR9.iKQcTobtbgU1N_gozxOderMM1lqViQ3-Mz9Ae1aIuxI
2021-09-25 11:05:40,013:INFO:jwt
2021-09-25 11:05:40,019:INFO:{'username': u'\u041a\u0438\u043e\u0441\u043a2', 'user_id': 2, 'exp': datetime.datetime(2021, 9, 25, 3, 10, 40, 19676)}
2021-09-25 11:05:40,020:INFO:eyJhbGciOiJIUzI1NiIsInR5cCI6IkpXVCJ9.eyJ1c2VybmFtZSI6Ilx1MDQxYVx1MDQzOFx1MDQzZVx1MDQ0MVx1MDQzYTIiLCJ1c2VyX2lkIjoyLCJleHAiOjE2MzI1Mzk0NDB9.95M5g50BYzwm_rEZAqwsDYwLodPpd8cgTkhEyl8rLwY
2021-09-25 11:05:40,020:INFO:jwt.jwt
2021-09-25 11:05:40,020:INFO:eyJhbGciOiJIUzI1NiIsInR5cCI6IkpXVCJ9.eyJ1c2VybmFtZSI6Ilx1MDQxYVx1MDQzOFx1MDQzZVx1MDQ0MVx1MDQzYTIiLCJ1c2VyX2lkIjoyLCJleHAiOjE2MzI1MzkxMzR9.iKQcTobtbgU1N_gozxOderMM1lqViQ3-Mz9Ae1aIuxI
2021-09-25 11:05:40,021:INFO:jwt.jwt
2021-09-25 11:05:40,021:INFO:eyJhbGciOiJIUzI1NiIsInR5cCI6IkpXVCJ9.eyJ1c2VybmFtZSI6Ilx1MDQxYVx1MDQzOFx1MDQzZVx1MDQ0MVx1MDQzYTIiLCJ1c2VyX2lkIjoyLCJleHAiOjE2MzI1Mzk0NDB9.95M5g50BYzwm_rEZAqwsDYwLodPpd8cgTkhEyl8rLwY
2021-09-25 11:10:45,900:INFO:jwt
2021-09-25 11:10:45,906:INFO:{'username': u'\u041a\u0438\u043e\u0441\u043a2', 'user_id': 2, 'exp': datetime.datetime(2021, 9, 25, 3, 15, 45, 906946)}
2021-09-25 11:10:45,907:INFO:eyJhbGciOiJIUzI1NiIsInR5cCI6IkpXVCJ9.eyJ1c2VybmFtZSI6Ilx1MDQxYVx1MDQzOFx1MDQzZVx1MDQ0MVx1MDQzYTIiLCJ1c2VyX2lkIjoyLCJleHAiOjE2MzI1Mzk3NDV9.Btnwh1ypD_kM1Fjw5clfBJLzbdFcbG1XTmVHUMjPwdo
2021-09-25 11:10:45,907:INFO:jwt.jwt
2021-09-25 11:10:45,907:INFO:eyJhbGciOiJIUzI1NiIsInR5cCI6IkpXVCJ9.eyJ1c2VybmFtZSI6Ilx1MDQxYVx1MDQzOFx1MDQzZVx1MDQ0MVx1MDQzYTIiLCJ1c2VyX2lkIjoyLCJleHAiOjE2MzI1Mzk0NDB9.95M5g50BYzwm_rEZAqwsDYwLodPpd8cgTkhEyl8rLwY
2021-09-25 11:10:45,908:INFO:jwt.jwt
2021-09-25 11:10:45,908:INFO:eyJhbGciOiJIUzI1NiIsInR5cCI6IkpXVCJ9.eyJ1c2VybmFtZSI6Ilx1MDQxYVx1MDQzOFx1MDQzZVx1MDQ0MVx1MDQzYTIiLCJ1c2VyX2lkIjoyLCJleHAiOjE2MzI1Mzk3NDV9.Btnwh1ypD_kM1Fjw5clfBJLzbdFcbG1XTmVHUMjPwdo
2021-09-25 11:15:52,102:INFO:jwt
2021-09-25 11:15:52,108:INFO:{'username': u'\u041a\u0438\u043e\u0441\u043a2', 'user_id': 2, 'exp': datetime.datetime(2021, 9, 25, 3, 20, 52, 108489)}
2021-09-25 11:15:52,108:INFO:eyJhbGciOiJIUzI1NiIsInR5cCI6IkpXVCJ9.eyJ1c2VybmFtZSI6Ilx1MDQxYVx1MDQzOFx1MDQzZVx1MDQ0MVx1MDQzYTIiLCJ1c2VyX2lkIjoyLCJleHAiOjE2MzI1NDAwNTJ9.M0FHZecNyHd28S2_ncXpWBvdJfTMG2Iq6NZWUQgJm78
2021-09-25 11:15:52,108:INFO:jwt.jwt
2021-09-25 11:15:52,108:INFO:eyJhbGciOiJIUzI1NiIsInR5cCI6IkpXVCJ9.eyJ1c2VybmFtZSI6Ilx1MDQxYVx1MDQzOFx1MDQzZVx1MDQ0MVx1MDQzYTIiLCJ1c2VyX2lkIjoyLCJleHAiOjE2MzI1Mzk3NDV9.Btnwh1ypD_kM1Fjw5clfBJLzbdFcbG1XTmVHUMjPwdo
2021-09-25 11:15:52,110:INFO:jwt.jwt
2021-09-25 11:15:52,110:INFO:eyJhbGciOiJIUzI1NiIsInR5cCI6IkpXVCJ9.eyJ1c2VybmFtZSI6Ilx1MDQxYVx1MDQzOFx1MDQzZVx1MDQ0MVx1MDQzYTIiLCJ1c2VyX2lkIjoyLCJleHAiOjE2MzI1NDAwNTJ9.M0FHZecNyHd28S2_ncXpWBvdJfTMG2Iq6NZWUQgJm78
2021-09-25 11:20:57,841:INFO:jwt
2021-09-25 11:20:57,847:INFO:{'username': u'\u041a\u0438\u043e\u0441\u043a2', 'user_id': 2, 'exp': datetime.datetime(2021, 9, 25, 3, 25, 57, 847460)}
2021-09-25 11:20:57,847:INFO:eyJhbGciOiJIUzI1NiIsInR5cCI6IkpXVCJ9.eyJ1c2VybmFtZSI6Ilx1MDQxYVx1MDQzOFx1MDQzZVx1MDQ0MVx1MDQzYTIiLCJ1c2VyX2lkIjoyLCJleHAiOjE2MzI1NDAzNTd9.f74THkfkji7ANzQ26AilXRx78uD6tJbjPiZjMCpmvpI
2021-09-25 11:20:57,847:INFO:jwt.jwt
2021-09-25 11:20:57,847:INFO:eyJhbGciOiJIUzI1NiIsInR5cCI6IkpXVCJ9.eyJ1c2VybmFtZSI6Ilx1MDQxYVx1MDQzOFx1MDQzZVx1MDQ0MVx1MDQzYTIiLCJ1c2VyX2lkIjoyLCJleHAiOjE2MzI1NDAwNTJ9.M0FHZecNyHd28S2_ncXpWBvdJfTMG2Iq6NZWUQgJm78
2021-09-25 11:20:57,849:INFO:jwt.jwt
2021-09-25 11:20:57,849:INFO:eyJhbGciOiJIUzI1NiIsInR5cCI6IkpXVCJ9.eyJ1c2VybmFtZSI6Ilx1MDQxYVx1MDQzOFx1MDQzZVx1MDQ0MVx1MDQzYTIiLCJ1c2VyX2lkIjoyLCJleHAiOjE2MzI1NDAzNTd9.f74THkfkji7ANzQ26AilXRx78uD6tJbjPiZjMCpmvpI
2021-09-25 11:26:03,853:INFO:jwt
2021-09-25 11:26:03,860:INFO:{'username': u'\u041a\u0438\u043e\u0441\u043a2', 'user_id': 2, 'exp': datetime.datetime(2021, 9, 25, 3, 31, 3, 860472)}
2021-09-25 11:26:03,860:INFO:eyJhbGciOiJIUzI1NiIsInR5cCI6IkpXVCJ9.eyJ1c2VybmFtZSI6Ilx1MDQxYVx1MDQzOFx1MDQzZVx1MDQ0MVx1MDQzYTIiLCJ1c2VyX2lkIjoyLCJleHAiOjE2MzI1NDA2NjN9.5UYKzYKZ7nvx6pMsN7vD0Yo02W3MNJcFmq_kwNXvgDc
2021-09-25 11:26:03,861:INFO:jwt.jwt
2021-09-25 11:26:03,861:INFO:eyJhbGciOiJIUzI1NiIsInR5cCI6IkpXVCJ9.eyJ1c2VybmFtZSI6Ilx1MDQxYVx1MDQzOFx1MDQzZVx1MDQ0MVx1MDQzYTIiLCJ1c2VyX2lkIjoyLCJleHAiOjE2MzI1NDAzNTd9.f74THkfkji7ANzQ26AilXRx78uD6tJbjPiZjMCpmvpI
2021-09-25 11:26:03,862:INFO:jwt.jwt
2021-09-25 11:26:03,862:INFO:eyJhbGciOiJIUzI1NiIsInR5cCI6IkpXVCJ9.eyJ1c2VybmFtZSI6Ilx1MDQxYVx1MDQzOFx1MDQzZVx1MDQ0MVx1MDQzYTIiLCJ1c2VyX2lkIjoyLCJleHAiOjE2MzI1NDA2NjN9.5UYKzYKZ7nvx6pMsN7vD0Yo02W3MNJcFmq_kwNXvgDc
2021-09-25 11:31:10,047:INFO:jwt
2021-09-25 11:31:10,054:INFO:{'username': u'\u041a\u0438\u043e\u0441\u043a2', 'user_id': 2, 'exp': datetime.datetime(2021, 9, 25, 3, 36, 10, 54000)}
2021-09-25 11:31:10,054:INFO:eyJhbGciOiJIUzI1NiIsInR5cCI6IkpXVCJ9.eyJ1c2VybmFtZSI6Ilx1MDQxYVx1MDQzOFx1MDQzZVx1MDQ0MVx1MDQzYTIiLCJ1c2VyX2lkIjoyLCJleHAiOjE2MzI1NDA5NzB9.evTq8O0SVdusynbIH3ZkfaVwJ5eHsYL7Eb5iy25xnqY
2021-09-25 11:31:10,054:INFO:jwt.jwt
2021-09-25 11:31:10,054:INFO:eyJhbGciOiJIUzI1NiIsInR5cCI6IkpXVCJ9.eyJ1c2VybmFtZSI6Ilx1MDQxYVx1MDQzOFx1MDQzZVx1MDQ0MVx1MDQzYTIiLCJ1c2VyX2lkIjoyLCJleHAiOjE2MzI1NDA2NjN9.5UYKzYKZ7nvx6pMsN7vD0Yo02W3MNJcFmq_kwNXvgDc
2021-09-25 11:31:10,055:INFO:jwt.jwt
2021-09-25 11:31:10,055:INFO:eyJhbGciOiJIUzI1NiIsInR5cCI6IkpXVCJ9.eyJ1c2VybmFtZSI6Ilx1MDQxYVx1MDQzOFx1MDQzZVx1MDQ0MVx1MDQzYTIiLCJ1c2VyX2lkIjoyLCJleHAiOjE2MzI1NDA5NzB9.evTq8O0SVdusynbIH3ZkfaVwJ5eHsYL7Eb5iy25xnqY
2021-09-25 11:36:15,950:INFO:jwt
2021-09-25 11:36:15,956:INFO:{'username': u'\u041a\u0438\u043e\u0441\u043a2', 'user_id': 2, 'exp': datetime.datetime(2021, 9, 25, 3, 41, 15, 956395)}
2021-09-25 11:36:15,956:INFO:eyJhbGciOiJIUzI1NiIsInR5cCI6IkpXVCJ9.eyJ1c2VybmFtZSI6Ilx1MDQxYVx1MDQzOFx1MDQzZVx1MDQ0MVx1MDQzYTIiLCJ1c2VyX2lkIjoyLCJleHAiOjE2MzI1NDEyNzV9.1AdNMu0_Oe4PYQsXhTjhAOFBorSJVrNnwfmci3Br-9s
2021-09-25 11:36:15,956:INFO:jwt.jwt
2021-09-25 11:36:15,956:INFO:eyJhbGciOiJIUzI1NiIsInR5cCI6IkpXVCJ9.eyJ1c2VybmFtZSI6Ilx1MDQxYVx1MDQzOFx1MDQzZVx1MDQ0MVx1MDQzYTIiLCJ1c2VyX2lkIjoyLCJleHAiOjE2MzI1NDA5NzB9.evTq8O0SVdusynbIH3ZkfaVwJ5eHsYL7Eb5iy25xnqY
2021-09-25 11:36:15,957:INFO:jwt.jwt
2021-09-25 11:36:15,958:INFO:eyJhbGciOiJIUzI1NiIsInR5cCI6IkpXVCJ9.eyJ1c2VybmFtZSI6Ilx1MDQxYVx1MDQzOFx1MDQzZVx1MDQ0MVx1MDQzYTIiLCJ1c2VyX2lkIjoyLCJleHAiOjE2MzI1NDEyNzV9.1AdNMu0_Oe4PYQsXhTjhAOFBorSJVrNnwfmci3Br-9s
2021-09-25 11:41:21,899:INFO:jwt
2021-09-25 11:41:21,906:INFO:{'username': u'\u041a\u0438\u043e\u0441\u043a2', 'user_id': 2, 'exp': datetime.datetime(2021, 9, 25, 3, 46, 21, 906529)}
2021-09-25 11:41:21,906:INFO:eyJhbGciOiJIUzI1NiIsInR5cCI6IkpXVCJ9.eyJ1c2VybmFtZSI6Ilx1MDQxYVx1MDQzOFx1MDQzZVx1MDQ0MVx1MDQzYTIiLCJ1c2VyX2lkIjoyLCJleHAiOjE2MzI1NDE1ODF9.RSsbclGtk1_VenKsexAiGWIyiwrzW5tEWW18sAOKmWo
2021-09-25 11:41:21,906:INFO:jwt.jwt
2021-09-25 11:41:21,906:INFO:eyJhbGciOiJIUzI1NiIsInR5cCI6IkpXVCJ9.eyJ1c2VybmFtZSI6Ilx1MDQxYVx1MDQzOFx1MDQzZVx1MDQ0MVx1MDQzYTIiLCJ1c2VyX2lkIjoyLCJleHAiOjE2MzI1NDEyNzV9.1AdNMu0_Oe4PYQsXhTjhAOFBorSJVrNnwfmci3Br-9s
2021-09-25 11:41:21,908:INFO:jwt.jwt
2021-09-25 11:41:21,908:INFO:eyJhbGciOiJIUzI1NiIsInR5cCI6IkpXVCJ9.eyJ1c2VybmFtZSI6Ilx1MDQxYVx1MDQzOFx1MDQzZVx1MDQ0MVx1MDQzYTIiLCJ1c2VyX2lkIjoyLCJleHAiOjE2MzI1NDE1ODF9.RSsbclGtk1_VenKsexAiGWIyiwrzW5tEWW18sAOKmWo
2021-09-25 11:46:27,772:INFO:jwt
2021-09-25 11:46:27,780:INFO:{'username': u'\u041a\u0438\u043e\u0441\u043a2', 'user_id': 2, 'exp': datetime.datetime(2021, 9, 25, 3, 51, 27, 780956)}
2021-09-25 11:46:27,781:INFO:eyJhbGciOiJIUzI1NiIsInR5cCI6IkpXVCJ9.eyJ1c2VybmFtZSI6Ilx1MDQxYVx1MDQzOFx1MDQzZVx1MDQ0MVx1MDQzYTIiLCJ1c2VyX2lkIjoyLCJleHAiOjE2MzI1NDE4ODd9.rtxMaq_ldBX5yhAi4V8r2jbfP35pNmyG0EwNncaFjGg
2021-09-25 11:46:27,781:INFO:jwt.jwt
2021-09-25 11:46:27,781:INFO:eyJhbGciOiJIUzI1NiIsInR5cCI6IkpXVCJ9.eyJ1c2VybmFtZSI6Ilx1MDQxYVx1MDQzOFx1MDQzZVx1MDQ0MVx1MDQzYTIiLCJ1c2VyX2lkIjoyLCJleHAiOjE2MzI1NDE1ODF9.RSsbclGtk1_VenKsexAiGWIyiwrzW5tEWW18sAOKmWo
2021-09-25 11:46:27,782:INFO:jwt.jwt
2021-09-25 11:46:27,782:INFO:eyJhbGciOiJIUzI1NiIsInR5cCI6IkpXVCJ9.eyJ1c2VybmFtZSI6Ilx1MDQxYVx1MDQzOFx1MDQzZVx1MDQ0MVx1MDQzYTIiLCJ1c2VyX2lkIjoyLCJleHAiOjE2MzI1NDE4ODd9.rtxMaq_ldBX5yhAi4V8r2jbfP35pNmyG0EwNncaFjGg
2021-09-25 11:51:33,738:INFO:jwt
2021-09-25 11:51:33,744:INFO:{'username': u'\u041a\u0438\u043e\u0441\u043a2', 'user_id': 2, 'exp': datetime.datetime(2021, 9, 25, 3, 56, 33, 744776)}
2021-09-25 11:51:33,745:INFO:eyJhbGciOiJIUzI1NiIsInR5cCI6IkpXVCJ9.eyJ1c2VybmFtZSI6Ilx1MDQxYVx1MDQzOFx1MDQzZVx1MDQ0MVx1MDQzYTIiLCJ1c2VyX2lkIjoyLCJleHAiOjE2MzI1NDIxOTN9.aBCPzlCCwK8OFEYIi91R4eKpsa-vU4qEOdMtroGmBRk
2021-09-25 11:51:33,745:INFO:jwt.jwt
2021-09-25 11:51:33,745:INFO:eyJhbGciOiJIUzI1NiIsInR5cCI6IkpXVCJ9.eyJ1c2VybmFtZSI6Ilx1MDQxYVx1MDQzOFx1MDQzZVx1MDQ0MVx1MDQzYTIiLCJ1c2VyX2lkIjoyLCJleHAiOjE2MzI1NDE4ODd9.rtxMaq_ldBX5yhAi4V8r2jbfP35pNmyG0EwNncaFjGg
2021-09-25 11:51:33,746:INFO:jwt.jwt
2021-09-25 11:51:33,746:INFO:eyJhbGciOiJIUzI1NiIsInR5cCI6IkpXVCJ9.eyJ1c2VybmFtZSI6Ilx1MDQxYVx1MDQzOFx1MDQzZVx1MDQ0MVx1MDQzYTIiLCJ1c2VyX2lkIjoyLCJleHAiOjE2MzI1NDIxOTN9.aBCPzlCCwK8OFEYIi91R4eKpsa-vU4qEOdMtroGmBRk
2021-09-25 11:56:39,762:INFO:jwt
2021-09-25 11:56:39,768:INFO:{'username': u'\u041a\u0438\u043e\u0441\u043a2', 'user_id': 2, 'exp': datetime.datetime(2021, 9, 25, 4, 1, 39, 768214)}
2021-09-25 11:56:39,768:INFO:eyJhbGciOiJIUzI1NiIsInR5cCI6IkpXVCJ9.eyJ1c2VybmFtZSI6Ilx1MDQxYVx1MDQzOFx1MDQzZVx1MDQ0MVx1MDQzYTIiLCJ1c2VyX2lkIjoyLCJleHAiOjE2MzI1NDI0OTl9.KXiqpPeYlh2ESQS3kgnYBgvZGQsuhLtR5qAIyawktes
2021-09-25 11:56:39,768:INFO:jwt.jwt
2021-09-25 11:56:39,768:INFO:eyJhbGciOiJIUzI1NiIsInR5cCI6IkpXVCJ9.eyJ1c2VybmFtZSI6Ilx1MDQxYVx1MDQzOFx1MDQzZVx1MDQ0MVx1MDQzYTIiLCJ1c2VyX2lkIjoyLCJleHAiOjE2MzI1NDIxOTN9.aBCPzlCCwK8OFEYIi91R4eKpsa-vU4qEOdMtroGmBRk
2021-09-25 11:56:39,769:INFO:jwt.jwt
2021-09-25 11:56:39,769:INFO:eyJhbGciOiJIUzI1NiIsInR5cCI6IkpXVCJ9.eyJ1c2VybmFtZSI6Ilx1MDQxYVx1MDQzOFx1MDQzZVx1MDQ0MVx1MDQzYTIiLCJ1c2VyX2lkIjoyLCJleHAiOjE2MzI1NDI0OTl9.KXiqpPeYlh2ESQS3kgnYBgvZGQsuhLtR5qAIyawktes
2021-09-25 12:01:45,614:INFO:jwt
2021-09-25 12:01:45,620:INFO:{'username': u'\u041a\u0438\u043e\u0441\u043a2', 'user_id': 2, 'exp': datetime.datetime(2021, 9, 25, 4, 6, 45, 620810)}
2021-09-25 12:01:45,621:INFO:eyJhbGciOiJIUzI1NiIsInR5cCI6IkpXVCJ9.eyJ1c2VybmFtZSI6Ilx1MDQxYVx1MDQzOFx1MDQzZVx1MDQ0MVx1MDQzYTIiLCJ1c2VyX2lkIjoyLCJleHAiOjE2MzI1NDI4MDV9.haZORlf4ZwSDK5B_k78bRT2pA-9OtP894ZwsdXZBEX4
2021-09-25 12:01:45,621:INFO:jwt.jwt
2021-09-25 12:01:45,621:INFO:eyJhbGciOiJIUzI1NiIsInR5cCI6IkpXVCJ9.eyJ1c2VybmFtZSI6Ilx1MDQxYVx1MDQzOFx1MDQzZVx1MDQ0MVx1MDQzYTIiLCJ1c2VyX2lkIjoyLCJleHAiOjE2MzI1NDI0OTl9.KXiqpPeYlh2ESQS3kgnYBgvZGQsuhLtR5qAIyawktes
2021-09-25 12:01:45,622:INFO:jwt.jwt
2021-09-25 12:01:45,622:INFO:eyJhbGciOiJIUzI1NiIsInR5cCI6IkpXVCJ9.eyJ1c2VybmFtZSI6Ilx1MDQxYVx1MDQzOFx1MDQzZVx1MDQ0MVx1MDQzYTIiLCJ1c2VyX2lkIjoyLCJleHAiOjE2MzI1NDI4MDV9.haZORlf4ZwSDK5B_k78bRT2pA-9OtP894ZwsdXZBEX4
2021-09-25 12:03:23,784:INFO:checkNumber
2021-09-25 12:03:23,786:INFO:True
2021-09-25 12:03:23,790:DEBUG:Starting new HTTPS connection (1): banksystem.gmobile.mn:443
2021-09-25 12:03:24,111:DEBUG:https://banksystem.gmobile.mn:443 "POST /service.php/api_services/kiosk/socialPay/checkNumber/response HTTP/1.1" 200 3578
2021-09-25 12:03:24,113:INFO:{"action":"check_index","status":0,"errors":"","type":"WCDMA","unit":[{"profile_code":"H-1000","name":"1000 \u043d\u044d\u0433\u0436\u0438\u0439\u043d \u043a\u0430\u0440\u0442","price":"1000"},{"profile_code":"H-2000","name":"2000 \u043d\u044d\u0433\u0436\u0438\u0439\u043d \u043a\u0430\u0440\u0442","price":"2000"},{"profile_code":"H-5000","name":"5000 \u043d\u044d\u0433\u0436\u0438\u0439\u043d \u043a\u0430\u0440\u0442","price":"5000"},{"profile_code":"H-7000","name":"7000 \u043d\u044d\u0433\u0436\u0438\u0439\u043d \u043a\u0430\u0440\u0442","price":"7000"},{"profile_code":"H-10000","name":"10000 \u043d\u044d\u0433\u0436\u0438\u0439\u043d \u043a\u0430\u0440\u0442","price":"10000"},{"profile_code":"H-30000","name":"30000 \u043d\u044d\u0433\u0436\u0438\u0439\u043d \u043a\u0430\u0440\u0442 ","price":"30000"},{"profile_code":"H-6000","name":"50\/50 60 \u0445\u043e\u043d\u043e\u0433, 6000 \u043d\u044d\u0433\u0436","price":"6000"},{"profile_code":"H-11000","name":"30\/30 30 \u0445\u043e\u043d\u043e\u0433, 11000 \u043d\u044d\u0433\u0436","price":"11000"},{"profile_code":"H-15000","name":"0\/50  30 \u0445\u043e\u043d\u043e\u0433, 1GB \u0434\u0430\u0442\u0430, 5000 \u043d\u044d\u0433\u0436","price":"15000"},{"profile_code":"H-20000","name":"0\/30 30 \u0445\u043e\u043d\u043e\u0433, 5000 \u043d\u044d\u0433\u0436","price":"20000"},{"profile_code":"H-60000","name":"0\/50 180 \u0445\u043e\u043d\u043e\u0433, 12000 \u043d\u044d\u0433\u0436","price":"60000"}],"data":[{"profile_code":"DAT-1000","name":"\u0425\u044f\u0437\u0433\u0430\u0430\u0440\u0433\u04af\u0439 \u00a01 \u0445\u043e\u043d\u043e\u0433\u0442\u043e\u0439 \u00a0\u0434\u0430\u0442\u0430 \u043a\u0430\u0440\u0442 ","price":"1000"},{"profile_code":"UNDAT-3000","name":"\u0425\u044f\u0437\u0433\u0430\u0430\u0440\u0433\u04af\u0439  3 \u0445\u043e\u043d\u043e\u0433\u0442\u043e\u0439 \u0434\u0430\u0442\u0430 \u043a\u0430\u0440\u0442","price":"3000"},{"profile_code":"UNDAT-7000","name":"\u0425\u044f\u0437\u0433\u0430\u0430\u0440\u0433\u04af\u0439  7 \u0445\u043e\u043d\u043e\u0433\u0442\u043e\u0439 \u0434\u0430\u0442\u0430 \u043a\u0430\u0440\u0442","price":"7000"},{"profile_code":"UNDAT-13000","name":"\u0425\u044f\u0437\u0433\u0430\u0430\u0440\u0433\u04af\u0439  14 \u0445\u043e\u043d\u043e\u0433\u0442\u043e\u0439 \u0434\u0430\u0442\u0430 \u043a\u0430\u0440\u0442","price":"13000"},{"profile_code":"DAT-25000","name":"\u0425\u044f\u0437\u0433\u0430\u0430\u0440\u0433\u04af\u0439  30 \u0445\u043e\u043d\u043e\u0433\u0442\u043e\u0439 \u00a0\u0434\u0430\u0442\u0430 \u043a\u0430\u0440\u0442","price":"25000"},{"profile_code":"UNDAT-75000","name":"\u0425\u044f\u0437\u0433\u0430\u0430\u0440\u0433\u04af\u0439  90 \u0445\u043e\u043d\u043e\u0433\u0442\u043e\u0439 \u0434\u0430\u0442\u0430 \u043a\u0430\u0440\u0442","price":"75000"},{"profile_code":"DAT-240000","name":"\u0425\u044f\u0437\u0433\u0430\u0430\u0440\u0433\u04af\u0439  365 \u0445\u043e\u043d\u043e\u0433\u0442\u043e\u0439 \u00a0\u0434\u0430\u0442\u0430 \u043a\u0430\u0440\u0442","price":"240000"},{"profile_code":"DAT-100","name":"100mb 3 x\u043e\u043d\u043e\u0433\u0442\u043e\u0439 \u0434\u0430\u0442\u0430 \u043a\u0430\u0440\u0442","price":"1000"},{"profile_code":"DAT-500","name":"500mb 8 \u0445\u043e\u043d\u043e\u0433\u0442\u043e\u0439 \u00a0\u0434\u0430\u0442\u0430 \u043a\u0430\u0440\u0442","price":"4000"},{"profile_code":"DAT-7000","name":"1GB  30 \u0445\u043e\u043d\u043e\u0433\u0442\u043e\u0439 \u0434\u0430\u0442\u0430 \u043a\u0430\u0440\u0442","price":"7000"},{"profile_code":"DAT-3000","name":"3GB  30 \u0445\u043e\u043d\u043e\u0433\u0442\u043e\u0439 \u0434\u0430\u0442\u0430 \u043a\u0430\u0440\u0442","price":"12000"},{"profile_code":"DAT-8000","name":"8GB  30 \u0445\u043e\u043d\u043e\u0433\u0442\u043e\u0439 \u0434\u0430\u0442\u0430 \u043a\u0430\u0440\u0442","price":"20000"},{"profile_code":"DAT60-20000","name":"20GB  60 \u0445\u043e\u043d\u043e\u0433\u0442\u043e\u0439 \u0434\u0430\u0442\u0430 \u043a\u0430\u0440\u0442","price":"30000"},{"profile_code":"DAT-120000","name":"240gb 365 \u0445\u043e\u043d\u043e\u0433\u0442\u043e\u0439 \u00a0\u0434\u0430\u0442\u0430 \u043a\u0430\u0440\u0442 ","price":"240000"}]}
2021-09-25 12:03:27,364:INFO:order
2021-09-25 12:03:27,370:INFO:order.amjilttai
2021-09-25 12:03:27,371:INFO:11769
2021-09-25 12:03:50,522:INFO:charge
2021-09-25 12:03:50,522:INFO:2000
2021-09-25 12:03:50,522:INFO:11769
2021-09-25 12:03:50,527:INFO:Хүлээж авсан мөнгө: 2000=0
2021-09-25 12:06:51,408:INFO:jwt
2021-09-25 12:06:51,414:INFO:{'username': u'\u041a\u0438\u043e\u0441\u043a2', 'user_id': 2, 'exp': datetime.datetime(2021, 9, 25, 4, 11, 51, 414771)}
2021-09-25 12:06:51,415:INFO:eyJhbGciOiJIUzI1NiIsInR5cCI6IkpXVCJ9.eyJ1c2VybmFtZSI6Ilx1MDQxYVx1MDQzOFx1MDQzZVx1MDQ0MVx1MDQzYTIiLCJ1c2VyX2lkIjoyLCJleHAiOjE2MzI1NDMxMTF9.Sn0hYYti0pGb8yAtjGf9DU0i6tulFJvR3TRIgMpKG6o
2021-09-25 12:06:51,415:INFO:jwt.jwt
2021-09-25 12:06:51,415:INFO:eyJhbGciOiJIUzI1NiIsInR5cCI6IkpXVCJ9.eyJ1c2VybmFtZSI6Ilx1MDQxYVx1MDQzOFx1MDQzZVx1MDQ0MVx1MDQzYTIiLCJ1c2VyX2lkIjoyLCJleHAiOjE2MzI1NDI4MDV9.haZORlf4ZwSDK5B_k78bRT2pA-9OtP894ZwsdXZBEX4
2021-09-25 12:06:51,416:INFO:jwt.jwt
2021-09-25 12:06:51,416:INFO:eyJhbGciOiJIUzI1NiIsInR5cCI6IkpXVCJ9.eyJ1c2VybmFtZSI6Ilx1MDQxYVx1MDQzOFx1MDQzZVx1MDQ0MVx1MDQzYTIiLCJ1c2VyX2lkIjoyLCJleHAiOjE2MzI1NDMxMTF9.Sn0hYYti0pGb8yAtjGf9DU0i6tulFJvR3TRIgMpKG6o
2021-09-25 12:11:57,216:INFO:jwt
2021-09-25 12:11:57,222:INFO:{'username': u'\u041a\u0438\u043e\u0441\u043a2', 'user_id': 2, 'exp': datetime.datetime(2021, 9, 25, 4, 16, 57, 222580)}
2021-09-25 12:11:57,222:INFO:eyJhbGciOiJIUzI1NiIsInR5cCI6IkpXVCJ9.eyJ1c2VybmFtZSI6Ilx1MDQxYVx1MDQzOFx1MDQzZVx1MDQ0MVx1MDQzYTIiLCJ1c2VyX2lkIjoyLCJleHAiOjE2MzI1NDM0MTd9.iwGCeaN8cRoNssaMR4HxLHqvxPgdYyk5hDyjPcsgm0Y
2021-09-25 12:11:57,222:INFO:jwt.jwt
2021-09-25 12:11:57,223:INFO:eyJhbGciOiJIUzI1NiIsInR5cCI6IkpXVCJ9.eyJ1c2VybmFtZSI6Ilx1MDQxYVx1MDQzOFx1MDQzZVx1MDQ0MVx1MDQzYTIiLCJ1c2VyX2lkIjoyLCJleHAiOjE2MzI1NDMxMTF9.Sn0hYYti0pGb8yAtjGf9DU0i6tulFJvR3TRIgMpKG6o
2021-09-25 12:11:57,224:INFO:jwt.jwt
2021-09-25 12:11:57,224:INFO:eyJhbGciOiJIUzI1NiIsInR5cCI6IkpXVCJ9.eyJ1c2VybmFtZSI6Ilx1MDQxYVx1MDQzOFx1MDQzZVx1MDQ0MVx1MDQzYTIiLCJ1c2VyX2lkIjoyLCJleHAiOjE2MzI1NDM0MTd9.iwGCeaN8cRoNssaMR4HxLHqvxPgdYyk5hDyjPcsgm0Y
2021-09-25 12:17:03,252:INFO:jwt
2021-09-25 12:17:03,259:INFO:{'username': u'\u041a\u0438\u043e\u0441\u043a2', 'user_id': 2, 'exp': datetime.datetime(2021, 9, 25, 4, 22, 3, 259698)}
2021-09-25 12:17:03,260:INFO:eyJhbGciOiJIUzI1NiIsInR5cCI6IkpXVCJ9.eyJ1c2VybmFtZSI6Ilx1MDQxYVx1MDQzOFx1MDQzZVx1MDQ0MVx1MDQzYTIiLCJ1c2VyX2lkIjoyLCJleHAiOjE2MzI1NDM3MjN9.ItGIqOIzzi6znP6KRWTsxfvn7h6Z0BQxKP6vzTHmpf4
2021-09-25 12:17:03,260:INFO:jwt.jwt
2021-09-25 12:17:03,260:INFO:eyJhbGciOiJIUzI1NiIsInR5cCI6IkpXVCJ9.eyJ1c2VybmFtZSI6Ilx1MDQxYVx1MDQzOFx1MDQzZVx1MDQ0MVx1MDQzYTIiLCJ1c2VyX2lkIjoyLCJleHAiOjE2MzI1NDM0MTd9.iwGCeaN8cRoNssaMR4HxLHqvxPgdYyk5hDyjPcsgm0Y
2021-09-25 12:17:03,261:INFO:jwt.jwt
2021-09-25 12:17:03,261:INFO:eyJhbGciOiJIUzI1NiIsInR5cCI6IkpXVCJ9.eyJ1c2VybmFtZSI6Ilx1MDQxYVx1MDQzOFx1MDQzZVx1MDQ0MVx1MDQzYTIiLCJ1c2VyX2lkIjoyLCJleHAiOjE2MzI1NDM3MjN9.ItGIqOIzzi6znP6KRWTsxfvn7h6Z0BQxKP6vzTHmpf4
2021-09-25 12:22:09,152:INFO:jwt
2021-09-25 12:22:09,158:INFO:{'username': u'\u041a\u0438\u043e\u0441\u043a2', 'user_id': 2, 'exp': datetime.datetime(2021, 9, 25, 4, 27, 9, 158191)}
2021-09-25 12:22:09,158:INFO:eyJhbGciOiJIUzI1NiIsInR5cCI6IkpXVCJ9.eyJ1c2VybmFtZSI6Ilx1MDQxYVx1MDQzOFx1MDQzZVx1MDQ0MVx1MDQzYTIiLCJ1c2VyX2lkIjoyLCJleHAiOjE2MzI1NDQwMjl9.KJicOsVR-vnDLcduJHmwNrIEgysMAIJseXKAxCWJm-k
2021-09-25 12:22:09,158:INFO:jwt.jwt
2021-09-25 12:22:09,158:INFO:eyJhbGciOiJIUzI1NiIsInR5cCI6IkpXVCJ9.eyJ1c2VybmFtZSI6Ilx1MDQxYVx1MDQzOFx1MDQzZVx1MDQ0MVx1MDQzYTIiLCJ1c2VyX2lkIjoyLCJleHAiOjE2MzI1NDM3MjN9.ItGIqOIzzi6znP6KRWTsxfvn7h6Z0BQxKP6vzTHmpf4
2021-09-25 12:22:09,159:INFO:jwt.jwt
2021-09-25 12:22:09,159:INFO:eyJhbGciOiJIUzI1NiIsInR5cCI6IkpXVCJ9.eyJ1c2VybmFtZSI6Ilx1MDQxYVx1MDQzOFx1MDQzZVx1MDQ0MVx1MDQzYTIiLCJ1c2VyX2lkIjoyLCJleHAiOjE2MzI1NDQwMjl9.KJicOsVR-vnDLcduJHmwNrIEgysMAIJseXKAxCWJm-k
2021-09-25 14:37:07,576:INFO:jwt
2021-09-25 14:37:07,582:INFO:{'username': u'\u041a\u0438\u043e\u0441\u043a1', 'user_id': 1, 'exp': datetime.datetime(2021, 9, 25, 6, 42, 7, 582955)}
2021-09-25 14:37:07,583:INFO:eyJhbGciOiJIUzI1NiIsInR5cCI6IkpXVCJ9.eyJ1c2VybmFtZSI6Ilx1MDQxYVx1MDQzOFx1MDQzZVx1MDQ0MVx1MDQzYTEiLCJ1c2VyX2lkIjoxLCJleHAiOjE2MzI1NTIxMjd9.2JJNuVfmCQdLdXkjt1ICPHZYmUzUv6lcVz2rqUiUeRw
2021-09-25 14:37:07,583:INFO:jwt.jwt
2021-09-25 14:37:07,583:INFO:eyJhbGciOiJIUzI1NiIsInR5cCI6IkpXVCJ9.eyJ1c2VybmFtZSI6Ilx1MDQxYVx1MDQzOFx1MDQzZVx1MDQ0MVx1MDQzYTEiLCJ1c2VyX2lkIjoxLCJleHAiOjE2MzI1Mzc3MDF9.hxKAPHCDnYpGMTGI_ZGgkXlZ2fgnlmKBO5Cwn7bsEoU
2021-09-25 14:37:07,584:INFO:jwt.jwt
2021-09-25 14:37:07,584:INFO:eyJhbGciOiJIUzI1NiIsInR5cCI6IkpXVCJ9.eyJ1c2VybmFtZSI6Ilx1MDQxYVx1MDQzOFx1MDQzZVx1MDQ0MVx1MDQzYTEiLCJ1c2VyX2lkIjoxLCJleHAiOjE2MzI1NTIxMjd9.2JJNuVfmCQdLdXkjt1ICPHZYmUzUv6lcVz2rqUiUeRw
