2021-09-18 10:19:17,632:INFO:checkNumber
2021-09-18 10:19:17,641:INFO:True
2021-09-18 10:19:17,644:DEBUG:Starting new HTTPS connection (1): banksystem.gmobile.mn:443
2021-09-18 10:19:17,841:DEBUG:https://banksystem.gmobile.mn:443 "POST /service.php/api_services/kiosk/socialPay/checkNumber/response HTTP/1.1" 200 136
2021-09-18 10:19:17,844:INFO:post
2021-09-18 10:19:17,846:DEBUG:Starting new HTTPS connection (1): banksystem.gmobile.mn:443
2021-09-18 10:19:18,126:DEBUG:https://banksystem.gmobile.mn:443 "POST /service.php/api_services/kiosk/socialPay/invoice/response HTTP/1.1" 200 116
2021-09-18 10:19:18,128:INFO:{u'action': u'invoice_index', u'status': u'Success', u'errors': u'0', u'value': 0}
2021-09-18 10:19:41,768:INFO:checkNumber
2021-09-18 10:19:41,774:INFO:True
2021-09-18 10:19:41,776:DEBUG:Starting new HTTPS connection (1): banksystem.gmobile.mn:443
2021-09-18 10:19:41,956:DEBUG:https://banksystem.gmobile.mn:443 "POST /service.php/api_services/kiosk/socialPay/checkNumber/response HTTP/1.1" 200 136
2021-09-18 11:17:49,766:INFO:checkNumber
2021-09-18 11:17:49,770:INFO:True
2021-09-18 11:17:49,773:DEBUG:Starting new HTTPS connection (1): banksystem.gmobile.mn:443
2021-09-18 11:17:49,983:DEBUG:https://banksystem.gmobile.mn:443 "POST /service.php/api_services/kiosk/socialPay/checkNumber/response HTTP/1.1" 200 3450
2021-09-18 11:17:49,986:INFO:{"action":"check_index","status":0,"errors":"","type":"WCDMA","unit":[{"profile_code":"H-1000","name":"1000 \u043d\u044d\u0433\u0436\u0438\u0439\u043d \u043a\u0430\u0440\u0442","price":"1000"},{"profile_code":"H-2000","name":"2000 \u043d\u044d\u0433\u0436\u0438\u0439\u043d \u043a\u0430\u0440\u0442","price":"2000"},{"profile_code":"H-5000","name":"5000 \u043d\u044d\u0433\u0436\u0438\u0439\u043d \u043a\u0430\u0440\u0442","price":"5000"},{"profile_code":"H-7000","name":"7000 \u043d\u044d\u0433\u0436\u0438\u0439\u043d \u043a\u0430\u0440\u0442","price":"7000"},{"profile_code":"H-10000","name":"10000 \u043d\u044d\u0433\u0436\u0438\u0439\u043d \u043a\u0430\u0440\u0442","price":"10000"},{"profile_code":"H-30000","name":"30000 \u043d\u044d\u0433\u0436\u0438\u0439\u043d \u043a\u0430\u0440\u0442 ","price":"30000"},{"profile_code":"H-15000","name":"0\/50  30 \u0445\u043e\u043d\u043e\u0433, 1GB \u0434\u0430\u0442\u0430, 5000 \u043d\u044d\u0433\u0436","price":"15000"},{"profile_code":"H-20000","name":"0\/30 30 \u0445\u043e\u043d\u043e\u0433, 5000 \u043d\u044d\u0433\u0436","price":"20000"},{"profile_code":"H-60000","name":"0\/50 180 \u0445\u043e\u043d\u043e\u0433, 12000 \u043d\u044d\u0433\u0436","price":"60000"}],"data":[{"profile_code":"DAT-1000","name":"\u0425\u044f\u0437\u0433\u0430\u0430\u0440\u0433\u04af\u0439 \u00a01 \u0445\u043e\u043d\u043e\u0433\u0442\u043e\u0439 \u00a0\u0434\u0430\u0442\u0430 \u043a\u0430\u0440\u0442 ","price":"1000"},{"profile_code":"UNDAT-3000","name":"\u0425\u044f\u0437\u0433\u0430\u0430\u0440\u0433\u04af\u0439  3 \u0445\u043e\u043d\u043e\u0433\u0442\u043e\u0439 \u0434\u0430\u0442\u0430 \u043a\u0430\u0440\u0442","price":"3000"},{"profile_code":"UNDAT-7000","name":"\u0425\u044f\u0437\u0433\u0430\u0430\u0440\u0433\u04af\u0439  7 \u0445\u043e\u043d\u043e\u0433\u0442\u043e\u0439 \u0434\u0430\u0442\u0430 \u043a\u0430\u0440\u0442","price":"7000"},{"profile_code":"UNDAT-13000","name":"\u0425\u044f\u0437\u0433\u0430\u0430\u0440\u0433\u04af\u0439  14 \u0445\u043e\u043d\u043e\u0433\u0442\u043e\u0439 \u0434\u0430\u0442\u0430 \u043a\u0430\u0440\u0442","price":"13000"},{"profile_code":"DAT-25000","name":"\u0425\u044f\u0437\u0433\u0430\u0430\u0440\u0433\u04af\u0439  30 \u0445\u043e\u043d\u043e\u0433\u0442\u043e\u0439 \u00a0\u0434\u0430\u0442\u0430 \u043a\u0430\u0440\u0442","price":"25000"},{"profile_code":"UNDAT-75000","name":"\u0425\u044f\u0437\u0433\u0430\u0430\u0440\u0433\u04af\u0439  90 \u0445\u043e\u043d\u043e\u0433\u0442\u043e\u0439 \u0434\u0430\u0442\u0430 \u043a\u0430\u0440\u0442","price":"75000"},{"profile_code":"DAT-240000","name":"\u0425\u044f\u0437\u0433\u0430\u0430\u0440\u0433\u04af\u0439  365 \u0445\u043e\u043d\u043e\u0433\u0442\u043e\u0439 \u00a0\u0434\u0430\u0442\u0430 \u043a\u0430\u0440\u0442","price":"240000"},{"profile_code":"DAT-100","name":"100mb 3 x\u043e\u043d\u043e\u0433\u0442\u043e\u0439 \u0434\u0430\u0442\u0430 \u043a\u0430\u0440\u0442","price":"1000"},{"profile_code":"DAT-500","name":"500mb 8 \u0445\u043e\u043d\u043e\u0433\u0442\u043e\u0439 \u00a0\u0434\u0430\u0442\u0430 \u043a\u0430\u0440\u0442","price":"4000"},{"profile_code":"DAT-7000","name":"1GB  30 \u0445\u043e\u043d\u043e\u0433\u0442\u043e\u0439 \u0434\u0430\u0442\u0430 \u043a\u0430\u0440\u0442","price":"7000"},{"profile_code":"DAT-3000","name":"3GB  30 \u0445\u043e\u043d\u043e\u0433\u0442\u043e\u0439 \u0434\u0430\u0442\u0430 \u043a\u0430\u0440\u0442","price":"12000"},{"profile_code":"DAT-8000","name":"8GB  30 \u0445\u043e\u043d\u043e\u0433\u0442\u043e\u0439 \u0434\u0430\u0442\u0430 \u043a\u0430\u0440\u0442","price":"20000"},{"profile_code":"DAT60-20000","name":"20GB  60 \u0445\u043e\u043d\u043e\u0433\u0442\u043e\u0439 \u0434\u0430\u0442\u0430 \u043a\u0430\u0440\u0442","price":"30000"},{"profile_code":"DAT-120000","name":"240gb 365 \u0445\u043e\u043d\u043e\u0433\u0442\u043e\u0439 \u00a0\u0434\u0430\u0442\u0430 \u043a\u0430\u0440\u0442 ","price":"240000"}]}
2021-09-18 11:18:02,600:INFO:order
2021-09-18 11:18:02,607:INFO:order.amjilttai
2021-09-18 11:18:02,607:INFO:11747
2021-09-18 11:18:16,225:INFO:order
2021-09-18 11:18:16,232:INFO:order.amjilttai
2021-09-18 11:18:16,232:INFO:11748
2021-09-18 11:18:39,075:INFO:charge
2021-09-18 11:18:39,075:INFO:5000.00
2021-09-18 11:18:39,075:INFO:11748
2021-09-18 11:18:39,080:INFO:Хүлээж авсан мөнгө: 5000=0
2021-09-18 18:17:19,541:INFO:jwt
2021-09-18 18:17:19,550:INFO:{'username': u'\u041a\u0438\u043e\u0441\u043a2', 'user_id': 2, 'exp': datetime.datetime(2021, 9, 18, 10, 22, 19, 550801)}
2021-09-18 18:17:19,551:INFO:eyJhbGciOiJIUzI1NiIsInR5cCI6IkpXVCJ9.eyJ1c2VybmFtZSI6Ilx1MDQxYVx1MDQzOFx1MDQzZVx1MDQ0MVx1MDQzYTIiLCJ1c2VyX2lkIjoyLCJleHAiOjE2MzE5NjA1Mzl9.6FEt2hQtfUv44tSg8v3f54BxmscZj-0PUyc3DbX-j-0
2021-09-18 18:17:19,551:INFO:jwt.jwt
2021-09-18 18:17:19,551:INFO:eyJhbGciOiJIUzI1NiIsInR5cCI6IkpXVCJ9.eyJ1c2VybmFtZSI6Ilx1MDQxYVx1MDQzOFx1MDQzZVx1MDQ0MVx1MDQzYTIiLCJ1c2VyX2lkIjoyLCJleHAiOjE2MzE4Njg2NjB9.xWfkhlTvCl5Gos2L1KhuUBQp0tTEJqV38b5AT7iKBuc
2021-09-18 18:17:19,552:INFO:jwt.jwt
2021-09-18 18:17:19,552:INFO:eyJhbGciOiJIUzI1NiIsInR5cCI6IkpXVCJ9.eyJ1c2VybmFtZSI6Ilx1MDQxYVx1MDQzOFx1MDQzZVx1MDQ0MVx1MDQzYTIiLCJ1c2VyX2lkIjoyLCJleHAiOjE2MzE5NjA1Mzl9.6FEt2hQtfUv44tSg8v3f54BxmscZj-0PUyc3DbX-j-0
