2022-01-14 08:46:53,608:INFO:ads
2022-01-14 08:47:01,130:INFO:ads
2022-01-14 09:01:00,482:INFO:jwt
2022-01-14 09:01:00,746:INFO:{'username': u'\u041a\u0438\u043e\u0441\u043a3', 'user_id': 3, 'exp': datetime.datetime(2022, 1, 14, 1, 6, 0, 746072)}
2022-01-14 09:01:00,746:INFO:eyJhbGciOiJIUzI1NiIsInR5cCI6IkpXVCJ9.eyJ1c2VybmFtZSI6Ilx1MDQxYVx1MDQzOFx1MDQzZVx1MDQ0MVx1MDQzYTMiLCJ1c2VyX2lkIjozLCJleHAiOjE2NDIxMjIzNjB9.PPfxMotkr1nXHUzcPD0RcpspXrUsBBAsoq9lXcoolEM
2022-01-14 09:01:13,345:INFO:ads
2022-01-14 10:09:27,112:INFO:jwt
2022-01-14 10:09:27,123:INFO:{'username': u'\u041a\u0438\u043e\u0441\u043a1', 'user_id': 1, 'exp': datetime.datetime(2022, 1, 14, 2, 14, 27, 123630)}
2022-01-14 10:09:27,124:INFO:eyJhbGciOiJIUzI1NiIsInR5cCI6IkpXVCJ9.eyJ1c2VybmFtZSI6Ilx1MDQxYVx1MDQzOFx1MDQzZVx1MDQ0MVx1MDQzYTEiLCJ1c2VyX2lkIjoxLCJleHAiOjE2NDIxMjY0Njd9.1fxH2p2aM56arrGgp687E-ob7aFBArN7sosJK6CWSdg
2022-01-14 10:45:12,912:INFO:jwt
2022-01-14 10:45:12,923:INFO:{'username': u'\u041a\u0438\u043e\u0441\u043a3', 'user_id': 3, 'exp': datetime.datetime(2022, 1, 14, 2, 50, 12, 923297)}
2022-01-14 10:45:12,923:INFO:eyJhbGciOiJIUzI1NiIsInR5cCI6IkpXVCJ9.eyJ1c2VybmFtZSI6Ilx1MDQxYVx1MDQzOFx1MDQzZVx1MDQ0MVx1MDQzYTMiLCJ1c2VyX2lkIjozLCJleHAiOjE2NDIxMjg2MTJ9.y3WkcLc6MLs5I0iyOUMouWatzY3BSX1qXGDqlzNb-Bk
2022-01-14 10:45:19,051:INFO:ads
2022-01-14 10:45:21,370:INFO:jwt
2022-01-14 10:45:21,381:INFO:{'username': u'\u041a\u0438\u043e\u0441\u043a3', 'user_id': 3, 'exp': datetime.datetime(2022, 1, 14, 2, 50, 21, 381075)}
2022-01-14 10:45:21,381:INFO:eyJhbGciOiJIUzI1NiIsInR5cCI6IkpXVCJ9.eyJ1c2VybmFtZSI6Ilx1MDQxYVx1MDQzOFx1MDQzZVx1MDQ0MVx1MDQzYTMiLCJ1c2VyX2lkIjozLCJleHAiOjE2NDIxMjg2MjF9.VwxXUgSbs9zuopNiXyAhp2Cdsi0KgkR34neq35wGR5A
2022-01-14 10:45:24,750:INFO:ads
2022-01-14 11:57:24,239:INFO:jwt
2022-01-14 11:57:24,251:INFO:{'username': u'\u041a\u0438\u043e\u0441\u043a3', 'user_id': 3, 'exp': datetime.datetime(2022, 1, 14, 4, 2, 24, 250977)}
2022-01-14 11:57:24,251:INFO:eyJhbGciOiJIUzI1NiIsInR5cCI6IkpXVCJ9.eyJ1c2VybmFtZSI6Ilx1MDQxYVx1MDQzOFx1MDQzZVx1MDQ0MVx1MDQzYTMiLCJ1c2VyX2lkIjozLCJleHAiOjE2NDIxMzI5NDR9.vE_g9p-S5JhVPzIbLjWh0U_pbZXRRV6o-WKjVfCz5Bg
2022-01-14 11:57:31,015:INFO:prefix
2022-01-14 11:57:45,447:INFO:searchNumber
2022-01-14 11:57:46,241:INFO:-1
2022-01-14 11:57:46,242:INFO:[]
2022-01-14 11:57:55,146:INFO:searchNumber
2022-01-14 11:57:56,071:INFO:98700907:6|98700931:6|98700934:6|98700935:6|98700936:6|98700944:6|98700946:6|98700948:6|98700949:6|98700950:6|98700951:6|98700952:6|98700954:6|98700956:6|98700958:6|98700960:6|98700963:6|98700964:6|98700966:6|98700967:6|98700968:6|98700971:6|98700972:6|98700974:6|98700975:6|98700981:6|98700982:6|98700983:6|98700991:6|98700992:6|98700994:6|98700996:6|98700998:6
2022-01-14 11:57:56,153:INFO:[{'prefix': '98700907'}, {'prefix': '98700931'}, {'prefix': '98700934'}, {'prefix': '98700935'}, {'prefix': '98700936'}, {'prefix': '98700944'}, {'prefix': '98700946'}, {'prefix': '98700948'}, {'prefix': '98700949'}, {'prefix': '98700950'}, {'prefix': '98700951'}, {'prefix': '98700952'}, {'prefix': '98700954'}, {'prefix': '98700956'}, {'prefix': '98700958'}, {'prefix': '98700960'}, {'prefix': '98700963'}, {'prefix': '98700964'}, {'prefix': '98700966'}, {'prefix': '98700967'}, {'prefix': '98700968'}, {'prefix': '98700971'}, {'prefix': '98700972'}, {'prefix': '98700974'}, {'prefix': '98700975'}, {'prefix': '98700981'}, {'prefix': '98700982'}, {'prefix': '98700983'}, {'prefix': '98700991'}, {'prefix': '98700992'}, {'prefix': '98700994'}, {'prefix': '98700996'}, {'prefix': '98700998'}]
2022-01-14 11:58:12,694:INFO:searchNumber
2022-01-14 11:58:13,483:INFO:93087009:6
2022-01-14 11:58:13,487:INFO:[]
2022-01-14 11:58:17,711:INFO:searchNumber
2022-01-14 11:58:18,433:INFO:97087009:6
2022-01-14 11:58:18,436:INFO:[]
2022-01-14 11:58:21,174:INFO:searchNumber
2022-01-14 11:58:21,727:INFO:83087009:6
2022-01-14 11:58:21,731:INFO:[]
2022-01-14 11:58:30,135:INFO:searchNumber
2022-01-14 11:58:30,782:INFO:-1
2022-01-14 11:58:30,783:INFO:[]
2022-01-14 11:58:34,162:INFO:prefix
2022-01-14 11:58:49,789:INFO:searchNumber
2022-01-14 11:58:50,342:INFO:-1
2022-01-14 11:58:50,343:INFO:[]
2022-01-14 11:58:51,855:INFO:prefix
2022-01-14 11:58:57,141:INFO:searchNumber
2022-01-14 11:58:57,736:INFO:-1
2022-01-14 11:58:57,737:INFO:[]
2022-01-14 11:58:59,393:INFO:prefix
2022-01-14 11:59:02,495:INFO:searchNumber
2022-01-14 11:59:03,126:INFO:83180110:9|83180550:9|83181001:9|83181221:9|83181414:9|83181441:9|83181616:9|83181717:9|83181771:9|83181991:9|83182002:9|83182121:9|83183003:9|83183737:9|83183883:9|83184114:9|83185050:9|83185656:9|83185665:9|83185757:9|83186060:9|83186969:9|83187070:9|83187171:9|83188668:9|83188778:9|83188998:9|83189009:9|83189595:9|83189797:9
2022-01-14 11:59:03,204:INFO:[{'prefix': '83180110'}, {'prefix': '83180550'}, {'prefix': '83181001'}, {'prefix': '83181221'}, {'prefix': '83181441'}, {'prefix': '83181771'}, {'prefix': '83181991'}, {'prefix': '83182002'}, {'prefix': '83183003'}, {'prefix': '83183883'}, {'prefix': '83184114'}, {'prefix': '83185665'}, {'prefix': '83188668'}, {'prefix': '83188778'}, {'prefix': '83188998'}, {'prefix': '83189009'}]
2022-01-14 11:59:12,951:INFO:prefix
2022-01-14 11:59:14,868:INFO:prefix
2022-01-14 11:59:18,549:INFO:searchNumber
2022-01-14 11:59:19,144:INFO:-1
2022-01-14 11:59:19,145:INFO:[]
2022-01-14 11:59:20,855:INFO:prefix
2022-01-14 11:59:23,796:INFO:searchNumber
2022-01-14 11:59:24,420:INFO:-1
2022-01-14 11:59:24,420:INFO:[]
2022-01-14 11:59:25,896:INFO:prefix
2022-01-14 11:59:27,611:INFO:prefix
2022-01-14 11:59:31,632:INFO:searchNumber
2022-01-14 11:59:32,167:INFO:-1
2022-01-14 11:59:32,168:INFO:[]
2022-01-14 11:59:37,439:INFO:prefix
2022-01-14 11:59:44,611:INFO:searchNumber
2022-01-14 11:59:45,404:INFO:-1
2022-01-14 11:59:45,405:INFO:[]
2022-01-14 11:59:48,704:INFO:prefix
2022-01-14 11:59:57,300:INFO:searchNumber
2022-01-14 11:59:58,126:INFO:98113572:6|98113824:6|98113847:6|98113872:6|98114931:6|98116359:6|98116527:6|98117046:6|98117346:6|98117352:6|98117362:6|98117423:6|98117463:6|98117624:6|98117631:6|98117641:6|98117643:6|98117816:6|98117835:6|98117853:6|98117913:6|98117923:6|98117934:6|98117942:6|98117952:6|98117962:6|98117964:6|98118435:6|98118457:6|98118476:6|98118542:6|98118637:6|98118643:6|98118672:6|98118732:6|98118746:6|98118752:6|98119267:6|98119274:6|98119346:6|98119362:6|98119374:6|98119561:6|98119563:6|98119643:6
2022-01-14 11:59:58,240:INFO:[]
2022-01-14 12:00:01,575:INFO:ads
2022-01-14 12:00:01,751:INFO:ads
