2022-02-10 21:09:05,668:INFO:jwt
2022-02-10 21:09:05,814:INFO:{'username': u'\u041a\u0438\u043e\u0441\u043a2', 'user_id': 2, 'exp': datetime.datetime(2022, 2, 10, 13, 14, 5, 814582)}
2022-02-10 21:09:05,815:INFO:eyJhbGciOiJIUzI1NiIsInR5cCI6IkpXVCJ9.eyJ1c2VybmFtZSI6Ilx1MDQxYVx1MDQzOFx1MDQzZVx1MDQ0MVx1MDQzYTIiLCJ1c2VyX2lkIjoyLCJleHAiOjE2NDQ0OTg4NDV9.bof-irDb69902fkh3uA1esLqEvj0UHgvTr_tJTdr3Ms
2022-02-10 21:09:09,162:INFO:ads
2022-02-10 21:10:28,735:INFO:jwt
2022-02-10 21:10:28,746:INFO:{'username': u'\u041a\u0438\u043e\u0441\u043a2', 'user_id': 2, 'exp': datetime.datetime(2022, 2, 10, 13, 15, 28, 745965)}
2022-02-10 21:10:28,746:INFO:eyJhbGciOiJIUzI1NiIsInR5cCI6IkpXVCJ9.eyJ1c2VybmFtZSI6Ilx1MDQxYVx1MDQzOFx1MDQzZVx1MDQ0MVx1MDQzYTIiLCJ1c2VyX2lkIjoyLCJleHAiOjE2NDQ0OTg5Mjh9.zLoQf3Q2_XNI5Jn6UFU_vd5bV010Jh23J5dvbnPzmT8
2022-02-10 21:10:32,661:INFO:ads
2022-02-10 21:10:42,216:INFO:checkNumber
2022-02-10 21:10:42,221:INFO:2
2022-02-10 21:10:42,222:INFO:bankConnection
2022-02-10 21:10:42,222:INFO:2
2022-02-10 21:10:42,222:INFO:{'phone_number': u'98101075', 'amount': '', 'serviceName': 'Kiosk', 'trans_id': u'', 'cashOrCard': u'', 'card': u''}
2022-02-10 21:10:42,281:DEBUG:Starting new HTTPS connection (1): banksystem.gmobile.mn:443
2022-02-10 21:10:42,603:DEBUG:https://banksystem.gmobile.mn:443 "POST /service.php/api_services/kiosk/socialPay/checkNumber/response HTTP/1.1" 200 136
2022-02-10 21:10:42,607:INFO:{u'status': 1, u'errors': None, u'data': None, u'action': u'check_index', u'type': None, u'unit': None}
2022-02-10 21:10:42,608:INFO:post
2022-02-10 21:10:42,608:INFO:bankConnection
2022-02-10 21:10:42,608:INFO:2
2022-02-10 21:10:42,608:INFO:{'phone_number': u'98101075', 'serviceName': 'Kiosk'}
2022-02-10 21:10:42,611:DEBUG:Starting new HTTPS connection (1): banksystem.gmobile.mn:443
2022-02-10 21:10:42,884:DEBUG:https://banksystem.gmobile.mn:443 "POST /service.php/api_services/kiosk/socialPay/invoice/response HTTP/1.1" 200 128
2022-02-10 21:10:42,888:INFO:{u'action': u'invoice_index', u'status': u'Success', u'errors': u'0', u'value': 11071}
2022-02-10 21:11:03,711:INFO:hur
2022-02-10 21:11:03,722:INFO:
2022-02-10 21:11:03,722:INFO:
2022-02-10 21:11:03,726:INFO:huruuniiHee
2022-02-10 21:11:03,730:DEBUG:Starting new HTTP connection (1): 192.168.18.47:80
2022-02-10 21:11:07,767:DEBUG:http://192.168.18.47:80 "POST /service.php/service_api/webserver/1/post_json/xyp/citizen/response HTTP/1.1" 200 1340
2022-02-10 21:11:07,769:INFO:hariu
2022-02-10 21:11:07,770:INFO:{u'return': {u'resultCode': u'0', u'resultMessage': u'\u0430\u043c\u0436\u0438\u043b\u0442\u0442\u0430\u0439', u'request': {u'regnum': u'\u0423\u041c89101771', u'auth': {u'operator': {u'regnum': u'\u0423\u041c89101771', u'signature': u'', u'fingerprint': u''}, u'citizen': {u'regnum': u'\u0423\u041c89101771', u'signature': u'', u'fingerprint': u''}}}, u'requestId': u'fb6e16b9-ab78-4421-807a-75bdbf905dc0', u'response': {u'aimagCityCode': u'11', u'surname': u'\u0430\u0432\u0437\u0430\u0433\u0430\u0442\u0430\u0439\u0436', u'addressDetail': u'6', u'firstname': u'\u0431\u0430\u0442\u0431\u0430\u044f\u0440', u'lastname': u'\u0430\u043b\u0442\u0430\u043d\u0431\u0430\u0433\u0430\u043d\u0430', u'fullAddress': u'\u0423\u043b\u0430\u0430\u043d\u0431\u0430\u0430\u0442\u0430\u0440 \u0427\u0438\u043d\u0433\u044d\u043b\u0442\u044d\u0439 17-\u0440 \u0445\u043e\u0440\u043e\u043e,   \u0431\u0430\u044f\u043d\u0445\u0430\u0439\u0440\u0445\u0430\u043d\u044b 1 \u0433\u0443\u0434\u0430\u043c\u0436  6  \u0442\u043e\u043e\u0442', u'regnum': u'\u0443\u043c89101771', u'soumDistrictName': u'\u0427\u0438\u043d\u0433\u044d\u043b\u0442\u044d\u0439', u'addressStreetName': u'\u0431\u0430\u044f\u043d\u0445\u0430\u0439\u0440\u0445\u0430\u043d\u044b 1', u'aimagCityName': u'\u0423\u043b\u0430\u0430\u043d\u0431\u0430\u0430\u0442\u0430\u0440', u'bagKhorooCode': u'83', u'bagKhorooName': u'17-\u0440 \u0445\u043e\u0440\u043e\u043e', u'soumDistrictCode': u'25'}}}
2022-02-10 21:11:11,567:INFO:ads
2022-02-10 21:15:26,326:INFO:ads
2022-02-10 22:11:11,561:INFO:jwt
2022-02-10 22:11:11,571:INFO:{'username': u'\u041a\u0438\u043e\u0441\u043a2', 'user_id': 2, 'exp': datetime.datetime(2022, 2, 10, 14, 16, 11, 571458)}
2022-02-10 22:11:11,572:INFO:eyJhbGciOiJIUzI1NiIsInR5cCI6IkpXVCJ9.eyJ1c2VybmFtZSI6Ilx1MDQxYVx1MDQzOFx1MDQzZVx1MDQ0MVx1MDQzYTIiLCJ1c2VyX2lkIjoyLCJleHAiOjE2NDQ1MDI1NzF9.vFASy-3cbHPG3Zhkbwwsnqh-sVLwjX6qK7s3cSKqH-Q
2022-02-10 22:11:14,807:INFO:ads
2022-02-10 23:11:14,700:INFO:jwt
2022-02-10 23:11:14,712:INFO:{'username': u'\u041a\u0438\u043e\u0441\u043a2', 'user_id': 2, 'exp': datetime.datetime(2022, 2, 10, 15, 16, 14, 712633)}
2022-02-10 23:11:14,713:INFO:eyJhbGciOiJIUzI1NiIsInR5cCI6IkpXVCJ9.eyJ1c2VybmFtZSI6Ilx1MDQxYVx1MDQzOFx1MDQzZVx1MDQ0MVx1MDQzYTIiLCJ1c2VyX2lkIjoyLCJleHAiOjE2NDQ1MDYxNzR9.X9tEvBcSG6ygCN3zBL1eiQEDQhQEIHR623HqhGJP6L8
2022-02-10 23:11:17,901:INFO:ads
2022-02-11 00:11:17,859:INFO:jwt
2022-02-11 00:11:17,868:INFO:{'username': u'\u041a\u0438\u043e\u0441\u043a2', 'user_id': 2, 'exp': datetime.datetime(2022, 2, 10, 16, 16, 17, 868825)}
2022-02-11 00:11:17,869:INFO:eyJhbGciOiJIUzI1NiIsInR5cCI6IkpXVCJ9.eyJ1c2VybmFtZSI6Ilx1MDQxYVx1MDQzOFx1MDQzZVx1MDQ0MVx1MDQzYTIiLCJ1c2VyX2lkIjoyLCJleHAiOjE2NDQ1MDk3Nzd9.7XWGTJKeq2ilXgNoTmDfF_eB3KN2O2YeC1CuIi19hVw
2022-02-11 00:11:21,124:INFO:ads
2022-02-11 01:11:21,170:INFO:jwt
2022-02-11 01:11:21,180:INFO:{'username': u'\u041a\u0438\u043e\u0441\u043a2', 'user_id': 2, 'exp': datetime.datetime(2022, 2, 10, 17, 16, 21, 180292)}
2022-02-11 01:11:21,180:INFO:eyJhbGciOiJIUzI1NiIsInR5cCI6IkpXVCJ9.eyJ1c2VybmFtZSI6Ilx1MDQxYVx1MDQzOFx1MDQzZVx1MDQ0MVx1MDQzYTIiLCJ1c2VyX2lkIjoyLCJleHAiOjE2NDQ1MTMzODF9.lYkNjEscQzWlrZnz2FCc-0yQiLIaM4NvcLF5MNp0thI
2022-02-11 01:11:24,480:INFO:ads
2022-02-11 02:11:24,458:INFO:jwt
2022-02-11 02:11:24,468:INFO:{'username': u'\u041a\u0438\u043e\u0441\u043a2', 'user_id': 2, 'exp': datetime.datetime(2022, 2, 10, 18, 16, 24, 468796)}
2022-02-11 02:11:24,469:INFO:eyJhbGciOiJIUzI1NiIsInR5cCI6IkpXVCJ9.eyJ1c2VybmFtZSI6Ilx1MDQxYVx1MDQzOFx1MDQzZVx1MDQ0MVx1MDQzYTIiLCJ1c2VyX2lkIjoyLCJleHAiOjE2NDQ1MTY5ODR9._K-fCHaW_V3NkQbE3rwOmYkR1ToVxxjYQElxDaA8McQ
2022-02-11 02:11:27,733:INFO:ads
2022-02-11 03:11:27,578:INFO:jwt
2022-02-11 03:11:27,589:INFO:{'username': u'\u041a\u0438\u043e\u0441\u043a2', 'user_id': 2, 'exp': datetime.datetime(2022, 2, 10, 19, 16, 27, 589890)}
2022-02-11 03:11:27,590:INFO:eyJhbGciOiJIUzI1NiIsInR5cCI6IkpXVCJ9.eyJ1c2VybmFtZSI6Ilx1MDQxYVx1MDQzOFx1MDQzZVx1MDQ0MVx1MDQzYTIiLCJ1c2VyX2lkIjoyLCJleHAiOjE2NDQ1MjA1ODd9.JlXXx4YPUG9ZUWbKOUDSP8BKV_tFIsdAmjVBr_pCHAw
2022-02-11 03:11:30,889:INFO:ads
2022-02-11 04:11:30,934:INFO:jwt
2022-02-11 04:11:30,945:INFO:{'username': u'\u041a\u0438\u043e\u0441\u043a2', 'user_id': 2, 'exp': datetime.datetime(2022, 2, 10, 20, 16, 30, 945636)}
2022-02-11 04:11:30,946:INFO:eyJhbGciOiJIUzI1NiIsInR5cCI6IkpXVCJ9.eyJ1c2VybmFtZSI6Ilx1MDQxYVx1MDQzOFx1MDQzZVx1MDQ0MVx1MDQzYTIiLCJ1c2VyX2lkIjoyLCJleHAiOjE2NDQ1MjQxOTB9.6mtT1_u22GPbje06-3k4L7E5IYfYyoYNpDJcavD1TMo
2022-02-11 04:11:34,254:INFO:ads
2022-02-11 05:11:34,196:INFO:jwt
2022-02-11 05:11:34,207:INFO:{'username': u'\u041a\u0438\u043e\u0441\u043a2', 'user_id': 2, 'exp': datetime.datetime(2022, 2, 10, 21, 16, 34, 207115)}
2022-02-11 05:11:34,207:INFO:eyJhbGciOiJIUzI1NiIsInR5cCI6IkpXVCJ9.eyJ1c2VybmFtZSI6Ilx1MDQxYVx1MDQzOFx1MDQzZVx1MDQ0MVx1MDQzYTIiLCJ1c2VyX2lkIjoyLCJleHAiOjE2NDQ1Mjc3OTR9.A6Yjsn4prQclMxQNrOIk036twkZx3G6-upzVjDXHQHU
2022-02-11 05:11:37,411:INFO:ads
2022-02-11 06:11:37,361:INFO:jwt
2022-02-11 06:11:37,371:INFO:{'username': u'\u041a\u0438\u043e\u0441\u043a2', 'user_id': 2, 'exp': datetime.datetime(2022, 2, 10, 22, 16, 37, 371317)}
2022-02-11 06:11:37,371:INFO:eyJhbGciOiJIUzI1NiIsInR5cCI6IkpXVCJ9.eyJ1c2VybmFtZSI6Ilx1MDQxYVx1MDQzOFx1MDQzZVx1MDQ0MVx1MDQzYTIiLCJ1c2VyX2lkIjoyLCJleHAiOjE2NDQ1MzEzOTd9.kGTb4IBbz-2RYhRn61w_NOqMCG1I281ZdoSHVlf19c4
2022-02-11 06:11:40,536:INFO:ads
2022-02-11 07:11:40,470:INFO:jwt
2022-02-11 07:11:40,480:INFO:{'username': u'\u041a\u0438\u043e\u0441\u043a2', 'user_id': 2, 'exp': datetime.datetime(2022, 2, 10, 23, 16, 40, 480188)}
2022-02-11 07:11:40,480:INFO:eyJhbGciOiJIUzI1NiIsInR5cCI6IkpXVCJ9.eyJ1c2VybmFtZSI6Ilx1MDQxYVx1MDQzOFx1MDQzZVx1MDQ0MVx1MDQzYTIiLCJ1c2VyX2lkIjoyLCJleHAiOjE2NDQ1MzUwMDB9.TGM3OOg8-lbzt5KLrDmMYh39EERRAWo1ECncwXl5KGY
2022-02-11 07:11:43,677:INFO:ads
2022-02-11 08:11:43,592:INFO:jwt
2022-02-11 08:11:43,602:INFO:{'username': u'\u041a\u0438\u043e\u0441\u043a2', 'user_id': 2, 'exp': datetime.datetime(2022, 2, 11, 0, 16, 43, 602900)}
2022-02-11 08:11:43,603:INFO:eyJhbGciOiJIUzI1NiIsInR5cCI6IkpXVCJ9.eyJ1c2VybmFtZSI6Ilx1MDQxYVx1MDQzOFx1MDQzZVx1MDQ0MVx1MDQzYTIiLCJ1c2VyX2lkIjoyLCJleHAiOjE2NDQ1Mzg2MDN9.MmFT5Ds4KzEPmMqjSSoT0ihlIH6Xtx9whWYT3H7EXps
2022-02-11 08:11:46,897:INFO:ads
2022-02-11 09:11:46,875:INFO:jwt
2022-02-11 09:11:46,883:INFO:{'username': u'\u041a\u0438\u043e\u0441\u043a2', 'user_id': 2, 'exp': datetime.datetime(2022, 2, 11, 1, 16, 46, 883878)}
2022-02-11 09:11:46,884:INFO:eyJhbGciOiJIUzI1NiIsInR5cCI6IkpXVCJ9.eyJ1c2VybmFtZSI6Ilx1MDQxYVx1MDQzOFx1MDQzZVx1MDQ0MVx1MDQzYTIiLCJ1c2VyX2lkIjoyLCJleHAiOjE2NDQ1NDIyMDZ9.Rj3tIrkAv7HHKJ_jIc0Jrxah1uAwhlb-J4fRpV52sIk
2022-02-11 09:11:50,057:INFO:ads
2022-02-11 10:11:50,002:INFO:jwt
2022-02-11 10:11:50,014:INFO:{'username': u'\u041a\u0438\u043e\u0441\u043a2', 'user_id': 2, 'exp': datetime.datetime(2022, 2, 11, 2, 16, 50, 14590)}
2022-02-11 10:11:50,015:INFO:eyJhbGciOiJIUzI1NiIsInR5cCI6IkpXVCJ9.eyJ1c2VybmFtZSI6Ilx1MDQxYVx1MDQzOFx1MDQzZVx1MDQ0MVx1MDQzYTIiLCJ1c2VyX2lkIjoyLCJleHAiOjE2NDQ1NDU4MTB9.hRgouXnGi1ILOdHrS8lytEUTjGHOuMF86BWZGQR4Rv4
2022-02-11 10:11:53,285:INFO:ads
2022-02-11 10:20:20,145:INFO:jwt
2022-02-11 10:20:20,156:INFO:{'username': u'\u041a\u0438\u043e\u0441\u043a1', 'user_id': 1, 'exp': datetime.datetime(2022, 2, 11, 2, 25, 20, 156500)}
2022-02-11 10:20:20,157:INFO:eyJhbGciOiJIUzI1NiIsInR5cCI6IkpXVCJ9.eyJ1c2VybmFtZSI6Ilx1MDQxYVx1MDQzOFx1MDQzZVx1MDQ0MVx1MDQzYTEiLCJ1c2VyX2lkIjoxLCJleHAiOjE2NDQ1NDYzMjB9.l6HYTAYsN8wNX7EGEZTA8OnF_QrG2Q_vsXon0Vv4JWQ
