2022-02-09 10:34:54,106:INFO:jwt
2022-02-09 10:34:54,381:INFO:{'username': u'\u041a\u0438\u043e\u0441\u043a2', 'user_id': 2, 'exp': datetime.datetime(2022, 2, 9, 2, 39, 54, 381691)}
2022-02-09 10:34:54,382:INFO:eyJhbGciOiJIUzI1NiIsInR5cCI6IkpXVCJ9.eyJ1c2VybmFtZSI6Ilx1MDQxYVx1MDQzOFx1MDQzZVx1MDQ0MVx1MDQzYTIiLCJ1c2VyX2lkIjoyLCJleHAiOjE2NDQzNzQzOTR9.yF-WDMnbLOrks-TYHIAkgkCsmZ9PIaYjohrac-KgpAE
2022-02-09 10:34:57,612:INFO:ads
2022-02-09 11:34:57,765:INFO:jwt
2022-02-09 11:34:57,776:INFO:{'username': u'\u041a\u0438\u043e\u0441\u043a2', 'user_id': 2, 'exp': datetime.datetime(2022, 2, 9, 3, 39, 57, 776182)}
2022-02-09 11:34:57,776:INFO:eyJhbGciOiJIUzI1NiIsInR5cCI6IkpXVCJ9.eyJ1c2VybmFtZSI6Ilx1MDQxYVx1MDQzOFx1MDQzZVx1MDQ0MVx1MDQzYTIiLCJ1c2VyX2lkIjoyLCJleHAiOjE2NDQzNzc5OTd9.npGBXsrbhYtYJd5sbBmiZAgbi7KSeGKN8zTlas9RT1c
2022-02-09 11:35:00,980:INFO:ads
2022-02-09 12:35:00,908:INFO:jwt
2022-02-09 12:35:00,918:INFO:{'username': u'\u041a\u0438\u043e\u0441\u043a2', 'user_id': 2, 'exp': datetime.datetime(2022, 2, 9, 4, 40, 0, 918578)}
2022-02-09 12:35:00,919:INFO:eyJhbGciOiJIUzI1NiIsInR5cCI6IkpXVCJ9.eyJ1c2VybmFtZSI6Ilx1MDQxYVx1MDQzOFx1MDQzZVx1MDQ0MVx1MDQzYTIiLCJ1c2VyX2lkIjoyLCJleHAiOjE2NDQzODE2MDB9.vTw8Nzxb5hWBDFx723D-GrMCbVFfj__7aoHOBsjCaps
2022-02-09 12:35:04,232:INFO:ads
2022-02-09 13:35:04,232:INFO:jwt
2022-02-09 13:35:04,244:INFO:{'username': u'\u041a\u0438\u043e\u0441\u043a2', 'user_id': 2, 'exp': datetime.datetime(2022, 2, 9, 5, 40, 4, 244675)}
2022-02-09 13:35:04,245:INFO:eyJhbGciOiJIUzI1NiIsInR5cCI6IkpXVCJ9.eyJ1c2VybmFtZSI6Ilx1MDQxYVx1MDQzOFx1MDQzZVx1MDQ0MVx1MDQzYTIiLCJ1c2VyX2lkIjoyLCJleHAiOjE2NDQzODUyMDR9.vlUzvixOsCcEJrlxykz3ms9R0LB0EuNWe2UWnx8Cfns
2022-02-09 13:35:07,438:INFO:ads
2022-02-09 14:32:12,687:INFO:searchNumber
2022-02-09 14:32:13,249:INFO:83150225:6
2022-02-09 14:32:13,252:INFO:[{'prefix': '83150225'}]
2022-02-09 14:32:13,560:INFO:searchNumber
2022-02-09 14:32:14,115:INFO:83150225:6
2022-02-09 14:32:14,119:INFO:[{'prefix': '83150225'}]
2022-02-09 14:32:22,925:INFO:ads
2022-02-09 15:32:22,802:INFO:jwt
2022-02-09 15:32:22,811:INFO:{'username': u'\u041a\u0438\u043e\u0441\u043a2', 'user_id': 2, 'exp': datetime.datetime(2022, 2, 9, 7, 37, 22, 811128)}
2022-02-09 15:32:22,811:INFO:eyJhbGciOiJIUzI1NiIsInR5cCI6IkpXVCJ9.eyJ1c2VybmFtZSI6Ilx1MDQxYVx1MDQzOFx1MDQzZVx1MDQ0MVx1MDQzYTIiLCJ1c2VyX2lkIjoyLCJleHAiOjE2NDQzOTIyNDJ9.WrdmVR1K068MrnvFGub-wFH8vk1ZkPBmy-oLvApR_jM
2022-02-09 15:32:26,063:INFO:ads
2022-02-09 16:32:26,022:INFO:jwt
2022-02-09 16:32:26,029:INFO:{'username': u'\u041a\u0438\u043e\u0441\u043a2', 'user_id': 2, 'exp': datetime.datetime(2022, 2, 9, 8, 37, 26, 29862)}
2022-02-09 16:32:26,030:INFO:eyJhbGciOiJIUzI1NiIsInR5cCI6IkpXVCJ9.eyJ1c2VybmFtZSI6Ilx1MDQxYVx1MDQzOFx1MDQzZVx1MDQ0MVx1MDQzYTIiLCJ1c2VyX2lkIjoyLCJleHAiOjE2NDQzOTU4NDZ9.3Feuh01RuIEEfl57nJ4e48IQMy2Aa627iJLVRbnBZe4
2022-02-09 16:32:29,284:INFO:ads
2022-02-09 17:06:58,999:INFO:jwt
2022-02-09 17:06:59,009:INFO:{'username': u'\u041a\u0438\u043e\u0441\u043a1', 'user_id': 1, 'exp': datetime.datetime(2022, 2, 9, 9, 11, 59, 9578)}
2022-02-09 17:06:59,010:INFO:eyJhbGciOiJIUzI1NiIsInR5cCI6IkpXVCJ9.eyJ1c2VybmFtZSI6Ilx1MDQxYVx1MDQzOFx1MDQzZVx1MDQ0MVx1MDQzYTEiLCJ1c2VyX2lkIjoxLCJleHAiOjE2NDQzOTc5MTl9.0MtPA97B9UB6or95KE6ryLYA3kSz9SVDsfsU0EPXS3A
2022-02-09 17:32:29,178:INFO:jwt
2022-02-09 17:32:29,189:INFO:{'username': u'\u041a\u0438\u043e\u0441\u043a2', 'user_id': 2, 'exp': datetime.datetime(2022, 2, 9, 9, 37, 29, 188996)}
2022-02-09 17:32:29,189:INFO:eyJhbGciOiJIUzI1NiIsInR5cCI6IkpXVCJ9.eyJ1c2VybmFtZSI6Ilx1MDQxYVx1MDQzOFx1MDQzZVx1MDQ0MVx1MDQzYTIiLCJ1c2VyX2lkIjoyLCJleHAiOjE2NDQzOTk0NDl9.yaqlxawCd-yvwJP7i62nYgSlMyeLtUhkoM0H6BbGLhM
2022-02-09 17:32:32,356:INFO:ads
2022-02-09 18:32:32,249:INFO:jwt
2022-02-09 18:32:32,260:INFO:{'username': u'\u041a\u0438\u043e\u0441\u043a2', 'user_id': 2, 'exp': datetime.datetime(2022, 2, 9, 10, 37, 32, 260207)}
2022-02-09 18:32:32,260:INFO:eyJhbGciOiJIUzI1NiIsInR5cCI6IkpXVCJ9.eyJ1c2VybmFtZSI6Ilx1MDQxYVx1MDQzOFx1MDQzZVx1MDQ0MVx1MDQzYTIiLCJ1c2VyX2lkIjoyLCJleHAiOjE2NDQ0MDMwNTJ9.WXC7-ygcK5xylolf_cfr7k7I7Stbp0ERuAwgAZb_RzY
2022-02-09 18:32:35,458:INFO:ads
2022-02-09 19:32:35,445:INFO:jwt
2022-02-09 19:32:35,457:INFO:{'username': u'\u041a\u0438\u043e\u0441\u043a2', 'user_id': 2, 'exp': datetime.datetime(2022, 2, 9, 11, 37, 35, 457211)}
2022-02-09 19:32:35,457:INFO:eyJhbGciOiJIUzI1NiIsInR5cCI6IkpXVCJ9.eyJ1c2VybmFtZSI6Ilx1MDQxYVx1MDQzOFx1MDQzZVx1MDQ0MVx1MDQzYTIiLCJ1c2VyX2lkIjoyLCJleHAiOjE2NDQ0MDY2NTV9.evtHWAjz5JjrHRhdpJpKUG_b9P4bnXJdu7kNZrGGGto
2022-02-09 19:32:38,783:INFO:ads
2022-02-09 19:53:17,980:INFO:searchNumber
2022-02-09 19:53:18,903:INFO:98000528:6|98070528:6|98210528:6|98420528:6|98600528:6|98820528:6|98840528:6
2022-02-09 19:53:18,923:INFO:[{'prefix': '98210528'}, {'prefix': '98420528'}, {'prefix': '98600528'}, {'prefix': '98820528'}, {'prefix': '98840528'}]
2022-02-09 19:53:25,286:INFO:blockUnblock
2022-02-09 19:53:25,287:INFO:block
2022-02-09 19:53:25,287:INFO:1
2022-02-09 19:53:25,300:INFO:Success
2022-02-09 19:53:25,307:INFO:5000
2022-02-09 19:53:25,307:INFO:{u'negj': u'3000', u'honog': u'30', u'nuhtsul': u'\u0411\u04af\u0445 \u0441\u04af\u043b\u0436\u044d\u044d\u043d\u0434\u044d\u044d 70 \u0442\u04e9\u0433', u'data': u'0', u'price': 5000}
2022-02-09 19:54:08,343:INFO:blockUnblock
2022-02-09 19:54:08,343:INFO:unblock
2022-02-09 19:54:08,343:INFO:1
2022-02-09 19:54:08,358:INFO:Success
2022-02-09 19:54:08,358:INFO:unblock
2022-02-09 19:54:08,358:INFO:Unblocked
2022-02-10 10:28:54,886:WARNING:Not Found: /
2022-02-10 10:28:55,399:WARNING:Not Found: /favicon.ico
